Running model...
   1   0   0   15.0000    4.9808    0.0014    0.0266    5.0088      750      750      750        0        0        1        2
   1   1  10   15.0000    0.0126    1.1477    3.8486    5.0088   108897   124024   108897        0        0        8       11
   1   1  20   15.0000    0.0177    1.4172    3.5739    5.0088    98797   122737    98797        0        0        9       12
   1   1  30   15.0000    0.0177    1.4255    3.5656    5.0088    99791   119496    99791        0        0       10       14
   1   2  10   15.0000    0.0178    1.4227    3.5682    5.0088    98770   110900    98770        0        0       12       15
   1   2  20   15.0000    0.0178    1.4238    3.5672    5.0088    99073   101145    99073        0        0       13       17
   1   2  30   15.0000    0.0178    1.4234    3.5676    5.0088    99123   101385    99123        0        0       14       18
   1   3  10   15.0000    0.0179    1.4186    3.5723    5.0088    98111   100794    98111        0        0       15       20
   1   3  20   15.0000    0.0178    1.4255    3.5656    5.0088    99525   101027    99525        0        0       16       21
   1   3  30   15.0000    0.0182    1.4211    3.5695    5.0088    97346   100794    97346        0        0       18       23
   1   4  10   15.0000    0.0177    1.4255    3.5656    5.0088    99870   100764    99870        0        0       19       24
   1   4  20   15.0000    0.0183    1.4278    3.5627    5.0088    96991   100390    96991        0        0       20       25
   1   4  30   15.0000    0.0176    1.4285    3.5627    5.0088   100384   100796   100384        0        0       22       27
   1   5  10   15.0000    0.0181    1.4226    3.5681    5.0088    97629   100512    97629        0        0       23       28
   1   5  20   15.0000    0.0176    1.4290    3.5622    5.0088   100604   100608   100604        0        0       24       30
   1   5  30   15.0000    0.0183    1.4326    3.5580    5.0088    97546   100422    97546        0        0       25       31
   1   6  10   15.0000    0.0177    1.4303    3.5608    5.0088   100131   100131   100131        0        0       27       33
   1   6  20   15.0000    0.0180    1.4278    3.5630    5.0088    98320   100088    98320        0        0       28       34
   1   6  30   15.0000    0.0178    1.4289    3.5622    5.0088    99752    99829    99752        0        0       29       36
   1   7  10   15.0000    0.0179    1.4250    3.5659    5.0088    98911   100184    98911        0        0       29       37
   1   7  20   15.0000    0.0180    1.4328    3.5580    5.0088    98893    99910    98893        0        0       30       39
   1   7  30   15.0000    0.0178    1.4239    3.5671    5.0088    99220    99997    99220        0        0       31       40
   1   8  10   15.0000    0.0180    1.4304    3.5604    5.0088    98585    99545    98585        0        0       32       42
   1   8  20   15.0000    0.0179    1.4286    3.5623    5.0088    99098    99814    99098        0        0       33       43
   1   8  30   15.0000    0.0181    1.4276    3.5631    5.0088    97886    99594    97886        0        0       36       45
   1   9  10   15.0000    0.0177    1.4249    3.5663    5.0088    99828    99998    99828        0        0       37       46
   1   9  20   15.0000    0.0182    1.4278    3.5628    5.0088    97608    99702    97608        0        0       38       48
   1   9  30   15.0000    0.0177    1.4266    3.5644    5.0088    99892    99892    99892        0        0       41       49
   1  10  10   15.0000    0.0182    1.4268    3.5638    5.0088    97479    99874    97479        0        0       42       51
   1  10  20   15.0000    0.0178    1.4323    3.5588    5.0088    99639    99877    99639        0        0       43       52
   1  10  30   15.0000    0.0180    1.4245    3.5664    5.0088    98210    99903    98210        0        0       45       54
   1  11  10   15.0000    0.0178    1.4305    3.5606    5.0088    99645    99645    99645        0        0       46       55
   1  11  20   15.0000    0.0180    1.4314    3.5594    5.0088    98511    99853    98511        0        0       47       56
   1  11  30   15.0000    0.0178    1.4273    3.5637    5.0088    99403    99579    99403        0        0       49       58
   1  12  10   15.0000    0.0179    1.4281    3.5628    5.0088    98800   100085    98800        0        0       50       59
   1  12  20   15.0000    0.0178    1.4241    3.5670    5.0088    99191    99752    99191        0        0       51       61
   1  12  30   20.0000    0.0388    1.4233    3.5466    5.0088    98574    99912    98574        0        0       53       62
   2   1  10   20.0000    0.0364    1.4165    3.5560    5.0088    98538    98980    98538        0        0       55       64
   2   1  20   20.0000    0.0345    1.4251    3.5492    5.0088    98474    98522    98474        0        0       55       66
   2   1  30   20.0000    0.0324    1.4228    3.5536    5.0088    98677    98851    98677        0        0       56       68
   2   2  10   20.0000    0.0306    1.4171    3.5611    5.0088    98897    98974    98897        0        0       57       70
   2   2  20   20.0000    0.0292    1.4153    3.5643    5.0088    98914    98914    98914        0        0       57       73
   2   2  30   20.0000    0.0279    1.4183    3.5627    5.0088    98910    98960    98910        0        0       61       75
   2   3  10   20.0000    0.0270    1.4255    3.5563    5.0088    98640    98757    98640        0        0       62       77
   2   3  20   20.0000    0.0260    1.4252    3.5576    5.0088    98550    98926    98550        0        0       62       79
   2   3  30   20.0000    0.0250    1.4228    3.5610    5.0088    98728    98850    98728        0        0       63       81
   2   4  10   20.0000    0.0243    1.4262    3.5583    5.0088    98526    98704    98526        0        0       63       82
   2   4  20   20.0000    0.0235    1.4228    3.5626    5.0088    98943    98943    98943        0        0       65       84
   2   4  30   20.0000    0.0228    1.4221    3.5639    5.0088    98760    99189    98760        0        0       67       86
   2   5  10   20.0000    0.0223    1.4263    3.5602    5.0088    98835    99276    98835        0        0       68       88
   2   5  20   20.0000    0.0218    1.4222    3.5648    5.0088    98967    99001    98967        0        0       69       89
   2   5  30   20.0000    0.0214    1.4210    3.5664    5.0088    98742    98965    98742        0        0       71       91
   2   6  10   20.0000    0.0209    1.4181    3.5699    5.0088    99151    99198    99151        0        0       72       93
   2   6  20   20.0000    0.0207    1.4231    3.5650    5.0088    98926    99211    98926        0        0       73       95
   2   6  30   20.0000    0.0205    1.4276    3.5607    5.0088    98828    98862    98828        0        0       73       96
   2   7  10   20.0000    0.0202    1.4220    3.5665    5.0088    98764    99286    98764        0        0       78       98
   2   7  20   20.0000    0.0199    1.4255    3.5634    5.0088    99342    99342    99342        0        0       79       99
   2   7  30   20.0000    0.0198    1.4207    3.5683    5.0088    98553    99331    98553        0        0       79      101
   2   8  10   20.0000    0.0195    1.4234    3.5659    5.0088    99314    99316    99314        0        0       80      103
   2   8  20   20.0000    0.0196    1.4284    3.5608    5.0088    98605    98983    98605        0        0       81      104
   2   8  30   20.0000    0.0192    1.4200    3.5696    5.0088    99047    99140    99047        0        0       82      106
   2   9  10   20.0000    0.0192    1.4266    3.5630    5.0088    98907    98934    98907        0        0       82      107
   2   9  20   20.0000    0.0192    1.4298    3.5598    5.0088    98513    99116    98513        0        0       83      109
   2   9  30   20.0000    0.0190    1.4293    3.5605    5.0088    99031    99051    99031        0        0       84      110
   2  10  10   20.0000    0.0190    1.4233    3.5666    5.0088    98461    99164    98461        0        0       85      112
   2  10  20   20.0000    0.0186    1.4187    3.5715    5.0088    99513    99536    99513        0        0       85      114
   2  10  30   20.0000    0.0189    1.4296    3.5603    5.0088    98507    98938    98507        0        0       86      115
   2  11  10   20.0000    0.0185    1.4210    3.5693    5.0088    99384    99384    99384        0        0       87      117
   2  11  20   20.0000    0.0184    1.4123    3.5781    5.0088    98809    99145    98809        0        0       93      118
   2  11  30   20.0000    0.0185    1.4278    3.5625    5.0088    99087    99308    99087        0        0       99      120
   2  12  10   20.0000    0.0187    1.4279    3.5623    5.0088    98179    99128    98179        0        0       99      121
   2  12  20   20.0000    0.0184    1.4277    3.5627    5.0088    99080    99567    99080        0        0      100      123
   2  12  30   20.0000    0.0184    1.4209    3.5696    5.0088    98642    99327    98642        0        0      101      124
   3   1  10   20.0000    0.0183    1.4275    3.5630    5.0088    99107    99507    99107        0        0      103      126
   3   1  20   20.0000    0.0183    1.4198    3.5708    5.0088    98764    99220    98764        0        0      104      127
   3   1  30   20.0000    0.0183    1.4284    3.5621    5.0088    98875    99149    98875        0        0      105      129
   3   2  10   20.0000    0.0183    1.4243    3.5663    5.0088    98835    98906    98835        0        0      110      130
   3   2  20   20.0000    0.0181    1.4199    3.5709    5.0088    99097    99428    99097        0        0      111      132
   3   2  30   20.0000    0.0185    1.4364    3.5539    5.0088    98267    99063    98267        0        0      112      133
   3   3  10   20.0000    0.0179    1.4173    3.5736    5.0088    99334    99481    99334        0        0      113      135
   3   3  20   20.0000    0.0183    1.4303    3.5602    5.0088    98274    99106    98274        0        0      115      136
   3   3  30   20.0000    0.0180    1.4265    3.5643    5.0088    99421    99421    99421        0        0      116      138
   3   4  10   20.0000    0.0181    1.4189    3.5718    5.0088    98537    99154    98537        0        0      118      139
   3   4  20   20.0000    0.0180    1.4261    3.5647    5.0088    99176    99300    99176        0        0      119      141
   3   4  30   20.0000    0.0181    1.4252    3.5655    5.0088    98734    99191    98734        0        0      121      142
   3   5  10   20.0000    0.0180    1.4281    3.5626    5.0088    99142    99226    99142        0        0      122      144
   3   5  20   20.0000    0.0184    1.4399    3.5505    5.0088    98301    99017    98301        0        0      123      145
   3   5  30   20.0000    0.0180    1.4286    3.5622    5.0088    99196    99234    99196        0        0      125      147
   3   6  10   20.0000    0.0183    1.4364    3.5541    5.0088    98314    99080    98314        0        0      126      148
   3   6  20   20.0000    0.0180    1.4282    3.5626    5.0088    99113    99194    99113        0        0      127      150
   3   6  30   20.0000    0.0181    1.4258    3.5649    5.0088    98494    99224    98494        0        0      130      151
   3   7  10   20.0000    0.0179    1.4262    3.5648    5.0088    99593    99593    99593        0        0      131      153
   3   7  20   20.0000    0.0182    1.4292    3.5614    5.0088    98144    99574    98144        0        0      133      154
   3   7  30   20.0000    0.0179    1.4258    3.5652    5.0088    99475    99475    99475        0        0      134      156
   3   8  10   20.0000    0.0182    1.4331    3.5575    5.0088    98355    99335    98355        0        0      135      157
   3   8  20   20.0000    0.0181    1.4319    3.5589    5.0088    98830    99150    98830        0        0      136      158
   3   8  30   20.0000    0.0180    1.4277    3.5631    5.0088    98867    99357    98867        0        0      138      160
   3   9  10   20.0000    0.0181    1.4324    3.5583    5.0088    98586    99261    98586        0        0      139      161
   3   9  20   20.0000    0.0179    1.4247    3.5662    5.0088    99043    99397    99043        0        0      140      163
   3   9  30   20.0000    0.0180    1.4276    3.5632    5.0088    98586    99242    98586        0        0      141      164
   3  10  10   20.0000    0.0180    1.4281    3.5627    5.0088    98840    99487    98840        0        0      143      166
   3  10  20   20.0000    0.0179    1.4216    3.5693    5.0088    98758    99183    98758        0        0      144      167
   3  10  30   20.0000    0.0179    1.4276    3.5634    5.0088    99308    99419    99308        0        0      145      169
   3  11  10   20.0000    0.0180    1.4280    3.5628    5.0088    98704    99169    98704        0        0      146      170
   3  11  20   20.0000    0.0179    1.4297    3.5612    5.0088    99296    99399    99296        0        0      147      172
   3  11  30   20.0000    0.0181    1.4309    3.5598    5.0088    98569    99396    98569        0        0      150      173
   3  12  10   20.0000    0.0178    1.4230    3.5680    5.0088    99478    99495    99478        0        0      151      175
   3  12  20   20.0000    0.0181    1.4300    3.5607    5.0088    98382    99450    98382        0        0      152      176
   3  12  30   20.0000    0.0177    1.4204    3.5707    5.0088    99439    99439    99439        0        0      153      178
   4   1  10   20.0000    0.0179    1.4207    3.5702    5.0088    98530    99510    98530        0        0      158      179
   4   1  20   20.0000    0.0179    1.4253    3.5656    5.0088    98944    99031    98944        0        0      159      181
   4   1  30   20.0000    0.0179    1.4216    3.5693    5.0088    98895    99619    98895        0        0      160      182
   4   2  10   20.0000    0.0179    1.4223    3.5686    5.0088    98915    99439    98915        0        0      161      184
   4   2  20   20.0000    0.0179    1.4272    3.5638    5.0088    99086    99454    99086        0        0      162      185
   4   2  30   20.0000    0.0180    1.4247    3.5661    5.0088    98696    99125    98696        0        0      163      186
   4   3  10   20.0000    0.0177    1.4181    3.5730    5.0088    99385    99479    99385        0        0      165      188
   4   3  20   20.0000    0.0179    1.4205    3.5704    5.0088    98619    99155    98619        0        0      166      189
   4   3  30   20.0000    0.0179    1.4291    3.5618    5.0088    99273    99461    99273        0        0      167      191
   4   4  10   20.0000    0.0180    1.4274    3.5634    5.0088    98419    99056    98419        0        0      172      192
   4   4  20   20.0000    0.0179    1.4268    3.5641    5.0088    99243    99324    99243        0        0      175      194
   4   4  30   20.0000    0.0180    1.4262    3.5646    5.0088    98630    99035    98630        0        0      176      195
   4   5  10   20.0000    0.0178    1.4242    3.5669    5.0088    99320    99369    99320        0        0      177      197
   4   5  20   20.0000    0.0179    1.4254    3.5655    5.0088    98819    99077    98819        0        0      178      198
   4   5  30   20.0000    0.0179    1.4298    3.5611    5.0088    98955    99053    98955        0        0      179      199
   4   6  10   20.0000    0.0181    1.4336    3.5571    5.0088    98530    98898    98530        0        0      180      201
   4   6  20   20.0000    0.0178    1.4213    3.5697    5.0088    99157    99157    99157        0        0      181      202
   4   6  30   20.0000    0.0180    1.4335    3.5573    5.0088    98816    98960    98816        0        0      182      204
   4   7  10   20.0000    0.0179    1.4258    3.5651    5.0088    98907    99037    98907        0        0      184      205
   4   7  20   20.0000    0.0180    1.4299    3.5610    5.0088    98965    98976    98965        0        0      185      207
   4   7  30   20.0000    0.0180    1.4274    3.5635    5.0088    98739    98996    98739        0        0      186      208
   4   8  10   20.0000    0.0178    1.4227    3.5683    5.0088    99002    99114    99002        0        0      192      210
   4   8  20   20.0000    0.0179    1.4253    3.5656    5.0088    98628    99279    98628        0        0      193      211
   4   8  30   20.0000    0.0178    1.4201    3.5709    5.0088    99054    99197    99054        0        0      194      213
   4   9  10   20.0000    0.0180    1.4283    3.5626    5.0088    98703    99072    98703        0        0      195      214
   4   9  20   20.0000    0.0180    1.4306    3.5602    5.0088    98823    98840    98823        0        0      197      216
   4   9  30   20.0000    0.0179    1.4257    3.5652    5.0088    98982    99039    98982        0        0      198      217
   4  10  10   20.0000    0.0180    1.4311    3.5597    5.0088    98657    98872    98657        0        0      199      219
   4  10  20   20.0000    0.0178    1.4240    3.5670    5.0088    99251    99251    99251        0        0      201      220
   4  10  30   20.0000    0.0178    1.4222    3.5687    5.0088    98929    99004    98929        0        0      202      222
   4  11  10   20.0000    0.0179    1.4284    3.5626    5.0088    99114    99124    99114        0        0      203      223
   4  11  20   20.0000    0.0180    1.4330    3.5578    5.0088    98546    98997    98546        0        0      205      225
   4  11  30   20.0000    0.0178    1.4268    3.5642    5.0088    99254    99254    99254        0        0      206      226
   4  12  10   20.0000    0.0179    1.4259    3.5650    5.0088    98934    98941    98934        0        0      207      227
   4  12  20   20.0000    0.0178    1.4244    3.5666    5.0088    99226    99243    99226        0        0      210      229
   4  12  30   20.0000    0.0180    1.4332    3.5576    5.0088    98643    99090    98643        0        0      212      230
   5   1  10   20.0000    0.0178    1.4199    3.5710    5.0088    98874    99105    98874        0        0      213      232
   5   1  20   20.0000    0.0177    1.4165    3.5746    5.0088    99162    99209    99162        0        0      214      233
   5   1  30   20.0000    0.0179    1.4244    3.5665    5.0088    98756    98990    98756        0        0      215      235
   5   2  10   20.0000    0.0179    1.4254    3.5655    5.0088    99089    99235    99089        0        0      217      236
   5   2  20   20.0000    0.0179    1.4251    3.5658    5.0088    98576    99088    98576        0        0      218      238
   5   2  30   20.0000    0.0178    1.4227    3.5683    5.0088    99120    99173    99120        0        0      219      239
   5   3  10   20.0000    0.0179    1.4267    3.5642    5.0088    98774    99061    98774        0        0      220      241
   5   3  20   20.0000    0.0177    1.4207    3.5704    5.0088    99109    99621    99109        0        0      222      242
   5   3  30   20.0000    0.0180    1.4278    3.5630    5.0088    98579    99211    98579        0        0      223      244
   5   4  10   20.0000    0.0177    1.4234    3.5676    5.0088    99386    99521    99386        0        0      226      245
   5   4  20   20.0000    0.0179    1.4258    3.5651    5.0088    98777    99308    98777        0        0      227      246
   5   4  30   20.0000    0.0179    1.4304    3.5605    5.0088    99107    99137    99107        0        0      229      248
   5   5  10   20.0000    0.0178    1.4229    3.5681    5.0088    99006    99398    99006        0        0      230      249
   5   5  20   20.0000    0.0177    1.4204    3.5707    5.0088    99257    99274    99257        0        0      232      251
   5   5  30   20.0000    0.0180    1.4305    3.5603    5.0088    98706    99138    98706        0        0      234      252
   5   6  10   20.0000    0.0179    1.4232    3.5678    5.0088    98710    98943    98710        0        0      235      254
   5   6  20   20.0000    0.0180    1.4307    3.5602    5.0088    98798    99045    98798        0        0      236      255
   5   6  30   20.0000    0.0179    1.4274    3.5634    5.0088    98655    99041    98655        0        0      237      257
   5   7  10   20.0000    0.0178    1.4235    3.5675    5.0088    98950    99285    98950        0        0      242      258
   5   7  20   20.0000    0.0180    1.4266    3.5643    5.0088    98630    99040    98630        0        0      243      260
   5   7  30   20.0000    0.0179    1.4278    3.5632    5.0088    99006    99216    99006        0        0      244      261
   5   8  10   20.0000    0.0178    1.4190    3.5720    5.0088    98730    99264    98730        0        0      245      263
   5   8  20   20.0000    0.0176    1.4153    3.5759    5.0088    99526    99526    99526        0        0      247      264
   5   8  30   20.0000    0.0180    1.4294    3.5615    5.0088    98693    99077    98693        0        0      249      266
   5   9  10   20.0000    0.0177    1.4176    3.5734    5.0088    99050    99317    99050        0        0      250      267
   5   9  20   20.0000    0.0179    1.4281    3.5628    5.0088    99029    99077    99029        0        0      252      269
   5   9  30   20.0000    0.0179    1.4259    3.5650    5.0088    98886    99083    98886        0        0      253      270
   5  10  10   20.0000    0.0181    1.4336    3.5572    5.0088    98557    99038    98557        0        0      254      271
   5  10  20   20.0000    0.0180    1.4316    3.5592    5.0088    98596    98885    98596        0        0      255      273
   5  10  30   20.0000    0.0178    1.4234    3.5675    5.0088    98949    99090    98949        0        0      256      274
   5  11  10   20.0000    0.0178    1.4240    3.5670    5.0088    99141    99162    99141        0        0      257      276
   5  11  20   20.0000    0.0180    1.4298    3.5611    5.0088    98735    98877    98735        0        0      258      277
   5  11  30   20.0000    0.0178    1.4227    3.5683    5.0088    99036    99036    99036        0        0      259      279
   5  12  10   20.0000    0.0180    1.4305    3.5604    5.0088    98808    98917    98808        0        0      260      280
   5  12  20   20.0000    0.0181    1.4348    3.5559    5.0088    98595    98702    98595        0        0      262      282
   5  12  30   20.0000    0.0179    1.4308    3.5600    5.0088    99011    99066    99011        0        0      263      283
   6   1  10   20.0000    0.0178    1.4222    3.5688    5.0088    98788    98983    98788        0        0      264      285
   6   1  20   20.0000    0.0178    1.4228    3.5682    5.0088    99082    99273    99082        0        0      267      286
   6   1  30   20.0000    0.0177    1.4146    3.5766    5.0088    99099    99215    99099        0        0      269      288
   6   2  10   20.0000    0.0179    1.4285    3.5624    5.0088    98886    99080    98886        0        0      270      289
   6   2  20   20.0000    0.0180    1.4337    3.5571    5.0088    98686    98923    98686        0        0      271      291
   6   2  30   20.0000    0.0178    1.4258    3.5651    5.0088    99115    99125    99115        0        0      272      292
   6   3  10   20.0000    0.0179    1.4262    3.5648    5.0088    99055    99122    99055        0        0      273      294
   6   3  20   20.0000    0.0180    1.4306    3.5603    5.0088    98728    98965    98728        0        0      276      295
   6   3  30   20.0000    0.0178    1.4207    3.5703    5.0088    99045    99069    99045        0        0      277      297
   6   4  10   20.0000    0.0179    1.4225    3.5684    5.0088    98776    98989    98776        0        0      279      298
   6   4  20   20.0000    0.0179    1.4271    3.5639    5.0088    99038    99262    99038        0        0      280      299
   6   4  30   20.0000    0.0181    1.4360    3.5547    5.0088    98400    98989    98400        0        0      284      301
   6   5  10   20.0000    0.0179    1.4256    3.5654    5.0088    99018    99139    99018        0        0      285      302
   6   5  20   20.0000    0.0179    1.4276    3.5633    5.0088    98645    99368    98645        0        0      287      304
   6   5  30   20.0000    0.0179    1.4222    3.5688    5.0088    98863    99036    98863        0        0      288      305
   6   6  10   20.0000    0.0178    1.4243    3.5667    5.0088    99012    99375    99012        0        0      289      307
   6   6  20   20.0000    0.0180    1.4305    3.5603    5.0088    98588    98737    98588        0        0      290      308
   6   6  30   20.0000    0.0180    1.4313    3.5596    5.0088    98730    98959    98730        0        0      291      310
   6   7  10   20.0000    0.0179    1.4278    3.5631    5.0088    98840    99109    98840        0        0      294      311
   6   7  20   20.0000    0.0179    1.4285    3.5624    5.0088    98799    99124    98799        0        0      296      313
   6   7  30   20.0000    0.0178    1.4233    3.5678    5.0088    99240    99338    99240        0        0      297      314
   6   8  10   20.0000    0.0180    1.4294    3.5614    5.0088    98679    98928    98679        0        0      298      316
   6   8  20   20.0000    0.0178    1.4266    3.5643    5.0088    99156    99156    99156        0        0      300      317
   6   8  30   20.0000    0.0180    1.4306    3.5602    5.0088    98766    98785    98766        0        0      301      319
   6   9  10   20.0000    0.0178    1.4227    3.5683    5.0088    99177    99177    99177        0        0      302      320
   6   9  20   20.0000    0.0180    1.4304    3.5604    5.0088    98767    99107    98767        0        0      304      321
   6   9  30   20.0000    0.0179    1.4256    3.5653    5.0088    98744    99110    98744        0        0      305      323
   6  10  10   20.0000    0.0178    1.4231    3.5679    5.0088    99070    99438    99070        0        0      306      324
   6  10  20   20.0000    0.0180    1.4293    3.5615    5.0088    98558    99115    98558        0        0      308      326
   6  10  30   20.0000    0.0180    1.4329    3.5579    5.0088    98819    99122    98819        0        0      309      327
   6  11  10   20.0000    0.0178    1.4197    3.5713    5.0088    98598    99066    98598        0        0      310      329
   6  11  20   20.0000    0.0179    1.4259    3.5651    5.0088    99119    99545    99119        0        0      312      330
   6  11  30   20.0000    0.0179    1.4234    3.5675    5.0088    98483    99308    98483        0        0      313      332
   6  12  10   20.0000    0.0178    1.4252    3.5659    5.0088    99343    99459    99343        0        0      315      333
   6  12  20   20.0000    0.0180    1.4292    3.5616    5.0088    98430    99035    98430        0        0      316      335
   6  12  30   20.0000    0.0179    1.4265    3.5645    5.0088    99141    99437    99141        0        0      317      336
   7   1  10   20.0000    0.0180    1.4262    3.5647    5.0088    98570    99381    98570        0        0      319      338
   7   1  20   20.0000    0.0178    1.4263    3.5647    5.0088    99444    99489    99444        0        0      320      339
   7   1  30   20.0000    0.0180    1.4336    3.5572    5.0088    98650    99331    98650        0        0      322      341
   7   2  10   20.0000    0.0178    1.4246    3.5664    5.0088    99296    99296    99296        0        0      323      342
   7   2  20   20.0000    0.0178    1.4193    3.5717    5.0088    99213    99403    99213        0        0      325      344
   7   2  30   20.0000    0.0180    1.4314    3.5594    5.0088    98556    99273    98556        0        0      326      345
   7   3  10   20.0000    0.0179    1.4288    3.5621    5.0088    98969    99205    98969        0        0      328      346
   7   3  20   20.0000    0.0180    1.4298    3.5610    5.0088    98686    98995    98686        0        0      329      348
   7   3  30   20.0000    0.0180    1.4295    3.5614    5.0088    98740    99253    98740        0        0      330      349
   7   4  10   20.0000    0.0178    1.4180    3.5731    5.0088    98851    99499    98851        0        0      332      351
   7   4  20   20.0000    0.0180    1.4323    3.5585    5.0088    98779    99182    98779        0        0      333      352
   7   4  30   20.0000    0.0180    1.4282    3.5626    5.0088    98542    98902    98542        0        0      334      354
   7   5  10   20.0000    0.0180    1.4293    3.5615    5.0088    98776    99390    98776        0        0      336      355
   7   5  20   20.0000    0.0177    1.4142    3.5769    5.0088    98988    99283    98988        0        0      337      357
   7   5  30   20.0000    0.0178    1.4273    3.5637    5.0088    99293    99616    99293        0        0      338      358
   7   6  10   20.0000    0.0181    1.4314    3.5593    5.0088    98362    99267    98362        0        0      339      360
   7   6  20   20.0000    0.0177    1.4218    3.5693    5.0088    99376    99441    99376        0        0      341      361
   7   6  30   20.0000    0.0180    1.4258    3.5650    5.0088    98614    99145    98614        0        0      342      363
   7   7  10   20.0000    0.0177    1.4221    3.5690    5.0088    99520    99520    99520        0        0      343      364
   7   7  20   20.0000    0.0177    1.4136    3.5775    5.0088    98885    99452    98885        0        0      345      366
   7   7  30   20.0000    0.0179    1.4305    3.5603    5.0088    98974    99333    98974        0        0      346      367
   7   8  10   20.0000    0.0180    1.4272    3.5637    5.0088    98515    99110    98515        0        0      347      369
   7   8  20   20.0000    0.0179    1.4262    3.5648    5.0088    98909    99137    98909        0        0      349      370
   7   8  30   20.0000    0.0179    1.4250    3.5659    5.0088    98672    99285    98672        0        0      350      372
   7   9  10   20.0000    0.0178    1.4211    3.5700    5.0088    99046    99348    99046        0        0      355      373
   7   9  20   20.0000    0.0177    1.4209    3.5702    5.0088    99204    99512    99204        0        0      356      374
   7   9  30   20.0000    0.0178    1.4192    3.5718    5.0088    98996    99354    98996        0        0      357      376
   7  10  10   20.0000    0.0179    1.4278    3.5632    5.0088    99145    99258    99145        0        0      359      377
   7  10  20   20.0000    0.0179    1.4236    3.5674    5.0088    98812    99005    98812        0        0      360      378
   7  10  30   20.0000    0.0178    1.4274    3.5636    5.0088    99175    99270    99175        0        0      362      380
   7  11  10   20.0000    0.0181    1.4366    3.5541    5.0088    98554    98927    98554        0        0      363      381
   7  11  20   20.0000    0.0178    1.4268    3.5642    5.0088    99183    99183    99183        0        0      364      383
   7  11  30   20.0000    0.0180    1.4308    3.5600    5.0088    98577    98903    98577        0        0      365      384
   7  12  10   20.0000    0.0179    1.4316    3.5593    5.0088    99204    99441    99204        0        0      367      386
   7  12  20   20.0000    0.0181    1.4288    3.5620    5.0088    98316    99235    98316        0        0      368      387
   7  12  30   20.0000    0.0178    1.4285    3.5625    5.0088    99414    99469    99414        0        0      369      389
   8   1  10   20.0000    0.0179    1.4236    3.5673    5.0088    98492    99454    98492        0        0      371      390
   8   1  20   20.0000    0.0178    1.4287    3.5623    5.0088    99416    99443    99416        0        0      372      392
   8   1  30   20.0000    0.0180    1.4238    3.5670    5.0088    98261    99550    98261        0        0      373      393
   8   2  10   20.0000    0.0179    1.4308    3.5601    5.0088    99095    99293    99095        0        0      374      395
   8   2  20   20.0000    0.0179    1.4259    3.5650    5.0088    98763    99356    98763        0        0      376      396
   8   2  30   20.0000    0.0180    1.4336    3.5572    5.0088    98720    99518    98720        0        0      377      398
   8   3  10   20.0000    0.0178    1.4253    3.5657    5.0088    99040    99416    99040        0        0      379      399
   8   3  20   20.0000    0.0181    1.4325    3.5583    5.0088    98621    99271    98621        0        0      381      401
   8   3  30   20.0000    0.0176    1.4176    3.5736    5.0088    99435    99714    99435        0        0      382      402
   8   4  10   20.0000    0.0179    1.4204    3.5706    5.0088    98689    99346    98689        0        0      383      403
   8   4  20   20.0000    0.0177    1.4239    3.5671    5.0088    99437    99510    99437        0        0      385      405
   8   4  30   20.0000    0.0180    1.4243    3.5665    5.0088    98505    99342    98505        0        0      387      406
   8   5  10   20.0000    0.0178    1.4266    3.5644    5.0088    99360    99360    99360        0        0      388      408
   8   5  20   20.0000    0.0179    1.4197    3.5712    5.0088    98504    99366    98504        0        0      390      409
   8   5  30   20.0000    0.0178    1.4265    3.5645    5.0088    99215    99372    99215        0        0      391      411
   8   6  10   20.0000    0.0180    1.4278    3.5630    5.0088    98298    99196    98298        0        0      392      412
   8   6  20   20.0000    0.0179    1.4266    3.5644    5.0088    99112    99115    99112        0        0      394      414
   8   6  30   20.0000    0.0180    1.4312    3.5596    5.0088    98371    99181    98371        0        0      395      415
   8   7  10   20.0000    0.0179    1.4267    3.5642    5.0088    99081    99135    99081        0        0      396      417
   8   7  20   20.0000    0.0179    1.4262    3.5647    5.0088    98654    99269    98654        0        0      398      418
   8   7  30   20.0000    0.0178    1.4240    3.5670    5.0088    99146    99146    99146        0        0      399      420
   8   8  10   20.0000    0.0179    1.4251    3.5658    5.0088    98900    99582    98900        0        0      401      421
   8   8  20   20.0000    0.0180    1.4295    3.5614    5.0088    98800    99378    98800        0        0      402      423
   8   8  30   20.0000    0.0177    1.4215    3.5696    5.0088    99337    99606    99337        0        0      403      424
   8   9  10   20.0000    0.0180    1.4307    3.5601    5.0088    98593    99335    98593        0        0      405      426
   8   9  20   20.0000    0.0177    1.4232    3.5678    5.0088    99461    99479    99461        0        0      406      427
   8   9  30   20.0000    0.0181    1.4320    3.5588    5.0088    98385    99155    98385        0        0      407      429
   8  10  10   20.0000    0.0178    1.4270    3.5640    5.0088    99340    99357    99340        0        0      409      430
   8  10  20   20.0000    0.0180    1.4264    3.5645    5.0088    98549    99352    98549        0        0      410      431
   8  10  30   20.0000    0.0178    1.4260    3.5650    5.0088    99142    99213    99142        0        0      411      433
   8  11  10   20.0000    0.0179    1.4274    3.5634    5.0088    98773    99033    98773        0        0      413      434
   8  11  20   20.0000    0.0178    1.4228    3.5682    5.0088    99162    99162    99162        0        0      414      436
   8  11  30   20.0000    0.0177    1.4161    3.5750    5.0088    99227    99319    99227        0        0      416      437
   8  12  10   20.0000    0.0178    1.4195    3.5715    5.0088    99066    99133    99066        0        0      417      439
   8  12  20   20.0000    0.0179    1.4293    3.5616    5.0088    98838    99039    98838        0        0      419      440
   8  12  30   20.0000    0.0182    1.4386    3.5521    5.0088    98432    99050    98432        0        0      420      442
   9   1  10   20.0000    0.0176    1.4134    3.5778    5.0088    99418    99434    99418        0        0      421      443
   9   1  20   20.0000    0.0180    1.4284    3.5625    5.0088    98725    98964    98725        0        0      423      445
   9   1  30   20.0000    0.0176    1.4162    3.5749    5.0088    99348    99590    99348        0        0      424      446
   9   2  10   20.0000    0.0179    1.4212    3.5698    5.0088    98898    99219    98898        0        0      426      448
   9   2  20   20.0000    0.0177    1.4207    3.5703    5.0088    99357    99357    99357        0        0      427      449
   9   2  30   20.0000    0.0179    1.4268    3.5641    5.0088    98829    99090    98829        0        0      430      451
   9   3  10   20.0000    0.0179    1.4301    3.5608    5.0088    99135    99135    99135        0        0      431      452
   9   3  20   20.0000    0.0179    1.4246    3.5663    5.0088    98692    99264    98692        0        0      432      454
   9   3  30   20.0000    0.0178    1.4224    3.5686    5.0088    99059    99059    99059        0        0      436      455
   9   4  10   20.0000    0.0179    1.4268    3.5641    5.0088    98778    99159    98778        0        0      437      457
   9   4  20   20.0000    0.0179    1.4266    3.5643    5.0088    98931    98971    98931        0        0      438      458
   9   4  30   20.0000    0.0179    1.4249    3.5660    5.0088    98886    98971    98886        0        0      439      459
   9   5  10   20.0000    0.0179    1.4278    3.5631    5.0088    98874    99043    98874        0        0      441      461
   9   5  20   20.0000    0.0178    1.4215    3.5695    5.0088    98909    99305    98909        0        0      442      462
   9   5  30   20.0000    0.0180    1.4302    3.5606    5.0088    98895    98900    98895        0        0      444      464
   9   6  10   20.0000    0.0180    1.4294    3.5614    5.0088    98911    99069    98911        0        0      445      465
   9   6  20   20.0000    0.0178    1.4224    3.5686    5.0088    99008    99047    99008        0        0      447      467
   9   6  30   20.0000    0.0179    1.4269    3.5640    5.0088    98861    99144    98861        0        0      448      468
   9   7  10   20.0000    0.0180    1.4333    3.5575    5.0088    98717    99135    98717        0        0      449      470
   9   7  20   20.0000    0.0177    1.4212    3.5699    5.0088    99337    99366    99337        0        0      450      471
   9   7  30   20.0000    0.0179    1.4246    3.5664    5.0088    98958    99147    98958        0        0      451      473
   9   8  10   20.0000    0.0178    1.4219    3.5691    5.0088    99120    99298    99120        0        0      454      474
   9   8  20   20.0000    0.0178    1.4184    3.5726    5.0088    98925    99017    98925        0        0      456      476
   9   8  30   20.0000    0.0176    1.4142    3.5770    5.0088    99377    99377    99377        0        0      457      477
   9   9  10   20.0000    0.0181    1.4327    3.5580    5.0088    98293    99298    98293        0        0      458      478
   9   9  20   20.0000    0.0180    1.4329    3.5579    5.0088    98930    98930    98930        0        0      460      480
   9   9  30   20.0000    0.0178    1.4241    3.5669    5.0088    98897    99138    98897        0        0      461      481
   9  10  10   20.0000    0.0178    1.4204    3.5707    5.0088    98990    99245    98990        0        0      462      483
   9  10  20   20.0000    0.0179    1.4254    3.5656    5.0088    98926    98976    98926        0        0      464      484
   9  10  30   20.0000    0.0180    1.4309    3.5599    5.0088    98794    99260    98794        0        0      466      486
   9  11  10   20.0000    0.0180    1.4319    3.5589    5.0088    98561    99067    98561        0        0      467      487
   9  11  20   20.0000    0.0179    1.4291    3.5619    5.0088    99019    99148    99019        0        0      468      489
   9  11  30   20.0000    0.0179    1.4242    3.5668    5.0088    98838    98900    98838        0        0      470      490
   9  12  10   20.0000    0.0177    1.4229    3.5682    5.0088    99436    99520    99436        0        0      471      492
   9  12  20   20.0000    0.0180    1.4276    3.5632    5.0088    98491    99271    98491        0        0      472      493
   9  12  30   20.0000    0.0179    1.4314    3.5595    5.0088    99168    99197    99168        0        0      473      495
  10   1  10   20.0000    0.0179    1.4210    3.5700    5.0088    98654    99282    98654        0        0      475      496
  10   1  20   20.0000    0.0177    1.4203    3.5708    5.0088    99346    99346    99346        0        0      477      498
  10   1  30   20.0000    0.0179    1.4234    3.5675    5.0088    98892    99521    98892        0        0      478      499
  10   2  10   20.0000    0.0179    1.4273    3.5635    5.0088    98833    99104    98833        0        0      480      500
  10   2  20   20.0000    0.0180    1.4312    3.5597    5.0088    98674    99266    98674        0        0      481      502
  10   2  30   20.0000    0.0179    1.4233    3.5677    5.0088    98825    98990    98825        0        0      484      503
  10   3  10   20.0000    0.0181    1.4351    3.5556    5.0088    98485    99125    98485        0        0      485      505
  10   3  20   20.0000    0.0180    1.4338    3.5570    5.0088    98593    98828    98593        0        0      487      506
  10   3  30   20.0000    0.0181    1.4364    3.5544    5.0088    98729    99135    98729        0        0      488      508
  10   4  10   20.0000    0.0179    1.4238    3.5671    5.0088    98707    99245    98707        0        0      489      509
  10   4  20   20.0000    0.0179    1.4305    3.5604    5.0088    99077    99382    99077        0        0      490      511
  10   4  30   20.0000    0.0179    1.4233    3.5677    5.0088    98628    99462    98628        0        0      492      512
  10   5  10   20.0000    0.0178    1.4264    3.5646    5.0088    99319    99336    99319        0        0      493      514
  10   5  20   20.0000    0.0179    1.4260    3.5649    5.0088    98670    99305    98670        0        0      494      515
  10   5  30   20.0000    0.0179    1.4284    3.5625    5.0088    99021    99096    99021        0        0      496      517
  10   6  10   20.0000    0.0180    1.4310    3.5598    5.0088    98833    99280    98833        0        0      497      518
  10   6  20   20.0000    0.0178    1.4214    3.5697    5.0088    99094    99094    99094        0        0      498      520
  10   6  30   20.0000    0.0180    1.4321    3.5587    5.0088    98801    99074    98801        0        0      499      521
  10   7  10   20.0000    0.0180    1.4254    3.5655    5.0088    98632    99041    98632        0        0      501      522
  10   7  20   20.0000    0.0180    1.4329    3.5579    5.0088    98841    99187    98841        0        0      502      524
  10   7  30   20.0000    0.0181    1.4290    3.5617    5.0088    98463    99130    98463        0        0      504      525
  10   8  10   20.0000    0.0179    1.4282    3.5627    5.0088    99010    99580    99010        0        0      506      527
  10   8  20   20.0000    0.0180    1.4283    3.5625    5.0088    98434    99032    98434        0        0      507      528
  10   8  30   20.0000    0.0178    1.4264    3.5646    5.0088    99147    99298    99147        0        0      508      530
  10   9  10   20.0000    0.0180    1.4272    3.5636    5.0088    98448    99269    98448        0        0      511      531
  10   9  20   20.0000    0.0178    1.4234    3.5677    5.0088    99376    99588    99376        0        0      513      533
  10   9  30   20.0000    0.0180    1.4293    3.5614    5.0088    98365    99200    98365        0        0      514      534
  10  10  10   20.0000    0.0179    1.4300    3.5609    5.0088    99413    99413    99413        0        0      515      536
  10  10  20   20.0000    0.0179    1.4230    3.5679    5.0088    98649    99444    98649        0        0      517      537
  10  10  30   20.0000    0.0178    1.4266    3.5644    5.0088    99382    99382    99382        0        0      518      539
  10  11  10   20.0000    0.0178    1.4175    3.5735    5.0088    98853    99342    98853        0        0      520      540
  10  11  20   20.0000    0.0179    1.4330    3.5579    5.0088    99302    99302    99302        0        0      521      542
  10  11  30   20.0000    0.0178    1.4202    3.5708    5.0088    98776    99629    98776        0        0      522      543
  10  12  10   20.0000    0.0177    1.4199    3.5712    5.0088    99396    99396    99396        0        0      524      544
  10  12  20   20.0000    0.0180    1.4314    3.5594    5.0088    98664    99663    98664        0        0      525      546
