gfortran -c src/wcm_arrays.f90 -o src/wcm_arrays.o
gfortran -fmax-stack-var-size=32768 -w -O3 -fopenmp -o output/wcm.x src/wcm_arrays.f90 src/phyt_ibm.F90 src/wcm.F90 -Isrc
Running model...
   1   0   0   15.0000    4.9851    0.0011    0.0227    5.0088      641      641      641        0        0        1        2
   1   1  10   15.0000    0.0097    0.9198    4.0793    5.0088   116262   123086   116262        0        0        1       13
   1   1  20   15.0000    0.0184    1.4137    3.5767    5.0088    99687   122132    99687        0        0        2       14
   1   1  30   15.0000    0.0192    1.4271    3.5625    5.0088    96262   119498    96262        0        0        2       16
   1   2  10   15.0000    0.0184    1.4285    3.5618    5.0088    99070   111948    99070        0        0        2       17
   1   2  20   15.0000    0.0188    1.4288    3.5611    5.0088    97415   101088    97415        0        0        4       19
   1   2  30   15.0000    0.0183    1.4295    3.5610    5.0088    98876   101256    98876        0        0        5       20
   1   3  10   15.0000    0.0186    1.4256    3.5646    5.0088    97412   100904    97412        0        0        7       22
   1   3  20   15.0000    0.0180    1.4196    3.5712    5.0088    99128   101292    99128        0        0        9       23
   1   3  30   15.0000    0.0185    1.4160    3.5744    5.0088    97053   100951    97053        0        0       10       25
   1   4  10   15.0000    0.0180    1.4249    3.5659    5.0088    99307   100805    99307        0        0       10       26
   1   4  20   15.0000    0.0186    1.4284    3.5619    5.0088    96659   100636    96659        0        0       13       28
   1   4  30   15.0000    0.0180    1.4328    3.5581    5.0088    99394   100816    99394        0        0       14       29
   1   5  10   15.0000    0.0182    1.4153    3.5752    5.0088    96897   100895    96897        0        0       15       31
   1   5  20   15.0000    0.0178    1.4296    3.5614    5.0088    99760   101039    99760        0        0       15       32
   1   5  30   15.0000    0.0184    1.4283    3.5621    5.0088    96954   100901    96954        0        0       16       34
   1   6  10   15.0000    0.0177    1.4307    3.5604    5.0088   100268   101039   100268        0        0       20       35
   1   6  20   15.0000    0.0182    1.4312    3.5594    5.0088    97664   100779    97664        0        0       21       37
   1   6  30   15.0000    0.0175    1.4238    3.5675    5.0088   100876   100959   100876        0        0       24       38
   1   7  10   15.0000    0.0180    1.4243    3.5665    5.0088    98371   100752    98371        0        0       25       40
   1   7  20   15.0000    0.0174    1.4173    3.5741    5.0088   100767   101007   100767        0        0       26       41
   1   7  30   15.0000    0.0181    1.4289    3.5618    5.0088    98003   100352    98003        0        0       27       43
   1   8  10   15.0000    0.0175    1.4257    3.5656    5.0088   100672   100672   100672        0        0       28       44
   1   8  20   15.0000    0.0178    1.4150    3.5760    5.0088    98595   100717    98595        0        0       29       46
   1   8  30   15.0000    0.0176    1.4231    3.5681    5.0088   100138   100235   100138        0        0       30       47
   1   9  10   15.0000    0.0179    1.4226    3.5683    5.0088    98213   100484    98213        0        0       35       49
   1   9  20   15.0000    0.0180    1.4309    3.5600    5.0088    98885   100030    98885        0        0       36       50
   1   9  30   15.0000    0.0179    1.4267    3.5642    5.0088    98590   100309    98590        0        0       38       51
   1  10  10   15.0000    0.0182    1.4315    3.5591    5.0088    97648   100296    97648        0        0       39       53
   1  10  20   15.0000    0.0178    1.4280    3.5631    5.0088    99230   100321    99230        0        0       40       54
   1  10  30   15.0000    0.0182    1.4283    3.5623    5.0088    97206   100178    97206        0        0       41       56
   1  11  10   15.0000    0.0175    1.4255    3.5657    5.0088   100026   100561   100026        0        0       43       57
   1  11  20   15.0000    0.0181    1.4272    3.5636    5.0088    97286   100167    97286        0        0       44       59
   1  11  30   15.0000    0.0176    1.4343    3.5569    5.0088   100158   100417   100158        0        0       45       60
   1  12  10   15.0000    0.0178    1.4182    3.5728    5.0088    97974   100457    97974        0        0       46       62
   1  12  20   15.0000    0.0174    1.4219    3.5695    5.0088   100494   100504   100494        0        0       47       63
   1  12  30   15.0000    0.0179    1.4259    3.5650    5.0088    98218   100271    98218        0        0       48       65
   2   1  10   15.0000    0.0173    1.4198    3.5717    5.0088   100543   100566   100543        0        0       49       66
   2   1  20   15.0000    0.0180    1.4276    3.5632    5.0088    98005   100255    98005        0        0       51       68
   2   1  30   15.0000    0.0175    1.4245    3.5668    5.0088    99993   100247    99993        0        0       52       69
   2   2  10   15.0000    0.0179    1.4285    3.5624    5.0088    98263   100510    98263        0        0       53       71
   2   2  20   15.0000    0.0178    1.4274    3.5636    5.0088    98928    99935    98928        0        0       54       72
   2   2  30   15.0000    0.0177    1.4246    3.5665    5.0088    98941   100127    98941        0        0       55       73
   2   3  10   15.0000    0.0180    1.4245    3.5663    5.0088    97768   100064    97768        0        0       56       75
   2   3  20   15.0000    0.0176    1.4261    3.5652    5.0088    99672   100109    99672        0        0       57       76
   2   3  30   15.0000    0.0180    1.4219    3.5689    5.0088    97133    99855    97133        0        0       59       78
   2   4  10   15.0000    0.0175    1.4247    3.5666    5.0088   100097   100200   100097        0        0       60       79
   2   4  20   15.0000    0.0178    1.4196    3.5714    5.0088    97976   100029    97976        0        0       61       81
   2   4  30   15.0000    0.0176    1.4286    3.5626    5.0088    99929   100142    99929        0        0       62       82
   2   5  10   15.0000    0.0179    1.4309    3.5600    5.0088    98111   100019    98111        0        0       63       84
   2   5  20   15.0000    0.0174    1.4247    3.5666    5.0088   100380   100394   100380        0        0       64       85
   2   5  30   15.0000    0.0178    1.4255    3.5655    5.0088    98410   100467    98410        0        0       65       87
   2   6  10   15.0000    0.0177    1.4336    3.5575    5.0088    99801   100074    99801        0        0       67       88
   2   6  20   15.0000    0.0178    1.4255    3.5655    5.0088    98537   100176    98537        0        0       68       90
   2   6  30   15.0000    0.0177    1.4267    3.5643    5.0088    98981   100266    98981        0        0       69       91
   2   7  10   15.0000    0.0177    1.4275    3.5636    5.0088    98901   100317    98901        0        0       70       93
   2   7  20   15.0000    0.0179    1.4220    3.5689    5.0088    98115   100060    98115        0        0       71       94
   2   7  30   15.0000    0.0175    1.4221    3.5693    5.0088    99739   100326    99739        0        0       72       95
   2   8  10   15.0000    0.0178    1.4203    3.5707    5.0088    97993    99911    97993        0        0       73       97
   2   8  20   15.0000    0.0176    1.4313    3.5599    5.0088    99860    99883    99860        0        0       75       98
   2   8  30   15.0000    0.0179    1.4259    3.5650    5.0088    97895    99763    97895        0        0       76      100
   2   9  10   15.0000    0.0176    1.4273    3.5639    5.0088    99751    99827    99751        0        0       77      101
   2   9  20   15.0000    0.0179    1.4285    3.5624    5.0088    98375    99947    98375        0        0       78      103
   2   9  30   15.0000    0.0175    1.4269    3.5645    5.0088   100120   100120   100120        0        0       90      104
   2  10  10   15.0000    0.0180    1.4322    3.5586    5.0088    98184   100048    98184        0        0       91      106
   2  10  20   15.0000    0.0176    1.4268    3.5644    5.0088    99716    99719    99716        0        0       93      107
   2  10  30   15.0000    0.0178    1.4264    3.5646    5.0088    98262    99902    98262        0        0       94      109
   2  11  10   15.0000    0.0176    1.4202    3.5710    5.0088    99154    99810    99154        0        0       95      110
   2  11  20   15.0000    0.0175    1.4215    3.5698    5.0088    99310   100166    99310        0        0       96      112
   2  11  30   15.0000    0.0180    1.4301    3.5606    5.0088    97738    99931    97738        0        0       97      113
   2  12  10   15.0000    0.0175    1.4266    3.5647    5.0088    99836   100095    99836        0        0       99      114
   2  12  20   15.0000    0.0179    1.4226    3.5683    5.0088    97802    99903    97802        0        0      100      116
   2  12  30   15.0000    0.0174    1.4242    3.5672    5.0088   100115   100228   100115        0        0      101      117
   3   1  10   15.0000    0.0179    1.4232    3.5677    5.0088    97755   100117    97755        0        0      107      119
   3   1  20   15.0000    0.0177    1.4333    3.5578    5.0088    99753    99787    99753        0        0      108      120
   3   1  30   15.0000    0.0179    1.4298    3.5611    5.0088    98242    99718    98242        0        0      110      122
   3   2  10   15.0000    0.0175    1.4258    3.5655    5.0088    99869    99869    99869        0        0      111      123
   3   2  20   15.0000    0.0178    1.4293    3.5617    5.0088    98491   100034    98491        0        0      113      125
   3   2  30   15.0000    0.0176    1.4236    3.5676    5.0088    99448    99633    99448        0        0      115      126
   3   3  10   15.0000    0.0177    1.4284    3.5627    5.0088    98812    99887    98812        0        0      116      128
   3   3  20   15.0000    0.0179    1.4274    3.5635    5.0088    98413    99720    98413        0        0      118      129
   3   3  30   15.0000    0.0176    1.4304    3.5608    5.0088    99552    99823    99552        0        0      119      131
   3   4  10   15.0000    0.0180    1.4263    3.5646    5.0088    97579    99890    97579        0        0      120      132
   3   4  20   15.0000    0.0175    1.4260    3.5653    5.0088    99876    99974    99876        0        0      122      133
   3   4  30   15.0000    0.0179    1.4254    3.5655    5.0088    97788    99911    97788        0        0      123      135
   3   5  10   15.0000    0.0177    1.4315    3.5597    5.0088    99584    99591    99584        0        0      125      136
   3   5  20   15.0000    0.0179    1.4260    3.5649    5.0088    97922    99636    97922        0        0      127      138
   3   5  30   15.0000    0.0176    1.4258    3.5655    5.0088    99669    99689    99669        0        0      128      139
   3   6  10   15.0000    0.0177    1.4236    3.5675    5.0088    98601   100004    98601        0        0      129      141
   3   6  20   15.0000    0.0175    1.4223    3.5691    5.0088    99853    99867    99853        0        0      131      142
   3   6  30   15.0000    0.0178    1.4341    3.5569    5.0088    98781    99709    98781        0        0      132      144
   3   7  10   15.0000    0.0178    1.4316    3.5594    5.0088    98848    99793    98848        0        0      134      145
   3   7  20   15.0000    0.0175    1.4195    3.5718    5.0088    99574    99922    99574        0        0      135      147
   3   7  30   15.0000    0.0179    1.4311    3.5598    5.0088    97989    99497    97989        0        0      137      148
   3   8  10   15.0000    0.0177    1.4321    3.5590    5.0088    99415    99473    99415        0        0      138      149
   3   8  20   15.0000    0.0180    1.4286    3.5622    5.0088    97587    99226    97587        0        0      139      151
   3   8  30   15.0000    0.0175    1.4228    3.5685    5.0088    99622    99954    99622        0        0      140      152
   3   9  10   15.0000    0.0178    1.4203    3.5708    5.0088    98086    99480    98086        0        0      142      154
   3   9  20   15.0000    0.0175    1.4248    3.5666    5.0088    99623    99743    99623        0        0      143      155
   3   9  30   15.0000    0.0178    1.4283    3.5627    5.0088    98386    99428    98386        0        0      145      157
   3  10  10   15.0000    0.0175    1.4247    3.5666    5.0088    99525    99701    99525        0        0      146      158
   3  10  20   15.0000    0.0178    1.4252    3.5658    5.0088    98375    99702    98375        0        0      148      160
   3  10  30   15.0000    0.0175    1.4228    3.5685    5.0088    99594    99594    99594        0        0      149      161
   3  11  10   15.0000    0.0175    1.4197    3.5716    5.0088    99182    99876    99182        0        0      150      163
   3  11  20   15.0000    0.0178    1.4259    3.5651    5.0088    98613    99857    98613        0        0      153      164
   3  11  30   15.0000    0.0174    1.4191    3.5723    5.0088   100012   100106   100012        0        0      154      166
   3  12  10   15.0000    0.0179    1.4277    3.5632    5.0088    97860    99880    97860        0        0      155      167
   3  12  20   15.0000    0.0177    1.4318    3.5594    5.0088    99358    99687    99358        0        0      157      168
   3  12  30   15.0000    0.0179    1.4256    3.5653    5.0088    97579    99935    97579        0        0      158      170
   4   1  10   15.0000    0.0175    1.4248    3.5666    5.0088    99758    99843    99758        0        0      159      171
   4   1  20   15.0000    0.0179    1.4257    3.5653    5.0088    98148    99913    98148        0        0      160      173
   4   1  30   15.0000    0.0176    1.4301    3.5611    5.0088    99362    99638    99362        0        0      162      174
   4   2  10   15.0000    0.0175    1.4195    3.5718    5.0088    99298   100055    99298        0        0      163      176
   4   2  20   15.0000    0.0177    1.4261    3.5650    5.0088    98927    99403    98927        0        0      164      177
   4   2  30   15.0000    0.0177    1.4270    3.5642    5.0088    99144    99863    99144        0        0      165      179
   4   3  10   15.0000    0.0178    1.4293    3.5616    5.0088    98424    99883    98424        0        0      166      180
   4   3  20   15.0000    0.0174    1.4198    3.5716    5.0088   100014   100048   100014        0        0      168      182
   4   3  30   15.0000    0.0179    1.4295    3.5614    5.0088    98217    99698    98217        0        0      169      183
   4   4  10   15.0000    0.0175    1.4225    3.5688    5.0088    99511    99579    99511        0        0      170      184
   4   4  20   15.0000    0.0179    1.4266    3.5643    5.0088    97974    99935    97974        0        0      171      186
   4   4  30   15.0000    0.0177    1.4277    3.5635    5.0088    99152    99539    99152        0        0      173      187
   4   5  10   15.0000    0.0179    1.4319    3.5590    5.0088    98161    99784    98161        0        0      174      189
   4   5  20   15.0000    0.0177    1.4263    3.5649    5.0088    99087    99761    99087        0        0      175      190
   4   5  30   15.0000    0.0178    1.4298    3.5612    5.0088    98447    99945    98447        0        0      176      192
   4   6  10   15.0000    0.0177    1.4237    3.5674    5.0088    99003    99730    99003        0        0      178      193
   4   6  20   15.0000    0.0175    1.4217    3.5695    5.0088    99509   100228    99509        0        0      179      195
   4   6  30   15.0000    0.0178    1.4294    3.5616    5.0088    98776    99972    98776        0        0      180      196
   4   7  10   15.0000    0.0176    1.4317    3.5595    5.0088    99651    99806    99651        0        0      182      198
   4   7  20   15.0000    0.0177    1.4244    3.5667    5.0088    98655    99925    98655        0        0      183      199
   4   7  30   15.0000    0.0176    1.4284    3.5629    5.0088    99809    99809    99809        0        0      184      201
   4   8  10   15.0000    0.0179    1.4272    3.5638    5.0088    98162    99682    98162        0        0      186      202
   4   8  20   15.0000    0.0178    1.4306    3.5604    5.0088    98999    99385    98999        0        0      187      203
   4   8  30   15.0000    0.0178    1.4262    3.5648    5.0088    98302    99627    98302        0        0      188      205
   4   9  10   15.0000    0.0178    1.4318    3.5592    5.0088    98562    99549    98562        0        0      190      206
   4   9  20   15.0000    0.0176    1.4158    3.5754    5.0088    98655    99622    98655        0        0      191      208
   4   9  30   15.0000    0.0176    1.4238    3.5674    5.0088    99237    99521    99237        0        0      195      209
   4  10  10   15.0000    0.0176    1.4219    3.5693    5.0088    99015    99848    99015        0        0      196      211
   4  10  20   15.0000    0.0177    1.4299    3.5612    5.0088    99015    99569    99015        0        0      197      212
   4  10  30   15.0000    0.0177    1.4280    3.5631    5.0088    99109    99737    99109        0        0      199      214
   4  11  10   15.0000    0.0176    1.4240    3.5672    5.0088    99238    99550    99238        0        0      200      215
   4  11  20   15.0000    0.0175    1.4225    3.5688    5.0088    99720    99810    99720        0        0      201      217
   4  11  30   15.0000    0.0177    1.4188    3.5723    5.0088    98533    99532    98533        0        0      203      218
   4  12  10   15.0000    0.0178    1.4365    3.5545    5.0088    99209    99542    99209        0        0      204      220
   4  12  20   15.0000    0.0179    1.4220    3.5690    5.0088    97830    99841    97830        0        0      205      221
   4  12  30   15.0000    0.0176    1.4219    3.5693    5.0088    99111    99659    99111        0        0      206      222
   5   1  10   15.0000    0.0177    1.4208    3.5703    5.0088    98286    99761    98286        0        0      208      224
   5   1  20   15.0000    0.0177    1.4292    3.5619    5.0088    99085    99511    99085        0        0      209      225
   5   1  30   15.0000    0.0178    1.4301    3.5609    5.0088    98605    99286    98605        0        0      210      227
   5   2  10   15.0000    0.0176    1.4274    3.5639    5.0088    99519    99537    99519        0        0      212      228
   5   2  20   15.0000    0.0176    1.4252    3.5660    5.0088    99062    99574    99062        0        0      213      230
   5   2  30   15.0000    0.0176    1.4205    3.5707    5.0088    99035    99449    99035        0        0      220      231
   5   3  10   15.0000    0.0177    1.4304    3.5607    5.0088    99265    99385    99265        0        0      221      233
   5   3  20   15.0000    0.0178    1.4240    3.5670    5.0088    98386    99453    98386        0        0      222      234
   5   3  30   15.0000    0.0175    1.4231    3.5682    5.0088    99495    99516    99495        0        0      224      236
   5   4  10   15.0000    0.0179    1.4287    3.5622    5.0088    98350    99154    98350        0        0      225      237
   5   4  20   15.0000    0.0177    1.4300    3.5611    5.0088    99002    99374    99002        0        0      226      238
   5   4  30   15.0000    0.0179    1.4266    3.5644    5.0088    98195    99043    98195        0        0      227      240
   5   5  10   15.0000    0.0177    1.4263    3.5649    5.0088    99010    99623    99010        0        0      230      241
   5   5  20   15.0000    0.0176    1.4203    3.5709    5.0088    98825    99532    98825        0        0      232      243
   5   5  30   15.0000    0.0175    1.4207    3.5707    5.0088    99523    99523    99523        0        0      233      244
   5   6  10   15.0000    0.0178    1.4302    3.5608    5.0088    98944    99217    98944        0        0      234      246
   5   6  20   15.0000    0.0176    1.4222    3.5690    5.0088    99160    99160    99160        0        0      236      247
   5   6  30   15.0000    0.0176    1.4238    3.5674    5.0088    99071    99309    99071        0        0      237      249
   5   7  10   15.0000    0.0177    1.4239    3.5672    5.0088    98729    98804    98729        0        0      239      250
   5   7  20   15.0000    0.0176    1.4245    3.5667    5.0088    99254    99254    99254        0        0      240      252
   5   7  30   15.0000    0.0176    1.4191    3.5721    5.0088    98836    99210    98836        0        0      241      253
   5   8  10   15.0000    0.0175    1.4197    3.5716    5.0088    99385    99385    99385        0        0      243      255
   5   8  20   15.0000    0.0178    1.4230    3.5681    5.0088    98332    99123    98332        0        0      244      256
   5   8  30   15.0000    0.0176    1.4214    3.5698    5.0088    99178    99483    99178        0        0      246      257
   5   9  10   15.0000    0.0178    1.4268    3.5643    5.0088    98581    99222    98581        0        0      247      259
   5   9  20   15.0000    0.0175    1.4224    3.5689    5.0088    99520    99568    99520        0        0      248      260
   5   9  30   15.0000    0.0177    1.4237    3.5674    5.0088    98791    99569    98791        0        0      250      262
   5  10  10   15.0000    0.0176    1.4253    3.5659    5.0088    99514    99514    99514        0        0      251      263
   5  10  20   15.0000    0.0178    1.4306    3.5604    5.0088    98561    99601    98561        0        0      252      265
   5  10  30   15.0000    0.0178    1.4347    3.5563    5.0088    98946    99007    98946        0        0      254      266
   5  11  10   15.0000    0.0177    1.4250    3.5661    5.0088    98993    99581    98993        0        0      255      268
   5  11  20   15.0000    0.0178    1.4265    3.5646    5.0088    98633    99241    98633        0        0      256      269
   5  11  30   15.0000    0.0177    1.4295    3.5616    5.0088    98917    99409    98917        0        0      258      271
   5  12  10   15.0000    0.0179    1.4303    3.5606    5.0088    98410    99101    98410        0        0      259      272
   5  12  20   15.0000    0.0177    1.4275    3.5637    5.0088    99138    99398    99138        0        0      260      273
