gfortran -c src/wcm_arrays.f90 -o src/wcm_arrays.o
gfortran -fmax-stack-var-size=32768 -w -O3 -fopenmp -o output/wcm.x src/wcm_arrays.f90 src/phyt_ibm.F90 src/wcm.F90 -Isrc
Running model...
   1   0   0   15.0000    4.9853    0.0010    0.0224    5.0087      618      618      618        0        0        1        2
   1   1  10   15.0000    0.0097    0.9077    4.0913    5.0087   114816   125174   114816        0        0        1       13
   1   1  20   15.0000    0.0187    1.4060    3.5840    5.0087    98195   124199    98195        0        0        2       14
   1   1  30   15.0000    0.0184    1.4259    3.5644    5.0087   100027   121573   100027        0        0        2       16
   1   2  10   15.0000    0.0188    1.4185    3.5715    5.0087    97179   113953    97179        0        0        2       17
   1   2  20   15.0000    0.0179    1.4195    3.5713    5.0087   100837   101702   100837        0        0        3       19
   1   2  30   15.0000    0.0185    1.4128    3.5774    5.0087    97238   101374    97238        0        0        3       20
   1   3  10   15.0000    0.0179    1.4229    3.5680    5.0087   100553   101704   100553        0        0        6       22
   1   3  20   15.0000    0.0187    1.4253    3.5648    5.0087    96747   101746    96747        0        0        7       23
   1   3  30   15.0000    0.0178    1.4240    3.5669    5.0087   100732   101896   100732        0        0       10       25
   1   4  10   15.0000    0.0187    1.4302    3.5598    5.0087    96682   101859    96682        0        0       11       26
   1   4  20   15.0000    0.0176    1.4229    3.5683    5.0087   101484   102233   101484        0        0       13       28
   1   4  30   15.0000    0.0185    1.4225    3.5678    5.0087    96740   101628    96740        0        0       16       29
   1   5  10   15.0000    0.0174    1.4181    3.5732    5.0087   101501   102062   101501        0        0       17       31
   1   5  20   15.0000    0.0184    1.4270    3.5634    5.0087    97162   101644    97162        0        0       18       32
   1   5  30   15.0000    0.0173    1.4217    3.5697    5.0087   101891   101991   101891        0        0       19       34
   1   6  10   15.0000    0.0183    1.4301    3.5603    5.0087    97514   101626    97514        0        0       21       35
   1   6  20   15.0000    0.0173    1.4226    3.5688    5.0087   101868   101868   101868        0        0       22       37
   1   6  30   15.0000    0.0181    1.4261    3.5645    5.0087    98132   101734    98132        0        0       24       38
   1   7  10   15.0000    0.0175    1.4259    3.5653    5.0087   101133   101355   101133        0        0       25       40
   1   7  20   15.0000    0.0181    1.4253    3.5653    5.0087    97936   101724    97936        0        0       27       41
   1   7  30   15.0000    0.0178    1.4235    3.5674    5.0087    99415   101402    99415        0        0       28       43
   1   8  10   15.0000    0.0181    1.4332    3.5575    5.0087    98149   101547    98149        0        0       29       44
   1   8  20   15.0000    0.0181    1.4267    3.5640    5.0087    98176   101517    98176        0        0       30       46
   1   8  30   15.0000    0.0177    1.4228    3.5682    5.0087    99387   101576    99387        0        0       31       47
   1   9  10   15.0000    0.0185    1.4340    3.5562    5.0087    96520   101400    96520        0        0       32       49
   1   9  20   15.0000    0.0175    1.4282    3.5630    5.0087   100474   101721   100474        0        0       33       50
   1   9  30   15.0000    0.0183    1.4194    3.5711    5.0087    96272   101634    96272        0        0       34       52
   1  10  10   15.0000    0.0173    1.4272    3.5642    5.0087   101467   101768   101467        0        0       35       53
   1  10  20   15.0000    0.0183    1.4240    3.5665    5.0087    96496   101516    96496        0        0       35       55
   1  10  30   15.0000    0.0173    1.4294    3.5620    5.0087   101650   101650   101650        0        0       36       56
   1  11  10   15.0000    0.0182    1.4252    3.5654    5.0087    97065   101531    97065        0        0       37       58
   1  11  20   15.0000    0.0173    1.4256    3.5658    5.0087   101287   101287   101287        0        0       45       59
   1  11  30   15.0000    0.0179    1.4222    3.5686    5.0087    97872   101646    97872        0        0       46       60
   1  12  10   15.0000    0.0174    1.4253    3.5660    5.0087   100846   101396   100846        0        0       50       62
   1  12  20   15.0000    0.0178    1.4231    3.5678    5.0087    98472   101322    98472        0        0       51       63
   1  12  30   15.0000    0.0177    1.4256    3.5654    5.0087    99320   101306    99320        0        0       53       65
   2   1  10   15.0000    0.0177    1.4236    3.5674    5.0087    99084   101347    99084        0        0       54       66
   2   1  20   15.0000    0.0181    1.4300    3.5606    5.0087    97861   100933    97861        0        0       55       68
   2   1  30   15.0000    0.0174    1.4174    3.5739    5.0087   100182   101304   100182        0        0       56       69
   2   2  10   15.0000    0.0184    1.4317    3.5586    5.0087    96474   100743    96474        0        0       58       71
   2   2  20   15.0000    0.0174    1.4256    3.5658    5.0087   100754   101074   100754        0        0       59       72
   2   2  30   15.0000    0.0182    1.4219    3.5687    5.0087    96539   101135    96539        0        0       60       74
   2   3  10   15.0000    0.0174    1.4280    3.5634    5.0087   101019   101090   101019        0        0       62       75
   2   3  20   15.0000    0.0180    1.4236    3.5671    5.0087    97357   101205    97357        0        0       63       77
   2   3  30   15.0000    0.0174    1.4280    3.5632    5.0087   100554   100722   100554        0        0       64       78
   2   4  10   15.0000    0.0180    1.4292    3.5615    5.0087    98086   100973    98086        0        0       65       79
   2   4  20   15.0000    0.0176    1.4305    3.5606    5.0087   100181   100647   100181        0        0       66       81
   2   4  30   15.0000    0.0178    1.4285    3.5624    5.0087    98825   100853    98825        0        0       67       82
   2   5  10   15.0000    0.0177    1.4256    3.5654    5.0087    99063   100945    99063        0        0       68       84
   2   5  20   15.0000    0.0176    1.4267    3.5644    5.0087    99432   101024    99432        0        0       70       85
   2   5  30   15.0000    0.0181    1.4294    3.5613    5.0087    97414   100631    97414        0        0       72       87
   2   6  10   15.0000    0.0175    1.4297    3.5615    5.0087   100221   100771   100221        0        0       73       88
   2   6  20   15.0000    0.0183    1.4317    3.5588    5.0087    96576   100584    96576        0        0       74       90
   2   6  30   15.0000    0.0174    1.4255    3.5658    5.0087   100526   100553   100526        0        0       75       91
   2   7  10   15.0000    0.0181    1.4239    3.5668    5.0087    97103   100208    97103        0        0       77       93
   2   7  20   15.0000    0.0173    1.4163    3.5752    5.0087   100627   100627   100627        0        0       78       94
   2   7  30   15.0000    0.0180    1.4296    3.5611    5.0087    97693   100155    97693        0        0       80       96
   2   8  10   15.0000    0.0176    1.4347    3.5564    5.0087   100067   100067   100067        0        0       81       97
   2   8  20   15.0000    0.0177    1.4257    3.5653    5.0087    98719   100674    98719        0        0       82       99
   2   8  30   15.0000    0.0177    1.4313    3.5598    5.0087    99520   100291    99520        0        0       83      100
   2   9  10   15.0000    0.0177    1.4288    3.5623    5.0087    99089   100312    99089        0        0       85      101
   2   9  20   15.0000    0.0178    1.4265    3.5644    5.0087    98813   100473    98813        0        0       88      103
   2   9  30   15.0000    0.0175    1.4206    3.5707    5.0087    99528   100525    99528        0        0       89      104
   2  10  10   15.0000    0.0180    1.4245    3.5662    5.0087    97602   100351    97602        0        0       90      106
   2  10  20   15.0000    0.0176    1.4282    3.5630    5.0087    99725   100450    99725        0        0       91      107
   2  10  30   15.0000    0.0182    1.4331    3.5574    5.0087    97051   100320    97051        0        0       92      109
   2  11  10   15.0000    0.0173    1.4168    3.5747    5.0087   100498   100734   100498        0        0       94      110
   2  11  20   15.0000    0.0181    1.4315    3.5591    5.0087    97265   100179    97265        0        0       95      112
   2  11  30   15.0000    0.0175    1.4301    3.5611    5.0087   100204   100204   100204        0        0       96      113
   2  12  10   15.0000    0.0180    1.4306    3.5602    5.0087    98040   100181    98040        0        0       97      115
   2  12  20   15.0000    0.0174    1.4229    3.5684    5.0087   100070   100070   100070        0        0       99      116
   2  12  30   15.0000    0.0177    1.4273    3.5637    5.0087    98802   100227    98802        0        0      100      118
   3   1  10   15.0000    0.0177    1.4318    3.5592    5.0087    99175   100072    99175        0        0      101      119
   3   1  20   15.0000    0.0176    1.4232    3.5679    5.0087    99221   100370    99221        0        0      102      120
   3   1  30   15.0000    0.0179    1.4298    3.5611    5.0087    98173   100007    98173        0        0      107      122
   3   2  10   15.0000    0.0177    1.4275    3.5636    5.0087    99266   100133    99266        0        0      109      123
   3   2  20   15.0000    0.0179    1.4239    3.5669    5.0087    97673   100139    97673        0        0      110      125
   3   2  30   15.0000    0.0176    1.4339    3.5572    5.0087    99727   100147    99727        0        0      111      126
   3   3  10   15.0000    0.0180    1.4302    3.5605    5.0087    97466    99756    97466        0        0      113      128
   3   3  20   15.0000    0.0175    1.4267    3.5645    5.0087    99959   100109    99959        0        0      117      129
   3   3  30   15.0000    0.0181    1.4319    3.5588    5.0087    97420    99910    97420        0        0      118      131
   3   4  10   15.0000    0.0174    1.4231    3.5683    5.0087   100271   100348   100271        0        0      119      132
   3   4  20   15.0000    0.0177    1.4230    3.5680    5.0087    98332   100205    98332        0        0      120      134
   3   4  30   15.0000    0.0176    1.4269    3.5642    5.0087    99526    99949    99526        0        0      122      135
   3   5  10   15.0000    0.0178    1.4287    3.5622    5.0087    98453    99859    98453        0        0      123      137
   3   5  20   15.0000    0.0177    1.4274    3.5637    5.0087    99222    99966    99222        0        0      124      138
   3   5  30   15.0000    0.0175    1.4212    3.5700    5.0087    99365   100151    99365        0        0      125      139
   3   6  10   15.0000    0.0179    1.4299    3.5610    5.0087    98232    99846    98232        0        0      126      141
   3   6  20   15.0000    0.0176    1.4292    3.5620    5.0087    99729   100003    99729        0        0      127      142
   3   6  30   15.0000    0.0179    1.4216    3.5693    5.0087    97772    99876    97772        0        0      128      144
   3   7  10   15.0000    0.0175    1.4253    3.5659    5.0087    99930    99989    99930        0        0      133      145
   3   7  20   15.0000    0.0179    1.4239    3.5669    5.0087    97694    99745    97694        0        0      134      147
   3   7  30   15.0000    0.0173    1.4152    3.5763    5.0087   100254   100254   100254        0        0      135      148
   3   8  10   15.0000    0.0178    1.4236    3.5673    5.0087    97941    99741    97941        0        0      136      150
   3   8  20   15.0000    0.0175    1.4275    3.5637    5.0087    99828    99828    99828        0        0      137      151
   3   8  30   15.0000    0.0178    1.4260    3.5650    5.0087    98332    99856    98332        0        0      138      153
   3   9  10   15.0000    0.0177    1.4313    3.5598    5.0087    99311    99805    99311        0        0      140      154
   3   9  20   15.0000    0.0177    1.4280    3.5630    5.0087    98816    99967    98816        0        0      141      156
   3   9  30   15.0000    0.0178    1.4292    3.5618    5.0087    98705    99794    98705        0        0      142      157
   3  10  10   15.0000    0.0177    1.4359    3.5551    5.0087    99553    99716    99553        0        0      144      158
   3  10  20   15.0000    0.0178    1.4232    3.5677    5.0087    98053   100163    98053        0        0      146      160
   3  10  30   15.0000    0.0174    1.4188    3.5725    5.0087   100188   100188   100188        0        0      148      161
   3  11  10   15.0000    0.0181    1.4313    3.5593    5.0087    97598    99796    97598        0        0      149      163
   3  11  20   15.0000    0.0175    1.4231    3.5681    5.0087    99805    99928    99805        0        0      151      164
   3  11  30   15.0000    0.0181    1.4309    3.5598    5.0087    97428    99831    97428        0        0      152      166
   3  12  10   15.0000    0.0176    1.4286    3.5625    5.0087    99636    99636    99636        0        0      153      167
   3  12  20   15.0000    0.0179    1.4298    3.5610    5.0087    98096    99888    98096        0        0      154      169
   3  12  30   15.0000    0.0177    1.4308    3.5602    5.0087    99154    99444    99154        0        0      156      170
   4   1  10   15.0000    0.0177    1.4272    3.5638    5.0087    98719    99882    98719        0        0      158      172
   4   1  20   15.0000    0.0176    1.4228    3.5683    5.0087    98864    99643    98864        0        0      159      173
   4   1  30   15.0000    0.0176    1.4266    3.5645    5.0087    99429   100027    99429        0        0      160      174
   4   2  10   15.0000    0.0177    1.4232    3.5679    5.0087    98704    99768    98704        0        0      162      176
   4   2  20   15.0000    0.0174    1.4221    3.5692    5.0087    99905   100004    99905        0        0      163      177
   4   2  30   15.0000    0.0178    1.4231    3.5678    5.0087    98292    99583    98292        0        0      164      179
   4   3  10   15.0000    0.0177    1.4323    3.5588    5.0087    99340    99597    99340        0        0      166      180
   4   3  20   15.0000    0.0179    1.4276    3.5633    5.0087    97900    99627    97900        0        0      167      182
   4   3  30   15.0000    0.0175    1.4218    3.5694    5.0087    99610    99610    99610        0        0      168      183
   4   4  10   15.0000    0.0179    1.4261    3.5647    5.0087    97869    99630    97869        0        0      170      185
   4   4  20   15.0000    0.0176    1.4295    3.5616    5.0087    99397    99579    99397        0        0      171      186
   4   4  30   15.0000    0.0177    1.4234    3.5677    5.0087    98795    99725    98795        0        0      173      188
   4   5  10   15.0000    0.0175    1.4187    3.5725    5.0087    99227    99676    99227        0        0      174      189
   4   5  20   15.0000    0.0177    1.4303    3.5607    5.0087    98873    99690    98873        0        0      175      191
   4   5  30   15.0000    0.0178    1.4299    3.5611    5.0087    98656    99581    98656        0        0      177      192
   4   6  10   15.0000    0.0176    1.4291    3.5620    5.0087    99438    99735    99438        0        0      178      193
   4   6  20   15.0000    0.0178    1.4281    3.5629    5.0087    98604    99728    98604        0        0      179      195
   4   6  30   15.0000    0.0176    1.4286    3.5625    5.0087    99466    99484    99466        0        0      181      196
   4   7  10   15.0000    0.0178    1.4272    3.5637    5.0087    98318    99352    98318        0        0      185      198
   4   7  20   15.0000    0.0175    1.4210    3.5702    5.0087    99539    99606    99539        0        0      187      199
   4   7  30   15.0000    0.0179    1.4261    3.5648    5.0087    98113    99505    98113        0        0      188      201
   4   8  10   15.0000    0.0176    1.4255    3.5657    5.0087    99380    99588    99380        0        0      189      202
   4   8  20   15.0000    0.0178    1.4262    3.5647    5.0087    98227    99689    98227        0        0      190      204
   4   8  30   15.0000    0.0177    1.4269    3.5642    5.0087    99064    99140    99064        0        0      192      205
   4   9  10   15.0000    0.0176    1.4234    3.5677    5.0087    99003    99569    99003        0        0      193      207
   4   9  20   15.0000    0.0176    1.4218    3.5694    5.0087    99015    99306    99015        0        0      194      208
   4   9  30   15.0000    0.0176    1.4221    3.5690    5.0087    99148    99469    99148        0        0      196      210
   4  10  10   15.0000    0.0176    1.4183    3.5728    5.0087    98964    99339    98964        0        0      197      211
   4  10  20   15.0000    0.0176    1.4272    3.5640    5.0087    99516    99554    99516        0        0      198      212
   4  10  30   15.0000    0.0178    1.4289    3.5620    5.0087    98385    99316    98385        0        0      199      214
   4  11  10   15.0000    0.0176    1.4264    3.5648    5.0087    99409    99409    99409        0        0      201      215
   4  11  20   15.0000    0.0178    1.4231    3.5679    5.0087    98386    99189    98386        0        0      202      217
   4  11  30   15.0000    0.0176    1.4236    3.5676    5.0087    99395    99395    99395        0        0      203      218
   4  12  10   15.0000    0.0178    1.4234    3.5676    5.0087    98327    99134    98327        0        0      204      220
   4  12  20   15.0000    0.0176    1.4247    3.5664    5.0087    99323    99323    99323        0        0      206      221
   4  12  30   15.0000    0.0178    1.4320    3.5589    5.0087    98704    99234    98704        0        0      207      223
   5   1  10   15.0000    0.0177    1.4267    3.5644    5.0087    99094    99094    99094        0        0      208      224
   5   1  20   15.0000    0.0177    1.4275    3.5635    5.0087    98970    99214    98970        0        0      211      226
   5   1  30   15.0000    0.0176    1.4199    3.5712    5.0087    98835    99335    98835        0        0      217      227
   5   2  10   15.0000    0.0175    1.4231    3.5681    5.0087    99344    99593    99344        0        0      218      228
   5   2  20   15.0000    0.0175    1.4141    3.5771    5.0087    98764    99353    98764        0        0      220      230
   5   2  30   15.0000    0.0176    1.4274    3.5637    5.0087    99304    99542    99304        0        0      221      231
   5   3  10   15.0000    0.0179    1.4305    3.5603    5.0087    98142    99245    98142        0        0      222      233
   5   3  20   15.0000    0.0177    1.4314    3.5597    5.0087    99459    99459    99459        0        0      223      234
   5   3  30   15.0000    0.0177    1.4217    3.5693    5.0087    98481    99508    98481        0        0      225      236
   5   4  10   15.0000    0.0176    1.4254    3.5657    5.0087    99068    99267    99068        0        0      226      237
   5   4  20   15.0000    0.0176    1.4188    3.5723    5.0087    99039    99643    99039        0        0      228      239
   5   4  30   15.0000    0.0175    1.4173    3.5739    5.0087    99042    99788    99042        0        0      229      240
   5   5  10   15.0000    0.0177    1.4267    3.5644    5.0087    98995    99796    98995        0        0      231      242
   5   5  20   15.0000    0.0177    1.4237    3.5673    5.0087    98601    99474    98601        0        0      232      243
   5   5  30   15.0000    0.0175    1.4211    3.5701    5.0087    99531    99914    99531        0        0      233      244
   5   6  10   15.0000    0.0177    1.4223    3.5688    5.0087    98558    99669    98558        0        0      234      246
   5   6  20   15.0000    0.0174    1.4185    3.5728    5.0087    99957    99957    99957        0        0      235      247
   5   6  30   15.0000    0.0178    1.4266    3.5643    5.0087    98225    99499    98225        0        0      237      249
   5   7  10   15.0000    0.0176    1.4240    3.5672    5.0087    99608    99608    99608        0        0      238      250
   5   7  20   15.0000    0.0179    1.4301    3.5607    5.0087    98353    99436    98353        0        0      240      252
   5   7  30   15.0000    0.0175    1.4230    3.5682    5.0087    99387    99423    99387        0        0      242      253
   5   8  10   15.0000    0.0178    1.4269    3.5640    5.0087    98275    99281    98275        0        0      243      255
   5   8  20   15.0000    0.0177    1.4267    3.5644    5.0087    98982    99143    98982        0        0      244      256
   5   8  30   15.0000    0.0177    1.4281    3.5630    5.0087    98840    99367    98840        0        0      246      258
   5   9  10   15.0000    0.0176    1.4203    3.5708    5.0087    99240    99495    99240        0        0      247      259
   5   9  20   15.0000    0.0176    1.4271    3.5640    5.0087    99185    99393    99185        0        0      249      260
   5   9  30   15.0000    0.0178    1.4273    3.5636    5.0087    98449    99287    98449        0        0      250      262
   5  10  10   15.0000    0.0177    1.4282    3.5628    5.0087    99215    99327    99215        0        0      252      263
   5  10  20   15.0000    0.0178    1.4259    3.5651    5.0087    98466    99287    98466        0        0      253      265
   5  10  30   15.0000    0.0175    1.4238    3.5674    5.0087    99571    99710    99571        0        0      254      266
   5  11  10   15.0000    0.0177    1.4219    3.5691    5.0087    98491    99541    98491        0        0      256      268
   5  11  20   15.0000    0.0176    1.4266    3.5645    5.0087    99334    99334    99334        0        0      258      269
   5  11  30   15.0000    0.0177    1.4239    3.5672    5.0087    98657    99435    98657        0        0      259      271
   5  12  10   15.0000    0.0177    1.4283    3.5628    5.0087    99198    99251    99198        0        0      261      272
   5  12  20   15.0000    0.0177    1.4256    3.5654    5.0087    98606    99673    98606        0        0      262      274
   5  12  30   15.0000    0.0177    1.4264    3.5647    5.0087    98925    99180    98925        0        0      264      275
   6   1  10   15.0000    0.0176    1.4254    3.5657    5.0087    99131    99406    99131        0        0      265      277
   6   1  20   15.0000    0.0177    1.4246    3.5664    5.0087    98721    99210    98721        0        0      266      278
   6   1  30   15.0000    0.0178    1.4329    3.5580    5.0087    98775    99314    98775        0        0      268      279
   6   2  10   15.0000    0.0177    1.4246    3.5664    5.0087    98518    99404    98518        0        0      269      281
   6   2  20   15.0000    0.0175    1.4195    3.5718    5.0087    99467    99849    99467        0        0      270      282
   6   2  30   15.0000    0.0178    1.4276    3.5634    5.0087    98489    99407    98489        0        0      272      284
   6   3  10   15.0000    0.0177    1.4334    3.5576    5.0087    99361    99361    99361        0        0      273      285
   6   3  20   15.0000    0.0179    1.4292    3.5616    5.0087    98335    99578    98335        0        0      275      287
   6   3  30   15.0000    0.0176    1.4268    3.5643    5.0087    99367    99482    99367        0        0      276      288
   6   4  10   15.0000    0.0176    1.4191    3.5720    5.0087    98894    99690    98894        0        0      277      290
   6   4  20   15.0000    0.0177    1.4258    3.5653    5.0087    99119    99444    99119        0        0      279      291
   6   4  30   15.0000    0.0176    1.4242    3.5669    5.0087    99153    99817    99153        0        0      280      293
   6   5  10   15.0000    0.0178    1.4271    3.5639    5.0087    98392    99498    98392        0        0      281      294
   6   5  20   15.0000    0.0177    1.4309    3.5601    5.0087    99088    99717    99088        0        0      283      295
   6   5  30   15.0000    0.0179    1.4296    3.5612    5.0087    98132    99391    98132        0        0      284      297
   6   6  10   15.0000    0.0174    1.4206    3.5706    5.0087    99805    99805    99805        0        0      286      298
   6   6  20   15.0000    0.0177    1.4203    3.5708    5.0087    98621    99499    98621        0        0      287      300
   6   6  30   15.0000    0.0176    1.4281    3.5631    5.0087    99620    99635    99620        0        0      288      301
   6   7  10   15.0000    0.0176    1.4180    3.5731    5.0087    98726    99723    98726        0        0      290      303
   6   7  20   15.0000    0.0176    1.4211    3.5700    5.0087    99190    99307    99190        0        0      291      304
   6   7  30   15.0000    0.0177    1.4266    3.5644    5.0087    98653    99568    98653        0        0      292      306
   6   8  10   15.0000    0.0175    1.4174    3.5739    5.0087    99209    99242    99209        0        0      294      307
   6   8  20   15.0000    0.0175    1.4216    3.5696    5.0087    99316    99642    99316        0        0      295      309
   6   8  30   15.0000    0.0177    1.4208    3.5702    5.0087    98689    99191    98689        0        0      297      310
   6   9  10   15.0000    0.0174    1.4144    3.5770    5.0087    99593    99710    99593        0        0      298      311
   6   9  20   15.0000    0.0177    1.4203    3.5708    5.0087    98779    99244    98779        0        0      299      313
   6   9  30   15.0000    0.0176    1.4235    3.5677    5.0087    99311    99656    99311        0        0      301      314
   6  10  10   15.0000    0.0176    1.4201    3.5710    5.0087    98753    99217    98753        0        0      302      316
   6  10  20   15.0000    0.0176    1.4276    3.5636    5.0087    99386    99395    99386        0        0      303      317
   6  10  30   15.0000    0.0177    1.4270    3.5640    5.0087    98724    99285    98724        0        0      308      319
   6  11  10   15.0000    0.0177    1.4261    3.5650    5.0087    99003    99513    99003        0        0      309      320
   6  11  20   15.0000    0.0178    1.4256    3.5654    5.0087    98348    99265    98348        0        0      311      322
   6  11  30   15.0000    0.0176    1.4276    3.5635    5.0087    99280    99323    99280        0        0      312      323
   6  12  10   15.0000    0.0177    1.4218    3.5693    5.0087    98786    99471    98786        0        0      314      325
   6  12  20   15.0000    0.0177    1.4269    3.5641    5.0087    98966    99220    98966        0        0      315      326
   6  12  30   15.0000    0.0177    1.4253    3.5658    5.0087    98864    99204    98864        0        0      317      328
   7   1  10   15.0000    0.0176    1.4223    3.5688    5.0087    99042    99171    99042        0        0      318      329
   7   1  20   15.0000    0.0175    1.4166    3.5746    5.0087    99257    99439    99257        0        0      319      330
   7   1  30   15.0000    0.0176    1.4226    3.5685    5.0087    99026    99215    99026        0        0      320      332
   7   2  10   15.0000    0.0177    1.4269    3.5641    5.0087    98938    99325    98938        0        0      321      333
   7   2  20   15.0000    0.0177    1.4287    3.5623    5.0087    99084    99084    99084        0        0      323      335
   7   2  30   15.0000    0.0176    1.4241    3.5671    5.0087    99272    99328    99272        0        0      326      336
   7   3  10   15.0000    0.0178    1.4232    3.5677    5.0087    98478    99168    98478        0        0      327      338
   7   3  20   15.0000    0.0176    1.4223    3.5688    5.0087    99234    99300    99234        0        0      329      339
   7   3  30   15.0000    0.0178    1.4280    3.5629    5.0087    98447    99284    98447        0        0      330      341
   7   4  10   15.0000    0.0177    1.4267    3.5644    5.0087    98911    99046    98911        0        0      332      342
   7   4  20   15.0000    0.0179    1.4347    3.5561    5.0087    98387    99271    98387        0        0      333      344
   7   4  30   15.0000    0.0176    1.4263    3.5648    5.0087    99137    99249    99137        0        0      334      345
   7   5  10   15.0000    0.0178    1.4285    3.5625    5.0087    98615    99130    98615        0        0      335      346
   7   5  20   15.0000    0.0178    1.4346    3.5563    5.0087    98856    99183    98856        0        0      337      348
   7   5  30   15.0000    0.0175    1.4172    3.5741    5.0087    99357    99542    99357        0        0      338      349
   7   6  10   15.0000    0.0178    1.4293    3.5617    5.0087    98788    99134    98788        0        0      340      351
   7   6  20   15.0000    0.0176    1.4217    3.5694    5.0087    99241    99501    99241        0        0      341      352
   7   6  30   15.0000    0.0178    1.4286    3.5623    5.0087    98415    99387    98415        0        0      342      354
   7   7  10   15.0000    0.0175    1.4200    3.5712    5.0087    99343    99565    99343        0        0      344      355
   7   7  20   15.0000    0.0177    1.4219    3.5691    5.0087    98457    99339    98457        0        0      345      357
   7   7  30   15.0000    0.0175    1.4216    3.5696    5.0087    99357    99357    99357        0        0      346      358
   7   8  10   15.0000    0.0178    1.4300    3.5609    5.0087    98842    99106    98842        0        0      349      360
   7   8  20   15.0000    0.0177    1.4250    3.5661    5.0087    98806    99102    98806        0        0      351      361
   7   8  30   15.0000    0.0177    1.4258    3.5653    5.0087    98909    99208    98909        0        0      352      362
   7   9  10   15.0000    0.0176    1.4238    3.5673    5.0087    99180    99186    99180        0        0      354      364
   7   9  20   15.0000    0.0175    1.4201    3.5711    5.0087    99224    99278    99224        0        0      355      365
   7   9  30   15.0000    0.0177    1.4233    3.5678    5.0087    98921    99013    98921        0        0      357      367
   7  10  10   15.0000    0.0175    1.4196    3.5716    5.0087    99242    99337    99242        0        0      358      368
   7  10  20   15.0000    0.0178    1.4296    3.5614    5.0087    98646    99001    98646        0        0      359      370
   7  10  30   15.0000    0.0176    1.4247    3.5665    5.0087    99260    99268    99260        0        0      361      371
   7  11  10   15.0000    0.0177    1.4212    3.5698    5.0087    98481    99395    98481        0        0      362      373
   7  11  20   15.0000    0.0176    1.4225    3.5687    5.0087    99248    99295    99248        0        0      363      374
   7  11  30   15.0000    0.0179    1.4353    3.5555    5.0087    98395    99002    98395        0        0      365      376
   7  12  10   15.0000    0.0178    1.4297    3.5612    5.0087    98685    98981    98685        0        0      366      377
   7  12  20   15.0000    0.0176    1.4233    3.5678    5.0087    99031    99236    99031        0        0      367      379
   7  12  30   15.0000    0.0178    1.4339    3.5570    5.0087    98868    99147    98868        0        0      368      380
   8   1  10   15.0000    0.0178    1.4301    3.5609    5.0087    98844    99035    98844        0        0      370      381
   8   1  20   15.0000    0.0177    1.4267    3.5643    5.0087    98917    98949    98917        0        0      371      383
   8   1  30   15.0000    0.0177    1.4269    3.5641    5.0087    98870    99263    98870        0        0      374      384
   8   2  10   15.0000    0.0178    1.4278    3.5632    5.0087    98767    98816    98767        0        0      375      386
   8   2  20   15.0000    0.0177    1.4234    3.5676    5.0087    98840    99267    98840        0        0      376      387
   8   2  30   15.0000    0.0179    1.4323    3.5586    5.0087    98509    99334    98509        0        0      378      389
   8   3  10   15.0000    0.0177    1.4253    3.5658    5.0087    98728    99137    98728        0        0      379      390
   8   3  20   15.0000    0.0178    1.4288    3.5622    5.0087    98520    99070    98520        0        0      380      392
   8   3  30   15.0000    0.0177    1.4289    3.5621    5.0087    99132    99132    99132        0        0      382      393
   8   4  10   15.0000    0.0176    1.4199    3.5712    5.0087    98884    99379    98884        0        0      383      395
   8   4  20   15.0000    0.0177    1.4244    3.5667    5.0087    99050    99077    99050        0        0      384      396
   8   4  30   15.0000    0.0176    1.4206    3.5706    5.0087    98940    99256    98940        0        0      385      397
   8   5  10   15.0000    0.0176    1.4254    3.5658    5.0087    99185    99238    99185        0        0      387      399
   8   5  20   15.0000    0.0174    1.4146    3.5767    5.0087    99476    99520    99476        0        0      388      400
   8   5  30   15.0000    0.0177    1.4257    3.5653    5.0087    98954    99229    98954        0        0      389      402
   8   6  10   15.0000    0.0177    1.4297    3.5614    5.0087    98978    99110    98978        0        0      391      403
   8   6  20   15.0000    0.0178    1.4309    3.5600    5.0087    98588    99087    98588        0        0      392      405
   8   6  30   15.0000    0.0176    1.4262    3.5649    5.0087    99212    99212    99212        0        0      393      406
   8   7  10   15.0000    0.0178    1.4227    3.5683    5.0087    98513    99208    98513        0        0      395      408
   8   7  20   15.0000    0.0177    1.4299    3.5611    5.0087    98902    98922    98902        0        0      396      409
   8   7  30   15.0000    0.0177    1.4241    3.5670    5.0087    98711    99253    98711        0        0      397      411
   8   8  10   15.0000    0.0177    1.4227    3.5684    5.0087    98708    99059    98708        0        0      399      412
   8   8  20   15.0000    0.0177    1.4279    3.5632    5.0087    99001    99101    99001        0        0      401      414
   8   8  30   15.0000    0.0177    1.4271    3.5639    5.0087    98920    99176    98920        0        0      402      415
   8   9  10   15.0000    0.0176    1.4245    3.5666    5.0087    98999    99338    98999        0        0      404      416
   8   9  20   15.0000    0.0174    1.4136    3.5777    5.0087    99341    99378    99341        0        0      405      418
   8   9  30   15.0000    0.0177    1.4287    3.5623    5.0087    98986    99261    98986        0        0      406      419
   8  10  10   15.0000    0.0177    1.4285    3.5625    5.0087    98818    99020    98818        0        0      408      421
   8  10  20   15.0000    0.0176    1.4208    3.5704    5.0087    99274    99274    99274        0        0      409      422
   8  10  30   15.0000    0.0175    1.4166    3.5746    5.0087    99117    99230    99117        0        0      410      424
   8  11  10   15.0000    0.0177    1.4239    3.5671    5.0087    98801    99201    98801        0        0      412      425
   8  11  20   15.0000    0.0177    1.4214    3.5697    5.0087    98793    99306    98793        0        0      414      427
   8  11  30   15.0000    0.0176    1.4224    3.5687    5.0087    98767    99329    98767        0        0      415      428
   8  12  10   15.0000    0.0179    1.4334    3.5575    5.0087    98381    98946    98381        0        0      416      430
   8  12  20   15.0000    0.0176    1.4239    3.5673    5.0087    99079    99319    99079        0        0      418      431
   8  12  30   15.0000    0.0178    1.4291    3.5618    5.0087    98870    99005    98870        0        0      419      432
   9   1  10   15.0000    0.0176    1.4270    3.5641    5.0087    99248    99248    99248        0        0      421      434
   9   1  20   15.0000    0.0176    1.4223    3.5688    5.0087    99020    99360    99020        0        0      422      435
   9   1  30   15.0000    0.0176    1.4215    3.5697    5.0087    99127    99146    99127        0        0      423      437
   9   2  10   15.0000    0.0176    1.4229    3.5683    5.0087    99334    99338    99334        0        0      425      438
   9   2  20   15.0000    0.0179    1.4322    3.5586    5.0087    98219    99288    98219        0        0      427      440
   9   2  30   15.0000    0.0176    1.4222    3.5689    5.0087    99068    99343    99068        0        0      429      441
   9   3  10   15.0000    0.0178    1.4280    3.5629    5.0087    98450    99188    98450        0        0      430      443
   9   3  20   15.0000    0.0177    1.4325    3.5585    5.0087    98991    99108    98991        0        0      431      444
   9   3  30   15.0000    0.0176    1.4196    3.5715    5.0087    98785    99369    98785        0        0      433      446
   9   4  10   15.0000    0.0177    1.4281    3.5630    5.0087    98992    99070    98992        0        0      435      447
   9   4  20   15.0000    0.0178    1.4296    3.5614    5.0087    98822    99110    98822        0        0      436      449
   9   4  30   15.0000    0.0177    1.4298    3.5613    5.0087    98952    99082    98952        0        0      438      450
   9   5  10   15.0000    0.0177    1.4252    3.5658    5.0087    98937    99185    98937        0        0      439      451
   9   5  20   15.0000    0.0176    1.4222    3.5689    5.0087    99161    99161    99161        0        0      441      453
   9   5  30   15.0000    0.0177    1.4287    3.5623    5.0087    99167    99271    99167        0        0      442      454
   9   6  10   15.0000    0.0179    1.4340    3.5568    5.0087    98459    98993    98459        0        0      443      456
   9   6  20   15.0000    0.0178    1.4340    3.5569    5.0087    99039    99063    99039        0        0      445      457
   9   6  30   15.0000    0.0178    1.4258    3.5652    5.0087    98353    99354    98353        0        0      446      459
   9   7  10   15.0000    0.0176    1.4235    3.5676    5.0087    99301    99301    99301        0        0      448      460
   9   7  20   15.0000    0.0178    1.4273    3.5637    5.0087    98321    99554    98321        0        0      449      462
   9   7  30   15.0000    0.0177    1.4296    3.5614    5.0087    98933    99029    98933        0        0      450      463
   9   8  10   15.0000    0.0178    1.4296    3.5614    5.0087    98521    99489    98521        0        0      451      465
   9   8  20   15.0000    0.0176    1.4225    3.5685    5.0087    98929    99425    98929        0        0      454      466
   9   8  30   15.0000    0.0178    1.4342    3.5568    5.0087    99055    99381    99055        0        0      455      468
   9   9  10   15.0000    0.0178    1.4270    3.5640    5.0087    98614    99294    98614        0        0      457      469
   9   9  20   15.0000    0.0176    1.4275    3.5636    5.0087    99362    99649    99362        0        0      458      470
   9   9  30   15.0000    0.0179    1.4331    3.5577    5.0087    98266    99550    98266        0        0      459      472
   9  10  10   15.0000    0.0175    1.4253    3.5659    5.0087    99528    99561    99528        0        0      460      473
   9  10  20   15.0000    0.0178    1.4259    3.5650    5.0087    98234    99343    98234        0        0      462      475
   9  10  30   15.0000    0.0176    1.4292    3.5619    5.0087    99591    99593    99591        0        0      463      476
   9  11  10   15.0000    0.0178    1.4276    3.5633    5.0087    98368    99536    98368        0        0      464      478
   9  11  20   15.0000    0.0178    1.4306    3.5604    5.0087    98968    99480    98968        0        0      466      479
   9  11  30   15.0000    0.0178    1.4273    3.5636    5.0087    98459    99520    98459        0        0      467      481
   9  12  10   15.0000    0.0177    1.4238    3.5672    5.0087    98806    99139    98806        0        0      468      482
   9  12  20   15.0000    0.0179    1.4340    3.5568    5.0087    98555    99699    98555        0        0      470      484
   9  12  30   15.0000    0.0178    1.4278    3.5632    5.0087    98665    99512    98665        0        0      471      485
  10   1  10   15.0000    0.0175    1.4238    3.5674    5.0087    99383    99647    99383        0        0      472      487
  10   1  20   15.0000    0.0177    1.4258    3.5652    5.0087    98568    99515    98568        0        0      473      488
  10   1  30   15.0000    0.0174    1.4237    3.5675    5.0087    99701    99875    99701        0        0      475      489
  10   2  10   15.0000    0.0178    1.4309    3.5600    5.0087    98636    99643    98636        0        0      476      491
  10   2  20   15.0000    0.0177    1.4306    3.5605    5.0087    99166    99166    99166        0        0      477      492
  10   2  30   15.0000    0.0177    1.4249    3.5662    5.0087    98928    99323    98928        0        0      478      494
  10   3  10   15.0000    0.0177    1.4284    3.5626    5.0087    98842    99188    98842        0        0      480      495
  10   3  20   15.0000    0.0177    1.4241    3.5670    5.0087    98607    99355    98607        0        0      481      497
  10   3  30   15.0000    0.0179    1.4320    3.5588    5.0087    98515    99077    98515        0        0      482      498
  10   4  10   15.0000    0.0177    1.4238    3.5673    5.0087    98737    99246    98737        0        0      484      500
  10   4  20   15.0000    0.0178    1.4281    3.5629    5.0087    98588    98900    98588        0        0      485      501
  10   4  30   15.0000    0.0177    1.4282    3.5628    5.0087    98721    99185    98721        0        0      486      503
  10   5  10   15.0000    0.0177    1.4255    3.5655    5.0087    98679    99215    98679        0        0      487      504
  10   5  20   15.0000    0.0176    1.4224    3.5688    5.0087    99369    99622    99369        0        0      489      505
  10   5  30   15.0000    0.0179    1.4376    3.5533    5.0087    98661    99095    98661        0        0      490      507
  10   6  10   15.0000    0.0175    1.4195    3.5718    5.0087    99600    99655    99600        0        0      491      508
  10   6  20   15.0000    0.0176    1.4210    3.5701    5.0087    99026    99429    99026        0        0      492      510
  10   6  30   15.0000    0.0178    1.4301    3.5608    5.0087    98610    99020    98610        0        0      494      511
  10   7  10   15.0000    0.0176    1.4233    3.5678    5.0087    99158    99247    99158        0        0      495      513
  10   7  20   15.0000    0.0177    1.4236    3.5675    5.0087    98752    99169    98752        0        0      496      514
  10   7  30   15.0000    0.0177    1.4250    3.5660    5.0087    98685    99331    98685        0        0      501      516
  10   8  10   15.0000    0.0177    1.4235    3.5674    5.0087    98570    99121    98570        0        0      503      517
  10   8  20   15.0000    0.0179    1.4363    3.5545    5.0087    98583    99149    98583        0        0      505      519
  10   8  30   15.0000    0.0179    1.4345    3.5563    5.0087    98413    99327    98413        0        0      506      520
  10   9  10   15.0000    0.0175    1.4202    3.5710    5.0087    99421    99572    99421        0        0      507      521
  10   9  20   15.0000    0.0178    1.4331    3.5578    5.0087    98818    99111    98818        0        0      508      523
  10   9  30   15.0000    0.0177    1.4263    3.5647    5.0087    99093    99384    99093        0        0      510      524
  10  10  10   15.0000    0.0176    1.4244    3.5667    5.0087    99056    99540    99056        0        0      512      526
  10  10  20   15.0000    0.0177    1.4285    3.5626    5.0087    99293    99293    99293        0        0      513      527
  10  10  30   15.0000    0.0176    1.4243    3.5668    5.0087    98954    99641    98954        0        0      514      529
  10  11  10   15.0000    0.0177    1.4277    3.5633    5.0087    99002    99263    99002        0        0      515      530
  10  11  20   15.0000    0.0178    1.4281    3.5629    5.0087    98632    99260    98632        0        0      517      532
  10  11  30   15.0000    0.0179    1.4284    3.5625    5.0087    98346    99112    98346        0        0      518      533
  10  12  10   15.0000    0.0178    1.4320    3.5589    5.0087    98556    99406    98556        0        0      521      535
  10  12  20   15.0000    0.0178    1.4264    3.5645    5.0087    98511    99294    98511        0        0      523      536
