Running model...
   1   0   0   15.0436    4.9807    0.0013    0.0266    5.0087      744      744      744        0        0        1        2
   1   1  10   15.9112    0.0128    1.1432    3.8526    5.0087   108357   124254   108357        0        0        8       11
   1   1  20   16.7510    0.0193    1.4255    3.5638    5.0087    98910   123048    98910        0        0        9       12
   1   1  30   17.5377    0.0207    1.4317    3.5562    5.0087   100397   119899   100397        0        0       10       14
   1   2  10   18.2472    0.0236    1.4256    3.5594    5.0087    97287   111480    97287        0        0       11       16
   1   2  20   18.8581    0.0255    1.4333    3.5498    5.0087    99042    99161    99042        0        0       11       18
   1   2  30   19.3518    0.0274    1.4198    3.5614    5.0087    98979    98979    98979        0        0       12       19
   1   3  10   19.7132    0.0292    1.4272    3.5523    5.0087    98433    98948    98433        0        0       13       21
   1   3  20   19.9314    0.0296    1.4280    3.5510    5.0087    98617    98818    98617        0        0       13       23
   1   3  30   19.9998    0.0288    1.4281    3.5518    5.0087    98464    99066    98464        0        0       14       26
   1   4  10   19.9163    0.0268    1.4200    3.5618    5.0087    98816    98860    98816        0        0       15       28
   1   4  20   19.6834    0.0246    1.4186    3.5655    5.0087    99080    99184    99080        0        0       15       30
   1   4  30   19.3081    0.0228    1.4317    3.5542    5.0087    98470    98886    98470        0        0       16       31
   1   5  10   18.8020    0.0205    1.4215    3.5666    5.0087    98885    99010    98885        0        0       17       33
   1   5  20   18.1804    0.0192    1.4305    3.5590    5.0087    98816    99039    98816        0        0       18       35
   1   5  30   17.4621    0.0182    1.4222    3.5683    5.0087    98921    99220    98921        0        0       18       36
   1   6  10   16.6690    0.0180    1.4280    3.5627    5.0087    98818    98848    98818        0        0       19       38
   1   6  20   15.8252    0.0183    1.4216    3.5687    5.0087    99012    99233    99012        0        0       20       39
   1   6  30   14.9564    0.0196    1.4223    3.5668    5.0087    98840    98902    98840        0        0       22       40
   1   7  10   14.0888    0.0218    1.4304    3.5565    5.0087    98938    98971    98938        0        0       23       42
   1   7  20   13.2490    0.0248    1.4267    3.5572    5.0087    98576    98716    98576        0        0       25       43
   1   7  30   12.4623    0.0284    1.4289    3.5513    5.0087    98627    98627    98627        0        0       27       44
   1   8  10   11.7528    0.0325    1.4231    3.5531    5.0087    98387    98702    98387        0        0       29       46
   1   8  20   11.1419    0.0362    1.4168    3.5557    5.0087    98643    98720    98643        0        0       32       47
   1   8  30   10.6482    0.0392    1.4177    3.5518    5.0087    98585    98605    98585        0        0       34       49
   1   9  10   10.2868    0.0410    1.4261    3.5416    5.0087    98136    98437    98136        0        0       37       51
   1   9  20   10.0686    0.0395    1.4178    3.5513    5.0087    98607    98735    98607        0        0       39       53
   1   9  30   10.0002    0.0366    1.4182    3.5538    5.0087    98712    98724    98712        0        0       40       55
   1  10  10   10.0837    0.0329    1.4245    3.5512    5.0087    98514    98878    98514        0        0       41       57
   1  10  20   10.3166    0.0283    1.4157    3.5646    5.0087    99010    99150    99010        0        0       43       60
   1  10  30   10.6919    0.0248    1.4187    3.5651    5.0087    99120    99149    99120        0        0       44       61
   1  11  10   11.1980    0.0221    1.4275    3.5590    5.0087    98940    98982    98940        0        0       45       63
   1  11  20   11.8196    0.0200    1.4222    3.5664    5.0087    98694    99021    98694        0        0       46       65
   1  11  30   12.5379    0.0186    1.4258    3.5643    5.0087    99187    99305    99187        0        0       48       66
   1  12  10   13.3310    0.0184    1.4333    3.5569    5.0087    98317    99148    98317        0        0       49       68
   1  12  20   14.1748    0.0184    1.4279    3.5624    5.0087    99023    99078    99023        0        0       50       69
   1  12  30   15.0436    0.0195    1.4308    3.5583    5.0087    98409    99012    98409        0        0       51       71
   2   1  10   15.9112    0.0211    1.4288    3.5588    5.0087    98861    99078    98861        0        0       53       72
   2   1  20   16.7510    0.0235    1.4251    3.5600    5.0087    98401    99200    98401        0        0       55       73
   2   1  30   17.5377    0.0262    1.4179    3.5646    5.0087    98843    99002    98843        0        0       57       75
   2   2  10   18.2472    0.0293    1.4151    3.5643    5.0087    98914    98914    98914        0        0       59       76
   2   2  20   18.8581    0.0323    1.4167    3.5596    5.0087    98901    98947    98901        0        0       61       78
   2   2  30   19.3518    0.0348    1.4208    3.5531    5.0087    98578    98730    98578        0        0       61       79
   2   3  10   19.7132    0.0356    1.4204    3.5527    5.0087    98695    98886    98695        0        0       62       80
   2   3  20   19.9314    0.0351    1.4227    3.5508    5.0087    98401    98760    98401        0        0       63       82
   2   3  30   19.9998    0.0330    1.4206    3.5551    5.0087    98619    98638    98619        0        0       63       83
   2   4  10   19.9163    0.0300    1.4189    3.5597    5.0087    98832    99115    98832        0        0       64       85
   2   4  20   19.6834    0.0268    1.4171    3.5648    5.0087    98931    98953    98931        0        0       64       87
   2   4  30   19.3081    0.0236    1.4156    3.5694    5.0087    99265    99311    99265        0        0       65       89
   2   5  10   18.8020    0.0215    1.4286    3.5585    5.0087    98644    98826    98644        0        0       65       91
   2   5  20   18.1804    0.0196    1.4270    3.5620    5.0087    98858    99051    98858        0        0       71       93
   2   5  30   17.4621    0.0183    1.4206    3.5697    5.0087    98933    99060    98933        0        0       71       94
   2   6  10   16.6690    0.0181    1.4306    3.5600    5.0087    98839    98957    98839        0        0       73       95
   2   6  20   15.8252    0.0184    1.4325    3.5577    5.0087    98797    98869    98797        0        0       74       97
   2   6  30   14.9564    0.0193    1.4224    3.5670    5.0087    98897    99110    98897        0        0       75       98
   2   7  10   14.0888    0.0214    1.4315    3.5558    5.0087    98496    99205    98496        0        0       77       99
   2   7  20   13.2490    0.0239    1.4251    3.5596    5.0087    98719    99166    98719        0        0       78      101
   2   7  30   12.4623    0.0270    1.4159    3.5658    5.0087    98899    98958    98899        0        0       84      102
   2   8  10   11.7528    0.0307    1.4199    3.5581    5.0087    98785    98831    98785        0        0       86      103
   2   8  20   11.1419    0.0347    1.4317    3.5423    5.0087    98151    98540    98151        0        0       87      104
   2   8  30   10.6482    0.0368    1.4197    3.5521    5.0087    98605    98664    98605        0        0       89      106
   2   9  10   10.2868    0.0378    1.4184    3.5525    5.0087    98588    98588    98588        0        0       90      108
   2   9  20   10.0686    0.0374    1.4261    3.5451    5.0087    98278    98646    98278        0        0       90      110
   2   9  30   10.0002    0.0344    1.4146    3.5596    5.0087    98767    98866    98767        0        0       91      112
   2  10  10   10.0837    0.0315    1.4271    3.5500    5.0087    98461    98656    98461        0        0       92      114
   2  10  20   10.3166    0.0278    1.4234    3.5575    5.0087    98567    98925    98567        0        0       92      116
   2  10  30   10.6919    0.0245    1.4209    3.5632    5.0087    98702    99090    98702        0        0       94      117
   2  11  10   11.1980    0.0217    1.4244    3.5625    5.0087    99061    99100    99061        0        0       96      119
   2  11  20   11.8196    0.0199    1.4295    3.5593    5.0087    98791    98932    98791        0        0       97      120
   2  11  30   12.5379    0.0186    1.4254    3.5647    5.0087    98719    99259    98719        0        0       98      121
   2  12  10   13.3310    0.0181    1.4272    3.5633    5.0087    98851    99123    98851        0        0       99      123
   2  12  20   14.1748    0.0184    1.4279    3.5624    5.0087    98789    98967    98789        0        0      100      124
   2  12  30   15.0436    0.0194    1.4324    3.5568    5.0087    98574    98831    98574        0        0      101      126
   3   1  10   15.9112    0.0210    1.4202    3.5675    5.0087    98908    99034    98908        0        0      103      127
   3   1  20   16.7510    0.0234    1.4196    3.5656    5.0087    98951    98958    98951        0        0      105      128
   3   1  30   17.5377    0.0266    1.4223    3.5597    5.0087    98742    98854    98742        0        0      107      130
   3   2  10   18.2472    0.0303    1.4263    3.5521    5.0087    98450    98639    98450        0        0      109      131
   3   2  20   18.8581    0.0333    1.4197    3.5557    5.0087    98588    98598    98588        0        0      111      133
   3   2  30   19.3518    0.0357    1.4208    3.5522    5.0087    98668    98668    98668        0        0      113      135
   3   3  10   19.7132    0.0367    1.4192    3.5528    5.0087    98414    98750    98414        0        0      115      136
   3   3  20   19.9314    0.0358    1.4166    3.5563    5.0087    98642    98743    98642        0        0      116      138
   3   3  30   19.9998    0.0338    1.4196    3.5553    5.0087    98594    98873    98594        0        0      118      140
   3   4  10   19.9163    0.0308    1.4226    3.5552    5.0087    98589    98589    98589        0        0      119      141
   3   4  20   19.6834    0.0275    1.4268    3.5544    5.0087    98656    99054    98656        0        0      121      143
   3   4  30   19.3081    0.0242    1.4245    3.5599    5.0087    98788    98916    98788        0        0      122      144
   3   5  10   18.8020    0.0217    1.4245    3.5625    5.0087    98598    99014    98598        0        0      123      146
   3   5  20   18.1804    0.0197    1.4252    3.5638    5.0087    98989    99160    98989        0        0      124      148
   3   5  30   17.4621    0.0186    1.4272    3.5628    5.0087    98636    98950    98636        0        0      125      149
   3   6  10   16.6690    0.0180    1.4241    3.5666    5.0087    98985    99150    98985        0        0      125      151
   3   6  20   15.8252    0.0185    1.4287    3.5615    5.0087    98489    98753    98489        0        0      126      152
   3   6  30   14.9564    0.0192    1.4223    3.5671    5.0087    99191    99228    99191        0        0      127      153
   3   7  10   14.0888    0.0212    1.4280    3.5595    5.0087    98860    99008    98860        0        0      128      155
   3   7  20   13.2490    0.0237    1.4270    3.5579    5.0087    98544    98924    98544        0        0      130      156
   3   7  30   12.4623    0.0268    1.4242    3.5577    5.0087    98704    98928    98704        0        0      132      158
   3   8  10   11.7528    0.0304    1.4233    3.5550    5.0087    98716    98809    98716        0        0      134      159
   3   8  20   11.1419    0.0337    1.4181    3.5569    5.0087    98544    98725    98544        0        0      136      161
   3   8  30   10.6482    0.0360    1.4195    3.5531    5.0087    98571    98650    98571        0        0      139      163
   3   9  10   10.2868    0.0369    1.4165    3.5553    5.0087    98640    98772    98640        0        0      140      165
   3   9  20   10.0686    0.0362    1.4203    3.5521    5.0087    98534    98592    98534        0        0      141      166
   3   9  30   10.0002    0.0338    1.4184    3.5564    5.0087    98595    98744    98595        0        0      142      168
   3  10  10   10.0837    0.0303    1.4104    3.5680    5.0087    98957    98987    98957        0        0      142      169
   3  10  20   10.3166    0.0273    1.4210    3.5604    5.0087    98682    98844    98682        0        0      144      171
   3  10  30   10.6919    0.0242    1.4269    3.5575    5.0087    98527    98768    98527        0        0      147      172
   3  11  10   11.1980    0.0215    1.4210    3.5662    5.0087    98917    99160    98917        0        0      149      174
   3  11  20   11.8196    0.0197    1.4253    3.5637    5.0087    98841    98841    98841        0        0      150      175
   3  11  30   12.5379    0.0186    1.4289    3.5612    5.0087    98816    98920    98816        0        0      151      177
   3  12  10   13.3310    0.0181    1.4268    3.5638    5.0087    98799    99051    98799        0        0      153      178
   3  12  20   14.1748    0.0184    1.4275    3.5628    5.0087    98823    99189    98823        0        0      154      180
   3  12  30   15.0436    0.0194    1.4226    3.5667    5.0087    98852    99325    98852        0        0      156      181
   4   1  10   15.9112    0.0212    1.4241    3.5633    5.0087    98770    99040    98770        0        0      157      182
   4   1  20   16.7510    0.0238    1.4262    3.5587    5.0087    98837    98975    98837        0        0      159      182
   4   1  30   17.5377    0.0271    1.4274    3.5542    5.0087    98618    98852    98618        0        0      161      184
   4   2  10   18.2472    0.0304    1.4220    3.5562    5.0087    98713    98743    98713        0        0      163      185
   4   2  20   18.8581    0.0339    1.4249    3.5499    5.0087    98553    98701    98553        0        0      164      186
   4   2  30   19.3518    0.0364    1.4236    3.5487    5.0087    98274    98546    98274        0        0      164      187
   4   3  10   19.7132    0.0369    1.4164    3.5554    5.0087    98677    98760    98677        0        0      165      189
   4   3  20   19.9314    0.0361    1.4179    3.5546    5.0087    98661    98748    98661        0        0      166      190
   4   3  30   19.9998    0.0338    1.4182    3.5567    5.0087    98738    98738    98738        0        0      168      192
   4   4  10   19.9163    0.0307    1.4215    3.5565    5.0087    98650    98821    98650        0        0      169      194
   4   4  20   19.6834    0.0272    1.4227    3.5587    5.0087    98843    99067    98843        0        0      172      195
   4   4  30   19.3081    0.0240    1.4205    3.5642    5.0087    99032    99033    99032        0        0      173      197
   4   5  10   18.8020    0.0217    1.4299    3.5570    5.0087    98602    99050    98602        0        0      174      199
   4   5  20   18.1804    0.0196    1.4285    3.5605    5.0087    99017    99064    99017        0        0      174      200
   4   5  30   17.4621    0.0183    1.4153    3.5750    5.0087    99045    99314    99045        0        0      175      202
   4   6  10   16.6690    0.0181    1.4272    3.5634    5.0087    99018    99068    99018        0        0      179      203
   4   6  20   15.8252    0.0184    1.4264    3.5639    5.0087    99006    99017    99006        0        0      180      205
   4   6  30   14.9564    0.0194    1.4254    3.5639    5.0087    99055    99097    99055        0        0      182      206
   4   7  10   14.0888    0.0213    1.4278    3.5595    5.0087    98681    98978    98681        0        0      183      207
   4   7  20   13.2490    0.0236    1.4173    3.5677    5.0087    98868    98868    98868        0        0      185      209
   4   7  30   12.4623    0.0270    1.4217    3.5600    5.0087    98699    98883    98699        0        0      187      210
   4   8  10   11.7528    0.0306    1.4263    3.5518    5.0087    98572    98587    98572        0        0      188      212
   4   8  20   11.1419    0.0339    1.4227    3.5521    5.0087    98728    98763    98728        0        0      190      213
   4   8  30   10.6482    0.0363    1.4222    3.5501    5.0087    98516    98582    98516        0        0      192      214
   4   9  10   10.2868    0.0370    1.4202    3.5515    5.0087    98661    98661    98661        0        0      193      216
   4   9  20   10.0686    0.0362    1.4217    3.5508    5.0087    98621    98791    98621        0        0      195      217
   4   9  30   10.0002    0.0338    1.4219    3.5530    5.0087    98654    98683    98654        0        0      195      219
   4  10  10   10.0837    0.0304    1.4176    3.5607    5.0087    98917    98991    98917        0        0      196      221
   4  10  20   10.3166    0.0270    1.4191    3.5625    5.0087    98865    98868    98865        0        0      196      223
   4  10  30   10.6919    0.0242    1.4285    3.5560    5.0087    98557    98682    98557        0        0      198      225
   4  11  10   11.1980    0.0215    1.4329    3.5542    5.0087    98733    98946    98733        0        0      199      226
   4  11  20   11.8196    0.0196    1.4303    3.5587    5.0087    98891    98997    98891        0        0      200      228
   4  11  30   12.5379    0.0185    1.4261    3.5641    5.0087    98864    99165    98864        0        0      202      230
   4  12  10   13.3310    0.0180    1.4231    3.5675    5.0087    98980    99226    98980        0        0      202      231
   4  12  20   14.1748    0.0186    1.4375    3.5525    5.0087    98743    98922    98743        0        0      203      232
   4  12  30   15.0436    0.0196    1.4317    3.5573    5.0087    98842    99089    98842        0        0      206      234
   5   1  10   15.9112    0.0213    1.4265    3.5609    5.0087    99113    99122    99113        0        0      208      235
   5   1  20   16.7510    0.0237    1.4216    3.5633    5.0087    98961    99291    98961        0        0      209      236
   5   1  30   17.5377    0.0271    1.4260    3.5556    5.0087    98705    98847    98705        0        0      211      238
   5   2  10   18.2472    0.0306    1.4269    3.5512    5.0087    98560    98675    98560        0        0      214      239
   5   2  20   18.8581    0.0339    1.4281    3.5467    5.0087    98246    98676    98246        0        0      216      241
   5   2  30   19.3518    0.0360    1.4241    3.5485    5.0087    98376    98436    98376        0        0      218      243
   5   3  10   19.7132    0.0368    1.4261    3.5458    5.0087    98383    98597    98383        0        0      220      245
   5   3  20   19.9314    0.0353    1.4136    3.5598    5.0087    98641    98853    98641        0        0      221      247
   5   3  30   19.9998    0.0332    1.4213    3.5542    5.0087    98799    98841    98799        0        0      222      247
   5   4  10   19.9163    0.0301    1.4206    3.5580    5.0087    98767    98841    98767        0        0      222      249
   5   4  20   19.6834    0.0270    1.4261    3.5555    5.0087    98507    98628    98507        0        0      223      250
   5   4  30   19.3081    0.0238    1.4231    3.5617    5.0087    98623    98957    98623        0        0      223      252
   5   5  10   18.8020    0.0212    1.4209    3.5666    5.0087    99075    99173    99075        0        0      226      253
   5   5  20   18.1804    0.0194    1.4207    3.5685    5.0087    99161    99161    99161        0        0      226      255
   5   5  30   17.4621    0.0183    1.4185    3.5718    5.0087    98948    99223    98948        0        0      229      257
   5   6  10   16.6690    0.0182    1.4291    3.5614    5.0087    98533    99196    98533        0        0      230      258
   5   6  20   15.8252    0.0184    1.4268    3.5635    5.0087    99275    99315    99275        0        0      232      259
   5   6  30   14.9564    0.0197    1.4299    3.5591    5.0087    98912    98912    98912        0        0      234      261
   5   7  10   14.0888    0.0214    1.4224    3.5648    5.0087    99137    99137    99137        0        0      235      262
   5   7  20   13.2490    0.0239    1.4209    3.5638    5.0087    98952    99018    98952        0        0      237      264
   5   7  30   12.4623    0.0273    1.4249    3.5564    5.0087    98783    98783    98783        0        0      239      265
   5   8  10   11.7528    0.0312    1.4319    3.5455    5.0087    98280    98637    98280        0        0      241      267
   5   8  20   11.1419    0.0346    1.4337    3.5404    5.0087    98105    98539    98105        0        0      243      268
   5   8  30   10.6482    0.0361    1.4162    3.5563    5.0087    98739    98771    98739        0        0      245      270
   5   9  10   10.2868    0.0371    1.4209    3.5506    5.0087    98564    98595    98564        0        0      245      271
   5   9  20   10.0686    0.0364    1.4239    3.5483    5.0087    98421    98608    98421        0        0      246      272
   5   9  30   10.0002    0.0338    1.4216    3.5532    5.0087    98666    98666    98666        0        0      246      274
   5  10  10   10.0837    0.0308    1.4289    3.5490    5.0087    98371    98562    98371        0        0      247      276
   5  10  20   10.3166    0.0272    1.4245    3.5570    5.0087    98643    98804    98643        0        0      250      278
   5  10  30   10.6919    0.0243    1.4360    3.5484    5.0087    98479    98624    98479        0        0      251      279
   5  11  10   11.1980    0.0215    1.4269    3.5602    5.0087    98784    98784    98784        0        0      252      281
   5  11  20   11.8196    0.0197    1.4271    3.5618    5.0087    98748    98963    98748        0        0      253      283
   5  11  30   12.5379    0.0182    1.4147    3.5757    5.0087    99343    99343    99343        0        0      254      284
   5  12  10   13.3310    0.0180    1.4235    3.5671    5.0087    98816    99218    98816        0        0      257      286
   5  12  20   14.1748    0.0184    1.4296    3.5607    5.0087    98882    98973    98882        0        0      258      287
   5  12  30   15.0436    0.0192    1.4182    3.5713    5.0087    99189    99313    99189        0        0      259      289
   6   1  10   15.9112    0.0213    1.4224    3.5650    5.0087    98683    98894    98683        0        0      261      290
   6   1  20   16.7510    0.0238    1.4204    3.5644    5.0087    98636    98823    98636        0        0      263      291
   6   1  30   17.5377    0.0270    1.4222    3.5594    5.0087    98845    98955    98845        0        0      265      292
   6   2  10   18.2472    0.0305    1.4220    3.5561    5.0087    98812    98832    98812        0        0      267      294
   6   2  20   18.8581    0.0337    1.4207    3.5542    5.0087    98741    98782    98741        0        0      269      295
   6   2  30   19.3518    0.0360    1.4184    3.5542    5.0087    98600    98856    98600        0        0      271      297
   6   3  10   19.7132    0.0368    1.4176    3.5543    5.0087    98665    98822    98665        0        0      272      298
   6   3  20   19.9314    0.0361    1.4221    3.5505    5.0087    98435    98928    98435        0        0      273      299
   6   3  30   19.9998    0.0334    1.4164    3.5588    5.0087    98839    98839    98839        0        0      274      301
   6   4  10   19.9163    0.0300    1.4134    3.5652    5.0087    99168    99168    99168        0        0      275      302
   6   4  20   19.6834    0.0270    1.4199    3.5618    5.0087    98535    98893    98535        0        0      275      304
   6   4  30   19.3081    0.0238    1.4188    3.5661    5.0087    98850    99024    98850        0        0      277      306
   6   5  10   18.8020    0.0213    1.4231    3.5642    5.0087    98940    99166    98940        0        0      277      308
   6   5  20   18.1804    0.0195    1.4232    3.5660    5.0087    99023    99023    99023        0        0      279      309
   6   5  30   17.4621    0.0185    1.4256    3.5646    5.0087    98924    99076    98924        0        0      281      311
   6   6  10   16.6690    0.0181    1.4260    3.5646    5.0087    98916    99065    98916        0        0      282      312
   6   6  20   15.8252    0.0185    1.4315    3.5587    5.0087    99042    99061    99042        0        0      284      314
   6   6  30   14.9564    0.0194    1.4225    3.5667    5.0087    98936    98948    98936        0        0      286      315
   6   7  10   14.0888    0.0214    1.4261    3.5611    5.0087    98743    98980    98743        0        0      288      317
   6   7  20   13.2490    0.0239    1.4210    3.5638    5.0087    98781    99033    98781        0        0      289      318
   6   7  30   12.4623    0.0271    1.4246    3.5569    5.0087    98769    98972    98769        0        0      291      319
   6   8  10   11.7528    0.0308    1.4229    3.5550    5.0087    98641    98819    98641        0        0      293      320
   6   8  20   11.1419    0.0342    1.4247    3.5498    5.0087    98456    98759    98456        0        0      295      322
   6   8  30   10.6482    0.0364    1.4177    3.5546    5.0087    98480    98612    98480        0        0      297      323
   6   9  10   10.2868    0.0370    1.4146    3.5570    5.0087    98608    98750    98608        0        0      298      325
   6   9  20   10.0686    0.0365    1.4225    3.5497    5.0087    98498    98498    98498        0        0      300      327
   6   9  30   10.0002    0.0341    1.4220    3.5526    5.0087    98537    98856    98537        0        0      301      328
   6  10  10   10.0837    0.0308    1.4219    3.5559    5.0087    98753    98848    98753        0        0      301      330
   6  10  20   10.3166    0.0275    1.4251    3.5560    5.0087    98570    98817    98570        0        0      302      331
   6  10  30   10.6919    0.0243    1.4247    3.5597    5.0087    98718    98931    98718        0        0      303      333
   6  11  10   11.1980    0.0217    1.4283    3.5586    5.0087    98582    98787    98582        0        0      306      335
   6  11  20   11.8196    0.0198    1.4295    3.5594    5.0087    98902    98952    98902        0        0      306      336
   6  11  30   12.5379    0.0185    1.4233    3.5668    5.0087    98779    99163    98779        0        0      308      338
   6  12  10   13.3310    0.0181    1.4276    3.5630    5.0087    98876    98924    98876        0        0      309      339
   6  12  20   14.1748    0.0183    1.4268    3.5636    5.0087    99107    99136    99107        0        0      311      341
   6  12  30   15.0436    0.0194    1.4273    3.5619    5.0087    98624    99012    98624        0        0      312      342
   7   1  10   15.9112    0.0212    1.4277    3.5597    5.0087    98717    98880    98717        0        0      314      343
   7   1  20   16.7510    0.0238    1.4254    3.5595    5.0087    98670    99180    98670        0        0      315      345
   7   1  30   17.5377    0.0270    1.4254    3.5562    5.0087    98548    98988    98548        0        0      317      346
   7   2  10   18.2472    0.0303    1.4231    3.5552    5.0087    98694    98899    98694        0        0      320      348
   7   2  20   18.8581    0.0332    1.4153    3.5602    5.0087    98870    98914    98870        0        0      322      349
   7   2  30   19.3518    0.0361    1.4231    3.5495    5.0087    98508    98650    98508        0        0      324      351
   7   3  10   19.7132    0.0367    1.4160    3.5560    5.0087    98704    98769    98704        0        0      325      352
   7   3  20   19.9314    0.0362    1.4217    3.5507    5.0087    98530    98570    98530        0        0      325      354
   7   3  30   19.9998    0.0337    1.4185    3.5564    5.0087    98721    98721    98721        0        0      326      355
   7   4  10   19.9163    0.0305    1.4195    3.5587    5.0087    98908    98931    98908        0        0      327      357
   7   4  20   19.6834    0.0272    1.4211    3.5604    5.0087    98774    98774    98774        0        0      328      358
   7   4  30   19.3081    0.0239    1.4174    3.5673    5.0087    99019    99045    99019        0        0      329      360
   7   5  10   18.8020    0.0214    1.4197    3.5676    5.0087    99062    99102    99062        0        0      329      362
   7   5  20   18.1804    0.0197    1.4282    3.5607    5.0087    98552    98873    98552        0        0      332      364
   7   5  30   17.4621    0.0184    1.4237    3.5665    5.0087    99122    99213    99122        0        0      334      365
   7   6  10   16.6690    0.0181    1.4252    3.5654    5.0087    98707    98985    98707        0        0      335      367
   7   6  20   15.8252    0.0184    1.4270    3.5633    5.0087    98880    99101    98880        0        0      338      368
   7   6  30   14.9564    0.0195    1.4287    3.5604    5.0087    98568    99105    98568        0        0      339      370
   7   7  10   14.0888    0.0211    1.4212    3.5663    5.0087    99248    99319    99248        0        0      341      371
   7   7  20   13.2490    0.0237    1.4210    3.5639    5.0087    98867    99099    98867        0        0      343      372
   7   7  30   12.4623    0.0271    1.4258    3.5557    5.0087    98546    99054    98546        0        0      344      374
   7   8  10   11.7528    0.0305    1.4229    3.5553    5.0087    98693    98768    98693        0        0      346      375
   7   8  20   11.1419    0.0334    1.4137    3.5616    5.0087    98597    98860    98597        0        0      348      376
   7   8  30   10.6482    0.0359    1.4174    3.5554    5.0087    98610    98823    98610        0        0      349      378
   7   9  10   10.2868    0.0372    1.4282    3.5433    5.0087    98294    98445    98294        0        0      350      379
   7   9  20   10.0686    0.0357    1.4199    3.5531    5.0087    98701    98970    98701        0        0      350      381
   7   9  30   10.0002    0.0334    1.4152    3.5601    5.0087    98736    98924    98736        0        0      351      383
   7  10  10   10.0837    0.0305    1.4214    3.5568    5.0087    98649    98840    98649        0        0      353      384
   7  10  20   10.3166    0.0268    1.4162    3.5656    5.0087    99172    99172    99172        0        0      354      386
   7  10  30   10.6919    0.0239    1.4182    3.5666    5.0087    98982    98982    98982        0        0      355      387
   7  11  10   11.1980    0.0218    1.4346    3.5522    5.0087    98353    98757    98353        0        0      356      389
   7  11  20   11.8196    0.0197    1.4295    3.5595    5.0087    98729    99019    98729        0        0      356      391
   7  11  30   12.5379    0.0185    1.4254    3.5647    5.0087    98718    98905    98718        0        0      358      392
   7  12  10   13.3310    0.0180    1.4273    3.5633    5.0087    99067    99077    99067        0        0      358      394
   7  12  20   14.1748    0.0185    1.4294    3.5608    5.0087    98530    99071    98530        0        0      359      395
   7  12  30   15.0436    0.0194    1.4239    3.5654    5.0087    98898    98975    98898        0        0      361      397
   8   1  10   15.9112    0.0212    1.4212    3.5663    5.0087    98972    99058    98972        0        0      363      398
   8   1  20   16.7510    0.0238    1.4237    3.5611    5.0087    98736    99003    98736        0        0      364      399
   8   1  30   17.5377    0.0271    1.4231    3.5585    5.0087    98761    98796    98761        0        0      366      401
   8   2  10   18.2472    0.0309    1.4277    3.5500    5.0087    98436    98722    98436        0        0      369      402
   8   2  20   18.8581    0.0339    1.4211    3.5536    5.0087    98609    98644    98609        0        0      371      404
   8   2  30   19.3518    0.0360    1.4120    3.5606    5.0087    98544    98721    98544        0        0      373      406
   8   3  10   19.7132    0.0369    1.4167    3.5551    5.0087    98690    98786    98690        0        0      375      407
   8   3  20   19.9314    0.0359    1.4199    3.5528    5.0087    98779    98779    98779        0        0      378      409
   8   3  30   19.9998    0.0336    1.4199    3.5551    5.0087    98599    98738    98599        0        0      379      410
   8   4  10   19.9163    0.0305    1.4208    3.5573    5.0087    98747    98981    98747        0        0      380      412
   8   4  20   19.6834    0.0271    1.4219    3.5597    5.0087    98781    98942    98781        0        0      381      413
   8   4  30   19.3081    0.0239    1.4186    3.5661    5.0087    98883    98951    98883        0        0      382      415
   8   5  10   18.8020    0.0215    1.4240    3.5632    5.0087    98587    99118    98587        0        0      382      416
   8   5  20   18.1804    0.0195    1.4225    3.5667    5.0087    99268    99295    99268        0        0      385      418
   8   5  30   17.4621    0.0186    1.4295    3.5606    5.0087    98551    99208    98551        0        0      386      419
   8   6  10   16.6690    0.0180    1.4288    3.5619    5.0087    99202    99202    99202        0        0      388      421
   8   6  20   15.8252    0.0183    1.4218    3.5686    5.0087    98872    99361    98872        0        0      389      422
   8   6  30   14.9564    0.0195    1.4317    3.5574    5.0087    98795    98906    98795        0        0      391      423
   8   7  10   14.0888    0.0214    1.4310    3.5563    5.0087    98676    98969    98676        0        0      392      425
   8   7  20   13.2490    0.0240    1.4269    3.5578    5.0087    98510    98901    98510        0        0      394      426
   8   7  30   12.4623    0.0272    1.4234    3.5581    5.0087    98630    98847    98630        0        0      396      428
   8   8  10   11.7528    0.0307    1.4217    3.5562    5.0087    98558    98795    98558        0        0      398      429
   8   8  20   11.1419    0.0340    1.4186    3.5561    5.0087    98560    98718    98560        0        0      399      431
   8   8  30   10.6482    0.0362    1.4137    3.5587    5.0087    98679    98743    98679        0        0      399      433
   8   9  10   10.2868    0.0375    1.4214    3.5497    5.0087    98380    98650    98380        0        0      400      434
   8   9  20   10.0686    0.0364    1.4221    3.5502    5.0087    98494    98548    98494        0        0      400      436
   8   9  30   10.0002    0.0342    1.4282    3.5462    5.0087    98334    98570    98334        0        0      402      437
   8  10  10   10.0837    0.0307    1.4242    3.5537    5.0087    98447    98514    98447        0        0      403      438
   8  10  20   10.3166    0.0272    1.4280    3.5534    5.0087    98675    98903    98675        0        0      403      440
   8  10  30   10.6919    0.0241    1.4308    3.5537    5.0087    98581    98652    98581        0        0      404      441
   8  11  10   11.1980    0.0216    1.4307    3.5564    5.0087    98540    98633    98540        0        0      404      443
   8  11  20   11.8196    0.0197    1.4317    3.5573    5.0087    98735    98874    98735        0        0      405      445
   8  11  30   12.5379    0.0185    1.4281    3.5620    5.0087    98922    98997    98922        0        0      406      446
   8  12  10   13.3310    0.0182    1.4319    3.5586    5.0087    98814    98908    98814        0        0      406      448
   8  12  20   14.1748    0.0185    1.4307    3.5594    5.0087    98801    98957    98801        0        0      415      449
   8  12  30   15.0436    0.0195    1.4293    3.5598    5.0087    99063    99105    99063        0        0      416      450
   9   1  10   15.9112    0.0213    1.4209    3.5665    5.0087    98922    99050    98922        0        0      417      452
   9   1  20   16.7510    0.0242    1.4299    3.5545    5.0087    98356    98743    98356        0        0      421      453
   9   1  30   17.5377    0.0272    1.4242    3.5573    5.0087    98760    98910    98760        0        0      423      454
   9   2  10   18.2472    0.0306    1.4208    3.5572    5.0087    98543    98931    98543        0        0      425      456
   9   2  20   18.8581    0.0340    1.4232    3.5515    5.0087    98530    98963    98530        0        0      426      457
   9   2  30   19.3518    0.0362    1.4150    3.5575    5.0087    98732    98732    98732        0        0      428      459
   9   3  10   19.7132    0.0369    1.4132    3.5586    5.0087    98695    98824    98695        0        0      429      460
   9   3  20   19.9314    0.0363    1.4194    3.5529    5.0087    98537    98747    98537        0        0      430      462
   9   3  30   19.9998    0.0339    1.4177    3.5570    5.0087    98738    98749    98738        0        0      431      464
   9   4  10   19.9163    0.0312    1.4269    3.5505    5.0087    98595    98735    98595        0        0      432      465
   9   4  20   19.6834    0.0276    1.4218    3.5593    5.0087    98699    98733    98699        0        0      433      467
   9   4  30   19.3081    0.0244    1.4230    3.5613    5.0087    98847    98847    98847        0        0      434      468
   9   5  10   18.8020    0.0218    1.4264    3.5605    5.0087    98796    99225    98796        0        0      436      470
   9   5  20   18.1804    0.0198    1.4270    3.5618    5.0087    98935    99073    98935        0        0      437      472
   9   5  30   17.4621    0.0186    1.4251    3.5650    5.0087    98839    98967    98839        0        0      438      473
   9   6  10   16.6690    0.0181    1.4263    3.5643    5.0087    98872    98972    98872        0        0      439      475
   9   6  20   15.8252    0.0181    1.4188    3.5717    5.0087    99145    99197    99145        0        0      440      476
   9   6  30   14.9564    0.0193    1.4265    3.5629    5.0087    99116    99131    99116        0        0      442      478
   9   7  10   14.0888    0.0209    1.4190    3.5687    5.0087    98708    98908    98708        0        0      443      479
   9   7  20   13.2490    0.0235    1.4230    3.5622    5.0087    98735    98853    98735        0        0      445      481
   9   7  30   12.4623    0.0265    1.4226    3.5596    5.0087    98875    98941    98875        0        0      447      482
   9   8  10   11.7528    0.0300    1.4201    3.5586    5.0087    98789    98789    98789        0        0      449      484
   9   8  20   11.1419    0.0334    1.4219    3.5533    5.0087    98762    98869    98762        0        0      451      485
   9   8  30   10.6482    0.0359    1.4206    3.5522    5.0087    98464    98825    98464        0        0      453      486
   9   9  10   10.2868    0.0368    1.4207    3.5512    5.0087    98578    98620    98578        0        0      454      487
   9   9  20   10.0686    0.0362    1.4202    3.5523    5.0087    98357    98736    98357        0        0      455      489
   9   9  30   10.0002    0.0341    1.4287    3.5458    5.0087    98371    98492    98371        0        0      457      490
   9  10  10   10.0837    0.0304    1.4183    3.5600    5.0087    98879    98995    98879        0        0      457      492
   9  10  20   10.3166    0.0273    1.4235    3.5579    5.0087    98615    98615    98615        0        0      458      494
   9  10  30   10.6919    0.0238    1.4182    3.5666    5.0087    99088    99155    99088        0        0      458      495
   9  11  10   11.1980    0.0216    1.4268    3.5603    5.0087    98790    99072    98790        0        0      462      497
   9  11  20   11.8196    0.0195    1.4178    3.5714    5.0087    99193    99207    99193        0        0      462      498
   9  11  30   12.5379    0.0185    1.4274    3.5628    5.0087    98949    98982    98949        0        0      465      500
   9  12  10   13.3310    0.0181    1.4277    3.5629    5.0087    98738    98982    98738        0        0      466      501
   9  12  20   14.1748    0.0183    1.4229    3.5675    5.0087    98889    98946    98889        0        0      467      503
   9  12  30   15.0436    0.0195    1.4289    3.5603    5.0087    98880    98980    98880        0        0      468      504
  10   1  10   15.9112    0.0213    1.4231    3.5643    5.0087    98434    98920    98434        0        0      470      506
  10   1  20   16.7510    0.0238    1.4293    3.5555    5.0087    99027    99031    99027        0        0      472      507
  10   1  30   17.5377    0.0273    1.4292    3.5522    5.0087    98280    98604    98280        0        0      473      508
  10   2  10   18.2472    0.0308    1.4307    3.5472    5.0087    98246    98712    98246        0        0      476      509
  10   2  20   18.8581    0.0335    1.4141    3.5611    5.0087    98892    98893    98892        0        0      478      510
  10   2  30   19.3518    0.0361    1.4196    3.5529    5.0087    98670    98732    98670        0        0      479      512
  10   3  10   19.7132    0.0373    1.4231    3.5482    5.0087    98393    98533    98393        0        0      480      514
  10   3  20   19.9314    0.0362    1.4217    3.5507    5.0087    98583    98641    98583        0        0      481      516
  10   3  30   19.9998    0.0335    1.4135    3.5617    5.0087    98788    98863    98788        0        0      483      517
  10   4  10   19.9163    0.0304    1.4196    3.5586    5.0087    98579    98813    98579        0        0      483      519
  10   4  20   19.6834    0.0271    1.4251    3.5564    5.0087    98620    98751    98620        0        0      484      521
  10   4  30   19.3081    0.0240    1.4295    3.5551    5.0087    98690    99067    98690        0        0      485      523
  10   5  10   18.8020    0.0212    1.4202    3.5673    5.0087    99158    99195    99158        0        0      486      524
  10   5  20   18.1804    0.0194    1.4194    3.5698    5.0087    98898    99139    98898        0        0      487      526
  10   5  30   17.4621    0.0183    1.4205    3.5699    5.0087    99083    99287    99083        0        0      489      528
  10   6  10   16.6690    0.0180    1.4213    3.5693    5.0087    98814    99134    98814        0        0      490      529
  10   6  20   15.8252    0.0183    1.4219    3.5684    5.0087    99150    99157    99150        0        0      492      531
  10   6  30   14.9564    0.0194    1.4209    3.5683    5.0087    99006    99221    99006        0        0      493      532
  10   7  10   14.0888    0.0213    1.4218    3.5655    5.0087    98982    99227    98982        0        0      495      533
  10   7  20   13.2490    0.0242    1.4276    3.5569    5.0087    98556    98815    98556        0        0      497      535
  10   7  30   12.4623    0.0274    1.4265    3.5548    5.0087    98541    98871    98541        0        0      499      536
  10   8  10   11.7528    0.0306    1.4190    3.5591    5.0087    98770    98935    98770        0        0      500      537
  10   8  20   11.1419    0.0339    1.4191    3.5556    5.0087    98758    98758    98758        0        0      502      539
  10   8  30   10.6482    0.0364    1.4224    3.5498    5.0087    98243    98719    98243        0        0      504      539
  10   9  10   10.2868    0.0373    1.4251    3.5463    5.0087    98280    98568    98280        0        0      506      541
  10   9  20   10.0686    0.0357    1.4140    3.5589    5.0087    98743    98750    98743        0        0      507      542
  10   9  30   10.0002    0.0334    1.4164    3.5589    5.0087    98640    98828    98640        0        0      508      544
  10  10  10   10.0837    0.0304    1.4291    3.5491    5.0087    98428    98812    98428        0        0      509      546
  10  10  20   10.3166    0.0267    1.4222    3.5597    5.0087    98727    99051    98727        0        0      510      547
  10  10  30   10.6919    0.0237    1.4264    3.5585    5.0087    98768    98838    98768        0        0      512      549
  10  11  10   11.1980    0.0211    1.4192    3.5684    5.0087    99071    99212    99071        0        0      513      550
  10  11  20   11.8196    0.0194    1.4205    3.5687    5.0087    98854    99248    98854        0        0      514      552
  10  11  30   12.5379    0.0182    1.4149    3.5756    5.0087    99379    99379    99379        0        0      515      553
  10  12  10   13.3310    0.0181    1.4266    3.5639    5.0087    98841    99129    98841        0        0      516      554
  10  12  20   14.1748    0.0186    1.4305    3.5595    5.0087    98793    98914    98793        0        0      517      555
