Running model...
   1   0   0   15.0000    4.9855    0.0011    0.0223    5.0089      632      632      632        0        0        1        2
   1   1  10   15.0000    0.0095    0.8723    4.1271    5.0089   113108   124239   113108        0        0        1       13
   1   1  20   15.0000    0.0186    1.4149    3.5754    5.0089    99493   123267    99493        0        0        2       15
   1   1  30   15.0000    0.0186    1.4193    3.5710    5.0089    98569   120529    98569        0        0        2       16
   1   2  10   15.0000    0.0186    1.4316    3.5587    5.0089    99125   113297    99125        0        0        2       18
   1   2  20   15.0000    0.0186    1.4295    3.5608    5.0089    98447   100954    98447        0        0        2       19
   1   2  30   15.0000    0.0184    1.4268    3.5637    5.0089    98831   100909    98831        0        0        5       21
   1   3  10   15.0000    0.0182    1.4236    3.5671    5.0089    99032   101199    99032        0        0        7       22
   1   3  20   15.0000    0.0181    1.4154    3.5754    5.0089    98909   101120    98909        0        0        9       24
   1   3  30   15.0000    0.0179    1.4166    3.5743    5.0089    99411   100831    99411        0        0        9       25
   1   4  10   15.0000    0.0183    1.4239    3.5667    5.0089    98308   100635    98308        0        0       10       27
   1   4  20   15.0000    0.0180    1.4258    3.5651    5.0089    99377   100631    99377        0        0       11       28
   1   4  30   15.0000    0.0183    1.4240    3.5666    5.0089    97809   100522    97809        0        0       14       30
   1   5  10   15.0000    0.0180    1.4317    3.5591    5.0089    99439   100350    99439        0        0       15       31
   1   5  20   15.0000    0.0183    1.4259    3.5647    5.0089    97648   100343    97648        0        0       16       33
   1   5  30   15.0000    0.0178    1.4254    3.5656    5.0089    99772   100228    99772        0        0       17       34
   1   6  10   15.0000    0.0183    1.4243    3.5662    5.0089    97380   100425    97380        0        0       18       36
   1   6  20   15.0000    0.0179    1.4299    3.5611    5.0089    99793   100302    99793        0        0       18       37
   1   6  30   15.0000    0.0183    1.4219    3.5687    5.0089    97359   100065    97359        0        0       21       39
   1   7  10   15.0000    0.0177    1.4295    3.5617    5.0089   100321   100493   100321        0        0       22       40
   1   7  20   15.0000    0.0182    1.4241    3.5665    5.0089    97479   100376    97479        0        0       23       42
   1   7  30   15.0000    0.0176    1.4193    3.5720    5.0089   100543   100543   100543        0        0       24       43
   1   8  10   15.0000    0.0182    1.4294    3.5613    5.0089    97818   100213    97818        0        0       32       44
   1   8  20   15.0000    0.0177    1.4234    3.5679    5.0089   100137   100177   100137        0        0       33       46
   1   8  30   15.0000    0.0180    1.4198    3.5711    5.0089    98367   100024    98367        0        0       34       47
   1   9  10   15.0000    0.0179    1.4322    3.5588    5.0089    99605    99963    99605        0        0       36       49
   1   9  20   15.0000    0.0180    1.4291    3.5617    5.0089    98526   100052    98526        0        0       37       50
   1   9  30   15.0000    0.0177    1.4180    3.5732    5.0089    99532    99998    99532        0        0       39       52
   1  10  10   15.0000    0.0178    1.4209    3.5702    5.0089    99164    99982    99164        0        0       40       53
   1  10  20   15.0000    0.0179    1.4220    3.5689    5.0089    98687    99948    98687        0        0       41       55
   1  10  30   15.0000    0.0179    1.4295    3.5615    5.0089    99242   100077    99242        0        0       42       56
   1  11  10   15.0000    0.0181    1.4248    3.5660    5.0089    98066   100161    98066        0        0       43       58
   1  11  20   15.0000    0.0179    1.4320    3.5590    5.0089    99350    99675    99350        0        0       45       59
   1  11  30   15.0000    0.0182    1.4268    3.5640    5.0089    97868    99575    97868        0        0       47       61
   1  12  10   15.0000    0.0178    1.4294    3.5616    5.0089    99499    99775    99499        0        0       48       62
   1  12  20   15.0000    0.0181    1.4246    3.5662    5.0089    98012    99607    98012        0        0       49       64
   1  12  30   15.0000    0.0178    1.4292    3.5618    5.0089    99540    99755    99540        0        0       52       65
   2   1  10   15.0000    0.0182    1.4302    3.5605    5.0089    97954    99564    97954        0        0       55       67
   2   1  20   15.0000    0.0179    1.4323    3.5587    5.0089    99413    99686    99413        0        0       56       68
   2   1  30   15.0000    0.0180    1.4234    3.5674    5.0089    98131    99436    98131        0        0       57       70
   2   2  10   15.0000    0.0178    1.4315    3.5596    5.0089    99748    99755    99748        0        0       59       71
   2   2  20   15.0000    0.0182    1.4328    3.5579    5.0089    98054    99636    98054        0        0       60       73
   2   2  30   15.0000    0.0177    1.4227    3.5685    5.0089    99976    99976    99976        0        0       61       74
   2   3  10   15.0000    0.0180    1.4277    3.5631    5.0089    98413    99747    98413        0        0       63       76
   2   3  20   15.0000    0.0179    1.4314    3.5595    5.0089    99256    99688    99256        0        0       65       77
   2   3  30   15.0000    0.0178    1.4228    3.5682    5.0089    98911    99938    98911        0        0       66       78
   2   4  10   15.0000    0.0179    1.4256    3.5654    5.0089    98881    99581    98881        0        0       67       80
   2   4  20   15.0000    0.0180    1.4334    3.5575    5.0089    98777    99720    98777        0        0       68       81
   2   4  30   15.0000    0.0180    1.4285    3.5625    5.0089    98700    99732    98700        0        0       69       83
   2   5  10   15.0000    0.0178    1.4239    3.5672    5.0089    99336    99873    99336        0        0       72       84
   2   5  20   15.0000    0.0180    1.4265    3.5644    5.0089    98412    99403    98412        0        0       73       86
   2   5  30   15.0000    0.0177    1.4215    3.5697    5.0089    99574    99932    99574        0        0       74       87
   2   6  10   15.0000    0.0182    1.4325    3.5582    5.0089    97789    99390    97789        0        0       76       89
   2   6  20   15.0000    0.0178    1.4272    3.5639    5.0089    99323    99583    99323        0        0       78       90
   2   6  30   15.0000    0.0181    1.4272    3.5636    5.0089    97915    99478    97915        0        0       80       92
   2   7  10   15.0000    0.0176    1.4198    3.5714    5.0089    99729    99948    99729        0        0       81       93
   2   7  20   15.0000    0.0181    1.4279    3.5628    5.0089    97994    99771    97994        0        0       82       95
   2   7  30   15.0000    0.0177    1.4233    3.5679    5.0089    99741    99741    99741        0        0       83       96
   2   8  10   15.0000    0.0180    1.4240    3.5669    5.0089    98284    99567    98284        0        0       85       98
   2   8  20   15.0000    0.0177    1.4248    3.5664    5.0089    99788    99844    99788        0        0       86       99
   2   8  30   15.0000    0.0179    1.4215    3.5695    5.0089    98612    99932    98612        0        0       87      101
   2   9  10   15.0000    0.0178    1.4235    3.5676    5.0089    99408    99618    99408        0        0       89      102
   2   9  20   15.0000    0.0178    1.4193    3.5717    5.0089    98812    99625    98812        0        0       91      103
   2   9  30   15.0000    0.0180    1.4347    3.5562    5.0089    98955    99656    98955        0        0       92      105
   2  10  10   15.0000    0.0178    1.4221    3.5690    5.0089    99207    99970    99207        0        0       94      106
   2  10  20   15.0000    0.0180    1.4290    3.5619    5.0089    98656    99600    98656        0        0       95      108
   2  10  30   15.0000    0.0177    1.4202    3.5710    5.0089    99416    99452    99416        0        0       96      109
   2  11  10   15.0000    0.0181    1.4280    3.5628    5.0089    98317    99255    98317        0        0       97      111
   2  11  20   15.0000    0.0180    1.4312    3.5598    5.0089    98980    99274    98980        0        0       99      112
   2  11  30   15.0000    0.0182    1.4315    3.5592    5.0089    98139    99055    98139        0        0      100      114
   2  12  10   15.0000    0.0179    1.4297    3.5613    5.0089    99143    99213    99143        0        0      102      115
   2  12  20   15.0000    0.0179    1.4232    3.5677    5.0089    98628    99139    98628        0        0      104      117
   2  12  30   15.0000    0.0177    1.4212    3.5700    5.0089    99328    99392    99328        0        0      105      118
   3   1  10   15.0000    0.0180    1.4269    3.5640    5.0089    98544    99087    98544        0        0      106      120
   3   1  20   15.0000    0.0177    1.4220    3.5692    5.0089    99485    99539    99485        0        0      108      121
   3   1  30   15.0000    0.0180    1.4298    3.5610    5.0089    98497    99272    98497        0        0      109      123
   3   2  10   15.0000    0.0178    1.4249    3.5661    5.0089    99329    99343    99329        0        0      110      124
   3   2  20   15.0000    0.0181    1.4328    3.5581    5.0089    98521    99436    98521        0        0      111      126
   3   2  30   15.0000    0.0179    1.4261    3.5648    5.0089    98896    99152    98896        0        0      113      127
   3   3  10   15.0000    0.0180    1.4315    3.5594    5.0089    98917    99261    98917        0        0      114      129
   3   3  20   15.0000    0.0180    1.4310    3.5599    5.0089    98470    99150    98470        0        0      115      130
   3   3  30   15.0000    0.0178    1.4284    3.5627    5.0089    99218    99242    99218        0        0      116      131
   3   4  10   15.0000    0.0181    1.4301    3.5607    5.0089    98348    99181    98348        0        0      118      133
   3   4  20   15.0000    0.0179    1.4274    3.5636    5.0089    99125    99209    99125        0        0      119      134
   3   4  30   15.0000    0.0180    1.4264    3.5645    5.0089    98521    99114    98521        0        0      120      136
   3   5  10   15.0000    0.0179    1.4287    3.5623    5.0089    99206    99227    99206        0        0      122      137
   3   5  20   15.0000    0.0182    1.4356    3.5551    5.0089    98201    98955    98201        0        0      123      139
   3   5  30   15.0000    0.0179    1.4277    3.5633    5.0089    99038    99131    99038        0        0      124      140
   3   6  10   15.0000    0.0179    1.4237    3.5673    5.0089    98703    99383    98703        0        0      125      142
   3   6  20   15.0000    0.0178    1.4223    3.5688    5.0089    99382    99382    99382        0        0      127      143
   3   6  30   15.0000    0.0180    1.4291    3.5618    5.0089    98818    99073    98818        0        0      128      145
   3   7  10   15.0000    0.0179    1.4268    3.5642    5.0089    99069    99078    99069        0        0      129      146
   3   7  20   15.0000    0.0179    1.4268    3.5642    5.0089    98954    99221    98954        0        0      131      148
   3   7  30   15.0000    0.0179    1.4297    3.5613    5.0089    99009    99009    99009        0        0      132      149
   3   8  10   15.0000    0.0180    1.4300    3.5610    5.0089    98869    99226    98869        0        0      137      151
   3   8  20   15.0000    0.0179    1.4252    3.5658    5.0089    98688    99174    98688        0        0      138      152
   3   8  30   15.0000    0.0180    1.4321    3.5589    5.0089    99010    99277    99010        0        0      140      154
   3   9  10   15.0000    0.0180    1.4268    3.5641    5.0089    98483    99044    98483        0        0      142      155
   3   9  20   15.0000    0.0178    1.4303    3.5607    5.0089    99377    99600    99377        0        0      143      156
   3   9  30   15.0000    0.0180    1.4269    3.5640    5.0089    98342    99293    98342        0        0      144      158
   3  10  10   15.0000    0.0179    1.4278    3.5632    5.0089    99238    99238    99238        0        0      146      159
   3  10  20   15.0000    0.0181    1.4333    3.5575    5.0089    98267    99172    98267        0        0      147      161
   3  10  30   15.0000    0.0178    1.4247    3.5663    5.0089    99106    99278    99106        0        0      148      162
   3  11  10   15.0000    0.0180    1.4268    3.5641    5.0089    98411    99124    98411        0        0      150      164
   3  11  20   15.0000    0.0180    1.4332    3.5577    5.0089    98985    99073    98985        0        0      151      165
   3  11  30   15.0000    0.0180    1.4285    3.5624    5.0089    98555    99209    98555        0        0      152      167
   3  12  10   15.0000    0.0179    1.4261    3.5650    5.0089    99111    99111    99111        0        0      154      168
   3  12  20   15.0000    0.0179    1.4289    3.5621    5.0089    98921    99525    98921        0        0      155      170
   3  12  30   15.0000    0.0180    1.4326    3.5583    5.0089    98679    99315    98679        0        0      157      171
   4   1  10   15.0000    0.0178    1.4264    3.5647    5.0089    99115    99427    99115        0        0      158      173
   4   1  20   15.0000    0.0179    1.4258    3.5651    5.0089    98746    99005    98746        0        0      159      174
   4   1  30   15.0000    0.0178    1.4257    3.5653    5.0089    99105    99351    99105        0        0      160      176
   4   2  10   15.0000    0.0179    1.4225    3.5684    5.0089    98616    99168    98616        0        0      161      177
   4   2  20   15.0000    0.0178    1.4277    3.5633    5.0089    99306    99712    99306        0        0      163      179
   4   2  30   15.0000    0.0179    1.4191    3.5720    5.0089    98618    99224    98618        0        0      164      180
   4   3  10   15.0000    0.0178    1.4244    3.5667    5.0089    99460    99463    99460        0        0      168      182
   4   3  20   15.0000    0.0181    1.4329    3.5579    5.0089    98260    99398    98260        0        0      169      183
   4   3  30   15.0000    0.0180    1.4355    3.5553    5.0089    98921    99040    98921        0        0      172      184
   4   4  10   15.0000    0.0181    1.4309    3.5599    5.0089    98340    99202    98340        0        0      173      186
   4   4  20   15.0000    0.0178    1.4240    3.5671    5.0089    99323    99323    99323        0        0      174      187
   4   4  30   15.0000    0.0179    1.4272    3.5637    5.0089    98692    99282    98692        0        0      175      189
   4   5  10   15.0000    0.0179    1.4286    3.5623    5.0089    98898    99187    98898        0        0      176      190
   4   5  20   15.0000    0.0180    1.4300    3.5609    5.0089    98564    99443    98564        0        0      177      192
   4   5  30   15.0000    0.0178    1.4212    3.5698    5.0089    98825    99409    98825        0        0      178      193
   4   6  10   15.0000    0.0178    1.4233    3.5678    5.0089    99181    99667    99181        0        0      179      195
   4   6  20   15.0000    0.0179    1.4256    3.5654    5.0089    98663    99467    98663        0        0      180      196
   4   6  30   15.0000    0.0178    1.4261    3.5649    5.0089    99238    99571    99238        0        0      181      198
   4   7  10   15.0000    0.0181    1.4332    3.5576    5.0089    98420    99041    98420        0        0      183      199
   4   7  20   15.0000    0.0178    1.4303    3.5607    5.0089    99296    99368    99296        0        0      185      201
   4   7  30   15.0000    0.0180    1.4295    3.5613    5.0089    98510    99444    98510        0        0      186      202
   4   8  10   15.0000    0.0176    1.4195    3.5717    5.0089    99785    99785    99785        0        0      187      204
   4   8  20   15.0000    0.0178    1.4161    3.5750    5.0089    98730    99395    98730        0        0      188      205
   4   8  30   15.0000    0.0178    1.4308    3.5603    5.0089    99435    99445    99435        0        0      189      207
   4   9  10   15.0000    0.0180    1.4262    3.5648    5.0089    98523    99618    98523        0        0      190      208
   4   9  20   15.0000    0.0177    1.4222    3.5690    5.0089    99501    99515    99501        0        0      192      209
   4   9  30   15.0000    0.0179    1.4261    3.5649    5.0089    98563    99553    98563        0        0      193      211
   4  10  10   15.0000    0.0178    1.4264    3.5647    5.0089    99243    99243    99243        0        0      194      212
   4  10  20   15.0000    0.0178    1.4216    3.5694    5.0089    98758    99800    98758        0        0      195      214
   4  10  30   15.0000    0.0180    1.4311    3.5598    5.0089    98795    99332    98795        0        0      196      215
   4  11  10   15.0000    0.0179    1.4273    3.5637    5.0089    98778    99443    98778        0        0      197      217
   4  11  20   15.0000    0.0178    1.4191    3.5720    5.0089    98922    99261    98922        0        0      198      218
   4  11  30   15.0000    0.0179    1.4279    3.5631    5.0089    98947    99469    98947        0        0      199      220
   4  12  10   15.0000    0.0179    1.4234    3.5676    5.0089    98906    99537    98906        0        0      207      221
   4  12  20   15.0000    0.0176    1.4171    3.5742    5.0089    99684    99823    99684        0        0      209      223
   4  12  30   15.0000    0.0181    1.4309    3.5599    5.0089    98307    99506    98307        0        0      210      224
   5   1  10   15.0000    0.0177    1.4203    3.5709    5.0089    99449    99449    99449        0        0      213      226
   5   1  20   15.0000    0.0180    1.4285    3.5623    5.0089    98470    99187    98470        0        0      215      227
   5   1  30   15.0000    0.0178    1.4237    3.5674    5.0089    99114    99225    99114        0        0      217      229
   5   2  10   15.0000    0.0179    1.4266    3.5644    5.0089    98689    99260    98689        0        0      218      230
   5   2  20   15.0000    0.0177    1.4188    3.5724    5.0089    99212    99302    99212        0        0      219      232
   5   2  30   15.0000    0.0178    1.4219    3.5692    5.0089    98894    99267    98894        0        0      221      233
   5   3  10   15.0000    0.0178    1.4216    3.5695    5.0089    99246    99275    99246        0        0      222      234
   5   3  20   15.0000    0.0179    1.4267    3.5643    5.0089    98720    99089    98720        0        0      223      236
   5   3  30   15.0000    0.0178    1.4283    3.5627    5.0089    99212    99241    99212        0        0      225      237
   5   4  10   15.0000    0.0180    1.4307    3.5601    5.0089    98441    99332    98441        0        0      226      239
   5   4  20   15.0000    0.0177    1.4197    3.5714    5.0089    99240    99240    99240        0        0      227      240
   5   4  30   15.0000    0.0180    1.4300    3.5609    5.0089    98748    99280    98748        0        0      228      242
   5   5  10   15.0000    0.0180    1.4282    3.5627    5.0089    98811    99050    98811        0        0      229      243
   5   5  20   15.0000    0.0179    1.4289    3.5621    5.0089    99105    99358    99105        0        0      232      245
   5   5  30   15.0000    0.0181    1.4323    3.5585    5.0089    98531    99055    98531        0        0      233      246
   5   6  10   15.0000    0.0179    1.4321    3.5588    5.0089    99030    99119    99030        0        0      234      248
   5   6  20   15.0000    0.0181    1.4322    3.5586    5.0089    98492    98988    98492        0        0      236      249
   5   6  30   15.0000    0.0180    1.4328    3.5580    5.0089    98879    98962    98879        0        0      237      251
   5   7  10   15.0000    0.0178    1.4219    3.5691    5.0089    98958    99155    98958        0        0      238      252
   5   7  20   15.0000    0.0179    1.4267    3.5643    5.0089    98828    99067    98828        0        0      240      253
   5   7  30   15.0000    0.0179    1.4238    3.5672    5.0089    98760    98998    98760        0        0      241      255
   5   8  10   15.0000    0.0179    1.4250    3.5660    5.0089    98967    99203    98967        0        0      242      256
   5   8  20   15.0000    0.0179    1.4244    3.5666    5.0089    98886    99533    98886        0        0      244      258
   5   8  30   15.0000    0.0179    1.4265    3.5644    5.0089    98791    99130    98791        0        0      245      259
   5   9  10   15.0000    0.0179    1.4281    3.5629    5.0089    98985    99249    98985        0        0      247      261
   5   9  20   15.0000    0.0180    1.4276    3.5633    5.0089    98436    99174    98436        0        0      248      262
   5   9  30   15.0000    0.0178    1.4240    3.5671    5.0089    99193    99428    99193        0        0      249      264
   5  10  10   15.0000    0.0180    1.4264    3.5645    5.0089    98454    99329    98454        0        0      251      265
   5  10  20   15.0000    0.0178    1.4265    3.5646    5.0089    99318    99503    99318        0        0      252      267
   5  10  30   15.0000    0.0180    1.4286    3.5622    5.0089    98289    99464    98289        0        0      253      268
   5  11  10   15.0000    0.0178    1.4266    3.5645    5.0089    99418    99438    99418        0        0      255      270
   5  11  20   15.0000    0.0179    1.4238    3.5671    5.0089    98714    99011    98714        0        0      256      271
   5  11  30   15.0000    0.0178    1.4230    3.5681    5.0089    99187    99205    99187        0        0      257      273
   5  12  10   15.0000    0.0177    1.4180    3.5731    5.0089    99180    99341    99180        0        0      258      274
   5  12  20   15.0000    0.0178    1.4229    3.5681    5.0089    99138    99158    99138        0        0      260      276
   5  12  30   15.0000    0.0181    1.4347    3.5561    5.0089    98604    98961    98604        0        0      261      277
   6   1  10   15.0000    0.0177    1.4197    3.5714    5.0089    99185    99185    99185        0        0      262      279
   6   1  20   15.0000    0.0178    1.4219    3.5692    5.0089    99271    99338    99271        0        0      263      280
   6   1  30   15.0000    0.0179    1.4253    3.5657    5.0089    98874    99219    98874        0        0      264      281
   6   2  10   15.0000    0.0180    1.4323    3.5587    5.0089    98908    98959    98908        0        0      265      283
   6   2  20   15.0000    0.0180    1.4242    3.5667    5.0089    98582    98992    98582        0        0      267      284
   6   2  30   15.0000    0.0179    1.4287    3.5623    5.0089    98966    99519    98966        0        0      268      286
   6   3  10   15.0000    0.0180    1.4277    3.5631    5.0089    98594    99277    98594        0        0      269      287
   6   3  20   15.0000    0.0180    1.4326    3.5582    5.0089    98690    98956    98690        0        0      271      289
   6   3  30   15.0000    0.0179    1.4275    3.5634    5.0089    98841    98992    98841        0        0      272      290
   6   4  10   15.0000    0.0180    1.4327    3.5581    5.0089    98663    99061    98663        0        0      273      292
   6   4  20   15.0000    0.0180    1.4299    3.5610    5.0089    98779    99110    98779        0        0      274      293
   6   4  30   15.0000    0.0179    1.4280    3.5630    5.0089    98916    99127    98916        0        0      275      295
   6   5  10   15.0000    0.0179    1.4242    3.5669    5.0089    98888    99035    98888        0        0      277      296
   6   5  20   15.0000    0.0177    1.4200    3.5711    5.0089    99341    99341    99341        0        0      278      298
   6   5  30   15.0000    0.0179    1.4242    3.5668    5.0089    99131    99208    99131        0        0      279      299
   6   6  10   15.0000    0.0178    1.4245    3.5665    5.0089    99146    99146    99146        0        0      286      300
   6   6  20   15.0000    0.0178    1.4239    3.5672    5.0089    98981    99082    98981        0        0      287      302
   6   6  30   15.0000    0.0179    1.4241    3.5669    5.0089    98919    98996    98919        0        0      289      303
   6   7  10   15.0000    0.0180    1.4305    3.5604    5.0089    98862    99039    98862        0        0      290      305
   6   7  20   15.0000    0.0180    1.4290    3.5619    5.0089    98724    98883    98724        0        0      291      306
   6   7  30   15.0000    0.0179    1.4227    3.5683    5.0089    99033    99033    99033        0        0      293      308
   6   8  10   15.0000    0.0180    1.4333    3.5575    5.0089    98683    98999    98683        0        0      294      309
   6   8  20   15.0000    0.0180    1.4326    3.5583    5.0089    98599    99014    98599        0        0      295      311
   6   8  30   15.0000    0.0178    1.4214    3.5696    5.0089    99024    99086    99024        0        0      297      312
   6   9  10   15.0000    0.0179    1.4241    3.5669    5.0089    98877    99159    98877        0        0      298      314
   6   9  20   15.0000    0.0180    1.4313    3.5596    5.0089    98899    99106    98899        0        0      299      315
   6   9  30   15.0000    0.0178    1.4192    3.5719    5.0089    98979    99104    98979        0        0      300      317
   6  10  10   15.0000    0.0179    1.4269    3.5641    5.0089    98963    99111    98963        0        0      301      318
   6  10  20   15.0000    0.0179    1.4271    3.5639    5.0089    98833    99220    98833        0        0      302      320
   6  10  30   15.0000    0.0180    1.4313    3.5596    5.0089    98883    98883    98883        0        0      304      321
   6  11  10   15.0000    0.0180    1.4323    3.5587    5.0089    98961    99096    98961        0        0      305      322
   6  11  20   15.0000    0.0178    1.4219    3.5692    5.0089    98917    99165    98917        0        0      306      324
   6  11  30   15.0000    0.0179    1.4266    3.5645    5.0089    99073    99169    99073        0        0      307      325
   6  12  10   15.0000    0.0179    1.4266    3.5644    5.0089    98817    99083    98817        0        0      312      327
   6  12  20   15.0000    0.0178    1.4238    3.5672    5.0089    98941    99066    98941        0        0      313      328
   6  12  30   15.0000    0.0178    1.4226    3.5685    5.0089    99079    99117    99079        0        0      314      330
   7   1  10   15.0000    0.0181    1.4344    3.5564    5.0089    98607    98992    98607        0        0      317      331
   7   1  20   15.0000    0.0180    1.4266    3.5643    5.0089    98613    99075    98613        0        0      320      333
   7   1  30   15.0000    0.0180    1.4322    3.5587    5.0089    98658    98980    98658        0        0      321      334
   7   2  10   15.0000    0.0179    1.4245    3.5665    5.0089    98818    99337    98818        0        0      323      336
   7   2  20   15.0000    0.0179    1.4249    3.5661    5.0089    98948    98997    98948        0        0      324      337
   7   2  30   15.0000    0.0178    1.4232    3.5678    5.0089    99094    99450    99094        0        0      325      339
   7   3  10   15.0000    0.0179    1.4240    3.5669    5.0089    98634    99119    98634        0        0      326      340
   7   3  20   15.0000    0.0179    1.4282    3.5628    5.0089    99034    99248    99034        0        0      328      342
   7   3  30   15.0000    0.0180    1.4305    3.5604    5.0089    98608    99148    98608        0        0      329      343
   7   4  10   15.0000    0.0177    1.4183    3.5729    5.0089    99281    99281    99281        0        0      330      345
   7   4  20   15.0000    0.0178    1.4242    3.5668    5.0089    98971    99170    98971        0        0      331      346
   7   4  30   15.0000    0.0178    1.4221    3.5691    5.0089    99256    99259    99256        0        0      332      348
   7   5  10   15.0000    0.0178    1.4201    3.5710    5.0089    98940    99188    98940        0        0      333      349
   7   5  20   15.0000    0.0178    1.4241    3.5670    5.0089    99291    99291    99291        0        0      335      350
   7   5  30   15.0000    0.0179    1.4287    3.5622    5.0089    98847    99105    98847        0        0      336      352
   7   6  10   15.0000    0.0178    1.4198    3.5713    5.0089    99051    99117    99051        0        0      337      353
   7   6  20   15.0000    0.0180    1.4306    3.5603    5.0089    98658    99103    98658        0        0      338      355
   7   6  30   15.0000    0.0179    1.4267    3.5643    5.0089    98693    99092    98693        0        0      339      356
   7   7  10   15.0000    0.0180    1.4322    3.5586    5.0089    98622    99456    98622        0        0      340      358
   7   7  20   15.0000    0.0179    1.4225    3.5686    5.0089    98780    99129    98780        0        0      341      359
   7   7  30   15.0000    0.0178    1.4250    3.5661    5.0089    98968    99486    98968        0        0      345      361
   7   8  10   15.0000    0.0179    1.4273    3.5636    5.0089    98765    99327    98765        0        0      347      362
   7   8  20   15.0000    0.0178    1.4243    3.5668    5.0089    99144    99547    99144        0        0      348      364
   7   8  30   15.0000    0.0179    1.4276    3.5634    5.0089    98778    99457    98778        0        0      349      365
   7   9  10   15.0000    0.0179    1.4257    3.5653    5.0089    98993    99502    98993        0        0      350      367
   7   9  20   15.0000    0.0180    1.4323    3.5586    5.0089    98566    99195    98566        0        0      353      368
   7   9  30   15.0000    0.0177    1.4185    3.5727    5.0089    99328    99614    99328        0        0      355      370
   7  10  10   15.0000    0.0177    1.4145    3.5766    5.0089    98826    99336    98826        0        0      357      371
   7  10  20   15.0000    0.0177    1.4226    3.5686    5.0089    99471    99498    99471        0        0      358      373
   7  10  30   15.0000    0.0180    1.4307    3.5601    5.0089    98567    99248    98567        0        0      359      374
   7  11  10   15.0000    0.0179    1.4304    3.5606    5.0089    99186    99200    99186        0        0      361      375
   7  11  20   15.0000    0.0179    1.4262    3.5648    5.0089    98889    99236    98889        0        0      362      377
   7  11  30   15.0000    0.0178    1.4279    3.5632    5.0089    99246    99246    99246        0        0      363      378
   7  12  10   15.0000    0.0178    1.4237    3.5674    5.0089    98886    99573    98886        0        0      365      380
   7  12  20   15.0000    0.0181    1.4323    3.5585    5.0089    98325    99099    98325        0        0      366      381
   7  12  30   15.0000    0.0177    1.4166    3.5746    5.0089    99328    99599    99328        0        0      368      383
   8   1  10   15.0000    0.0180    1.4250    3.5659    5.0089    98281    99246    98281        0        0      369      384
   8   1  20   15.0000    0.0178    1.4235    3.5676    5.0089    99299    99479    99299        0        0      370      386
   8   1  30   15.0000    0.0181    1.4367    3.5540    5.0089    98284    99206    98284        0        0      371      387
   8   2  10   15.0000    0.0178    1.4254    3.5656    5.0089    99132    99441    99132        0        0      373      389
   8   2  20   15.0000    0.0179    1.4262    3.5648    5.0089    98512    99137    98512        0        0      374      390
   8   2  30   15.0000    0.0178    1.4234    3.5677    5.0089    99185    99362    99185        0        0      375      392
   8   3  10   15.0000    0.0179    1.4245    3.5665    5.0089    98632    99275    98632        0        0      377      393
   8   3  20   15.0000    0.0177    1.4217    3.5694    5.0089    99345    99345    99345        0        0      378      395
   8   3  30   15.0000    0.0180    1.4311    3.5598    5.0089    98745    99061    98745        0        0      379      396
   8   4  10   15.0000    0.0178    1.4244    3.5667    5.0089    99304    99304    99304        0        0      380      398
   8   4  20   15.0000    0.0180    1.4297    3.5612    5.0089    98771    99202    98771        0        0      381      399
   8   4  30   15.0000    0.0179    1.4292    3.5618    5.0089    99052    99052    99052        0        0      382      401
   8   5  10   15.0000    0.0179    1.4272    3.5638    5.0089    98716    99431    98716        0        0      384      402
   8   5  20   15.0000    0.0178    1.4212    3.5699    5.0089    98976    99203    98976        0        0      385      403
   8   5  30   15.0000    0.0180    1.4333    3.5576    5.0089    98778    99135    98778        0        0      386      405
   8   6  10   15.0000    0.0179    1.4248    3.5661    5.0089    98642    98884    98642        0        0      387      406
   8   6  20   15.0000    0.0178    1.4213    3.5698    5.0089    99103    99201    99103        0        0      388      408
   8   6  30   15.0000    0.0180    1.4308    3.5600    5.0089    98407    99018    98407        0        0      389      409
   8   7  10   15.0000    0.0179    1.4264    3.5647    5.0089    99075    99272    99075        0        0      390      411
   8   7  20   15.0000    0.0178    1.4214    3.5697    5.0089    98810    99218    98810        0        0      392      412
   8   7  30   15.0000    0.0178    1.4270    3.5641    5.0089    99151    99239    99151        0        0      398      414
   8   8  10   15.0000    0.0176    1.4124    3.5789    5.0089    99136    99190    99136        0        0      399      415
   8   8  20   15.0000    0.0178    1.4241    3.5670    5.0089    99276    99361    99276        0        0      401      417
   8   8  30   15.0000    0.0179    1.4287    3.5623    5.0089    98743    99202    98743        0        0      402      418
   8   9  10   15.0000    0.0178    1.4242    3.5669    5.0089    99243    99380    99243        0        0      403      420
   8   9  20   15.0000    0.0179    1.4255    3.5654    5.0089    98778    99373    98778        0        0      405      421
   8   9  30   15.0000    0.0179    1.4293    3.5617    5.0089    99007    99224    99007        0        0      406      423
   8  10  10   15.0000    0.0180    1.4299    3.5610    5.0089    98586    99438    98586        0        0      407      424
   8  10  20   15.0000    0.0180    1.4287    3.5623    5.0089    98674    99150    98674        0        0      408      426
   8  10  30   15.0000    0.0178    1.4223    3.5688    5.0089    99115    99424    99115        0        0      410      427
   8  11  10   15.0000    0.0179    1.4228    3.5683    5.0089    98782    99233    98782        0        0      411      428
   8  11  20   15.0000    0.0179    1.4281    3.5629    5.0089    99201    99531    99201        0        0      412      430
   8  11  30   15.0000    0.0180    1.4257    3.5652    5.0089    98408    99200    98408        0        0      413      431
   8  12  10   15.0000    0.0178    1.4250    3.5661    5.0089    99413    99546    99413        0        0      415      433
   8  12  20   15.0000    0.0180    1.4263    3.5646    5.0089    98585    99407    98585        0        0      416      434
   8  12  30   15.0000    0.0178    1.4261    3.5650    5.0089    99416    99416    99416        0        0      417      436
   9   1  10   15.0000    0.0180    1.4285    3.5625    5.0089    98719    99249    98719        0        0      418      437
   9   1  20   15.0000    0.0179    1.4280    3.5630    5.0089    98984    99044    98984        0        0      419      439
   9   1  30   15.0000    0.0178    1.4228    3.5682    5.0089    99030    99497    99030        0        0      421      440
   9   2  10   15.0000    0.0178    1.4186    3.5724    5.0089    98944    99098    98944        0        0      422      442
   9   2  20   15.0000    0.0178    1.4270    3.5641    5.0089    99178    99283    99178        0        0      423      443
   9   2  30   15.0000    0.0180    1.4253    3.5656    5.0089    98541    99258    98541        0        0      424      444
   9   3  10   15.0000    0.0179    1.4303    3.5607    5.0089    99208    99208    99208        0        0      425      446
   9   3  20   15.0000    0.0181    1.4282    3.5627    5.0089    98270    99214    98270        0        0      427      447
   9   3  30   15.0000    0.0179    1.4309    3.5601    5.0089    99152    99354    99152        0        0      432      449
   9   4  10   15.0000    0.0180    1.4259    3.5650    5.0089    98469    99083    98469        0        0      433      450
   9   4  20   15.0000    0.0178    1.4245    3.5666    5.0089    99133    99334    99133        0        0      434      452
   9   4  30   15.0000    0.0180    1.4313    3.5596    5.0089    98494    99231    98494        0        0      436      453
   9   5  10   15.0000    0.0180    1.4374    3.5535    5.0089    98952    99109    98952        0        0      438      455
   9   5  20   15.0000    0.0178    1.4211    3.5700    5.0089    98890    99595    98890        0        0      440      456
   9   5  30   15.0000    0.0178    1.4259    3.5652    5.0089    99143    99145    99143        0        0      441      458
   9   6  10   15.0000    0.0180    1.4302    3.5608    5.0089    98888    99033    98888        0        0      443      459
   9   6  20   15.0000    0.0179    1.4256    3.5654    5.0089    99088    99088    99088        0        0      444      461
   9   6  30   15.0000    0.0178    1.4265    3.5646    5.0089    99174    99269    99174        0        0      445      462
   9   7  10   15.0000    0.0180    1.4246    3.5663    5.0089    98640    99255    98640        0        0      447      464
   9   7  20   15.0000    0.0180    1.4338    3.5571    5.0089    99031    99090    99031        0        0      448      465
   9   7  30   15.0000    0.0179    1.4216    3.5694    5.0089    98653    99080    98653        0        0      450      466
   9   8  10   15.0000    0.0179    1.4239    3.5671    5.0089    99087    99347    99087        0        0      451      468
   9   8  20   15.0000    0.0179    1.4230    3.5680    5.0089    98740    99104    98740        0        0      453      469
   9   8  30   15.0000    0.0180    1.4299    3.5611    5.0089    98940    99058    98940        0        0      454      471
   9   9  10   15.0000    0.0180    1.4270    3.5639    5.0089    98617    99189    98617        0        0      455      472
   9   9  20   15.0000    0.0180    1.4337    3.5571    5.0089    98823    98835    98823        0        0      456      474
   9   9  30   15.0000    0.0179    1.4279    3.5630    5.0089    98884    98955    98884        0        0      457      475
   9  10  10   15.0000    0.0178    1.4209    3.5702    5.0089    99125    99125    99125        0        0      459      477
   9  10  20   15.0000    0.0178    1.4196    3.5714    5.0089    98911    99205    98911        0        0      461      478
   9  10  30   15.0000    0.0180    1.4291    3.5618    5.0089    98861    99029    98861        0        0      462      480
   9  11  10   15.0000    0.0180    1.4289    3.5620    5.0089    98782    99046    98782        0        0      463      481
   9  11  20   15.0000    0.0178    1.4229    3.5682    5.0089    99282    99282    99282        0        0      464      483
   9  11  30   15.0000    0.0179    1.4267    3.5643    5.0089    98834    99143    98834        0        0      465      484
   9  12  10   15.0000    0.0178    1.4251    3.5660    5.0089    99141    99141    99141        0        0      466      486
   9  12  20   15.0000    0.0179    1.4224    3.5686    5.0089    98846    99347    98846        0        0      468      487
   9  12  30   15.0000    0.0180    1.4312    3.5597    5.0089    98722    99032    98722        0        0      469      489
  10   1  10   15.0000    0.0180    1.4333    3.5575    5.0089    98663    99173    98663        0        0      470      490
  10   1  20   15.0000    0.0179    1.4262    3.5648    5.0089    99058    99085    99058        0        0      472      491
  10   1  30   15.0000    0.0180    1.4275    3.5634    5.0089    98733    98987    98733        0        0      473      493
  10   2  10   15.0000    0.0180    1.4346    3.5563    5.0089    98867    99014    98867        0        0      476      494
  10   2  20   15.0000    0.0179    1.4221    3.5689    5.0089    98807    99118    98807        0        0      478      496
  10   2  30   15.0000    0.0180    1.4276    3.5633    5.0089    98743    99064    98743        0        0      479      497
  10   3  10   15.0000    0.0178    1.4217    3.5694    5.0089    98973    99253    98973        0        0      481      499
  10   3  20   15.0000    0.0177    1.4169    3.5742    5.0089    99080    99095    99080        0        0      482      500
  10   3  30   15.0000    0.0178    1.4238    3.5673    5.0089    99329    99412    99329        0        0      483      502
  10   4  10   15.0000    0.0180    1.4254    3.5656    5.0089    98760    99223    98760        0        0      485      503
  10   4  20   15.0000    0.0178    1.4295    3.5615    5.0089    99360    99406    99360        0        0      486      505
  10   4  30   15.0000    0.0180    1.4276    3.5633    5.0089    98311    99364    98311        0        0      487      506
  10   5  10   15.0000    0.0181    1.4361    3.5547    5.0089    98914    99003    98914        0        0      488      507
  10   5  20   15.0000    0.0178    1.4187    3.5723    5.0089    98672    99427    98672        0        0      489      509
  10   5  30   15.0000    0.0179    1.4299    3.5611    5.0089    98963    99137    98963        0        0      491      510
  10   6  10   15.0000    0.0179    1.4271    3.5638    5.0089    98739    99389    98739        0        0      492      512
  10   6  20   15.0000    0.0178    1.4230    3.5681    5.0089    99264    99331    99264        0        0      493      513
  10   6  30   15.0000    0.0180    1.4290    3.5619    5.0089    98786    99161    98786        0        0      494      515
  10   7  10   15.0000    0.0178    1.4235    3.5675    5.0089    99011    99054    99011        0        0      496      516
  10   7  20   15.0000    0.0179    1.4255    3.5655    5.0089    98879    99464    98879        0        0      498      518
  10   7  30   15.0000    0.0179    1.4258    3.5652    5.0089    98765    99332    98765        0        0      500      519
  10   8  10   15.0000    0.0178    1.4238    3.5673    5.0089    99131    99410    99131        0        0      501      521
  10   8  20   15.0000    0.0180    1.4300    3.5608    5.0089    98588    98954    98588        0        0      503      522
  10   8  30   15.0000    0.0178    1.4239    3.5672    5.0089    99156    99206    99156        0        0      504      524
  10   9  10   15.0000    0.0180    1.4244    3.5665    5.0089    98535    99156    98535        0        0      505      525
  10   9  20   15.0000    0.0179    1.4256    3.5654    5.0089    99017    99264    99017        0        0      507      527
  10   9  30   15.0000    0.0179    1.4258    3.5652    5.0089    98639    99080    98639        0        0      508      528
  10  10  10   15.0000    0.0180    1.4309    3.5601    5.0089    98923    99016    98923        0        0      509      530
  10  10  20   15.0000    0.0180    1.4320    3.5588    5.0089    98566    99130    98566        0        0      511      531
  10  10  30   15.0000    0.0177    1.4201    3.5711    5.0089    99663    99663    99663        0        0      512      532
  10  11  10   15.0000    0.0181    1.4347    3.5561    5.0089    98579    99469    98579        0        0      513      534
  10  11  20   15.0000    0.0178    1.4233    3.5678    5.0089    99333    99333    99333        0        0      515      535
  10  11  30   15.0000    0.0180    1.4298    3.5612    5.0089    98851    99221    98851        0        0      516      537
  10  12  10   15.0000    0.0180    1.4315    3.5594    5.0089    98765    98894    98765        0        0      518      538
  10  12  20   15.0000    0.0179    1.4267    3.5643    5.0089    98860    99038    98860        0        0      519      540
