Running model...
   1   0   0   15.0000    4.9851    0.0010    0.0226    5.0087      626      626      626        0        0        1        2
   1   1  10   15.0000    0.0099    0.9080    4.0908    5.0087   113262   124142   113262        0        0        1       13
   1   1  20   15.0000    0.0184    1.4143    3.5760    5.0087   100530   123149   100530        0        0        1       14
   1   1  30   15.0000    0.0188    1.4240    3.5660    5.0087    98950   120577    98950        0        0        2       16
   1   2  10   15.0000    0.0184    1.4208    3.5695    5.0087    99577   113053    99577        0        0        2       17
   1   2  20   15.0000    0.0184    1.4190    3.5713    5.0087    99095    99772    99095        0        0        4       19
   1   2  30   15.0000    0.0185    1.4266    3.5636    5.0087    98691    99454    98691        0        0        6       20
   1   3  10   15.0000    0.0184    1.4289    3.5614    5.0087    98916    99138    98916        0        0        7       22
   1   3  20   15.0000    0.0186    1.4304    3.5598    5.0087    98150    99312    98150        0        0        8       23
   1   3  30   15.0000    0.0184    1.4288    3.5616    5.0087    98903    99042    98903        0        0        8       25
   1   4  10   15.0000    0.0183    1.4231    3.5674    5.0087    98366    99536    98366        0        0        9       27
   1   4  20   15.0000    0.0184    1.4328    3.5575    5.0087    98711    99501    98711        0        0        9       28
   1   4  30   15.0000    0.0183    1.4246    3.5658    5.0087    98358    99564    98358        0        0       15       30
   1   5  10   15.0000    0.0182    1.4307    3.5599    5.0087    98851    99482    98851        0        0       17       31
   1   5  20   15.0000    0.0183    1.4332    3.5573    5.0087    98475    99341    98475        0        0       18       33
   1   5  30   15.0000    0.0180    1.4234    3.5673    5.0087    99057    99485    99057        0        0       19       34
   1   6  10   15.0000    0.0182    1.4337    3.5568    5.0087    98702    99313    98702        0        0       20       35
   1   6  20   15.0000    0.0181    1.4272    3.5634    5.0087    98843    99282    98843        0        0       23       37
   1   6  30   15.0000    0.0180    1.4291    3.5616    5.0087    99189    99514    99189        0        0       24       38
   1   7  10   15.0000    0.0179    1.4176    3.5732    5.0087    99223    99319    99223        0        0       25       40
   1   7  20   15.0000    0.0179    1.4240    3.5669    5.0087    99476    99591    99476        0        0       26       41
   1   7  30   15.0000    0.0182    1.4349    3.5556    5.0087    98449    99318    98449        0        0       30       43
   1   8  10   15.0000    0.0180    1.4316    3.5592    5.0087    99370    99397    99370        0        0       32       44
   1   8  20   15.0000    0.0179    1.4229    3.5679    5.0087    98887    99198    98887        0        0       33       46
   1   8  30   15.0000    0.0179    1.4237    3.5672    5.0087    99301    99301    99301        0        0       34       47
   1   9  10   15.0000    0.0180    1.4243    3.5664    5.0087    98737    99259    98737        0        0       36       49
   1   9  20   15.0000    0.0178    1.4186    3.5723    5.0087    99233    99233    99233        0        0       37       50
   1   9  30   15.0000    0.0181    1.4296    3.5610    5.0087    98428    99276    98428        0        0       38       52
   1  10  10   15.0000    0.0179    1.4209    3.5700    5.0087    99032    99187    99032        0        0       39       53
   1  10  20   15.0000    0.0179    1.4223    3.5685    5.0087    98840    99275    98840        0        0       40       55
   1  10  30   15.0000    0.0179    1.4227    3.5682    5.0087    99044    99081    99044        0        0       41       56
   1  11  10   15.0000    0.0180    1.4276    3.5632    5.0087    98952    99028    98952        0        0       42       58
   1  11  20   15.0000    0.0179    1.4223    3.5685    5.0087    98903    99069    98903        0        0       43       59
   1  11  30   15.0000    0.0179    1.4232    3.5677    5.0087    98878    99314    98878        0        0       44       61
   1  12  10   15.0000    0.0179    1.4231    3.5678    5.0087    99033    99217    99033        0        0       45       62
   1  12  20   15.0000    0.0180    1.4309    3.5597    5.0087    98599    99038    98599        0        0       46       64
   1  12  30   15.0000    0.0179    1.4264    3.5644    5.0087    98955    99035    98955        0        0       47       65
   2   1  10   15.0000    0.0177    1.4129    3.5781    5.0087    99209    99346    99209        0        0       48       67
   2   1  20   15.0000    0.0180    1.4358    3.5549    5.0087    98936    99171    98936        0        0       49       68
   2   1  30   15.0000    0.0179    1.4240    3.5669    5.0087    98949    99246    98949        0        0       50       69
   2   2  10   15.0000    0.0178    1.4237    3.5672    5.0087    99257    99257    99257        0        0       51       71
   2   2  20   15.0000    0.0180    1.4303    3.5605    5.0087    98649    99097    98649        0        0       52       72
   2   2  30   15.0000    0.0177    1.4183    3.5727    5.0087    99175    99190    99175        0        0       58       74
   2   3  10   15.0000    0.0180    1.4288    3.5619    5.0087    98800    99164    98800        0        0       60       75
   2   3  20   15.0000    0.0180    1.4291    3.5616    5.0087    98720    99036    98720        0        0       61       77
   2   3  30   15.0000    0.0181    1.4340    3.5567    5.0087    98655    99270    98655        0        0       62       78
   2   4  10   15.0000    0.0179    1.4242    3.5666    5.0087    98785    99405    98785        0        0       63       80
   2   4  20   15.0000    0.0179    1.4271    3.5637    5.0087    98784    99654    98784        0        0       64       81
   2   4  30   15.0000    0.0181    1.4339    3.5567    5.0087    98656    99227    98656        0        0       70       83
   2   5  10   15.0000    0.0180    1.4292    3.5615    5.0087    98770    99173    98770        0        0       71       84
   2   5  20   15.0000    0.0180    1.4293    3.5614    5.0087    98644    99534    98644        0        0       72       86
   2   5  30   15.0000    0.0179    1.4252    3.5656    5.0087    98962    99419    98962        0        0       74       87
   2   6  10   15.0000    0.0177    1.4175    3.5735    5.0087    99081    99456    99081        0        0       75       89
   2   6  20   15.0000    0.0178    1.4241    3.5668    5.0087    99284    99406    99284        0        0       76       90
   2   6  30   15.0000    0.0179    1.4268    3.5640    5.0087    98967    99282    98967        0        0       78       92
   2   7  10   15.0000    0.0177    1.4208    3.5703    5.0087    99406    99409    99406        0        0       79       93
   2   7  20   15.0000    0.0178    1.4220    3.5690    5.0087    99189    99238    99189        0        0       80       95
   2   7  30   15.0000    0.0179    1.4284    3.5624    5.0087    98924    99128    98924        0        0       82       96
   2   8  10   15.0000    0.0179    1.4254    3.5655    5.0087    98943    98991    98943        0        0       83       97
   2   8  20   15.0000    0.0179    1.4243    3.5665    5.0087    98877    98877    98877        0        0       84       99
   2   8  30   15.0000    0.0180    1.4281    3.5626    5.0087    98550    99189    98550        0        0       86      100
   2   9  10   15.0000    0.0180    1.4315    3.5592    5.0087    98658    99008    98658        0        0       87      102
   2   9  20   15.0000    0.0178    1.4216    3.5693    5.0087    98948    99374    98948        0        0       88      103
   2   9  30   15.0000    0.0179    1.4215    3.5694    5.0087    98733    99271    98733        0        0       90      105
   2  10  10   15.0000    0.0180    1.4277    3.5631    5.0087    98772    99118    98772        0        0       91      106
   2  10  20   15.0000    0.0181    1.4356    3.5550    5.0087    98604    98876    98604        0        0       92      108
   2  10  30   15.0000    0.0179    1.4271    3.5637    5.0087    98926    99010    98926        0        0       93      109
   2  11  10   15.0000    0.0178    1.4211    3.5698    5.0087    99016    99278    99016        0        0       95      111
   2  11  20   15.0000    0.0180    1.4341    3.5566    5.0087    98750    99225    98750        0        0       96      112
   2  11  30   15.0000    0.0177    1.4163    3.5748    5.0087    99348    99704    99348        0        0       98      114
   2  12  10   15.0000    0.0180    1.4319    3.5589    5.0087    98645    99101    98645        0        0       99      115
   2  12  20   15.0000    0.0177    1.4242    3.5668    5.0087    99515    99696    99515        0        0      100      117
   2  12  30   15.0000    0.0177    1.4221    3.5689    5.0087    99146    99299    99146        0        0      102      118
   3   1  10   15.0000    0.0178    1.4227    3.5683    5.0087    99199    99199    99199        0        0      103      120
   3   1  20   15.0000    0.0180    1.4316    3.5591    5.0087    98881    99514    98881        0        0      104      121
   3   1  30   15.0000    0.0178    1.4202    3.5707    5.0087    98999    99076    98999        0        0      106      123
   3   2  10   15.0000    0.0179    1.4211    3.5698    5.0087    98808    99042    98808        0        0      109      124
   3   2  20   15.0000    0.0179    1.4226    3.5683    5.0087    98790    99044    98790        0        0      110      125
   3   2  30   15.0000    0.0180    1.4250    3.5658    5.0087    98479    99241    98479        0        0      112      127
   3   3  10   15.0000    0.0179    1.4252    3.5657    5.0087    98722    99079    98722        0        0      113      128
   3   3  20   15.0000    0.0180    1.4254    3.5654    5.0087    98574    99188    98574        0        0      114      130
   3   3  30   15.0000    0.0178    1.4201    3.5709    5.0087    99134    99270    99134        0        0      115      131
   3   4  10   15.0000    0.0178    1.4216    3.5693    5.0087    99031    99387    99031        0        0      116      133
   3   4  20   15.0000    0.0179    1.4309    3.5599    5.0087    99084    99130    99084        0        0      118      134
   3   4  30   15.0000    0.0178    1.4255    3.5654    5.0087    98976    99264    98976        0        0      119      136
   3   5  10   15.0000    0.0179    1.4266    3.5643    5.0087    99064    99074    99064        0        0      120      137
   3   5  20   15.0000    0.0180    1.4336    3.5572    5.0087    98979    99106    98979        0        0      121      139
   3   5  30   15.0000    0.0179    1.4266    3.5642    5.0087    98925    99070    98925        0        0      122      140
   3   6  10   15.0000    0.0177    1.4189    3.5722    5.0087    99300    99346    99300        0        0      125      142
   3   6  20   15.0000    0.0180    1.4305    3.5603    5.0087    98789    98918    98789        0        0      126      143
   3   6  30   15.0000    0.0178    1.4237    3.5672    5.0087    99112    99165    99112        0        0      127      145
   3   7  10   15.0000    0.0179    1.4259    3.5649    5.0087    98748    99108    98748        0        0      128      146
   3   7  20   15.0000    0.0178    1.4226    3.5683    5.0087    98899    99102    98899        0        0      129      147
   3   7  30   15.0000    0.0180    1.4291    3.5617    5.0087    98773    98994    98773        0        0      130      149
   3   8  10   15.0000    0.0179    1.4268    3.5640    5.0087    98822    98927    98822        0        0      131      150
   3   8  20   15.0000    0.0180    1.4260    3.5647    5.0087    98632    99025    98632        0        0      131      152
   3   8  30   15.0000    0.0178    1.4212    3.5698    5.0087    99114    99144    99114        0        0      132      153
   3   9  10   15.0000    0.0178    1.4234    3.5675    5.0087    98968    99138    98968        0        0      133      155
   3   9  20   15.0000    0.0178    1.4240    3.5669    5.0087    99070    99091    99070        0        0      134      156
   3   9  30   15.0000    0.0178    1.4220    3.5689    5.0087    98984    99221    98984        0        0      135      158
   3  10  10   15.0000    0.0178    1.4231    3.5678    5.0087    99182    99182    99182        0        0      135      159
   3  10  20   15.0000    0.0180    1.4299    3.5608    5.0087    98697    98940    98697        0        0      136      161
   3  10  30   15.0000    0.0180    1.4302    3.5606    5.0087    98949    98951    98949        0        0      145      162
   3  11  10   15.0000    0.0180    1.4303    3.5604    5.0087    98811    98871    98811        0        0      147      164
   3  11  20   15.0000    0.0179    1.4260    3.5648    5.0087    98819    99079    98819        0        0      148      165
   3  11  30   15.0000    0.0179    1.4243    3.5666    5.0087    98949    98987    98949        0        0      149      167
   3  12  10   15.0000    0.0180    1.4308    3.5600    5.0087    98829    98922    98829        0        0      151      168
   3  12  20   15.0000    0.0179    1.4255    3.5653    5.0087    98933    98945    98933        0        0      152      170
   3  12  30   15.0000    0.0180    1.4323    3.5584    5.0087    98789    98889    98789        0        0      153      171
   4   1  10   15.0000    0.0179    1.4254    3.5654    5.0087    98903    99034    98903        0        0      155      173
   4   1  20   15.0000    0.0180    1.4303    3.5604    5.0087    98522    99063    98522        0        0      156      174
   4   1  30   15.0000    0.0178    1.4250    3.5659    5.0087    99005    99276    99005        0        0      157      176
   4   2  10   15.0000    0.0179    1.4275    3.5633    5.0087    98820    99182    98820        0        0      159      177
   4   2  20   15.0000    0.0180    1.4329    3.5578    5.0087    98737    98910    98737        0        0      160      178
   4   2  30   15.0000    0.0179    1.4253    3.5655    5.0087    98986    98986    98986        0        0      162      180
   4   3  10   15.0000    0.0178    1.4230    3.5680    5.0087    99265    99265    99265        0        0      163      181
   4   3  20   15.0000    0.0181    1.4325    3.5581    5.0087    98321    99080    98321        0        0      164      183
   4   3  30   15.0000    0.0178    1.4260    3.5649    5.0087    99241    99327    99241        0        0      166      184
   4   4  10   15.0000    0.0182    1.4355    3.5550    5.0087    98078    99222    98078        0        0      167      186
   4   4  20   15.0000    0.0180    1.4333    3.5575    5.0087    98951    99040    98951        0        0      168      187
   4   4  30   15.0000    0.0178    1.4186    3.5724    5.0087    98870    99341    98870        0        0      170      189
   4   5  10   15.0000    0.0178    1.4237    3.5672    5.0087    99118    99202    99118        0        0      171      190
   4   5  20   15.0000    0.0180    1.4326    3.5581    5.0087    98552    99058    98552        0        0      173      192
   4   5  30   15.0000    0.0179    1.4262    3.5647    5.0087    98870    98950    98870        0        0      174      193
   4   6  10   15.0000    0.0179    1.4288    3.5620    5.0087    98883    99110    98883        0        0      176      195
   4   6  20   15.0000    0.0179    1.4285    3.5623    5.0087    99109    99160    99109        0        0      177      196
   4   6  30   15.0000    0.0179    1.4286    3.5622    5.0087    98975    99278    98975        0        0      179      198
   4   7  10   15.0000    0.0179    1.4260    3.5648    5.0087    99017    99143    99017        0        0      180      199
   4   7  20   15.0000    0.0177    1.4195    3.5715    5.0087    99311    99325    99311        0        0      181      201
   4   7  30   15.0000    0.0180    1.4312    3.5595    5.0087    98449    99034    98449        0        0      183      202
   4   8  10   15.0000    0.0179    1.4253    3.5656    5.0087    98876    98986    98876        0        0      184      204
   4   8  20   15.0000    0.0178    1.4216    3.5693    5.0087    99017    99118    99017        0        0      186      205
   4   8  30   15.0000    0.0177    1.4150    3.5760    5.0087    99192    99414    99192        0        0      192      206
   4   9  10   15.0000    0.0180    1.4297    3.5610    5.0087    98583    98922    98583        0        0      193      208
   4   9  20   15.0000    0.0178    1.4242    3.5667    5.0087    99066    99267    99066        0        0      194      209
   4   9  30   15.0000    0.0180    1.4305    3.5602    5.0087    98441    98951    98441        0        0      195      211
   4  10  10   15.0000    0.0177    1.4176    3.5735    5.0087    99503    99511    99503        0        0      197      212
   4  10  20   15.0000    0.0179    1.4261    3.5647    5.0087    98762    99020    98762        0        0      198      214
   4  10  30   15.0000    0.0179    1.4293    3.5615    5.0087    99011    99138    99011        0        0      199      215
   4  11  10   15.0000    0.0179    1.4255    3.5654    5.0087    98988    99281    98988        0        0      200      217
   4  11  20   15.0000    0.0179    1.4231    3.5678    5.0087    98986    99141    98986        0        0      202      218
   4  11  30   15.0000    0.0179    1.4266    3.5642    5.0087    98836    99116    98836        0        0      204      220
   4  12  10   15.0000    0.0180    1.4300    3.5607    5.0087    98724    98865    98724        0        0      205      221
   4  12  20   15.0000    0.0179    1.4258    3.5650    5.0087    98643    99262    98643        0        0      207      223
   4  12  30   15.0000    0.0178    1.4236    3.5673    5.0087    98984    99145    98984        0        0      208      224
   5   1  10   15.0000    0.0179    1.4264    3.5644    5.0087    98995    99638    98995        0        0      209      225
   5   1  20   15.0000    0.0178    1.4199    3.5709    5.0087    98737    99314    98737        0        0      212      227
   5   1  30   15.0000    0.0177    1.4228    3.5682    5.0087    99443    99510    99443        0        0      213      228
   5   2  10   15.0000    0.0179    1.4230    3.5677    5.0087    98598    99124    98598        0        0      214      230
   5   2  20   15.0000    0.0176    1.4153    3.5758    5.0087    99507    99560    99507        0        0      216      231
   5   2  30   15.0000    0.0181    1.4295    3.5611    5.0087    98356    99007    98356        0        0      217      233
   5   3  10   15.0000    0.0177    1.4222    3.5688    5.0087    99504    99504    99504        0        0      218      234
   5   3  20   15.0000    0.0178    1.4217    3.5692    5.0087    98784    99310    98784        0        0      219      236
   5   3  30   15.0000    0.0179    1.4283    3.5626    5.0087    99140    99149    99140        0        0      220      237
   5   4  10   15.0000    0.0179    1.4235    3.5674    5.0087    98675    99326    98675        0        0      222      239
   5   4  20   15.0000    0.0178    1.4231    3.5678    5.0087    99240    99240    99240        0        0      223      240
   5   4  30   15.0000    0.0179    1.4265    3.5643    5.0087    98805    99542    98805        0        0      224      242
   5   5  10   15.0000    0.0180    1.4303    3.5605    5.0087    98851    99081    98851        0        0      225      243
   5   5  20   15.0000    0.0180    1.4292    3.5616    5.0087    98774    99153    98774        0        0      227      245
   5   5  30   15.0000    0.0178    1.4194    3.5715    5.0087    99015    99015    99015        0        0      228      246
   5   6  10   15.0000    0.0178    1.4215    3.5695    5.0087    99123    99568    99123        0        0      229      248
   5   6  20   15.0000    0.0179    1.4234    3.5675    5.0087    98817    99252    98817        0        0      230      249
   5   6  30   15.0000    0.0178    1.4221    3.5689    5.0087    99208    99370    99208        0        0      232      250
   5   7  10   15.0000    0.0180    1.4275    3.5633    5.0087    98635    99022    98635        0        0      233      252
   5   7  20   15.0000    0.0179    1.4280    3.5628    5.0087    98926    99258    98926        0        0      234      253
   5   7  30   15.0000    0.0181    1.4332    3.5575    5.0087    98410    99178    98410        0        0      236      255
   5   8  10   15.0000    0.0180    1.4341    3.5567    5.0087    98987    99120    98987        0        0      237      256
   5   8  20   15.0000    0.0180    1.4287    3.5620    5.0087    98580    98905    98580        0        0      238      258
   5   8  30   15.0000    0.0178    1.4217    3.5693    5.0087    99174    99410    99174        0        0      239      259
   5   9  10   15.0000    0.0179    1.4195    3.5713    5.0087    98694    99274    98694        0        0      241      261
   5   9  20   15.0000    0.0178    1.4250    3.5659    5.0087    99260    99270    99260        0        0      242      262
   5   9  30   15.0000    0.0180    1.4300    3.5608    5.0087    98617    99120    98617        0        0      244      264
   5  10  10   15.0000    0.0176    1.4140    3.5771    5.0087    99525    99525    99525        0        0      245      265
   5  10  20   15.0000    0.0179    1.4269    3.5639    5.0087    98876    99195    98876        0        0      247      267
   5  10  30   15.0000    0.0178    1.4223    3.5686    5.0087    99145    99153    99145        0        0      248      268
   5  11  10   15.0000    0.0178    1.4227    3.5682    5.0087    98990    99210    98990        0        0      249      270
   5  11  20   15.0000    0.0179    1.4248    3.5661    5.0087    98879    98956    98879        0        0      250      271
   5  11  30   15.0000    0.0180    1.4304    3.5603    5.0087    98635    99258    98635        0        0      252      273
   5  12  10   15.0000    0.0180    1.4287    3.5620    5.0087    98755    99270    98755        0        0      253      274
   5  12  20   15.0000    0.0179    1.4243    3.5665    5.0087    98908    99466    98908        0        0      254      275
