gfortran -c src/wcm_arrays.f90 -o src/wcm_arrays.o
gfortran -fmax-stack-var-size=32768 -w -O3 -fopenmp -o output/wcm.x src/wcm_arrays.f90 src/phyt_ibm.F90 src/wcm.F90 -Isrc
Running model...
   1   0   0   15.0000    4.9852    0.0011    0.0225    5.0087      629      629      629        0        0        1        2
   1   1  10   15.0000    0.0098    0.9104    4.0885    5.0087   114408   126360   114408        0        0        1       13
   1   1  20   15.0000    0.0190    1.4095    3.5803    5.0087    97382   125377    97382        0        0        2       14
   1   1  30   15.0000    0.0184    1.4259    3.5644    5.0087   100195   122503   100195        0        0        2       16
   1   2  10   15.0000    0.0192    1.4307    3.5588    5.0087    96453   115227    96453        0        0        2       17
   1   2  20   15.0000    0.0183    1.4270    3.5634    5.0087   100057   100144   100057        0        0        5       19
   1   2  30   15.0000    0.0192    1.4266    3.5630    5.0087    96355   100125    96355        0        0        6       21
   1   3  10   15.0000    0.0180    1.4236    3.5671    5.0087   100294   100294   100294        0        0        6       22
   1   3  20   15.0000    0.0186    1.4238    3.5663    5.0087    98072   100038    98072        0        0        8       24
   1   3  30   15.0000    0.0181    1.4287    3.5620    5.0087    99885    99887    99885        0        0        9       25
   1   4  10   15.0000    0.0186    1.4275    3.5627    5.0087    97750   100058    97750        0        0       11       27
   1   4  20   15.0000    0.0179    1.4241    3.5668    5.0087   100085   100371   100085        0        0       14       28
   1   4  30   15.0000    0.0185    1.4191    3.5711    5.0087    96970   100089    96970        0        0       16       30
   1   5  10   15.0000    0.0178    1.4237    3.5672    5.0087    99992   100487    99992        0        0       17       31
   1   5  20   15.0000    0.0184    1.4273    3.5630    5.0087    96907   100161    96907        0        0       18       32
   1   5  30   15.0000    0.0179    1.4333    3.5576    5.0087    99828   100237    99828        0        0       19       34
   1   6  10   15.0000    0.0183    1.4232    3.5672    5.0087    97296   100190    97296        0        0       19       35
   1   6  20   15.0000    0.0178    1.4296    3.5614    5.0087   100192   100267   100192        0        0       20       37
   1   6  30   15.0000    0.0183    1.4276    3.5628    5.0087    97227   100255    97227        0        0       21       38
   1   7  10   15.0000    0.0177    1.4296    3.5615    5.0087   100575   100575   100575        0        0       22       40
   1   7  20   15.0000    0.0182    1.4222    3.5684    5.0087    97608   100823    97608        0        0       23       41
   1   7  30   15.0000    0.0175    1.4194    3.5718    5.0087   100339   100554   100339        0        0       23       43
   1   8  10   15.0000    0.0180    1.4220    3.5687    5.0087    98106   100578    98106        0        0       24       44
   1   8  20   15.0000    0.0179    1.4288    3.5620    5.0087    99396   100088    99396        0        0       25       46
   1   8  30   15.0000    0.0178    1.4229    3.5680    5.0087    98807   100595    98807        0        0       26       47
   1   9  10   15.0000    0.0180    1.4301    3.5606    5.0087    98648   100155    98648        0        0       27       49
   1   9  20   15.0000    0.0178    1.4297    3.5612    5.0087    99322   100743    99322        0        0       28       50
   1   9  30   15.0000    0.0178    1.4196    3.5714    5.0087    98674   100370    98674        0        0       28       52
   1  10  10   15.0000    0.0177    1.4277    3.5634    5.0087    99888   100497    99888        0        0       34       53
   1  10  20   15.0000    0.0182    1.4318    3.5588    5.0087    97660   100177    97660        0        0       35       55
   1  10  30   15.0000    0.0176    1.4304    3.5608    5.0087   100191   100281   100191        0        0       36       56
   1  11  10   15.0000    0.0180    1.4211    3.5696    5.0087    97634   100237    97634        0        0       37       58
   1  11  20   15.0000    0.0174    1.4183    3.5730    5.0087   100561   100570   100561        0        0       38       59
   1  11  30   15.0000    0.0181    1.4210    3.5696    5.0087    97112   100432    97112        0        0       39       61
   1  12  10   15.0000    0.0176    1.4276    3.5635    5.0087   100032   100032   100032        0        0       40       62
   1  12  20   15.0000    0.0181    1.4273    3.5633    5.0087    97595   100263    97595        0        0       41       63
   1  12  30   15.0000    0.0176    1.4275    3.5636    5.0087   100046   100056   100046        0        0       50       65
   2   1  10   15.0000    0.0180    1.4249    3.5659    5.0087    98068   100345    98068        0        0       52       66
   2   1  20   15.0000    0.0178    1.4353    3.5556    5.0087    99674    99917    99674        0        0       56       68
   2   1  30   15.0000    0.0179    1.4268    3.5640    5.0087    98528   100354    98528        0        0       57       69
   2   2  10   15.0000    0.0178    1.4293    3.5616    5.0087    99145   100042    99145        0        0       58       71
   2   2  20   15.0000    0.0179    1.4311    3.5597    5.0087    98856   100412    98856        0        0       59       72
   2   2  30   15.0000    0.0179    1.4263    3.5645    5.0087    98368   100154    98368        0        0       61       74
   2   3  10   15.0000    0.0177    1.4310    3.5600    5.0087    99725   100394    99725        0        0       62       75
   2   3  20   15.0000    0.0181    1.4276    3.5631    5.0087    97711    99990    97711        0        0       63       77
   2   3  30   15.0000    0.0175    1.4238    3.5674    5.0087   100085   100348   100085        0        0       64       78
   2   4  10   15.0000    0.0180    1.4197    3.5711    5.0087    97688   100336    97688        0        0       66       80
   2   4  20   15.0000    0.0176    1.4320    3.5591    5.0087   100169   100218   100169        0        0       67       81
   2   4  30   15.0000    0.0180    1.4226    3.5681    5.0087    97602   100178    97602        0        0       68       83
   2   5  10   15.0000    0.0176    1.4281    3.5630    5.0087    99893   100072    99893        0        0       69       84
   2   5  20   15.0000    0.0179    1.4252    3.5657    5.0087    98288   100188    98288        0        0       70       85
   2   5  30   15.0000    0.0176    1.4217    3.5694    5.0087    99416    99913    99416        0        0       71       87
   2   6  10   15.0000    0.0179    1.4293    3.5615    5.0087    98706    99952    98706        0        0       73       88
   2   6  20   15.0000    0.0177    1.4203    3.5708    5.0087    99221    99938    99221        0        0       74       90
   2   6  30   15.0000    0.0177    1.4283    3.5627    5.0087    99344   100095    99344        0        0       75       91
   2   7  10   15.0000    0.0181    1.4315    3.5592    5.0087    97946   100104    97946        0        0       76       93
   2   7  20   15.0000    0.0175    1.4203    3.5709    5.0087   100041   100252   100041        0        0       77       94
   2   7  30   15.0000    0.0181    1.4286    3.5620    5.0087    97733    99808    97733        0        0       79       96
   2   8  10   15.0000    0.0175    1.4217    3.5695    5.0087    99859   100034    99859        0        0       80       97
   2   8  20   15.0000    0.0181    1.4343    3.5563    5.0087    97599    99595    97599        0        0       81       99
   2   8  30   15.0000    0.0175    1.4221    3.5691    5.0087    99721   100043    99721        0        0       82      100
   2   9  10   15.0000    0.0180    1.4261    3.5646    5.0087    97913    99801    97913        0        0       83      102
   2   9  20   15.0000    0.0174    1.4175    3.5738    5.0087   100286   100286   100286        0        0       85      103
   2   9  30   15.0000    0.0178    1.4244    3.5665    5.0087    98509    99940    98509        0        0       86      105
   2  10  10   15.0000    0.0179    1.4314    3.5595    5.0087    99087    99754    99087        0        0       87      106
   2  10  20   15.0000    0.0179    1.4344    3.5564    5.0087    98750    99963    98750        0        0       89      107
   2  10  30   15.0000    0.0179    1.4285    3.5623    5.0087    98438    99704    98438        0        0       90      109
   2  11  10   15.0000    0.0177    1.4294    3.5616    5.0087    99484   100099    99484        0        0       99      110
   2  11  20   15.0000    0.0181    1.4340    3.5566    5.0087    97782    99966    97782        0        0      100      112
   2  11  30   15.0000    0.0177    1.4303    3.5607    5.0087    99479    99743    99479        0        0      101      113
   2  12  10   15.0000    0.0179    1.4258    3.5650    5.0087    98147    99696    98147        0        0      102      115
   2  12  20   15.0000    0.0175    1.4224    3.5688    5.0087    99923   100002    99923        0        0      103      116
   2  12  30   15.0000    0.0179    1.4234    3.5674    5.0087    97939    99884    97939        0        0      104      118
   3   1  10   15.0000    0.0175    1.4171    3.5742    5.0087    99921    99924    99921        0        0      105      119
   3   1  20   15.0000    0.0179    1.4251    3.5657    5.0087    98027    99972    98027        0        0      106      121
   3   1  30   15.0000    0.0176    1.4283    3.5628    5.0087    99826    99826    99826        0        0      107      122
   3   2  10   15.0000    0.0178    1.4204    3.5706    5.0087    98567    99999    98567        0        0      108      124
   3   2  20   15.0000    0.0176    1.4229    3.5682    5.0087    99382    99743    99382        0        0      113      125
   3   2  30   15.0000    0.0178    1.4276    3.5633    5.0087    98798    99793    98798        0        0      114      127
   3   3  10   15.0000    0.0179    1.4295    3.5613    5.0087    98574    99605    98574        0        0      115      128
   3   3  20   15.0000    0.0177    1.4233    3.5678    5.0087    99217    99680    99217        0        0      117      129
   3   3  30   15.0000    0.0179    1.4258    3.5651    5.0087    98298    99666    98298        0        0      119      131
   3   4  10   15.0000    0.0175    1.4177    3.5735    5.0087    99737   100039    99737        0        0      120      132
   3   4  20   15.0000    0.0179    1.4233    3.5676    5.0087    98239    99725    98239        0        0      121      134
   3   4  30   15.0000    0.0175    1.4215    3.5698    5.0087   100114   100176   100114        0        0      122      135
   3   5  10   15.0000    0.0179    1.4234    3.5674    5.0087    98209    99615    98209        0        0      124      137
   3   5  20   15.0000    0.0178    1.4340    3.5570    5.0087    99532    99532    99532        0        0      125      138
   3   5  30   15.0000    0.0178    1.4240    3.5669    5.0087    98569    99876    98569        0        0      127      140
   3   6  10   15.0000    0.0176    1.4224    3.5688    5.0087    99506    99625    99506        0        0      128      141
   3   6  20   15.0000    0.0178    1.4240    3.5670    5.0087    98681    99949    98681        0        0      129      143
   3   6  30   15.0000    0.0177    1.4207    3.5704    5.0087    99120    99486    99120        0        0      131      144
   3   7  10   15.0000    0.0177    1.4244    3.5666    5.0087    99149    99715    99149        0        0      132      146
   3   7  20   15.0000    0.0178    1.4249    3.5660    5.0087    98493    99798    98493        0        0      133      147
   3   7  30   15.0000    0.0178    1.4303    3.5607    5.0087    99175    99611    99175        0        0      135      148
   3   8  10   15.0000    0.0179    1.4253    3.5655    5.0087    98202    99572    98202        0        0      140      150
   3   8  20   15.0000    0.0176    1.4249    3.5662    5.0087    99450    99604    99450        0        0      141      151
   3   8  30   15.0000    0.0179    1.4285    3.5623    5.0087    98180    99026    98180        0        0      142      153
   3   9  10   15.0000    0.0175    1.4198    3.5715    5.0087    99726    99819    99726        0        0      143      154
   3   9  20   15.0000    0.0179    1.4286    3.5622    5.0087    98215    99613    98215        0        0      145      156
   3   9  30   15.0000    0.0176    1.4226    3.5686    5.0087    99676    99676    99676        0        0      146      157
   3  10  10   15.0000    0.0177    1.4218    3.5692    5.0087    98822    99652    98822        0        0      148      159
   3  10  20   15.0000    0.0179    1.4322    3.5587    5.0087    98813    99278    98813        0        0      149      160
   3  10  30   15.0000    0.0179    1.4267    3.5641    5.0087    98445    99554    98445        0        0      150      162
   3  11  10   15.0000    0.0176    1.4179    3.5733    5.0087    99218    99386    99218        0        0      152      163
   3  11  20   15.0000    0.0176    1.4212    3.5699    5.0087    99173    99974    99173        0        0      153      165
   3  11  30   15.0000    0.0178    1.4245    3.5664    5.0087    98563    99529    98563        0        0      154      166
   3  12  10   15.0000    0.0177    1.4237    3.5674    5.0087    99267    99619    99267        0        0      156      167
   3  12  20   15.0000    0.0179    1.4254    3.5654    5.0087    98215    99432    98215        0        0      157      169
   3  12  30   15.0000    0.0176    1.4220    3.5691    5.0087    99472    99679    99472        0        0      158      170
   4   1  10   15.0000    0.0180    1.4292    3.5616    5.0087    97997    99368    97997        0        0      160      172
   4   1  20   15.0000    0.0176    1.4241    3.5670    5.0087    99554    99554    99554        0        0      161      173
   4   1  30   15.0000    0.0179    1.4289    3.5619    5.0087    98391    99285    98391        0        0      163      175
   4   2  10   15.0000    0.0177    1.4276    3.5634    5.0087    99150    99375    99150        0        0      164      176
   4   2  20   15.0000    0.0177    1.4236    3.5675    5.0087    99098    99365    99098        0        0      166      178
   4   2  30   15.0000    0.0177    1.4251    3.5659    5.0087    99020    99228    99020        0        0      167      179
   4   3  10   15.0000    0.0178    1.4256    3.5654    5.0087    98878    99296    98878        0        0      168      181
   4   3  20   15.0000    0.0177    1.4220    3.5691    5.0087    99210    99256    99210        0        0      170      182
   4   3  30   15.0000    0.0177    1.4244    3.5666    5.0087    98881    99521    98881        0        0      171      184
   4   4  10   15.0000    0.0178    1.4289    3.5620    5.0087    98797    99154    98797        0        0      172      185
   4   4  20   15.0000    0.0178    1.4255    3.5655    5.0087    98901    99424    98901        0        0      174      187
   4   4  30   15.0000    0.0178    1.4220    3.5689    5.0087    98389    99438    98389        0        0      175      188
   4   5  10   15.0000    0.0178    1.4299    3.5611    5.0087    98977    99408    98977        0        0      176      189
   4   5  20   15.0000    0.0180    1.4313    3.5594    5.0087    98082    99284    98082        0        0      178      191
   4   5  30   15.0000    0.0176    1.4231    3.5681    5.0087    99700    99754    99700        0        0      179      192
   4   6  10   15.0000    0.0178    1.4238    3.5672    5.0087    98727    99700    98727        0        0      180      194
   4   6  20   15.0000    0.0176    1.4255    3.5656    5.0087    99509    99576    99509        0        0      182      195
   4   6  30   15.0000    0.0179    1.4278    3.5631    5.0087    98628    99442    98628        0        0      185      197
   4   7  10   15.0000    0.0177    1.4270    3.5641    5.0087    99290    99290    99290        0        0      187      198
   4   7  20   15.0000    0.0179    1.4276    3.5632    5.0087    98504    99584    98504        0        0      188      200
   4   7  30   15.0000    0.0178    1.4254    3.5655    5.0087    98928    99282    98928        0        0      189      201
   4   8  10   15.0000    0.0178    1.4240    3.5670    5.0087    98687    99553    98687        0        0      191      203
   4   8  20   15.0000    0.0178    1.4254    3.5656    5.0087    98801    99198    98801        0        0      192      204
   4   8  30   15.0000    0.0176    1.4190    3.5721    5.0087    99425    99790    99425        0        0      193      206
   4   9  10   15.0000    0.0178    1.4268    3.5641    5.0087    98495    99362    98495        0        0      194      207
   4   9  20   15.0000    0.0177    1.4300    3.5611    5.0087    99376    99376    99376        0        0      196      208
   4   9  30   15.0000    0.0178    1.4260    3.5649    5.0087    98501    99469    98501        0        0      197      210
   4  10  10   15.0000    0.0177    1.4286    3.5625    5.0087    99361    99377    99361        0        0      198      211
   4  10  20   15.0000    0.0177    1.4221    3.5689    5.0087    98835    99411    98835        0        0      200      213
   4  10  30   15.0000    0.0179    1.4326    3.5583    5.0087    98804    98918    98804        0        0      202      214
   4  11  10   15.0000    0.0178    1.4273    3.5637    5.0087    98865    99028    98865        0        0      203      216
   4  11  20   15.0000    0.0178    1.4301    3.5608    5.0087    98992    98992    98992        0        0      206      217
   4  11  30   15.0000    0.0177    1.4240    3.5670    5.0087    98850    99105    98850        0        0      208      219
   4  12  10   15.0000    0.0177    1.4227    3.5683    5.0087    98899    98977    98899        0        0      209      220
   4  12  20   15.0000    0.0178    1.4270    3.5639    5.0087    98740    99276    98740        0        0      210      222
   4  12  30   15.0000    0.0178    1.4266    3.5644    5.0087    98741    99082    98741        0        0      212      223
   5   1  10   15.0000    0.0177    1.4250    3.5660    5.0087    99082    99471    99082        0        0      213      225
   5   1  20   15.0000    0.0177    1.4207    3.5703    5.0087    98693    99329    98693        0        0      215      226
   5   1  30   15.0000    0.0175    1.4202    3.5710    5.0087    99631    99639    99631        0        0      216      227
   5   2  10   15.0000    0.0180    1.4328    3.5580    5.0087    98446    99325    98446        0        0      217      229
   5   2  20   15.0000    0.0177    1.4268    3.5642    5.0087    99192    99192    99192        0        0      219      230
   5   2  30   15.0000    0.0178    1.4242    3.5668    5.0087    98550    99183    98550        0        0      220      232
   5   3  10   15.0000    0.0177    1.4229    3.5681    5.0087    99207    99345    99207        0        0      221      233
   5   3  20   15.0000    0.0178    1.4298    3.5612    5.0087    98894    99289    98894        0        0      223      235
   5   3  30   15.0000    0.0178    1.4308    3.5601    5.0087    98909    98913    98909        0        0      224      236
   5   4  10   15.0000    0.0177    1.4253    3.5658    5.0087    99090    99290    99090        0        0      227      238
   5   4  20   15.0000    0.0178    1.4236    3.5674    5.0087    98776    99125    98776        0        0      228      239
   5   4  30   15.0000    0.0178    1.4229    3.5681    5.0087    98848    99420    98848        0        0      229      241
   5   5  10   15.0000    0.0179    1.4327    3.5581    5.0087    98460    99346    98460        0        0      231      242
   5   5  20   15.0000    0.0177    1.4219    3.5691    5.0087    98986    99493    98986        0        0      232      244
   5   5  30   15.0000    0.0180    1.4338    3.5570    5.0087    98589    99074    98589        0        0      233      245
   5   6  10   15.0000    0.0177    1.4255    3.5656    5.0087    99368    99385    99368        0        0      235      247
   5   6  20   15.0000    0.0177    1.4224    3.5686    5.0087    99147    99463    99147        0        0      236      248
   5   6  30   15.0000    0.0179    1.4369    3.5540    5.0087    98955    98996    98955        0        0      238      249
   5   7  10   15.0000    0.0179    1.4311    3.5598    5.0087    98578    99049    98578        0        0      239      251
   5   7  20   15.0000    0.0177    1.4272    3.5638    5.0087    99126    99201    99126        0        0      241      252
   5   7  30   15.0000    0.0178    1.4272    3.5637    5.0087    98596    99251    98596        0        0      242      254
   5   8  10   15.0000    0.0178    1.4273    3.5637    5.0087    99090    99239    99090        0        0      243      255
   5   8  20   15.0000    0.0177    1.4192    3.5718    5.0087    98662    99360    98662        0        0      245      257
   5   8  30   15.0000    0.0177    1.4258    3.5653    5.0087    99088    99267    99088        0        0      246      258
   5   9  10   15.0000    0.0178    1.4229    3.5681    5.0087    98617    99308    98617        0        0      248      260
   5   9  20   15.0000    0.0177    1.4244    3.5667    5.0087    99077    99280    99077        0        0      249      261
   5   9  30   15.0000    0.0177    1.4225    3.5686    5.0087    98803    99209    98803        0        0      251      263
   5  10  10   15.0000    0.0179    1.4364    3.5545    5.0087    98958    99066    98958        0        0      252      264
   5  10  20   15.0000    0.0177    1.4245    3.5666    5.0087    99102    99383    99102        0        0      255      266
   5  10  30   15.0000    0.0176    1.4193    3.5719    5.0087    99399    99399    99399        0        0      256      267
   5  11  10   15.0000    0.0176    1.4202    3.5710    5.0087    99384    99454    99384        0        0      257      268
   5  11  20   15.0000    0.0177    1.4191    3.5719    5.0087    98687    99307    98687        0        0      258      270
   5  11  30   15.0000    0.0177    1.4216    3.5695    5.0087    99207    99255    99207        0        0      260      271
   5  12  10   15.0000    0.0180    1.4329    3.5579    5.0087    98266    99091    98266        0        0      261      273
   5  12  20   15.0000    0.0177    1.4249    3.5661    5.0087    98933    99250    98933        0        0      263      274
   5  12  30   15.0000    0.0179    1.4284    3.5625    5.0087    98610    99031    98610        0        0      264      276
   6   1  10   15.0000    0.0177    1.4221    3.5690    5.0087    99049    99197    99049        0        0      265      277
   6   1  20   15.0000    0.0177    1.4233    3.5677    5.0087    98908    99324    98908        0        0      267      279
   6   1  30   15.0000    0.0177    1.4240    3.5670    5.0087    98996    99140    98996        0        0      268      280
   6   2  10   15.0000    0.0178    1.4255    3.5654    5.0087    98717    99151    98717        0        0      269      282
   6   2  20   15.0000    0.0177    1.4276    3.5634    5.0087    99139    99153    99139        0        0      270      283
   6   2  30   15.0000    0.0179    1.4299    3.5610    5.0087    98743    98985    98743        0        0      272      285
   6   3  10   15.0000    0.0178    1.4271    3.5638    5.0087    98887    99060    98887        0        0      273      286
   6   3  20   15.0000    0.0177    1.4212    3.5699    5.0087    99165    99236    99165        0        0      274      287
   6   3  30   15.0000    0.0179    1.4316    3.5592    5.0087    98566    98956    98566        0        0      275      289
   6   4  10   15.0000    0.0177    1.4266    3.5644    5.0087    99036    99416    99036        0        0      279      290
   6   4  20   15.0000    0.0179    1.4313    3.5595    5.0087    98543    99173    98543        0        0      281      292
   6   4  30   15.0000    0.0177    1.4246    3.5664    5.0087    99141    99432    99141        0        0      282      293
   6   5  10   15.0000    0.0177    1.4218    3.5692    5.0087    98864    99544    98864        0        0      284      295
   6   5  20   15.0000    0.0177    1.4245    3.5666    5.0087    99365    99464    99365        0        0      285      296
   6   5  30   15.0000    0.0180    1.4311    3.5597    5.0087    98168    99258    98168        0        0      287      298
   6   6  10   15.0000    0.0176    1.4232    3.5679    5.0087    99525    99577    99525        0        0      288      299
   6   6  20   15.0000    0.0177    1.4194    3.5717    5.0087    98647    99234    98647        0        0      289      301
   6   6  30   15.0000    0.0177    1.4255    3.5655    5.0087    99151    99151    99151        0        0      290      302
   6   7  10   15.0000    0.0179    1.4325    3.5583    5.0087    98567    99114    98567        0        0      292      304
   6   7  20   15.0000    0.0178    1.4253    3.5656    5.0087    98673    99290    98673        0        0      293      305
   6   7  30   15.0000    0.0177    1.4258    3.5652    5.0087    99293    99359    99293        0        0      295      307
   6   8  10   15.0000    0.0177    1.4240    3.5670    5.0087    98955    99216    98955        0        0      296      308
   6   8  20   15.0000    0.0178    1.4278    3.5632    5.0087    98842    99164    98842        0        0      297      309
   6   8  30   15.0000    0.0178    1.4245    3.5665    5.0087    98537    98902    98537        0        0      299      311
   6   9  10   15.0000    0.0177    1.4255    3.5655    5.0087    99017    99401    99017        0        0      300      312
   6   9  20   15.0000    0.0178    1.4259    3.5651    5.0087    98872    99081    98872        0        0      301      314
   6   9  30   15.0000    0.0178    1.4307    3.5602    5.0087    99072    99138    99072        0        0      302      315
   6  10  10   15.0000    0.0177    1.4193    3.5718    5.0087    98925    99352    98925        0        0      304      317
   6  10  20   15.0000    0.0176    1.4230    3.5681    5.0087    99215    99295    99215        0        0      305      318
   6  10  30   15.0000    0.0178    1.4291    3.5618    5.0087    98614    99135    98614        0        0      306      320
   6  11  10   15.0000    0.0178    1.4285    3.5625    5.0087    98794    99113    98794        0        0      308      321
   6  11  20   15.0000    0.0179    1.4307    3.5602    5.0087    98742    99050    98742        0        0      309      323
   6  11  30   15.0000    0.0177    1.4216    3.5694    5.0087    98777    99154    98777        0        0      310      324
   6  12  10   15.0000    0.0179    1.4336    3.5572    5.0087    98602    98949    98602        0        0      311      326
   6  12  20   15.0000    0.0176    1.4184    3.5727    5.0087    99180    99615    99180        0        0      313      327
   6  12  30   15.0000    0.0177    1.4222    3.5688    5.0087    98891    99327    98891        0        0      314      328
   7   1  10   15.0000    0.0178    1.4305    3.5604    5.0087    98906    99035    98906        0        0      315      330
   7   1  20   15.0000    0.0177    1.4192    3.5719    5.0087    99099    99302    99099        0        0      317      331
   7   1  30   15.0000    0.0178    1.4264    3.5646    5.0087    98873    98934    98873        0        0      319      333
   7   2  10   15.0000    0.0178    1.4263    3.5647    5.0087    99111    99111    99111        0        0      320      334
   7   2  20   15.0000    0.0178    1.4222    3.5687    5.0087    98737    99086    98737        0        0      322      336
   7   2  30   15.0000    0.0177    1.4277    3.5633    5.0087    99087    99352    99087        0        0      324      337
   7   3  10   15.0000    0.0177    1.4232    3.5679    5.0087    99032    99095    99032        0        0      325      339
   7   3  20   15.0000    0.0177    1.4286    3.5624    5.0087    99118    99133    99118        0        0      326      340
   7   3  30   15.0000    0.0176    1.4221    3.5690    5.0087    99119    99394    99119        0        0      328      342
   7   4  10   15.0000    0.0179    1.4262    3.5646    5.0087    98621    99037    98621        0        0      329      343
   7   4  20   15.0000    0.0176    1.4210    3.5701    5.0087    99380    99380    99380        0        0      331      345
   7   4  30   15.0000    0.0179    1.4275    3.5634    5.0087    98534    98966    98534        0        0      332      346
   7   5  10   15.0000    0.0178    1.4270    3.5640    5.0087    99065    99065    99065        0        0      334      347
   7   5  20   15.0000    0.0180    1.4370    3.5537    5.0087    98349    99087    98349        0        0      335      349
   7   5  30   15.0000    0.0178    1.4294    3.5616    5.0087    98862    99019    98862        0        0      336      350
   7   6  10   15.0000    0.0178    1.4258    3.5652    5.0087    98914    99032    98914        0        0      338      352
   7   6  20   15.0000    0.0178    1.4277    3.5632    5.0087    98929    98976    98929        0        0      339      353
   7   6  30   15.0000    0.0178    1.4254    3.5656    5.0087    98779    99164    98779        0        0      341      355
   7   7  10   15.0000    0.0177    1.4236    3.5675    5.0087    98991    99086    98991        0        0      342      356
   7   7  20   15.0000    0.0177    1.4264    3.5646    5.0087    99057    99122    99057        0        0      343      358
   7   7  30   15.0000    0.0177    1.4225    3.5685    5.0087    98896    99247    98896        0        0      345      359
   7   8  10   15.0000    0.0177    1.4250    3.5660    5.0087    99075    99396    99075        0        0      348      361
   7   8  20   15.0000    0.0177    1.4190    3.5720    5.0087    98804    99322    98804        0        0      350      362
   7   8  30   15.0000    0.0177    1.4247    3.5663    5.0087    99307    99307    99307        0        0      351      364
   7   9  10   15.0000    0.0179    1.4304    3.5604    5.0087    98394    99071    98394        0        0      353      365
   7   9  20   15.0000    0.0176    1.4216    3.5695    5.0087    99393    99393    99393        0        0      354      367
   7   9  30   15.0000    0.0179    1.4311    3.5598    5.0087    98622    99097    98622        0        0      356      368
   7  10  10   15.0000    0.0179    1.4329    3.5580    5.0087    98933    99158    98933        0        0      357      369
   7  10  20   15.0000    0.0178    1.4244    3.5665    5.0087    98602    99301    98602        0        0      358      371
   7  10  30   15.0000    0.0177    1.4276    3.5634    5.0087    99196    99266    99196        0        0      360      372
   7  11  10   15.0000    0.0179    1.4275    3.5634    5.0087    98618    99172    98618        0        0      361      374
   7  11  20   15.0000    0.0178    1.4262    3.5648    5.0087    98980    99234    98980        0        0      363      375
   7  11  30   15.0000    0.0177    1.4235    3.5675    5.0087    99113    99534    99113        0        0      364      377
   7  12  10   15.0000    0.0178    1.4253    3.5657    5.0087    99030    99185    99030        0        0      366      378
   7  12  20   15.0000    0.0177    1.4238    3.5673    5.0087    99402    99464    99402        0        0      367      380
   7  12  30   15.0000    0.0179    1.4273    3.5635    5.0087    98347    99135    98347        0        0      369      381
   8   1  10   15.0000    0.0178    1.4326    3.5584    5.0087    99194    99220    99194        0        0      370      383
   8   1  20   15.0000    0.0179    1.4268    3.5640    5.0087    98294    99254    98294        0        0      371      384
   8   1  30   15.0000    0.0178    1.4300    3.5609    5.0087    99085    99119    99085        0        0      372      386
   8   2  10   15.0000    0.0178    1.4267    3.5642    5.0087    98583    99099    98583        0        0      374      387
   8   2  20   15.0000    0.0178    1.4305    3.5604    5.0087    98902    99037    98902        0        0      375      389
   8   2  30   15.0000    0.0178    1.4233    3.5677    5.0087    98595    99238    98595        0        0      376      390
   8   3  10   15.0000    0.0177    1.4247    3.5663    5.0087    99065    99174    99065        0        0      377      391
   8   3  20   15.0000    0.0176    1.4204    3.5707    5.0087    99099    99342    99099        0        0      378      393
   8   3  30   15.0000    0.0178    1.4260    3.5650    5.0087    99065    99065    99065        0        0      380      394
   8   4  10   15.0000    0.0178    1.4272    3.5637    5.0087    99083    99228    99083        0        0      381      396
   8   4  20   15.0000    0.0178    1.4269    3.5640    5.0087    98902    99307    98902        0        0      382      397
   8   4  30   15.0000    0.0177    1.4256    3.5655    5.0087    99179    99370    99179        0        0      383      399
   8   5  10   15.0000    0.0179    1.4326    3.5582    5.0087    98539    99280    98539        0        0      384      400
   8   5  20   15.0000    0.0177    1.4216    3.5695    5.0087    99157    99599    99157        0        0      386      402
   8   5  30   15.0000    0.0179    1.4247    3.5662    5.0087    98355    99246    98355        0        0      387      403
   8   6  10   15.0000    0.0178    1.4300    3.5610    5.0087    99227    99495    99227        0        0      388      405
   8   6  20   15.0000    0.0180    1.4316    3.5591    5.0087    98043    99496    98043        0        0      389      406
   8   6  30   15.0000    0.0178    1.4327    3.5583    5.0087    99247    99367    99247        0        0      391      407
   8   7  10   15.0000    0.0179    1.4264    3.5645    5.0087    98185    99336    98185        0        0      392      409
   8   7  20   15.0000    0.0177    1.4259    3.5652    5.0087    99433    99433    99433        0        0      398      410
   8   7  30   15.0000    0.0178    1.4270    3.5640    5.0087    98714    99396    98714        0        0      399      412
   8   8  10   15.0000    0.0176    1.4225    3.5686    5.0087    99295    99343    99295        0        0      401      413
   8   8  20   15.0000    0.0178    1.4297    3.5613    5.0087    99028    99512    99028        0        0      402      415
   8   8  30   15.0000    0.0177    1.4219    3.5691    5.0087    98945    99300    98945        0        0      404      416
   8   9  10   15.0000    0.0177    1.4247    3.5664    5.0087    99234    99443    99234        0        0      405      418
   8   9  20   15.0000    0.0179    1.4268    3.5641    5.0087    98601    99203    98601        0        0      406      419
   8   9  30   15.0000    0.0178    1.4299    3.5611    5.0087    99236    99249    99236        0        0      408      421
   8  10  10   15.0000    0.0177    1.4185    3.5726    5.0087    98801    99291    98801        0        0      409      422
   8  10  20   15.0000    0.0176    1.4226    3.5685    5.0087    99256    99330    99256        0        0      411      423
   8  10  30   15.0000    0.0176    1.4146    3.5765    5.0087    98962    99565    98962        0        0      412      425
   8  11  10   15.0000    0.0177    1.4255    3.5655    5.0087    99194    99194    99194        0        0      414      426
   8  11  20   15.0000    0.0179    1.4273    3.5636    5.0087    98441    99313    98441        0        0      415      428
   8  11  30   15.0000    0.0177    1.4262    3.5649    5.0087    99046    99299    99046        0        0      416      429
   8  12  10   15.0000    0.0178    1.4241    3.5668    5.0087    98724    99255    98724        0        0      418      431
   8  12  20   15.0000    0.0176    1.4200    3.5711    5.0087    99291    99303    99291        0        0      419      432
   8  12  30   15.0000    0.0176    1.4214    3.5698    5.0087    99331    99340    99331        0        0      421      434
   9   1  10   15.0000    0.0177    1.4250    3.5660    5.0087    98895    99081    98895        0        0      422      435
   9   1  20   15.0000    0.0176    1.4219    3.5692    5.0087    99248    99302    99248        0        0      423      437
   9   1  30   15.0000    0.0179    1.4286    3.5623    5.0087    98646    99118    98646        0        0      425      438
   9   2  10   15.0000    0.0178    1.4253    3.5657    5.0087    98910    99347    98910        0        0      426      440
   9   2  20   15.0000    0.0179    1.4344    3.5564    5.0087    98712    98929    98712        0        0      428      441
   9   2  30   15.0000    0.0176    1.4150    3.5762    5.0087    99159    99402    99159        0        0      429      443
   9   3  10   15.0000    0.0177    1.4251    3.5659    5.0087    98953    98959    98953        0        0      430      444
   9   3  20   15.0000    0.0176    1.4213    3.5697    5.0087    99195    99323    99195        0        0      432      445
   9   3  30   15.0000    0.0179    1.4263    3.5646    5.0087    98543    99059    98543        0        0      433      447
   9   4  10   15.0000    0.0177    1.4277    3.5633    5.0087    99142    99142    99142        0        0      434      448
   9   4  20   15.0000    0.0180    1.4295    3.5613    5.0087    98237    98971    98237        0        0      435      450
   9   4  30   15.0000    0.0177    1.4265    3.5645    5.0087    99069    99194    99069        0        0      437      451
   9   5  10   15.0000    0.0177    1.4232    3.5678    5.0087    98831    99366    98831        0        0      438      453
   9   5  20   15.0000    0.0177    1.4231    3.5679    5.0087    99160    99245    99160        0        0      439      454
   9   5  30   15.0000    0.0178    1.4307    3.5602    5.0087    98958    99015    98958        0        0      441      456
   9   6  10   15.0000    0.0177    1.4248    3.5662    5.0087    99064    99085    99064        0        0      443      457
   9   6  20   15.0000    0.0177    1.4241    3.5669    5.0087    98956    99104    98956        0        0      444      458
   9   6  30   15.0000    0.0177    1.4250    3.5660    5.0087    98847    99092    98847        0        0      445      460
   9   7  10   15.0000    0.0177    1.4220    3.5690    5.0087    99145    99145    99145        0        0      446      461
   9   7  20   15.0000    0.0177    1.4210    3.5700    5.0087    98969    98969    98969        0        0      448      463
   9   7  30   15.0000    0.0177    1.4221    3.5690    5.0087    99123    99192    99123        0        0      449      464
   9   8  10   15.0000    0.0178    1.4244    3.5665    5.0087    98888    99051    98888        0        0      451      466
   9   8  20   15.0000    0.0178    1.4235    3.5674    5.0087    98775    99100    98775        0        0      452      467
   9   8  30   15.0000    0.0178    1.4249    3.5660    5.0087    98782    98967    98782        0        0      453      469
   9   9  10   15.0000    0.0177    1.4222    3.5688    5.0087    98893    99275    98893        0        0      454      470
   9   9  20   15.0000    0.0178    1.4257    3.5652    5.0087    98880    99068    98880        0        0      456      472
   9   9  30   15.0000    0.0178    1.4286    3.5623    5.0087    98738    99052    98738        0        0      459      473
   9  10  10   15.0000    0.0178    1.4283    3.5626    5.0087    98849    98974    98849        0        0      461      475
   9  10  20   15.0000    0.0178    1.4284    3.5626    5.0087    98958    99089    98958        0        0      462      476
   9  10  30   15.0000    0.0179    1.4336    3.5572    5.0087    98773    98852    98773        0        0      463      477
   9  11  10   15.0000    0.0179    1.4319    3.5590    5.0087    98858    99066    98858        0        0      465      479
   9  11  20   15.0000    0.0178    1.4258    3.5652    5.0087    98866    99002    98866        0        0      466      480
   9  11  30   15.0000    0.0178    1.4278    3.5632    5.0087    98970    99004    98970        0        0      467      482
   9  12  10   15.0000    0.0178    1.4299    3.5610    5.0087    98763    99075    98763        0        0      468      483
   9  12  20   15.0000    0.0176    1.4189    3.5722    5.0087    99081    99362    99081        0        0      471      485
   9  12  30   15.0000    0.0180    1.4342    3.5565    5.0087    98554    99069    98554        0        0      472      486
  10   1  10   15.0000    0.0177    1.4223    3.5688    5.0087    99259    99259    99259        0        0      473      488
  10   1  20   15.0000    0.0179    1.4286    3.5623    5.0087    98732    99259    98732        0        0      475      489
  10   1  30   15.0000    0.0178    1.4279    3.5630    5.0087    98844    98999    98844        0        0      476      491
  10   2  10   15.0000    0.0179    1.4283    3.5625    5.0087    98537    99125    98537        0        0      479      492
  10   2  20   15.0000    0.0177    1.4262    3.5648    5.0087    99099    99105    99099        0        0      480      494
  10   2  30   15.0000    0.0178    1.4267    3.5643    5.0087    98805    98997    98805        0        0      481      495
  10   3  10   15.0000    0.0178    1.4275    3.5635    5.0087    99097    99097    99097        0        0      482      497
  10   3  20   15.0000    0.0177    1.4238    3.5672    5.0087    98982    99501    98982        0        0      485      498
  10   3  30   15.0000    0.0178    1.4286    3.5623    5.0087    98706    99112    98706        0        0      486      499
  10   4  10   15.0000    0.0179    1.4347    3.5562    5.0087    98873    99322    98873        0        0      487      501
  10   4  20   15.0000    0.0177    1.4189    3.5722    5.0087    98732    99246    98732        0        0      489      502
  10   4  30   15.0000    0.0177    1.4282    3.5629    5.0087    99248    99581    99248        0        0      490      504
  10   5  10   15.0000    0.0179    1.4292    3.5616    5.0087    98184    99253    98184        0        0      491      505
  10   5  20   15.0000    0.0178    1.4291    3.5618    5.0087    98987    99439    98987        0        0      493      507
  10   5  30   15.0000    0.0179    1.4265    3.5643    5.0087    98326    99627    98326        0        0      494      508
  10   6  10   15.0000    0.0176    1.4210    3.5702    5.0087    99709    99720    99709        0        0      495      510
  10   6  20   15.0000    0.0179    1.4268    3.5641    5.0087    98552    99295    98552        0        0      496      511
  10   6  30   15.0000    0.0177    1.4288    3.5622    5.0087    99345    99345    99345        0        0      498      513
  10   7  10   15.0000    0.0178    1.4299    3.5610    5.0087    98824    99238    98824        0        0      499      514
  10   7  20   15.0000    0.0177    1.4265    3.5645    5.0087    99072    99095    99072        0        0      501      515
  10   7  30   15.0000    0.0178    1.4303    3.5606    5.0087    98886    99172    98886        0        0      502      517
  10   8  10   15.0000    0.0179    1.4314    3.5594    5.0087    98607    99086    98607        0        0      503      518
  10   8  20   15.0000    0.0179    1.4309    3.5599    5.0087    98617    99315    98617        0        0      505      520
  10   8  30   15.0000    0.0178    1.4251    3.5658    5.0087    98505    99083    98505        0        0      507      521
  10   9  10   15.0000    0.0178    1.4262    3.5648    5.0087    98856    99287    98856        0        0      508      523
  10   9  20   15.0000    0.0180    1.4362    3.5545    5.0087    98476    99083    98476        0        0      509      524
  10   9  30   15.0000    0.0178    1.4305    3.5604    5.0087    98864    99122    98864        0        0      511      526
  10  10  10   15.0000    0.0179    1.4330    3.5578    5.0087    98873    98989    98873        0        0      512      527
  10  10  20   15.0000    0.0178    1.4264    3.5645    5.0087    98968    99182    98968        0        0      513      529
  10  10  30   15.0000    0.0178    1.4305    3.5604    5.0087    98934    99157    98934        0        0      515      530
  10  11  10   15.0000    0.0178    1.4295    3.5614    5.0087    99024    99108    99024        0        0      516      532
  10  11  20   15.0000    0.0177    1.4244    3.5667    5.0087    99005    99315    99005        0        0      518      533
  10  11  30   15.0000    0.0177    1.4263    3.5648    5.0087    99420    99420    99420        0        0      520      534
  10  12  10   15.0000    0.0179    1.4323    3.5585    5.0087    98601    99164    98601        0        0      522      536
  10  12  20   15.0000    0.0178    1.4275    3.5635    5.0087    99117    99249    99117        0        0      523      537
