gfortran -c src/wcm_arrays.f90 -o src/wcm_arrays.o
gfortran -fmax-stack-var-size=32768 -w -O3 -fopenmp -o output/wcm.x src/wcm_arrays.f90 src/phyt_ibm.F90 src/wcm.F90 -Isrc
Running model...
   1   0   0   15.0000    4.9852    0.0010    0.0228    5.0090      640      640      640        0        0        1        2
   1   1  10   15.0000    0.0099    0.9082    4.0908    5.0090   113285   124577   113285        0        0        2       13
   1   1  20   15.0000    0.0187    1.3993    3.5910    5.0090    98213   123621    98213        0        0        2       14
   1   1  30   15.0000    0.0186    1.4235    3.5668    5.0090    99442   120949    99442        0        0        2       16
   1   2  10   15.0000    0.0191    1.4301    3.5597    5.0090    97011   113992    97011        0        0        3       17
   1   2  20   15.0000    0.0182    1.4182    3.5725    5.0090    99733   100408    99733        0        0        3       19
   1   2  30   15.0000    0.0187    1.4278    3.5624    5.0090    98029    99942    98029        0        0        4       21
   1   3  10   15.0000    0.0183    1.4282    3.5625    5.0090    99333   100075    99333        0        0        4       22
   1   3  20   15.0000    0.0186    1.4291    3.5613    5.0090    98057    99521    98057        0        0        5       24
   1   3  30   15.0000    0.0182    1.4269    3.5639    5.0090    99534    99903    99534        0        0        9       25
   1   4  10   15.0000    0.0185    1.4299    3.5606    5.0090    98091    99509    98091        0        0       12       27
   1   4  20   15.0000    0.0179    1.4193    3.5717    5.0090    99825    99872    99825        0        0       13       28
   1   4  30   15.0000    0.0183    1.4233    3.5674    5.0090    98096    99659    98096        0        0       14       30
   1   5  10   15.0000    0.0180    1.4265    3.5644    5.0090    99608    99608    99608        0        0       15       31
   1   5  20   15.0000    0.0184    1.4249    3.5657    5.0090    97697    99464    97697        0        0       19       33
   1   5  30   15.0000    0.0180    1.4265    3.5644    5.0090    99454    99454    99454        0        0       20       34
   1   6  10   15.0000    0.0184    1.4287    3.5618    5.0090    97672    99255    97672        0        0       21       36
   1   6  20   15.0000    0.0180    1.4242    3.5668    5.0090    99182    99395    99182        0        0       23       37
   1   6  30   15.0000    0.0184    1.4288    3.5618    5.0090    97577    99232    97577        0        0       24       38
   1   7  10   15.0000    0.0181    1.4295    3.5614    5.0090    99019    99299    99019        0        0       25       40
   1   7  20   15.0000    0.0184    1.4356    3.5550    5.0090    97534    99342    97534        0        0       26       41
   1   7  30   15.0000    0.0181    1.4313    3.5595    5.0090    98807    99211    98807        0        0       26       43
   1   8  10   15.0000    0.0181    1.4216    3.5693    5.0090    98086    99541    98086        0        0       27       44
   1   8  20   15.0000    0.0179    1.4203    3.5707    5.0090    99072    99501    99072        0        0       28       46
   1   8  30   15.0000    0.0180    1.4247    3.5663    5.0090    98514    99526    98514        0        0       34       47
   1   9  10   15.0000    0.0180    1.4246    3.5664    5.0090    98810    99465    98810        0        0       36       49
   1   9  20   15.0000    0.0181    1.4302    3.5607    5.0090    98747    99102    98747        0        0       37       50
   1   9  30   15.0000    0.0180    1.4290    3.5620    5.0090    99082    99150    99082        0        0       38       52
   1  10  10   15.0000    0.0179    1.4267    3.5643    5.0090    99068    99198    99068        0        0       39       53
   1  10  20   15.0000    0.0179    1.4254    3.5657    5.0090    99169    99294    99169        0        0       40       55
   1  10  30   15.0000    0.0180    1.4300    3.5610    5.0090    99094    99228    99094        0        0       41       56
   1  11  10   15.0000    0.0179    1.4268    3.5643    5.0090    99136    99245    99136        0        0       42       58
   1  11  20   15.0000    0.0179    1.4289    3.5622    5.0090    99403    99452    99403        0        0       45       59
   1  11  30   15.0000    0.0181    1.4307    3.5602    5.0090    98649    99249    98649        0        0       46       61
   1  12  10   15.0000    0.0177    1.4223    3.5689    5.0090    99786    99786    99786        0        0       47       62
   1  12  20   15.0000    0.0179    1.4226    3.5685    5.0090    98819    99589    98819        0        0       50       64
   1  12  30   15.0000    0.0180    1.4326    3.5583    5.0090    99075    99193    99075        0        0       51       65
   2   1  10   15.0000    0.0179    1.4228    3.5682    5.0090    98741    99578    98741        0        0       52       67
   2   1  20   15.0000    0.0178    1.4244    3.5667    5.0090    99179    99259    99179        0        0       53       68
   2   1  30   15.0000    0.0180    1.4219    3.5691    5.0090    98408    99763    98408        0        0       54       70
   2   2  10   15.0000    0.0179    1.4259    3.5651    5.0090    98905    99340    98905        0        0       55       71
   2   2  20   15.0000    0.0182    1.4363    3.5545    5.0090    98000    99286    98000        0        0       56       73
   2   2  30   15.0000    0.0180    1.4302    3.5608    5.0090    99016    99016    99016        0        0       57       74
   2   3  10   15.0000    0.0181    1.4319    3.5590    5.0090    98509    99343    98509        0        0       58       76
   2   3  20   15.0000    0.0181    1.4357    3.5551    5.0090    98676    98808    98676        0        0       59       77
   2   3  30   15.0000    0.0179    1.4266    3.5645    5.0090    98936    99386    98936        0        0       64       78
   2   4  10   15.0000    0.0179    1.4269    3.5641    5.0090    99026    99026    99026        0        0       65       80
   2   4  20   15.0000    0.0179    1.4301    3.5610    5.0090    99085    99497    99085        0        0       66       81
   2   4  30   15.0000    0.0180    1.4289    3.5621    5.0090    98533    99439    98533        0        0       69       83
   2   5  10   15.0000    0.0177    1.4231    3.5681    5.0090    99448    99698    99448        0        0       70       84
   2   5  20   15.0000    0.0179    1.4254    3.5656    5.0090    98687    99596    98687        0        0       74       86
   2   5  30   15.0000    0.0178    1.4294    3.5618    5.0090    99572    99618    99572        0        0       75       87
   2   6  10   15.0000    0.0181    1.4280    3.5629    5.0090    98214    99532    98214        0        0       76       89
   2   6  20   15.0000    0.0178    1.4273    3.5639    5.0090    99565    99565    99565        0        0       78       90
   2   6  30   15.0000    0.0180    1.4269    3.5640    5.0090    98388    99479    98388        0        0       79       92
   2   7  10   15.0000    0.0180    1.4328    3.5582    5.0090    99079    99270    99079        0        0       80       93
   2   7  20   15.0000    0.0181    1.4297    3.5612    5.0090    98299    99351    98299        0        0       81       95
   2   7  30   15.0000    0.0177    1.4196    3.5716    5.0090    99510    99510    99510        0        0       83       96
   2   8  10   15.0000    0.0181    1.4344    3.5564    5.0090    98199    99380    98199        0        0       84       98
   2   8  20   15.0000    0.0179    1.4310    3.5601    5.0090    99125    99286    99125        0        0       86       99
   2   8  30   15.0000    0.0178    1.4222    3.5690    5.0090    99008    99611    99008        0        0       87      101
   2   9  10   15.0000    0.0179    1.4234    3.5677    5.0090    98814    99564    98814        0        0       89      102
   2   9  20   15.0000    0.0177    1.4237    3.5675    5.0090    99484    99804    99484        0        0       90      104
   2   9  30   15.0000    0.0182    1.4352    3.5556    5.0090    98275    99385    98275        0        0       91      105
   2  10  10   15.0000    0.0178    1.4273    3.5639    5.0090    99448    99521    99448        0        0       93      106
   2  10  20   15.0000    0.0180    1.4247    3.5663    5.0090    98365    99326    98365        0        0       94      108
   2  10  30   15.0000    0.0176    1.4186    3.5728    5.0090    99880    99925    99880        0        0       95      109
   2  11  10   15.0000    0.0181    1.4274    3.5635    5.0090    98141    99742    98141        0        0       96      111
   2  11  20   15.0000    0.0178    1.4274    3.5638    5.0090    99569    99569    99569        0        0       98      112
   2  11  30   15.0000    0.0180    1.4265    3.5644    5.0090    98461    99620    98461        0        0       99      114
   2  12  10   15.0000    0.0179    1.4301    3.5610    5.0090    99300    99300    99300        0        0      101      115
   2  12  20   15.0000    0.0180    1.4288    3.5622    5.0090    98337    99494    98337        0        0      102      117
   2  12  30   15.0000    0.0179    1.4284    3.5627    5.0090    98919    99120    98919        0        0      103      118
   3   1  10   15.0000    0.0180    1.4267    3.5643    5.0090    98696    99425    98696        0        0      105      120
   3   1  20   15.0000    0.0179    1.4295    3.5616    5.0090    99143    99229    99143        0        0      106      121
   3   1  30   15.0000    0.0178    1.4240    3.5671    5.0090    98847    99426    98847        0        0      107      123
   3   2  10   15.0000    0.0178    1.4245    3.5667    5.0090    99289    99289    99289        0        0      109      124
   3   2  20   15.0000    0.0179    1.4284    3.5627    5.0090    99007    99332    99007        0        0      113      126
   3   2  30   15.0000    0.0179    1.4279    3.5631    5.0090    98846    98963    98846        0        0      114      127
   3   3  10   15.0000    0.0180    1.4326    3.5584    5.0090    98963    99174    98963        0        0      115      129
   3   3  20   15.0000    0.0181    1.4288    3.5621    5.0090    98410    98920    98410        0        0      118      130
   3   3  30   15.0000    0.0179    1.4292    3.5619    5.0090    99150    99396    99150        0        0      119      132
   3   4  10   15.0000    0.0180    1.4249    3.5661    5.0090    98339    99124    98339        0        0      120      133
   3   4  20   15.0000    0.0178    1.4258    3.5653    5.0090    99218    99251    99218        0        0      121      134
   3   4  30   15.0000    0.0179    1.4220    3.5690    5.0090    98509    99327    98509        0        0      123      136
   3   5  10   15.0000    0.0178    1.4240    3.5671    5.0090    99351    99351    99351        0        0      124      137
   3   5  20   15.0000    0.0180    1.4240    3.5670    5.0090    98354    99262    98354        0        0      126      139
   3   5  30   15.0000    0.0179    1.4290    3.5621    5.0090    99048    99089    99048        0        0      127      140
   3   6  10   15.0000    0.0181    1.4305    3.5604    5.0090    98295    99200    98295        0        0      128      142
   3   6  20   15.0000    0.0181    1.4366    3.5543    5.0090    98831    99132    98831        0        0      130      143
   3   6  30   15.0000    0.0178    1.4205    3.5706    5.0090    98787    99420    98787        0        0      131      145
   3   7  10   15.0000    0.0179    1.4288    3.5623    5.0090    99159    99206    99159        0        0      132      146
   3   7  20   15.0000    0.0179    1.4254    3.5657    5.0090    98943    99509    98943        0        0      134      148
   3   7  30   15.0000    0.0178    1.4252    3.5659    5.0090    99307    99307    99307        0        0      135      149
   3   8  10   15.0000    0.0179    1.4243    3.5668    5.0090    98881    99499    98881        0        0      137      151
   3   8  20   15.0000    0.0178    1.4209    3.5703    5.0090    99100    99331    99100        0        0      138      152
   3   8  30   15.0000    0.0178    1.4269    3.5643    5.0090    99332    99335    99332        0        0      140      154
   3   9  10   15.0000    0.0179    1.4229    3.5682    5.0090    98924    99258    98924        0        0      141      155
   3   9  20   15.0000    0.0179    1.4285    3.5626    5.0090    99208    99512    99208        0        0      142      157
   3   9  30   15.0000    0.0178    1.4189    3.5723    5.0090    98800    99260    98800        0        0      143      158
   3  10  10   15.0000    0.0179    1.4268    3.5643    5.0090    99128    99315    99128        0        0      145      159
   3  10  20   15.0000    0.0180    1.4256    3.5654    5.0090    98262    99079    98262        0        0      147      161
   3  10  30   15.0000    0.0181    1.4347    3.5563    5.0090    98746    99059    98746        0        0      148      162
   3  11  10   15.0000    0.0181    1.4322    3.5586    5.0090    98080    99164    98080        0        0      150      164
   3  11  20   15.0000    0.0178    1.4244    3.5667    5.0090    99079    99299    99079        0        0      151      165
   3  11  30   15.0000    0.0180    1.4294    3.5615    5.0090    98571    99102    98571        0        0      152      167
   3  12  10   15.0000    0.0179    1.4274    3.5637    5.0090    98928    99258    98928        0        0      153      168
   3  12  20   15.0000    0.0178    1.4256    3.5655    5.0090    98965    99221    98965        0        0      155      170
   3  12  30   15.0000    0.0180    1.4301    3.5609    5.0090    98847    99103    98847        0        0      156      171
   4   1  10   15.0000    0.0178    1.4210    3.5702    5.0090    99274    99274    99274        0        0      157      173
   4   1  20   15.0000    0.0179    1.4243    3.5667    5.0090    98815    98996    98815        0        0      158      174
   4   1  30   15.0000    0.0179    1.4286    3.5625    5.0090    99131    99306    99131        0        0      159      176
   4   2  10   15.0000    0.0180    1.4305    3.5605    5.0090    98636    99094    98636        0        0      160      177
   4   2  20   15.0000    0.0178    1.4205    3.5707    5.0090    99277    99277    99277        0        0      161      179
   4   2  30   15.0000    0.0178    1.4230    3.5682    5.0090    98944    99075    98944        0        0      162      180
   4   3  10   15.0000    0.0178    1.4229    3.5682    5.0090    99092    99092    99092        0        0      165      182
   4   3  20   15.0000    0.0178    1.4244    3.5668    5.0090    99036    99153    99036        0        0      166      183
   4   3  30   15.0000    0.0180    1.4295    3.5614    5.0090    98632    98900    98632        0        0      167      184
   4   4  10   15.0000    0.0179    1.4288    3.5622    5.0090    98894    99035    98894        0        0      168      186
   4   4  20   15.0000    0.0180    1.4301    3.5609    5.0090    98647    98967    98647        0        0      169      187
   4   4  30   15.0000    0.0179    1.4276    3.5634    5.0090    98843    99049    98843        0        0      171      189
   4   5  10   15.0000    0.0179    1.4261    3.5650    5.0090    98740    99048    98740        0        0      172      190
   4   5  20   15.0000    0.0179    1.4263    3.5648    5.0090    98957    99024    98957        0        0      173      192
   4   5  30   15.0000    0.0178    1.4211    3.5701    5.0090    99129    99201    99129        0        0      175      193
   4   6  10   15.0000    0.0178    1.4205    3.5706    5.0090    98925    99050    98925        0        0      176      195
   4   6  20   15.0000    0.0178    1.4216    3.5696    5.0090    99176    99238    99176        0        0      177      196
   4   6  30   15.0000    0.0179    1.4245    3.5666    5.0090    99103    99103    99103        0        0      178      198
   4   7  10   15.0000    0.0180    1.4305    3.5605    5.0090    98777    99005    98777        0        0      180      199
   4   7  20   15.0000    0.0179    1.4248    3.5663    5.0090    98925    98925    98925        0        0      181      201
   4   7  30   15.0000    0.0180    1.4326    3.5584    5.0090    98981    98998    98981        0        0      184      202
   4   8  10   15.0000    0.0180    1.4294    3.5616    5.0090    98702    99132    98702        0        0      185      204
   4   8  20   15.0000    0.0178    1.4237    3.5675    5.0090    99179    99327    99179        0        0      187      205
   4   8  30   15.0000    0.0179    1.4241    3.5670    5.0090    98715    99431    98715        0        0      188      207
   4   9  10   15.0000    0.0178    1.4269    3.5642    5.0090    99382    99390    99382        0        0      189      208
   4   9  20   15.0000    0.0181    1.4317    3.5592    5.0090    98450    99153    98450        0        0      191      209
   4   9  30   15.0000    0.0178    1.4222    3.5689    5.0090    99164    99215    99164        0        0      192      211
   4  10  10   15.0000    0.0179    1.4234    3.5677    5.0090    98902    99344    98902        0        0      193      212
   4  10  20   15.0000    0.0180    1.4290    3.5620    5.0090    98692    98995    98692        0        0      195      214
   4  10  30   15.0000    0.0178    1.4209    3.5702    5.0090    98969    99089    98969        0        0      196      215
   4  11  10   15.0000    0.0179    1.4282    3.5628    5.0090    98919    99132    98919        0        0      197      217
   4  11  20   15.0000    0.0178    1.4195    3.5716    5.0090    98914    99330    98914        0        0      199      218
   4  11  30   15.0000    0.0179    1.4301    3.5609    5.0090    98954    98993    98954        0        0      200      220
   4  12  10   15.0000    0.0180    1.4301    3.5609    5.0090    98847    99013    98847        0        0      201      221
   4  12  20   15.0000    0.0180    1.4287    3.5623    5.0090    98788    99027    98788        0        0      203      223
   4  12  30   15.0000    0.0178    1.4220    3.5691    5.0090    99006    99031    99006        0        0      204      224
   5   1  10   15.0000    0.0179    1.4274    3.5636    5.0090    98859    99163    98859        0        0      205      226
   5   1  20   15.0000    0.0179    1.4234    3.5677    5.0090    99025    99131    99025        0        0      206      227
   5   1  30   15.0000    0.0179    1.4254    3.5657    5.0090    99043    99184    99043        0        0      208      229
   5   2  10   15.0000    0.0181    1.4349    3.5559    5.0090    98564    98867    98564        0        0      209      230
   5   2  20   15.0000    0.0179    1.4259    3.5652    5.0090    99070    99155    99070        0        0      210      231
   5   2  30   15.0000    0.0179    1.4247    3.5664    5.0090    98854    99324    98854        0        0      211      233
   5   3  10   15.0000    0.0180    1.4256    3.5654    5.0090    98627    98928    98627        0        0      213      234
   5   3  20   15.0000    0.0180    1.4323    3.5586    5.0090    98783    98908    98783        0        0      214      236
   5   3  30   15.0000    0.0179    1.4238    3.5673    5.0090    98781    98989    98781        0        0      215      237
   5   4  10   15.0000    0.0178    1.4244    3.5667    5.0090    98989    99102    98989        0        0      218      239
   5   4  20   15.0000    0.0181    1.4339    3.5570    5.0090    98625    98855    98625        0        0      226      240
   5   4  30   15.0000    0.0180    1.4351    3.5558    5.0090    98922    99079    98922        0        0      227      242
   5   5  10   15.0000    0.0178    1.4241    3.5670    5.0090    99030    99394    99030        0        0      228      243
   5   5  20   15.0000    0.0179    1.4281    3.5629    5.0090    98952    98952    98952        0        0      230      245
   5   5  30   15.0000    0.0179    1.4246    3.5665    5.0090    98776    98978    98776        0        0      231      246
   5   6  10   15.0000    0.0180    1.4296    3.5613    5.0090    98721    98983    98721        0        0      232      248
   5   6  20   15.0000    0.0178    1.4236    3.5675    5.0090    98915    99122    98915        0        0      233      249
   5   6  30   15.0000    0.0179    1.4232    3.5679    5.0090    98688    98911    98688        0        0      235      251
   5   7  10   15.0000    0.0178    1.4238    3.5673    5.0090    99091    99399    99091        0        0      237      252
   5   7  20   15.0000    0.0181    1.4319    3.5590    5.0090    98334    99349    98334        0        0      238      253
   5   7  30   15.0000    0.0178    1.4267    3.5645    5.0090    99282    99492    99282        0        0      240      255
   5   8  10   15.0000    0.0180    1.4254    3.5656    5.0090    98378    99374    98378        0        0      241      256
   5   8  20   15.0000    0.0178    1.4238    3.5674    5.0090    99322    99454    99322        0        0      242      258
   5   8  30   15.0000    0.0180    1.4279    3.5631    5.0090    98339    99421    98339        0        0      243      259
   5   9  10   15.0000    0.0179    1.4308    3.5603    5.0090    99022    99331    99022        0        0      245      261
   5   9  20   15.0000    0.0179    1.4208    3.5703    5.0090    98620    99507    98620        0        0      246      262
   5   9  30   15.0000    0.0178    1.4263    3.5649    5.0090    99495    99576    99495        0        0      248      264
   5  10  10   15.0000    0.0180    1.4301    3.5608    5.0090    98615    99372    98615        0        0      249      265
   5  10  20   15.0000    0.0178    1.4273    3.5639    5.0090    99531    99531    99531        0        0      250      267
   5  10  30   15.0000    0.0178    1.4224    3.5688    5.0090    99034    99519    99034        0        0      252      268
   5  11  10   15.0000    0.0179    1.4305    3.5605    5.0090    99108    99176    99108        0        0      255      270
   5  11  20   15.0000    0.0179    1.4259    3.5652    5.0090    98919    99422    98919        0        0      256      271
   5  11  30   15.0000    0.0180    1.4266    3.5643    5.0090    98619    99411    98619        0        0      257      273
   5  12  10   15.0000    0.0178    1.4256    3.5656    5.0090    99228    99480    99228        0        0      259      274
   5  12  20   15.0000    0.0181    1.4321    3.5588    5.0090    98337    99280    98337        0        0      261      276
   5  12  30   15.0000    0.0178    1.4261    3.5651    5.0090    99308    99379    99308        0        0      263      277
   6   1  10   15.0000    0.0181    1.4283    3.5625    5.0090    98123    99170    98123        0        0      264      279
   6   1  20   15.0000    0.0178    1.4242    3.5670    5.0090    99323    99543    99323        0        0      266      280
   6   1  30   15.0000    0.0179    1.4191    3.5720    5.0090    98406    99361    98406        0        0      268      281
   6   2  10   15.0000    0.0177    1.4214    3.5699    5.0090    99389    99414    99389        0        0      269      283
   6   2  20   15.0000    0.0179    1.4232    3.5679    5.0090    98530    99330    98530        0        0      270      284
   6   2  30   15.0000    0.0178    1.4270    3.5641    5.0090    99173    99346    99173        0        0      271      286
   6   3  10   15.0000    0.0180    1.4305    3.5604    5.0090    98521    99257    98521        0        0      272      287
   6   3  20   15.0000    0.0178    1.4237    3.5675    5.0090    99372    99372    99372        0        0      273      289
   6   3  30   15.0000    0.0178    1.4198    3.5713    5.0090    98749    99377    98749        0        0      275      290
   6   4  10   15.0000    0.0177    1.4190    3.5723    5.0090    99416    99486    99416        0        0      276      292
   6   4  20   15.0000    0.0179    1.4267    3.5644    5.0090    98891    99300    98891        0        0      278      293
   6   4  30   15.0000    0.0178    1.4239    3.5672    5.0090    99290    99290    99290        0        0      279      295
   6   5  10   15.0000    0.0182    1.4375    3.5533    5.0090    98461    99141    98461        0        0      281      296
   6   5  20   15.0000    0.0180    1.4306    3.5603    5.0090    98608    99029    98608        0        0      283      298
   6   5  30   15.0000    0.0178    1.4233    3.5679    5.0090    99080    99449    99080        0        0      284      299
   6   6  10   15.0000    0.0179    1.4228    3.5683    5.0090    98839    99339    98839        0        0      285      301
   6   6  20   15.0000    0.0179    1.4328    3.5582    5.0090    99002    99479    99002        0        0      286      302
   6   6  30   15.0000    0.0179    1.4265    3.5645    5.0090    98689    99202    98689        0        0      288      304
   6   7  10   15.0000    0.0180    1.4388    3.5521    5.0090    99076    99336    99076        0        0      290      305
   6   7  20   15.0000    0.0181    1.4298    3.5611    5.0090    98289    99571    98289        0        0      291      307
   6   7  30   15.0000    0.0178    1.4272    3.5639    5.0090    99333    99333    99333        0        0      292      308
   6   8  10   15.0000    0.0180    1.4261    3.5649    5.0090    98509    99126    98509        0        0      293      309
   6   8  20   15.0000    0.0179    1.4302    3.5608    5.0090    98929    99110    98929        0        0      295      311
   6   8  30   15.0000    0.0179    1.4256    3.5654    5.0090    98700    99018    98700        0        0      296      312
   6   9  10   15.0000    0.0178    1.4242    3.5669    5.0090    99043    99082    99043        0        0      297      314
   6   9  20   15.0000    0.0180    1.4268    3.5642    5.0090    98609    99065    98609        0        0      298      315
   6   9  30   15.0000    0.0178    1.4261    3.5651    5.0090    99287    99308    99287        0        0      300      317
   6  10  10   15.0000    0.0181    1.4316    3.5593    5.0090    98591    99196    98591        0        0      301      318
   6  10  20   15.0000    0.0179    1.4264    3.5647    5.0090    99105    99126    99105        0        0      302      320
   6  10  30   15.0000    0.0181    1.4339    3.5570    5.0090    98595    99201    98595        0        0      304      321
   6  11  10   15.0000    0.0179    1.4263    3.5648    5.0090    98856    99000    98856        0        0      307      323
   6  11  20   15.0000    0.0179    1.4272    3.5639    5.0090    98849    99188    98849        0        0      309      324
   6  11  30   15.0000    0.0180    1.4271    3.5639    5.0090    98641    99160    98641        0        0      311      326
   6  12  10   15.0000    0.0178    1.4229    3.5683    5.0090    99269    99307    99269        0        0      312      327
   6  12  20   15.0000    0.0180    1.4285    3.5625    5.0090    98679    99119    98679        0        0      313      329
   6  12  30   15.0000    0.0178    1.4232    3.5680    5.0090    99214    99229    99214        0        0      315      330
   7   1  10   15.0000    0.0180    1.4266    3.5644    5.0090    98583    99145    98583        0        0      316      332
   7   1  20   15.0000    0.0178    1.4239    3.5673    5.0090    99282    99331    99282        0        0      317      333
   7   1  30   15.0000    0.0179    1.4250    3.5660    5.0090    98735    99227    98735        0        0      319      335
   7   2  10   15.0000    0.0179    1.4303    3.5607    5.0090    99079    99157    99079        0        0      320      336
   7   2  20   15.0000    0.0178    1.4208    3.5704    5.0090    98868    99208    98868        0        0      322      337
   7   2  30   15.0000    0.0178    1.4234    3.5677    5.0090    99107    99122    99107        0        0      323      339
   7   3  10   15.0000    0.0179    1.4241    3.5669    5.0090    98494    99165    98494        0        0      325      340
   7   3  20   15.0000    0.0179    1.4305    3.5605    5.0090    99027    99231    99027        0        0      326      342
   7   3  30   15.0000    0.0180    1.4282    3.5627    5.0090    98361    99313    98361        0        0      328      343
   7   4  10   15.0000    0.0179    1.4273    3.5638    5.0090    98999    99243    98999        0        0      329      345
   7   4  20   15.0000    0.0179    1.4231    3.5680    5.0090    98828    99542    98828        0        0      330      346
   7   4  30   15.0000    0.0178    1.4212    3.5700    5.0090    99174    99421    99174        0        0      332      348
   7   5  10   15.0000    0.0179    1.4269    3.5642    5.0090    99067    99398    99067        0        0      333      349
   7   5  20   15.0000    0.0179    1.4229    3.5682    5.0090    98749    99317    98749        0        0      335      351
   7   5  30   15.0000    0.0177    1.4235    3.5678    5.0090    99424    99517    99424        0        0      336      352
   7   6  10   15.0000    0.0179    1.4238    3.5673    5.0090    98733    99256    98733        0        0      337      354
   7   6  20   15.0000    0.0178    1.4246    3.5666    5.0090    99301    99365    99301        0        0      339      355
   7   6  30   15.0000    0.0181    1.4324    3.5585    5.0090    98536    99070    98536        0        0      340      356
   7   7  10   15.0000    0.0179    1.4310    3.5600    5.0090    98989    99182    98989        0        0      342      358
   7   7  20   15.0000    0.0180    1.4254    3.5656    5.0090    98506    99260    98506        0        0      343      359
   7   7  30   15.0000    0.0177    1.4212    3.5700    5.0090    99463    99498    99463        0        0      345      361
   7   8  10   15.0000    0.0181    1.4282    3.5627    5.0090    98258    99245    98258        0        0      346      362
   7   8  20   15.0000    0.0178    1.4265    3.5647    5.0090    99275    99298    99275        0        0      348      364
   7   8  30   15.0000    0.0181    1.4317    3.5592    5.0090    98278    99218    98278        0        0      349      365
   7   9  10   15.0000    0.0179    1.4298    3.5613    5.0090    99126    99337    99126        0        0      351      367
   7   9  20   15.0000    0.0179    1.4255    3.5656    5.0090    98887    99434    98887        0        0      352      368
   7   9  30   15.0000    0.0181    1.4339    3.5570    5.0090    98751    99003    98751        0        0      353      370
   7  10  10   15.0000    0.0179    1.4270    3.5641    5.0090    98950    99410    98950        0        0      355      371
   7  10  20   15.0000    0.0178    1.4216    3.5696    5.0090    98881    99251    98881        0        0      356      373
   7  10  30   15.0000    0.0178    1.4268    3.5644    5.0090    99383    99501    99383        0        0      358      374
   7  11  10   15.0000    0.0178    1.4185    3.5727    5.0090    98883    99417    98883        0        0      359      375
   7  11  20   15.0000    0.0177    1.4222    3.5690    5.0090    99526    99662    99526        0        0      360      377
   7  11  30   15.0000    0.0180    1.4265    3.5645    5.0090    98361    99557    98361        0        0      362      378
   7  12  10   15.0000    0.0180    1.4373    3.5537    5.0090    99104    99203    99104        0        0      363      380
   7  12  20   15.0000    0.0180    1.4246    3.5664    5.0090    98513    99406    98513        0        0      365      381
   7  12  30   15.0000    0.0177    1.4201    3.5711    5.0090    99297    99297    99297        0        0      366      383
   8   1  10   15.0000    0.0180    1.4275    3.5634    5.0090    98503    99276    98503        0        0      367      384
   8   1  20   15.0000    0.0179    1.4272    3.5639    5.0090    98880    99256    98880        0        0      369      386
   8   1  30   15.0000    0.0180    1.4287    3.5622    5.0090    98429    99203    98429        0        0      371      387
   8   2  10   15.0000    0.0177    1.4208    3.5705    5.0090    99418    99513    99418        0        0      372      389
   8   2  20   15.0000    0.0180    1.4304    3.5605    5.0090    98581    99206    98581        0        0      374      390
   8   2  30   15.0000    0.0180    1.4330    3.5580    5.0090    98885    98921    98885        0        0      375      392
   8   3  10   15.0000    0.0179    1.4248    3.5663    5.0090    98760    99167    98760        0        0      376      393
   8   3  20   15.0000    0.0179    1.4259    3.5651    5.0090    98915    99104    98915        0        0      377      395
   8   3  30   15.0000    0.0178    1.4243    3.5668    5.0090    99041    99353    99041        0        0      378      396
   8   4  10   15.0000    0.0179    1.4283    3.5627    5.0090    98918    99040    98918        0        0      379      398
   8   4  20   15.0000    0.0180    1.4320    3.5590    5.0090    98831    99095    98831        0        0      381      399
   8   4  30   15.0000    0.0180    1.4289    3.5621    5.0090    98844    99003    98844        0        0      382      400
   8   5  10   15.0000    0.0177    1.4208    3.5704    5.0090    99343    99343    99343        0        0      383      402
   8   5  20   15.0000    0.0180    1.4300    3.5610    5.0090    98754    99183    98754        0        0      385      403
   8   5  30   15.0000    0.0180    1.4303    3.5607    5.0090    98846    98863    98846        0        0      386      405
   8   6  10   15.0000    0.0180    1.4287    3.5623    5.0090    98615    99116    98615        0        0      387      406
   8   6  20   15.0000    0.0177    1.4155    3.5758    5.0090    99096    99193    99096        0        0      388      408
   8   6  30   15.0000    0.0179    1.4266    3.5644    5.0090    98776    99009    98776        0        0      389      409
   8   7  10   15.0000    0.0180    1.4284    3.5626    5.0090    98681    99069    98681        0        0      395      411
   8   7  20   15.0000    0.0180    1.4320    3.5590    5.0090    98780    98934    98780        0        0      396      412
   8   7  30   15.0000    0.0179    1.4270    3.5640    5.0090    98905    99024    98905        0        0      398      414
   8   8  10   15.0000    0.0179    1.4224    3.5688    5.0090    98916    99373    98916        0        0      399      415
   8   8  20   15.0000    0.0178    1.4185    3.5727    5.0090    99119    99161    99119        0        0      400      416
   8   8  30   15.0000    0.0179    1.4263    3.5648    5.0090    98681    99231    98681        0        0      402      418
   8   9  10   15.0000    0.0181    1.4345    3.5564    5.0090    98565    99093    98565        0        0      403      419
   8   9  20   15.0000    0.0179    1.4281    3.5630    5.0090    98988    99367    98988        0        0      405      421
   8   9  30   15.0000    0.0178    1.4210    3.5701    5.0090    98963    99152    98963        0        0      406      422
   8  10  10   15.0000    0.0178    1.4238    3.5674    5.0090    99189    99250    99189        0        0      408      424
   8  10  20   15.0000    0.0177    1.4160    3.5752    5.0090    99200    99211    99200        0        0      409      425
   8  10  30   15.0000    0.0177    1.4210    3.5703    5.0090    99431    99475    99431        0        0      410      427
   8  11  10   15.0000    0.0180    1.4277    3.5633    5.0090    98625    99049    98625        0        0      412      428
   8  11  20   15.0000    0.0180    1.4355    3.5554    5.0090    98734    98857    98734        0        0      413      430
   8  11  30   15.0000    0.0179    1.4261    3.5650    5.0090    98665    99141    98665        0        0      414      431
   8  12  10   15.0000    0.0179    1.4290    3.5621    5.0090    98820    98974    98820        0        0      416      433
   8  12  20   15.0000    0.0178    1.4229    3.5682    5.0090    98992    99224    98992        0        0      417      434
   8  12  30   15.0000    0.0179    1.4236    3.5675    5.0090    98821    99092    98821        0        0      418      435
   9   1  10   15.0000    0.0179    1.4282    3.5629    5.0090    99090    99329    99090        0        0      420      437
   9   1  20   15.0000    0.0179    1.4268    3.5643    5.0090    98740    98975    98740        0        0      421      438
   9   1  30   15.0000    0.0179    1.4301    3.5610    5.0090    98979    99070    98979        0        0      422      440
   9   2  10   15.0000    0.0181    1.4357    3.5552    5.0090    98562    98900    98562        0        0      424      441
   9   2  20   15.0000    0.0179    1.4281    3.5629    5.0090    98998    99164    98998        0        0      425      443
   9   2  30   15.0000    0.0180    1.4299    3.5611    5.0090    98811    99082    98811        0        0      426      444
   9   3  10   15.0000    0.0178    1.4235    3.5677    5.0090    99207    99218    99207        0        0      428      446
   9   3  20   15.0000    0.0178    1.4227    3.5685    5.0090    98925    99216    98925        0        0      429      447
   9   3  30   15.0000    0.0177    1.4189    3.5724    5.0090    99175    99228    99175        0        0      430      449
   9   4  10   15.0000    0.0180    1.4322    3.5587    5.0090    98700    99147    98700        0        0      431      450
   9   4  20   15.0000    0.0177    1.4171    3.5742    5.0090    99053    99105    99053        0        0      434      452
   9   4  30   15.0000    0.0179    1.4238    3.5673    5.0090    98952    99240    98952        0        0      435      453
   9   5  10   15.0000    0.0180    1.4311    3.5598    5.0090    98630    99325    98630        0        0      436      455
   9   5  20   15.0000    0.0181    1.4302    3.5607    5.0090    98293    99003    98293        0        0      438      456
   9   5  30   15.0000    0.0178    1.4221    3.5690    5.0090    99035    99243    99035        0        0      439      457
   9   6  10   15.0000    0.0181    1.4329    3.5579    5.0090    98355    98992    98355        0        0      441      459
   9   6  20   15.0000    0.0177    1.4225    3.5688    5.0090    99339    99586    99339        0        0      442      460
   9   6  30   15.0000    0.0179    1.4251    3.5660    5.0090    98639    99450    98639        0        0      443      462
   9   7  10   15.0000    0.0177    1.4196    3.5717    5.0090    99405    99455    99405        0        0      445      463
   9   7  20   15.0000    0.0180    1.4290    3.5620    5.0090    98853    99133    98853        0        0      446      465
   9   7  30   15.0000    0.0179    1.4287    3.5623    5.0090    99043    99043    99043        0        0      447      466
   9   8  10   15.0000    0.0179    1.4245    3.5666    5.0090    98865    99143    98865        0        0      448      468
   9   8  20   15.0000    0.0179    1.4301    3.5609    5.0090    99007    99013    99007        0        0      450      469
   9   8  30   15.0000    0.0179    1.4281    3.5629    5.0090    98818    99146    98818        0        0      451      471
   9   9  10   15.0000    0.0180    1.4306    3.5604    5.0090    98680    98969    98680        0        0      452      472
   9   9  20   15.0000    0.0178    1.4245    3.5666    5.0090    99024    99100    99024        0        0      454      474
   9   9  30   15.0000    0.0179    1.4273    3.5638    5.0090    98999    99031    98999        0        0      455      475
   9  10  10   15.0000    0.0179    1.4267    3.5644    5.0090    98811    99051    98811        0        0      456      477
   9  10  20   15.0000    0.0180    1.4297    3.5613    5.0090    98509    98991    98509        0        0      458      478
   9  10  30   15.0000    0.0179    1.4308    3.5602    5.0090    98873    99147    98873        0        0      459      480
   9  11  10   15.0000    0.0179    1.4234    3.5676    5.0090    98503    99132    98503        0        0      460      481
   9  11  20   15.0000    0.0179    1.4256    3.5655    5.0090    98873    99345    98873        0        0      462      483
   9  11  30   15.0000    0.0179    1.4270    3.5641    5.0090    98704    99111    98704        0        0      463      484
   9  12  10   15.0000    0.0179    1.4271    3.5640    5.0090    98961    99391    98961        0        0      465      485
   9  12  20   15.0000    0.0179    1.4238    3.5673    5.0090    98640    99221    98640        0        0      468      487
   9  12  30   15.0000    0.0180    1.4340    3.5570    5.0090    99041    99151    99041        0        0      469      488
  10   1  10   15.0000    0.0179    1.4276    3.5634    5.0090    98741    99120    98741        0        0      471      490
  10   1  20   15.0000    0.0178    1.4245    3.5667    5.0090    99116    99185    99116        0        0      472      491
  10   1  30   15.0000    0.0179    1.4295    3.5616    5.0090    98952    99030    98952        0        0      473      493
  10   2  10   15.0000    0.0178    1.4234    3.5678    5.0090    99187    99187    99187        0        0      475      494
  10   2  20   15.0000    0.0179    1.4281    3.5629    5.0090    98922    99040    98922        0        0      476      496
  10   2  30   15.0000    0.0179    1.4280    3.5630    5.0090    98939    98939    98939        0        0      477      497
  10   3  10   15.0000    0.0179    1.4268    3.5642    5.0090    99012    99127    99012        0        0      480      499
  10   3  20   15.0000    0.0179    1.4256    3.5654    5.0090    98882    98925    98882        0        0      481      500
  10   3  30   15.0000    0.0177    1.4206    3.5706    5.0090    99330    99330    99330        0        0      482      502
  10   4  10   15.0000    0.0180    1.4291    3.5619    5.0090    98702    98865    98702        0        0      484      503
  10   4  20   15.0000    0.0179    1.4262    3.5649    5.0090    98974    99360    98974        0        0      485      505
  10   4  30   15.0000    0.0179    1.4248    3.5662    5.0090    98735    99087    98735        0        0      487      506
  10   5  10   15.0000    0.0179    1.4272    3.5639    5.0090    98925    99217    98925        0        0      488      508
  10   5  20   15.0000    0.0181    1.4353    3.5556    5.0090    98560    98955    98560        0        0      490      509
  10   5  30   15.0000    0.0179    1.4210    3.5701    5.0090    98746    99301    98746        0        0      491      511
  10   6  10   15.0000    0.0180    1.4327    3.5582    5.0090    98678    98887    98678        0        0      495      512
  10   6  20   15.0000    0.0179    1.4256    3.5654    5.0090    98803    99003    98803        0        0      497      513
  10   6  30   15.0000    0.0180    1.4306    3.5603    5.0090    98641    98886    98641        0        0      498      515
  10   7  10   15.0000    0.0178    1.4217    3.5694    5.0090    99128    99155    99128        0        0      499      516
  10   7  20   15.0000    0.0180    1.4310    3.5600    5.0090    98688    99070    98688        0        0      501      518
  10   7  30   15.0000    0.0178    1.4234    3.5677    5.0090    99125    99149    99125        0        0      502      519
  10   8  10   15.0000    0.0179    1.4268    3.5643    5.0090    98854    99020    98854        0        0      504      521
  10   8  20   15.0000    0.0179    1.4299    3.5612    5.0090    98861    98922    98861        0        0      506      522
  10   8  30   15.0000    0.0178    1.4232    3.5680    5.0090    99077    99113    99077        0        0      507      524
  10   9  10   15.0000    0.0179    1.4277    3.5633    5.0090    98713    99037    98713        0        0      508      525
  10   9  20   15.0000    0.0178    1.4220    3.5692    5.0090    99181    99181    99181        0        0      510      527
  10   9  30   15.0000    0.0180    1.4285    3.5625    5.0090    98677    98962    98677        0        0      511      528
  10  10  10   15.0000    0.0178    1.4246    3.5666    5.0090    99240    99240    99240        0        0      512      530
  10  10  20   15.0000    0.0179    1.4224    3.5687    5.0090    98827    99194    98827        0        0      513      531
  10  10  30   15.0000    0.0179    1.4281    3.5629    5.0090    98898    98956    98898        0        0      514      532
  10  11  10   15.0000    0.0177    1.4197    3.5716    5.0090    99417    99469    99417        0        0      515      534
  10  11  20   15.0000    0.0179    1.4237    3.5673    5.0090    98729    99066    98729        0        0      517      535
  10  11  30   15.0000    0.0179    1.4298    3.5613    5.0090    99254    99254    99254        0        0      518      537
  10  12  10   15.0000    0.0179    1.4233    3.5678    5.0090    98624    99424    98624        0        0      519      538
  10  12  20   15.0000    0.0177    1.4202    3.5710    5.0090    99147    99260    99147        0        0      520      540
