Running model...
   1   0   0   15.0000    4.9891    0.0001    0.0027    4.9919      763      763      763        0        0        1        2
   1   1  10   15.0000    0.0062    0.6518    4.3339    4.9919  1192081  1239682  1192081        0        0       11       14
   1   1  20   15.0000    0.0177    1.3987    3.5755    4.9919   986362  1238785   986362        0        0       12       16
   1   1  30   15.0000    0.0177    1.4218    3.5523    4.9919   996342  1236326   996342        0        0       13       17
   1   2  10   15.0000    0.0182    1.4200    3.5537    4.9919   968182  1229606   968182        0        0       14       19
   1   2  20   15.0000    0.0177    1.4211    3.5530    4.9919   993176  1211085   993176        0        0       15       20
   1   2  30   15.0000    0.0183    1.4211    3.5525    4.9919   965744  1162752   965744        0        0       16       22
   1   3  10   15.0000    0.0177    1.4217    3.5524    4.9919   993086  1032043   993086        0        0       17       23
   1   3  20   15.0000    0.0181    1.4209    3.5529    4.9919   973113   996064   973113        0        0       17       24
   1   3  30   15.0000    0.0178    1.4214    3.5527    4.9919   992304   995692   992304        0        0       18       26
   1   4  10   15.0000    0.0180    1.4215    3.5523    4.9919   978646   995285   978646        0        0       19       27
   1   4  20   15.0000    0.0178    1.4212    3.5529    4.9919   991065   994590   991065        0        0       21       29
   1   4  30   15.0000    0.0180    1.4194    3.5545    4.9919   981009   995183   981009        0        0       22       30
   1   5  10   15.0000    0.0178    1.4206    3.5534    4.9919   990326   994181   990326        0        0       24       32
   1   5  20   15.0000    0.0179    1.4200    3.5540    4.9919   985112   994053   985112        0        0       25       33
   1   5  30   15.0000    0.0179    1.4208    3.5532    4.9919   986906   993961   986906        0        0       26       35
   1   6  10   15.0000    0.0178    1.4224    3.5516    4.9919   989038   993718   989038        0        0       27       36
   1   6  20   15.0000    0.0179    1.4200    3.5539    4.9919   984808   994261   984808        0        0       28       38
   1   6  30   15.0000    0.0178    1.4221    3.5520    4.9919   991831   993475   991831        0        0       30       39
   1   7  10   15.0000    0.0180    1.4199    3.5540    4.9919   979052   993187   979052        0        0       31       41
   1   7  20   15.0000    0.0177    1.4204    3.5538    4.9919   993471   993644   993471        0        0       32       42
   1   7  30   15.0000    0.0181    1.4213    3.5525    4.9919   974986   993456   974986        0        0       34       44
   1   8  10   15.0000    0.0177    1.4207    3.5534    4.9919   992944   993773   992944        0        0       35       45
   1   8  20   15.0000    0.0181    1.4214    3.5524    4.9919   974378   993255   974378        0        0       37       47
   1   8  30   15.0000    0.0178    1.4208    3.5533    4.9919   991800   992704   991800        0        0       38       48
   1   9  10   15.0000    0.0180    1.4194    3.5545    4.9919   978936   993626   978936        0        0       39       50
   1   9  20   15.0000    0.0178    1.4216    3.5524    4.9919   989734   993219   989734        0        0       40       51
   1   9  30   15.0000    0.0180    1.4221    3.5518    4.9919   981685   992820   981685        0        0       41       52
   1  10  10   15.0000    0.0178    1.4208    3.5532    4.9919   988447   992064   988447        0        0       42       54
   1  10  20   15.0000    0.0179    1.4204    3.5536    4.9919   984992   992441   984992        0        0       44       55
   1  10  30   15.0000    0.0179    1.4203    3.5538    4.9919   986719   991603   986719        0        0       45       57
   1  11  10   15.0000    0.0179    1.4214    3.5526    4.9919   987217   991369   987217        0        0       46       58
   1  11  20   15.0000    0.0179    1.4222    3.5518    4.9919   984782   990490   984782        0        0       47       60
   1  11  30   15.0000    0.0177    1.4167    3.5574    4.9919   990186   992646   990186        0        0       48       61
   1  12  10   15.0000    0.0179    1.4207    3.5532    4.9919   983222   991999   983222        0        0       49       63
   1  12  20   15.0000    0.0178    1.4223    3.5517    4.9919   989720   990918   989720        0        0       50       64
   1  12  30   20.0000    0.0392    1.4202    3.5325    4.9919   975678   990539   975678        0        0       55       66
   2   1  10   20.0000    0.0364    1.4173    3.5382    4.9919   984846   989372   984846        0        0       56       68
   2   1  20   20.0000    0.0344    1.4181    3.5394    4.9919   981484   986367   981484        0        0       57       70
   2   1  30   20.0000    0.0325    1.4178    3.5416    4.9919   982526   983144   982526        0        0       58       72
   2   2  10   20.0000    0.0307    1.4176    3.5435    4.9919   982765   983855   982765        0        0       58       74
   2   2  20   20.0000    0.0293    1.4193    3.5433    4.9919   982729   983610   982729        0        0       61       76
   2   2  30   20.0000    0.0280    1.4196    3.5444    4.9919   983301   984243   983301        0        0       61       78
   2   3  10   20.0000    0.0267    1.4185    3.5466    4.9919   984286   984748   984286        0        0       61       81
   2   3  20   20.0000    0.0257    1.4179    3.5482    4.9919   984147   985193   984147        0        0       62       83
   2   3  30   20.0000    0.0248    1.4179    3.5492    4.9919   985031   985240   985031        0        0       64       85
   2   4  10   20.0000    0.0240    1.4183    3.5496    4.9919   984759   985095   984759        0        0       65       86
   2   4  20   20.0000    0.0234    1.4190    3.5496    4.9919   985110   985110   985110        0        0       65       88
   2   4  30   20.0000    0.0228    1.4196    3.5495    4.9919   985261   986006   985261        0        0       65       90
   2   5  10   20.0000    0.0222    1.4185    3.5512    4.9919   984655   985763   984655        0        0       66       92
   2   5  20   20.0000    0.0218    1.4192    3.5509    4.9919   985424   985714   985424        0        0       70       94
   2   5  30   20.0000    0.0214    1.4205    3.5500    4.9919   984826   985065   984826        0        0       72       96
   2   6  10   20.0000    0.0211    1.4210    3.5498    4.9919   984991   985480   984991        0        0       74       97
   2   6  20   20.0000    0.0207    1.4179    3.5533    4.9919   985837   986546   985837        0        0       76       99
   2   6  30   20.0000    0.0204    1.4192    3.5522    4.9919   985113   986209   985113        0        0       77      101
   2   7  10   20.0000    0.0203    1.4228    3.5488    4.9919   984990   986160   984990        0        0       77      102
   2   7  20   20.0000    0.0200    1.4177    3.5542    4.9919   984861   986995   984861        0        0       78      104
   2   7  30   20.0000    0.0198    1.4209    3.5512    4.9919   986336   986981   986336        0        0       78      105
   2   8  10   20.0000    0.0196    1.4179    3.5544    4.9919   985125   987534   985125        0        0       79      107
   2   8  20   20.0000    0.0195    1.4207    3.5518    4.9919   985349   987647   985349        0        0       82      109
   2   8  30   20.0000    0.0193    1.4184    3.5542    4.9919   986096   987392   986096        0        0       83      110
   2   9  10   20.0000    0.0192    1.4211    3.5516    4.9919   984563   987197   984563        0        0       84      112
   2   9  20   20.0000    0.0191    1.4216    3.5513    4.9919   987255   987255   987255        0        0       84      113
   2   9  30   20.0000    0.0190    1.4226    3.5503    4.9919   983616   988332   983616        0        0       89      115
   2  10  10   20.0000    0.0188    1.4200    3.5531    4.9919   987842   988179   987842        0        0       90      117
   2  10  20   20.0000    0.0188    1.4213    3.5518    4.9919   983792   987864   983792        0        0       91      118
   2  10  30   20.0000    0.0187    1.4196    3.5536    4.9919   987231   987321   987231        0        0       92      120
   2  11  10   20.0000    0.0186    1.4186    3.5547    4.9919   985375   986815   985375        0        0       94      121
   2  11  20   20.0000    0.0186    1.4217    3.5516    4.9919   986277   987528   986277        0        0       95      123
   2  11  30   20.0000    0.0186    1.4235    3.5498    4.9919   983980   986558   983980        0        0       96      124
   2  12  10   20.0000    0.0185    1.4208    3.5526    4.9919   985947   987463   985947        0        0       97      126
   2  12  20   20.0000    0.0185    1.4219    3.5515    4.9919   984317   987617   984317        0        0      100      127
   2  12  30   20.0000    0.0184    1.4227    3.5508    4.9919   985077   987273   985077        0        0      103      129
   3   1  10   20.0000    0.0183    1.4203    3.5532    4.9919   985158   986686   985158        0        0      103      130
   3   1  20   20.0000    0.0183    1.4216    3.5520    4.9919   985323   987605   985323        0        0      104      132
   3   1  30   20.0000    0.0183    1.4186    3.5551    4.9919   984914   987579   984914        0        0      105      133
   3   2  10   20.0000    0.0182    1.4196    3.5540    4.9919   986646   988304   986646        0        0      107      135
   3   2  20   20.0000    0.0183    1.4236    3.5500    4.9919   984008   987368   984008        0        0      108      136
   3   2  30   20.0000    0.0181    1.4202    3.5535    4.9919   986906   988066   986906        0        0      109      138
   3   3  10   20.0000    0.0182    1.4214    3.5523    4.9919   983782   987523   983782        0        0      110      139
   3   3  20   20.0000    0.0181    1.4226    3.5512    4.9919   986796   988003   986796        0        0      111      141
   3   3  30   20.0000    0.0181    1.4208    3.5530    4.9919   984236   987452   984236        0        0      112      142
   3   4  10   20.0000    0.0180    1.4187    3.5552    4.9919   988597   988715   988597        0        0      116      144
   3   4  20   20.0000    0.0182    1.4222    3.5515    4.9919   983745   988044   983745        0        0      118      145
   3   4  30   20.0000    0.0180    1.4204    3.5535    4.9919   988193   988193   988193        0        0      119      147
   3   5  10   20.0000    0.0181    1.4222    3.5515    4.9919   983945   987435   983945        0        0      122      148
   3   5  20   20.0000    0.0180    1.4211    3.5527    4.9919   987860   987861   987860        0        0      123      150
   3   5  30   20.0000    0.0181    1.4202    3.5536    4.9919   984704   987816   984704        0        0      126      151
   3   6  10   20.0000    0.0180    1.4209    3.5530    4.9919   987203   987255   987203        0        0      127      153
   3   6  20   20.0000    0.0180    1.4208    3.5530    4.9919   984314   988453   984314        0        0      128      154
   3   6  30   20.0000    0.0180    1.4217    3.5522    4.9919   986414   987353   986414        0        0      131      156
   3   7  10   20.0000    0.0181    1.4232    3.5507    4.9919   984063   987851   984063        0        0      132      157
   3   7  20   20.0000    0.0180    1.4220    3.5518    4.9919   984877   987707   984877        0        0      133      159
   3   7  30   20.0000    0.0180    1.4223    3.5516    4.9919   985224   987346   985224        0        0      135      160
   3   8  10   20.0000    0.0179    1.4188    3.5552    4.9919   985699   987823   985699        0        0      137      162
   3   8  20   20.0000    0.0180    1.4225    3.5514    4.9919   985814   987909   985814        0        0      138      163
   3   8  30   20.0000    0.0179    1.4197    3.5543    4.9919   985731   987277   985731        0        0      139      164
   3   9  10   20.0000    0.0179    1.4211    3.5529    4.9919   987186   987744   987186        0        0      140      166
   3   9  20   20.0000    0.0180    1.4209    3.5530    4.9919   984757   987463   984757        0        0      141      167
   3   9  30   20.0000    0.0179    1.4188    3.5553    4.9919   987979   987979   987979        0        0      142      169
   3  10  10   20.0000    0.0180    1.4198    3.5542    4.9919   984302   987652   984302        0        0      143      170
   3  10  20   20.0000    0.0180    1.4228    3.5512    4.9919   986298   987468   986298        0        0      143      172
   3  10  30   20.0000    0.0180    1.4222    3.5517    4.9919   983954   987263   983954        0        0      149      173
   3  11  10   20.0000    0.0179    1.4216    3.5524    4.9919   985464   987456   985464        0        0      150      175
   3  11  20   20.0000    0.0179    1.4190    3.5550    4.9919   985695   987494   985695        0        0      151      176
   3  11  30   20.0000    0.0179    1.4212    3.5528    4.9919   984970   986574   984970        0        0      153      178
   3  12  10   20.0000    0.0179    1.4225    3.5514    4.9919   986174   987188   986174        0        0      154      179
   3  12  20   20.0000    0.0179    1.4225    3.5514    4.9919   984695   986777   984695        0        0      155      180
   3  12  30   20.0000    0.0179    1.4236    3.5503    4.9919   985772   986050   985772        0        0      158      182
   4   1  10   20.0000    0.0179    1.4215    3.5524    4.9919   984842   986733   984842        0        0      159      183
   4   1  20   20.0000    0.0180    1.4224    3.5516    4.9919   984278   985913   984278        0        0      160      185
   4   1  30   20.0000    0.0179    1.4221    3.5519    4.9919   986017   986248   986017        0        0      161      186
   4   2  10   20.0000    0.0179    1.4225    3.5515    4.9919   984478   987019   984478        0        0      162      188
   4   2  20   20.0000    0.0179    1.4202    3.5538    4.9919   986660   986813   986660        0        0      164      189
   4   2  30   20.0000    0.0179    1.4207    3.5533    4.9919   986094   986828   986094        0        0      165      191
   4   3  10   20.0000    0.0179    1.4218    3.5522    4.9919   986281   986766   986281        0        0      167      192
   4   3  20   20.0000    0.0179    1.4212    3.5527    4.9919   985742   987020   985742        0        0      168      194
   4   3  30   20.0000    0.0179    1.4213    3.5527    4.9919   986651   986732   986651        0        0      171      195
   4   4  10   20.0000    0.0179    1.4197    3.5543    4.9919   985435   987133   985435        0        0      172      197
   4   4  20   20.0000    0.0179    1.4208    3.5532    4.9919   986630   987378   986630        0        0      173      198
   4   4  30   20.0000    0.0180    1.4223    3.5516    4.9919   983925   986925   983925        0        0      175      200
   4   5  10   20.0000    0.0179    1.4223    3.5516    4.9919   986152   986683   986152        0        0      176      201
   4   5  20   20.0000    0.0179    1.4204    3.5536    4.9919   984661   987255   984661        0        0      177      203
   4   5  30   20.0000    0.0179    1.4216    3.5524    4.9919   985507   986836   985507        0        0      178      204
   4   6  10   20.0000    0.0179    1.4198    3.5542    4.9919   985025   987938   985025        0        0      179      206
   4   6  20   20.0000    0.0179    1.4228    3.5512    4.9919   985329   987323   985329        0        0      181      207
   4   6  30   20.0000    0.0179    1.4211    3.5529    4.9919   985844   987107   985844        0        0      184      208
   4   7  10   20.0000    0.0179    1.4187    3.5553    4.9919   985094   986741   985094        0        0      186      210
   4   7  20   20.0000    0.0179    1.4225    3.5515    4.9919   986774   987955   986774        0        0      187      211
   4   7  30   20.0000    0.0180    1.4233    3.5506    4.9919   983489   987198   983489        0        0      191      213
   4   8  10   20.0000    0.0178    1.4201    3.5540    4.9919   987660   987660   987660        0        0      192      214
   4   8  20   20.0000    0.0179    1.4194    3.5546    4.9919   985233   987750   985233        0        0      193      216
   4   8  30   20.0000    0.0178    1.4181    3.5559    4.9919   987385   987385   987385        0        0      195      217
   4   9  10   20.0000    0.0179    1.4202    3.5538    4.9919   987029   987473   987029        0        0      196      219
   4   9  20   20.0000    0.0179    1.4215    3.5525    4.9919   985559   986745   985559        0        0      197      220
   4   9  30   20.0000    0.0178    1.4185    3.5555    4.9919   987270   987270   987270        0        0      199      222
   4  10  10   20.0000    0.0179    1.4223    3.5516    4.9919   984423   986896   984423        0        0      200      223
   4  10  20   20.0000    0.0179    1.4226    3.5514    4.9919   985403   986217   985403        0        0      201      225
   4  10  30   20.0000    0.0179    1.4207    3.5533    4.9919   985407   987093   985407        0        0      203      226
   4  11  10   20.0000    0.0179    1.4203    3.5536    4.9919   985448   986468   985448        0        0      204      228
   4  11  20   20.0000    0.0179    1.4222    3.5518    4.9919   985903   986259   985903        0        0      206      229
   4  11  30   20.0000    0.0179    1.4218    3.5521    4.9919   984674   986875   984674        0        0      207      231
   4  12  10   20.0000    0.0180    1.4255    3.5484    4.9919   984501   986566   984501        0        0      208      232
   4  12  20   20.0000    0.0180    1.4230    3.5510    4.9919   983827   986166   983827        0        0      210      234
   4  12  30   20.0000    0.0179    1.4196    3.5544    4.9919   986303   986921   986303        0        0      211      235
   5   1  10   20.0000    0.0179    1.4210    3.5530    4.9919   984885   987044   984885        0        0      212      236
   5   1  20   20.0000    0.0178    1.4185    3.5556    4.9919   986833   987144   986833        0        0      214      238
   5   1  30   20.0000    0.0179    1.4192    3.5548    4.9919   985645   986702   985645        0        0      216      239
   5   2  10   20.0000    0.0179    1.4220    3.5520    4.9919   985839   986927   985839        0        0      217      241
   5   2  20   20.0000    0.0179    1.4190    3.5550    4.9919   986233   986743   986233        0        0      219      242
   5   2  30   20.0000    0.0179    1.4193    3.5547    4.9919   986181   986441   986181        0        0      220      244
   5   3  10   20.0000    0.0179    1.4208    3.5532    4.9919   985801   987065   985801        0        0      221      245
   5   3  20   20.0000    0.0179    1.4233    3.5507    4.9919   985201   986718   985201        0        0      222      247
   5   3  30   20.0000    0.0179    1.4219    3.5521    4.9919   985548   986981   985548        0        0      224      248
   5   4  10   20.0000    0.0179    1.4225    3.5515    4.9919   984688   986527   984688        0        0      225      250
   5   4  20   20.0000    0.0179    1.4226    3.5514    4.9919   985375   986758   985375        0        0      226      251
   5   4  30   20.0000    0.0179    1.4216    3.5523    4.9919   984114   986675   984114        0        0      227      253
   5   5  10   20.0000    0.0179    1.4237    3.5502    4.9919   985156   986830   985156        0        0      229      254
   5   5  20   20.0000    0.0179    1.4216    3.5524    4.9919   983887   986692   983887        0        0      230      256
   5   5  30   20.0000    0.0179    1.4222    3.5518    4.9919   985700   986518   985700        0        0      232      257
   5   6  10   20.0000    0.0179    1.4192    3.5548    4.9919   986364   986961   986364        0        0      233      258
   5   6  20   20.0000    0.0179    1.4213    3.5527    4.9919   985901   986080   985901        0        0      234      260
   5   6  30   20.0000    0.0179    1.4221    3.5518    4.9919   985518   986015   985518        0        0      235      261
   5   7  10   20.0000    0.0179    1.4227    3.5513    4.9919   985933   986173   985933        0        0      237      263
   5   7  20   20.0000    0.0179    1.4208    3.5532    4.9919   985917   986735   985917        0        0      238      264
   5   7  30   20.0000    0.0179    1.4212    3.5528    4.9919   986041   986751   986041        0        0      240      266
   5   8  10   20.0000    0.0179    1.4195    3.5545    4.9919   986025   987392   986025        0        0      242      267
   5   8  20   20.0000    0.0179    1.4211    3.5529    4.9919   986322   986340   986322        0        0      243      269
   5   8  30   20.0000    0.0179    1.4205    3.5536    4.9919   985857   986930   985857        0        0      244      270
   5   9  10   20.0000    0.0180    1.4239    3.5500    4.9919   984619   986646   984619        0        0      246      272
   5   9  20   20.0000    0.0179    1.4223    3.5516    4.9919   984858   986507   984858        0        0      247      273
   5   9  30   20.0000    0.0179    1.4221    3.5518    4.9919   984874   986274   984874        0        0      248      275
   5  10  10   20.0000    0.0179    1.4211    3.5529    4.9919   985526   987315   985526        0        0      250      276
   5  10  20   20.0000    0.0179    1.4206    3.5534    4.9919   984739   986434   984739        0        0      252      278
   5  10  30   20.0000    0.0179    1.4227    3.5512    4.9919   984136   986893   984136        0        0      254      279
   5  11  10   20.0000    0.0178    1.4180    3.5561    4.9919   985817   986483   985817        0        0      255      280
   5  11  20   20.0000    0.0179    1.4220    3.5520    4.9919   985407   986607   985407        0        0      257      282
   5  11  30   20.0000    0.0178    1.4180    3.5561    4.9919   985865   986745   985865        0        0      258      283
   5  12  10   20.0000    0.0179    1.4225    3.5515    4.9919   985378   987391   985378        0        0      259      285
   5  12  20   20.0000    0.0179    1.4221    3.5518    4.9919   984862   986903   984862        0        0      261      286
   5  12  30   20.0000    0.0179    1.4207    3.5533    4.9919   986383   987343   986383        0        0      263      288
   6   1  10   20.0000    0.0179    1.4202    3.5538    4.9919   985631   986664   985631        0        0      264      289
   6   1  20   20.0000    0.0179    1.4214    3.5526    4.9919   986419   986872   986419        0        0      265      291
   6   1  30   20.0000    0.0179    1.4210    3.5530    4.9919   985241   986703   985241        0        0      267      292
   6   2  10   20.0000    0.0179    1.4222    3.5518    4.9919   986588   986588   986588        0        0      268      294
   6   2  20   20.0000    0.0179    1.4230    3.5510    4.9919   984939   986946   984939        0        0      269      295
   6   2  30   20.0000    0.0178    1.4193    3.5548    4.9919   986916   987170   986916        0        0      271      297
   6   3  10   20.0000    0.0179    1.4209    3.5531    4.9919   985012   987158   985012        0        0      272      298
   6   3  20   20.0000    0.0179    1.4202    3.5538    4.9919   985800   987260   985800        0        0      274      300
   6   3  30   20.0000    0.0179    1.4202    3.5537    4.9919   985396   987506   985396        0        0      275      301
   6   4  10   20.0000    0.0179    1.4200    3.5540    4.9919   985733   986974   985733        0        0      276      302
   6   4  20   20.0000    0.0179    1.4221    3.5519    4.9919   985018   987245   985018        0        0      278      304
   6   4  30   20.0000    0.0179    1.4206    3.5534    4.9919   984569   987350   984569        0        0      279      305
   6   5  10   20.0000    0.0179    1.4222    3.5518    4.9919   985102   987399   985102        0        0      280      307
   6   5  20   20.0000    0.0179    1.4224    3.5516    4.9919   984485   986532   984485        0        0      281      308
   6   5  30   20.0000    0.0178    1.4189    3.5551    4.9919   986748   987425   986748        0        0      283      310
   6   6  10   20.0000    0.0179    1.4193    3.5547    4.9919   985964   987505   985964        0        0      284      311
   6   6  20   20.0000    0.0179    1.4229    3.5510    4.9919   984894   986655   984894        0        0      285      313
   6   6  30   20.0000    0.0179    1.4205    3.5536    4.9919   986749   987299   986749        0        0      287      314
   6   7  10   20.0000    0.0179    1.4205    3.5535    4.9919   985906   986453   985906        0        0      289      316
   6   7  20   20.0000    0.0178    1.4185    3.5556    4.9919   987526   987526   987526        0        0      291      317
   6   7  30   20.0000    0.0179    1.4197    3.5543    4.9919   985637   987453   985637        0        0      292      319
   6   8  10   20.0000    0.0179    1.4198    3.5542    4.9919   986242   986405   986242        0        0      293      320
   6   8  20   20.0000    0.0179    1.4226    3.5514    4.9919   985446   986816   985446        0        0      295      322
   6   8  30   20.0000    0.0179    1.4214    3.5526    4.9919   985695   985695   985695        0        0      296      323
   6   9  10   20.0000    0.0179    1.4202    3.5538    4.9919   985519   986471   985519        0        0      297      324
   6   9  20   20.0000    0.0179    1.4189    3.5551    4.9919   984913   986156   984913        0        0      298      326
   6   9  30   20.0000    0.0179    1.4202    3.5538    4.9919   986233   987267   986233        0        0      300      327
   6  10  10   20.0000    0.0179    1.4200    3.5540    4.9919   984504   986965   984504        0        0      301      329
   6  10  20   20.0000    0.0179    1.4212    3.5528    4.9919   986340   986853   986340        0        0      302      330
   6  10  30   20.0000    0.0179    1.4199    3.5541    4.9919   984756   986733   984756        0        0      305      332
   6  11  10   20.0000    0.0179    1.4210    3.5531    4.9919   986782   987647   986782        0        0      306      333
   6  11  20   20.0000    0.0179    1.4236    3.5503    4.9919   985099   987246   985099        0        0      307      335
   6  11  30   20.0000    0.0179    1.4198    3.5543    4.9919   986622   986654   986622        0        0      308      336
   6  12  10   20.0000    0.0179    1.4206    3.5534    4.9919   985927   986914   985927        0        0      310      338
   6  12  20   20.0000    0.0179    1.4214    3.5526    4.9919   985804   987438   985804        0        0      311      339
   6  12  30   20.0000    0.0179    1.4244    3.5495    4.9919   985131   987087   985131        0        0      312      341
   7   1  10   20.0000    0.0179    1.4218    3.5521    4.9919   984722   987235   984722        0        0      314      342
   7   1  20   20.0000    0.0179    1.4210    3.5530    4.9919   986356   987416   986356        0        0      317      344
   7   1  30   20.0000    0.0179    1.4200    3.5540    4.9919   985031   987182   985031        0        0      319      345
   7   2  10   20.0000    0.0179    1.4234    3.5505    4.9919   985815   986908   985815        0        0      320      346
   7   2  20   20.0000    0.0180    1.4225    3.5514    4.9919   983780   985946   983780        0        0      321      348
   7   2  30   20.0000    0.0179    1.4212    3.5529    4.9919   986693   986693   986693        0        0      323      349
   7   3  10   20.0000    0.0179    1.4224    3.5516    4.9919   984101   986918   984101        0        0      324      351
   7   3  20   20.0000    0.0179    1.4228    3.5511    4.9919   985624   986366   985624        0        0      326      352
   7   3  30   20.0000    0.0179    1.4216    3.5524    4.9919   984608   986356   984608        0        0      327      354
   7   4  10   20.0000    0.0178    1.4179    3.5561    4.9919   987071   987071   987071        0        0      329      355
   7   4  20   20.0000    0.0179    1.4200    3.5541    4.9919   985814   986772   985814        0        0      330      356
   7   4  30   20.0000    0.0179    1.4214    3.5526    4.9919   985773   986206   985773        0        0      332      358
   7   5  10   20.0000    0.0179    1.4224    3.5515    4.9919   984579   986108   984579        0        0      333      359
   7   5  20   20.0000    0.0179    1.4204    3.5537    4.9919   986217   986833   986217        0        0      334      361
   7   5  30   20.0000    0.0179    1.4216    3.5524    4.9919   985316   986257   985316        0        0      335      362
   7   6  10   20.0000    0.0179    1.4218    3.5522    4.9919   985538   986329   985538        0        0      336      364
   7   6  20   20.0000    0.0179    1.4203    3.5537    4.9919   985834   986538   985834        0        0      338      365
   7   6  30   20.0000    0.0179    1.4202    3.5538    4.9919   986299   986378   986299        0        0      340      367
   7   7  10   20.0000    0.0179    1.4198    3.5542    4.9919   985763   987173   985763        0        0      342      368
   7   7  20   20.0000    0.0179    1.4211    3.5529    4.9919   985317   986824   985317        0        0      343      370
   7   7  30   20.0000    0.0179    1.4209    3.5531    4.9919   986173   987801   986173        0        0      345      371
   7   8  10   20.0000    0.0179    1.4227    3.5513    4.9919   985225   986878   985225        0        0      346      373
   7   8  20   20.0000    0.0179    1.4229    3.5511    4.9919   986263   986598   986263        0        0      348      374
   7   8  30   20.0000    0.0179    1.4216    3.5523    4.9919   984950   986765   984950        0        0      349      376
   7   9  10   20.0000    0.0179    1.4223    3.5517    4.9919   986730   986967   986730        0        0      350      377
   7   9  20   20.0000    0.0179    1.4202    3.5538    4.9919   985101   987414   985101        0        0      352      379
   7   9  30   20.0000    0.0179    1.4224    3.5516    4.9919   985534   986965   985534        0        0      353      380
   7  10  10   20.0000    0.0179    1.4208    3.5532    4.9919   985102   986171   985102        0        0      355      382
   7  10  20   20.0000    0.0179    1.4208    3.5532    4.9919   985676   987096   985676        0        0      357      383
   7  10  30   20.0000    0.0180    1.4245    3.5494    4.9919   983827   986183   983827        0        0      358      384
   7  11  10   20.0000    0.0179    1.4210    3.5530    4.9919   986347   987026   986347        0        0      359      386
   7  11  20   20.0000    0.0179    1.4215    3.5525    4.9919   984379   986257   984379        0        0      361      387
   7  11  30   20.0000    0.0179    1.4210    3.5530    4.9919   987048   987305   987048        0        0      363      389
   7  12  10   20.0000    0.0179    1.4204    3.5536    4.9919   985198   987088   985198        0        0      364      390
   7  12  20   20.0000    0.0178    1.4194    3.5546    4.9919   987433   987441   987433        0        0      365      392
   7  12  30   20.0000    0.0180    1.4231    3.5508    4.9919   983829   987654   983829        0        0      366      393
   8   1  10   20.0000    0.0179    1.4222    3.5518    4.9919   986280   986515   986280        0        0      367      395
   8   1  20   20.0000    0.0179    1.4203    3.5537    4.9919   984737   987137   984737        0        0      369      396
   8   1  30   20.0000    0.0179    1.4209    3.5531    4.9919   986147   987738   986147        0        0      370      398
   8   2  10   20.0000    0.0179    1.4194    3.5547    4.9919   986131   988227   986131        0        0      371      399
   8   2  20   20.0000    0.0179    1.4220    3.5520    4.9919   985380   988205   985380        0        0      372      401
   8   2  30   20.0000    0.0179    1.4211    3.5529    4.9919   986205   988424   986205        0        0      376      402
   8   3  10   20.0000    0.0179    1.4208    3.5532    4.9919   985613   987526   985613        0        0      377      404
   8   3  20   20.0000    0.0179    1.4218    3.5522    4.9919   985790   988023   985790        0        0      378      405
   8   3  30   20.0000    0.0179    1.4170    3.5571    4.9919   984911   987850   984911        0        0      380      407
   8   4  10   20.0000    0.0178    1.4209    3.5531    4.9919   987763   988787   987763        0        0      381      408
   8   4  20   20.0000    0.0179    1.4189    3.5551    4.9919   983697   988358   983697        0        0      383      410
   8   4  30   20.0000    0.0178    1.4198    3.5543    4.9919   988314   988314   988314        0        0      385      411
   8   5  10   20.0000    0.0179    1.4193    3.5547    4.9919   984991   988248   984991        0        0      386      412
   8   5  20   20.0000    0.0179    1.4214    3.5526    4.9919   987191   987551   987191        0        0      388      414
   8   5  30   20.0000    0.0179    1.4196    3.5544    4.9919   985312   987933   985312        0        0      389      415
   8   6  10   20.0000    0.0179    1.4209    3.5532    4.9919   986521   987507   986521        0        0      390      417
   8   6  20   20.0000    0.0179    1.4198    3.5542    4.9919   984719   987141   984719        0        0      392      418
   8   6  30   20.0000    0.0179    1.4201    3.5539    4.9919   986517   986930   986517        0        0      393      420
   8   7  10   20.0000    0.0179    1.4217    3.5522    4.9919   984961   987732   984961        0        0      395      421
   8   7  20   20.0000    0.0179    1.4207    3.5533    4.9919   985365   987653   985365        0        0      396      423
   8   7  30   20.0000    0.0179    1.4224    3.5516    4.9919   985364   988287   985364        0        0      398      424
   8   8  10   20.0000    0.0179    1.4229    3.5511    4.9919   985295   987339   985295        0        0      399      426
   8   8  20   20.0000    0.0179    1.4243    3.5497    4.9919   985554   986952   985554        0        0      400      427
   8   8  30   20.0000    0.0179    1.4207    3.5533    4.9919   985378   987326   985378        0        0      402      429
   8   9  10   20.0000    0.0179    1.4213    3.5527    4.9919   986531   987745   986531        0        0      403      430
   8   9  20   20.0000    0.0179    1.4213    3.5527    4.9919   984328   987019   984328        0        0      405      432
   8   9  30   20.0000    0.0179    1.4230    3.5510    4.9919   986886   988251   986886        0        0      406      433
   8  10  10   20.0000    0.0180    1.4222    3.5518    4.9919   982875   988740   982875        0        0      407      435
   8  10  20   20.0000    0.0178    1.4216    3.5524    4.9919   988034   988209   988034        0        0      409      436
   8  10  30   20.0000    0.0179    1.4198    3.5542    4.9919   983877   987625   983877        0        0      410      437
   8  11  10   20.0000    0.0179    1.4203    3.5537    4.9919   986867   987288   986867        0        0      412      439
   8  11  20   20.0000    0.0179    1.4203    3.5537    4.9919   984613   987471   984613        0        0      413      440
   8  11  30   20.0000    0.0179    1.4240    3.5499    4.9919   985900   987382   985900        0        0      414      442
   8  12  10   20.0000    0.0179    1.4198    3.5542    4.9919   985050   987545   985050        0        0      416      443
   8  12  20   20.0000    0.0179    1.4205    3.5535    4.9919   986998   987002   986998        0        0      418      445
   8  12  30   20.0000    0.0179    1.4216    3.5524    4.9919   985274   987494   985274        0        0      419      446
   9   1  10   20.0000    0.0179    1.4201    3.5539    4.9919   985021   987904   985021        0        0      420      448
   9   1  20   20.0000    0.0179    1.4215    3.5525    4.9919   986100   987255   986100        0        0      421      449
   9   1  30   20.0000    0.0179    1.4221    3.5518    4.9919   984968   986972   984968        0        0      424      450
   9   2  10   20.0000    0.0179    1.4221    3.5519    4.9919   986125   987483   986125        0        0      425      452
   9   2  20   20.0000    0.0179    1.4217    3.5523    4.9919   984262   987009   984262        0        0      426      453
   9   2  30   20.0000    0.0179    1.4220    3.5520    4.9919   986679   986918   986679        0        0      428      455
   9   3  10   20.0000    0.0179    1.4214    3.5525    4.9919   984858   986523   984858        0        0      429      456
   9   3  20   20.0000    0.0179    1.4202    3.5538    4.9919   986386   986806   986386        0        0      431      458
   9   3  30   20.0000    0.0179    1.4205    3.5535    4.9919   985885   986106   985885        0        0      432      459
   9   4  10   20.0000    0.0179    1.4201    3.5539    4.9919   986270   987349   986270        0        0      435      461
   9   4  20   20.0000    0.0179    1.4204    3.5536    4.9919   985758   987500   985758        0        0      436      462
   9   4  30   20.0000    0.0179    1.4215    3.5525    4.9919   986709   986846   986709        0        0      437      464
   9   5  10   20.0000    0.0179    1.4188    3.5552    4.9919   985652   986934   985652        0        0      439      465
   9   5  20   20.0000    0.0179    1.4233    3.5506    4.9919   985462   986278   985462        0        0      440      467
   9   5  30   20.0000    0.0179    1.4232    3.5508    4.9919   985289   986143   985289        0        0      441      468
   9   6  10   20.0000    0.0179    1.4204    3.5536    4.9919   984983   986201   984983        0        0      443      470
   9   6  20   20.0000    0.0179    1.4200    3.5540    4.9919   986326   987889   986326        0        0      444      471
   9   6  30   20.0000    0.0179    1.4216    3.5524    4.9919   984465   987126   984465        0        0      445      473
   9   7  10   20.0000    0.0179    1.4210    3.5531    4.9919   986010   987084   986010        0        0      448      474
   9   7  20   20.0000    0.0179    1.4230    3.5510    4.9919   984515   986967   984515        0        0      451      476
   9   7  30   20.0000    0.0179    1.4215    3.5525    4.9919   986257   987059   986257        0        0      452      477
   9   8  10   20.0000    0.0179    1.4216    3.5524    4.9919   984932   986703   984932        0        0      453      478
   9   8  20   20.0000    0.0179    1.4219    3.5521    4.9919   986696   986890   986696        0        0      454      480
   9   8  30   20.0000    0.0179    1.4220    3.5519    4.9919   984259   986966   984259        0        0      456      481
   9   9  10   20.0000    0.0179    1.4219    3.5520    4.9919   985616   986594   985616        0        0      457      483
   9   9  20   20.0000    0.0179    1.4210    3.5530    4.9919   985945   986962   985945        0        0      458      484
   9   9  30   20.0000    0.0179    1.4220    3.5520    4.9919   984511   987079   984511        0        0      459      486
   9  10  10   20.0000    0.0179    1.4203    3.5537    4.9919   986516   986564   986516        0        0      461      487
   9  10  20   20.0000    0.0179    1.4212    3.5528    4.9919   985234   986318   985234        0        0      462      489
   9  10  30   20.0000    0.0179    1.4224    3.5515    4.9919   985082   986020   985082        0        0      463      490
   9  11  10   20.0000    0.0179    1.4194    3.5546    4.9919   985983   986142   985983        0        0      465      492
   9  11  20   20.0000    0.0179    1.4218    3.5522    4.9919   985621   986245   985621        0        0      466      493
   9  11  30   20.0000    0.0179    1.4213    3.5527    4.9919   985495   986516   985495        0        0      467      495
   9  12  10   20.0000    0.0179    1.4228    3.5511    4.9919   984808   986041   984808        0        0      469      496
   9  12  20   20.0000    0.0179    1.4223    3.5517    4.9919   985504   986286   985504        0        0      470      498
   9  12  30   20.0000    0.0179    1.4210    3.5530    4.9919   984731   987018   984731        0        0      471      499
  10   1  10   20.0000    0.0179    1.4214    3.5526    4.9919   985770   986769   985770        0        0      473      501
  10   1  20   20.0000    0.0179    1.4199    3.5541    4.9919   985149   986654   985149        0        0      474      502
  10   1  30   20.0000    0.0179    1.4220    3.5520    4.9919   986508   986738   986508        0        0      475      504
  10   2  10   20.0000    0.0179    1.4210    3.5530    4.9919   984796   986884   984796        0        0      477      505
  10   2  20   20.0000    0.0179    1.4220    3.5520    4.9919   985996   986515   985996        0        0      478      506
  10   2  30   20.0000    0.0179    1.4204    3.5536    4.9919   985307   986916   985307        0        0      479      508
  10   3  10   20.0000    0.0179    1.4209    3.5531    4.9919   986580   986904   986580        0        0      481      509
  10   3  20   20.0000    0.0179    1.4214    3.5526    4.9919   984836   987244   984836        0        0      485      511
  10   3  30   20.0000    0.0179    1.4226    3.5514    4.9919   985700   987287   985700        0        0      486      512
  10   4  10   20.0000    0.0179    1.4209    3.5531    4.9919   985576   987800   985576        0        0      488      514
  10   4  20   20.0000    0.0179    1.4217    3.5523    4.9919   985801   987169   985801        0        0      490      515
  10   4  30   20.0000    0.0179    1.4214    3.5526    4.9919   985520   988068   985520        0        0      491      517
  10   5  10   20.0000    0.0179    1.4213    3.5527    4.9919   984815   987130   984815        0        0      492      518
  10   5  20   20.0000    0.0179    1.4202    3.5538    4.9919   986734   987776   986734        0        0      494      520
  10   5  30   20.0000    0.0179    1.4201    3.5539    4.9919   984847   987860   984847        0        0      495      521
  10   6  10   20.0000    0.0179    1.4221    3.5519    4.9919   986605   987717   986605        0        0      496      523
  10   6  20   20.0000    0.0180    1.4221    3.5518    4.9919   983162   986843   983162        0        0      498      524
  10   6  30   20.0000    0.0179    1.4221    3.5519    4.9919   986400   986807   986400        0        0      499      525
  10   7  10   20.0000    0.0179    1.4201    3.5539    4.9919   984928   987497   984928        0        0      500      527
  10   7  20   20.0000    0.0179    1.4225    3.5515    4.9919   986549   987241   986549        0        0      502      528
  10   7  30   20.0000    0.0179    1.4211    3.5528    4.9919   984979   986781   984979        0        0      503      530
  10   8  10   20.0000    0.0179    1.4201    3.5539    4.9919   986408   986941   986408        0        0      504      531
  10   8  20   20.0000    0.0179    1.4202    3.5539    4.9919   985978   987381   985978        0        0      505      533
  10   8  30   20.0000    0.0178    1.4190    3.5551    4.9919   987061   987183   987061        0        0      506      534
  10   9  10   20.0000    0.0179    1.4199    3.5541    4.9919   986740   986740   986740        0        0      507      536
  10   9  20   20.0000    0.0178    1.4189    3.5551    4.9919   986633   986991   986633        0        0      509      537
  10   9  30   20.0000    0.0179    1.4189    3.5551    4.9919   986169   986813   986169        0        0      510      538
  10  10  10   20.0000    0.0179    1.4209    3.5531    4.9919   985636   986829   985636        0        0      511      540
  10  10  20   20.0000    0.0179    1.4220    3.5520    4.9919   985525   986384   985525        0        0      513      541
  10  10  30   20.0000    0.0179    1.4211    3.5529    4.9919   984416   986180   984416        0        0      514      543
  10  11  10   20.0000    0.0179    1.4203    3.5537    4.9919   985755   986528   985755        0        0      515      544
  10  11  20   20.0000    0.0180    1.4228    3.5511    4.9919   984135   986234   984135        0        0      519      546
  10  11  30   20.0000    0.0179    1.4196    3.5545    4.9919   986392   986553   986392        0        0      521      547
  10  12  10   20.0000    0.0179    1.4218    3.5522    4.9919   984534   986706   984534        0        0      523      549
  10  12  20   20.0000    0.0179    1.4214    3.5526    4.9919   985329   986514   985329        0        0      524      550
