Running model...
   1   0   0   15.0000    4.9895    0.0001    0.0023    4.9919      622      622      622        0        0        1        2
   1   1  10   15.0000    3.2127    0.1597    1.6194    4.9919   456855   456855   456855        0        0        2       15
   1   1  20   15.0000    0.0173    1.3761    3.5985    4.9919  1013216  1272179  1013216        0        0        2       18
   1   1  30   15.0000    0.0186    1.4181    3.5552    4.9919   973790  1270323   973790        0        0        2       20
   1   2  10   15.0000    0.0180    1.4200    3.5539    4.9919  1000127  1264581  1000127        0        0        3       21
   1   2  20   15.0000    0.0186    1.4204    3.5529    4.9919   971605  1251446   971605        0        0        4       23
   1   2  30   15.0000    0.0180    1.4211    3.5529    4.9919   998607  1210137   998607        0        0        5       24
   1   3  10   15.0000    0.0185    1.4217    3.5517    4.9919   972515  1105509   972515        0        0        6       26
   1   3  20   15.0000    0.0179    1.4210    3.5529    4.9919   996854  1008411   996854        0        0        8       27
   1   3  30   15.0000    0.0183    1.4203    3.5533    4.9919   974750  1008270   974750        0        0       10       29
   1   4  10   15.0000    0.0179    1.4188    3.5552    4.9919   993091  1007665   993091        0        0       10       30
   1   4  20   15.0000    0.0182    1.4196    3.5541    4.9919   976787  1008259   976787        0        0       14       32
   1   4  30   15.0000    0.0180    1.4213    3.5526    4.9919   988844  1007529   988844        0        0       14       33
   1   5  10   15.0000    0.0181    1.4221    3.5516    4.9919   980719  1008019   980719        0        0       19       35
   1   5  20   15.0000    0.0181    1.4216    3.5522    4.9919   983418  1007902   983418        0        0       19       36
   1   5  30   15.0000    0.0180    1.4219    3.5520    4.9919   985959  1006800   985959        0        0       21       38
   1   6  10   15.0000    0.0181    1.4195    3.5543    4.9919   978982  1006886   978982        0        0       22       39
   1   6  20   15.0000    0.0179    1.4229    3.5512    4.9919   991366  1006237   991366        0        0       23       41
   1   6  30   15.0000    0.0183    1.4221    3.5515    4.9919   972955  1005843   972955        0        0       24       42
   1   7  10   15.0000    0.0177    1.4200    3.5542    4.9919   997378  1005611   997378        0        0       25       43
   1   7  20   15.0000    0.0183    1.4202    3.5534    4.9919   970418  1004887   970418        0        0       26       45
   1   7  30   15.0000    0.0176    1.4207    3.5536    4.9919  1000682  1004156  1000682        0        0       27       46
   1   8  10   15.0000    0.0182    1.4188    3.5548    4.9919   971773  1003829   971773        0        0       28       48
   1   8  20   15.0000    0.0176    1.4206    3.5537    4.9919  1001945  1002849  1001945        0        0       33       49
   1   8  30   15.0000    0.0182    1.4203    3.5534    4.9919   973700  1002689   973700        0        0       34       51
   1   9  10   15.0000    0.0176    1.4204    3.5539    4.9919  1001877  1001877  1001877        0        0       35       52
   1   9  20   15.0000    0.0182    1.4210    3.5527    4.9919   974941  1001816   974941        0        0       36       54
   1   9  30   15.0000    0.0177    1.4235    3.5507    4.9919   998235  1000808   998235        0        0       37       55
   1  10  10   15.0000    0.0181    1.4206    3.5532    4.9919   977342  1000782   977342        0        0       38       57
   1  10  20   15.0000    0.0178    1.4191    3.5550    4.9919   993658   999709   993658        0        0       39       58
   1  10  30   15.0000    0.0180    1.4223    3.5516    4.9919   980879   999605   980879        0        0       40       60
   1  11  10   15.0000    0.0179    1.4208    3.5532    4.9919   987210   998845   987210        0        0       41       61
   1  11  20   15.0000    0.0179    1.4191    3.5549    4.9919   985331   998991   985331        0        0       41       63
   1  11  30   15.0000    0.0180    1.4207    3.5532    4.9919   982498   998342   982498        0        0       42       64
   1  12  10   15.0000    0.0178    1.4222    3.5519    4.9919   988651   997789   988651        0        0       43       66
   1  12  20   15.0000    0.0181    1.4218    3.5520    4.9919   977758   996966   977758        0        0       44       67
   1  12  30   15.0000    0.0178    1.4233    3.5508    4.9919   991775   996458   991775        0        0       47       69
   2   1  10   15.0000    0.0181    1.4201    3.5537    4.9919   976746   996550   976746        0        0       48       70
   2   1  20   15.0000    0.0177    1.4214    3.5527    4.9919   994596   996543   994596        0        0       49       72
   2   1  30   15.0000    0.0181    1.4219    3.5518    4.9919   974944   996455   974944        0        0       50       73
   2   2  10   15.0000    0.0177    1.4220    3.5522    4.9919   995175   996587   995175        0        0       52       74
   2   2  20   15.0000    0.0181    1.4221    3.5517    4.9919   976464   995378   976464        0        0       52       76
   2   2  30   15.0000    0.0178    1.4237    3.5504    4.9919   994316   995933   994316        0        0       53       77
   2   3  10   15.0000    0.0180    1.4216    3.5522    4.9919   978465   995191   978465        0        0       54       79
   2   3  20   15.0000    0.0177    1.4207    3.5535    4.9919   993437   994277   993437        0        0       63       80
   2   3  30   15.0000    0.0180    1.4211    3.5527    4.9919   980897   995468   980897        0        0       64       82
   2   4  10   15.0000    0.0178    1.4220    3.5521    4.9919   990718   994448   990718        0        0       65       83
   2   4  20   15.0000    0.0180    1.4215    3.5524    4.9919   982219   994390   982219        0        0       66       85
   2   4  30   15.0000    0.0179    1.4223    3.5517    4.9919   986821   994998   986821        0        0       68       86
   2   5  10   15.0000    0.0179    1.4231    3.5508    4.9919   986289   994603   986289        0        0       69       88
   2   5  20   15.0000    0.0179    1.4205    3.5535    4.9919   983500   994089   983500        0        0       70       89
   2   5  30   15.0000    0.0179    1.4224    3.5516    4.9919   988077   993780   988077        0        0       71       91
   2   6  10   15.0000    0.0180    1.4209    3.5530    4.9919   980124   993399   980124        0        0       72       92
   2   6  20   15.0000    0.0178    1.4228    3.5513    4.9919   990265   992968   990265        0        0       73       94
   2   6  30   15.0000    0.0181    1.4217    3.5522    4.9919   978339   992630   978339        0        0       75       95
   2   7  10   15.0000    0.0178    1.4207    3.5534    4.9919   991898   992751   991898        0        0       76       97
   2   7  20   15.0000    0.0181    1.4235    3.5503    4.9919   978982   992642   978982        0        0       77       98
   2   7  30   15.0000    0.0178    1.4227    3.5514    4.9919   991826   991939   991826        0        0       82      100
   2   8  10   15.0000    0.0181    1.4232    3.5507    4.9919   979506   991667   979506        0        0       84      101
   2   8  20   15.0000    0.0177    1.4198    3.5544    4.9919   992116   992116   992116        0        0       85      102
   2   8  30   15.0000    0.0180    1.4209    3.5530    4.9919   981064   992375   981064        0        0       86      104
   2   9  10   15.0000    0.0178    1.4218    3.5522    4.9919   989505   992196   989505        0        0       89      105
   2   9  20   15.0000    0.0179    1.4191    3.5549    4.9919   983421   993006   983421        0        0       90      107
   2   9  30   15.0000    0.0178    1.4212    3.5528    4.9919   988550   992963   988550        0        0       91      108
   2  10  10   15.0000    0.0179    1.4211    3.5529    4.9919   984368   992001   984368        0        0       93      110
   2  10  20   15.0000    0.0179    1.4220    3.5520    4.9919   984804   992179   984804        0        0       94      111
   2  10  30   15.0000    0.0178    1.4198    3.5543    4.9919   987613   992180   987613        0        0       95      113
   2  11  10   15.0000    0.0180    1.4221    3.5518    4.9919   982223   991423   982223        0        0       96      114
   2  11  20   15.0000    0.0178    1.4206    3.5535    4.9919   989463   991851   989463        0        0       97      116
   2  11  30   15.0000    0.0180    1.4197    3.5542    4.9919   981268   991209   981268        0        0      101      117
   2  12  10   15.0000    0.0178    1.4201    3.5540    4.9919   990389   991804   990389        0        0      102      119
   2  12  20   15.0000    0.0180    1.4226    3.5513    4.9919   980036   991257   980036        0        0      103      120
   2  12  30   15.0000    0.0178    1.4221    3.5520    4.9919   990523   990741   990523        0        0      104      122
   3   1  10   15.0000    0.0180    1.4207    3.5532    4.9919   981101   991180   981101        0        0      105      123
   3   1  20   15.0000    0.0177    1.4190    3.5552    4.9919   991933   991933   991933        0        0      106      125
   3   1  30   15.0000    0.0180    1.4233    3.5506    4.9919   980443   991057   980443        0        0      107      126
   3   2  10   15.0000    0.0178    1.4228    3.5513    4.9919   989505   990678   989505        0        0      111      128
   3   2  20   15.0000    0.0180    1.4225    3.5514    4.9919   981557   990756   981557        0        0      112      129
   3   2  30   15.0000    0.0179    1.4212    3.5528    4.9919   988004   991250   988004        0        0      113      130
   3   3  10   15.0000    0.0179    1.4208    3.5532    4.9919   984083   991278   984083        0        0      115      132
   3   3  20   15.0000    0.0179    1.4229    3.5511    4.9919   986085   990239   986085        0        0      116      133
   3   3  30   15.0000    0.0179    1.4214    3.5526    4.9919   985496   990057   985496        0        0      117      135
   3   4  10   15.0000    0.0180    1.4229    3.5511    4.9919   984329   990262   984329        0        0      118      136
   3   4  20   15.0000    0.0179    1.4221    3.5520    4.9919   987578   990619   987578        0        0      120      138
   3   4  30   15.0000    0.0180    1.4223    3.5516    4.9919   982730   989836   982730        0        0      121      139
   3   5  10   15.0000    0.0178    1.4189    3.5552    4.9919   989899   991216   989899        0        0      122      141
   3   5  20   15.0000    0.0180    1.4231    3.5508    4.9919   981873   990336   981873        0        0      124      142
   3   5  30   15.0000    0.0178    1.4191    3.5550    4.9919   989209   990066   989209        0        0      125      144
   3   6  10   15.0000    0.0180    1.4203    3.5536    4.9919   981855   989897   981855        0        0      128      145
   3   6  20   15.0000    0.0178    1.4201    3.5540    4.9919   990117   990242   990117        0        0      129      147
   3   6  30   15.0000    0.0180    1.4218    3.5521    4.9919   981749   989408   981749        0        0      130      148
   3   7  10   15.0000    0.0179    1.4232    3.5508    4.9919   988518   989282   988518        0        0      131      150
   3   7  20   15.0000    0.0180    1.4219    3.5521    4.9919   982155   988634   982155        0        0      132      151
   3   7  30   15.0000    0.0179    1.4231    3.5510    4.9919   987568   988187   987568        0        0      133      153
   3   8  10   15.0000    0.0179    1.4210    3.5529    4.9919   983498   988769   983498        0        0      134      154
   3   8  20   15.0000    0.0179    1.4223    3.5517    4.9919   986730   988222   986730        0        0      139      155
   3   8  30   15.0000    0.0179    1.4217    3.5523    4.9919   985113   988653   985113        0        0      142      157
   3   9  10   15.0000    0.0179    1.4239    3.5500    4.9919   985048   989112   985048        0        0      143      158
   3   9  20   15.0000    0.0179    1.4208    3.5532    4.9919   985897   988287   985897        0        0      144      160
   3   9  30   15.0000    0.0179    1.4207    3.5533    4.9919   984424   987923   984424        0        0      145      161
   3  10  10   15.0000    0.0179    1.4214    3.5526    4.9919   987383   988282   987383        0        0      146      163
   3  10  20   15.0000    0.0180    1.4221    3.5519    4.9919   983342   988614   983342        0        0      147      164
   3  10  30   15.0000    0.0178    1.4202    3.5539    4.9919   987951   988224   987951        0        0      149      166
   3  11  10   15.0000    0.0179    1.4181    3.5559    4.9919   984741   988109   984741        0        0      151      167
   3  11  20   15.0000    0.0178    1.4183    3.5558    4.9919   988846   989167   988846        0        0      152      169
   3  11  30   15.0000    0.0179    1.4200    3.5540    4.9919   983495   988293   983495        0        0      154      170
   3  12  10   15.0000    0.0178    1.4207    3.5533    4.9919   988307   988484   988307        0        0      155      172
   3  12  20   15.0000    0.0179    1.4209    3.5530    4.9919   982844   989036   982844        0        0      156      173
   3  12  30   15.0000    0.0178    1.4218    3.5522    4.9919   988605   988632   988605        0        0      157      175
   4   1  10   15.0000    0.0179    1.4200    3.5540    4.9919   983256   988985   983256        0        0      158      176
   4   1  20   15.0000    0.0178    1.4198    3.5542    4.9919   987539   988040   987539        0        0      160      178
   4   1  30   15.0000    0.0179    1.4206    3.5534    4.9919   984495   988473   984495        0        0      162      179
   4   2  10   15.0000    0.0179    1.4202    3.5538    4.9919   986286   988387   986286        0        0      163      181
   4   2  20   15.0000    0.0179    1.4204    3.5536    4.9919   986115   988822   986115        0        0      164      182
   4   2  30   15.0000    0.0179    1.4207    3.5533    4.9919   984989   988421   984989        0        0      165      183
   4   3  10   15.0000    0.0178    1.4202    3.5539    4.9919   987540   987877   987540        0        0      166      185
   4   3  20   15.0000    0.0179    1.4195    3.5544    4.9919   984091   988110   984091        0        0      167      186
   4   3  30   15.0000    0.0179    1.4226    3.5514    4.9919   987158   987818   987158        0        0      168      188
   4   4  10   15.0000    0.0179    1.4202    3.5537    4.9919   983701   987666   983701        0        0      169      189
   4   4  20   15.0000    0.0179    1.4208    3.5533    4.9919   987295   987768   987295        0        0      170      191
   4   4  30   15.0000    0.0179    1.4213    3.5526    4.9919   983698   987944   983698        0        0      171      192
   4   5  10   15.0000    0.0179    1.4240    3.5500    4.9919   985990   987441   985990        0        0      172      194
   4   5  20   15.0000    0.0179    1.4215    3.5525    4.9919   983463   987291   983463        0        0      173      195
   4   5  30   15.0000    0.0178    1.4195    3.5545    4.9919   987502   987502   987502        0        0      179      197
   4   6  10   15.0000    0.0179    1.4203    3.5537    4.9919   984405   987298   984405        0        0      181      198
   4   6  20   15.0000    0.0179    1.4229    3.5510    4.9919   985801   986923   985801        0        0      182      200
   4   6  30   15.0000    0.0179    1.4193    3.5547    4.9919   985630   988526   985630        0        0      183      201
   4   7  10   15.0000    0.0179    1.4230    3.5509    4.9919   985017   987612   985017        0        0      185      203
   4   7  20   15.0000    0.0179    1.4202    3.5538    4.9919   986395   987933   986395        0        0      187      204
   4   7  30   15.0000    0.0179    1.4205    3.5535    4.9919   985678   987632   985678        0        0      188      206
   4   8  10   15.0000    0.0179    1.4218    3.5522    4.9919   986604   987357   986604        0        0      189      207
   4   8  20   15.0000    0.0179    1.4216    3.5524    4.9919   984900   987275   984900        0        0      190      208
   4   8  30   15.0000    0.0178    1.4188    3.5553    4.9919   987547   987569   987547        0        0      191      210
   4   9  10   15.0000    0.0179    1.4219    3.5521    4.9919   985014   986957   985014        0        0      193      211
   4   9  20   15.0000    0.0179    1.4208    3.5532    4.9919   985868   986632   985868        0        0      194      213
   4   9  30   15.0000    0.0179    1.4218    3.5521    4.9919   985283   986880   985283        0        0      195      214
   4  10  10   15.0000    0.0179    1.4199    3.5542    4.9919   985544   986314   985544        0        0      196      216
   4  10  20   15.0000    0.0179    1.4210    3.5530    4.9919   984838   986974   984838        0        0      199      217
   4  10  30   15.0000    0.0179    1.4200    3.5540    4.9919   985711   987512   985711        0        0      200      219
   4  11  10   15.0000    0.0179    1.4216    3.5524    4.9919   985261   986555   985261        0        0      201      220
   4  11  20   15.0000    0.0179    1.4204    3.5536    4.9919   985876   986476   985876        0        0      204      222
   4  11  30   15.0000    0.0179    1.4219    3.5521    4.9919   985597   986906   985597        0        0      205      223
   4  12  10   15.0000    0.0179    1.4213    3.5527    4.9919   985945   986352   985945        0        0      207      225
   4  12  20   15.0000    0.0179    1.4218    3.5522    4.9919   984942   986367   984942        0        0      208      226
   4  12  30   15.0000    0.0179    1.4209    3.5531    4.9919   986481   986554   986481        0        0      209      228
   5   1  10   15.0000    0.0179    1.4207    3.5533    4.9919   985496   986986   985496        0        0      210      229
   5   1  20   15.0000    0.0179    1.4203    3.5537    4.9919   986430   986461   986430        0        0      212      231
   5   1  30   15.0000    0.0179    1.4212    3.5528    4.9919   985916   986290   985916        0        0      213      232
   5   2  10   15.0000    0.0179    1.4204    3.5536    4.9919   985330   986285   985330        0        0      214      233
   5   2  20   15.0000    0.0179    1.4207    3.5533    4.9919   985830   986572   985830        0        0      215      235
   5   2  30   15.0000    0.0179    1.4205    3.5534    4.9919   985439   985697   985439        0        0      217      236
   5   3  10   15.0000    0.0179    1.4216    3.5524    4.9919   986115   986149   986115        0        0      218      238
   5   3  20   15.0000    0.0179    1.4222    3.5518    4.9919   984521   986473   984521        0        0      219      239
   5   3  30   15.0000    0.0178    1.4188    3.5553    4.9919   986010   986330   986010        0        0      222      241
   5   4  10   15.0000    0.0179    1.4197    3.5543    4.9919   986232   986634   986232        0        0      223      242
   5   4  20   15.0000    0.0179    1.4222    3.5518    4.9919   985752   986636   985752        0        0      224      244
   5   4  30   15.0000    0.0179    1.4209    3.5531    4.9919   985257   986538   985257        0        0      228      245
   5   5  10   15.0000    0.0179    1.4210    3.5531    4.9919   986460   986925   986460        0        0      229      247
   5   5  20   15.0000    0.0179    1.4210    3.5530    4.9919   985245   986762   985245        0        0      230      248
   5   5  30   15.0000    0.0179    1.4213    3.5527    4.9919   986304   986667   986304        0        0      232      250
   5   6  10   15.0000    0.0179    1.4228    3.5511    4.9919   984487   986589   984487        0        0      233      251
   5   6  20   15.0000    0.0179    1.4202    3.5539    4.9919   986464   986948   986464        0        0      234      253
   5   6  30   15.0000    0.0178    1.4185    3.5555    4.9919   986326   987546   986326        0        0      235      254
   5   7  10   15.0000    0.0179    1.4222    3.5517    4.9919   985095   987329   985095        0        0      236      256
   5   7  20   15.0000    0.0179    1.4197    3.5543    4.9919   986644   987430   986644        0        0      237      257
   5   7  30   15.0000    0.0180    1.4243    3.5496    4.9919   983434   986787   983434        0        0      238      258
   5   8  10   15.0000    0.0179    1.4205    3.5535    4.9919   987277   987455   987277        0        0      240      260
   5   8  20   15.0000    0.0179    1.4199    3.5541    4.9919   984076   987448   984076        0        0      241      261
   5   8  30   15.0000    0.0179    1.4220    3.5521    4.9919   987171   987842   987171        0        0      242      263
   5   9  10   15.0000    0.0180    1.4238    3.5501    4.9919   983288   987558   983288        0        0      243      264
   5   9  20   15.0000    0.0179    1.4221    3.5519    4.9919   986577   987139   986577        0        0      244      266
   5   9  30   15.0000    0.0179    1.4215    3.5525    4.9919   984571   987097   984571        0        0      245      267
   5  10  10   15.0000    0.0179    1.4221    3.5519    4.9919   985254   987515   985254        0        0      247      269
   5  10  20   15.0000    0.0180    1.4237    3.5503    4.9919   984355   987162   984355        0        0      248      270
   5  10  30   15.0000    0.0179    1.4191    3.5549    4.9919   985183   987346   985183        0        0      249      272
   5  11  10   15.0000    0.0179    1.4222    3.5518    4.9919   985556   986908   985556        0        0      250      273
   5  11  20   15.0000    0.0179    1.4213    3.5527    4.9919   985552   986425   985552        0        0      252      275
   5  11  30   15.0000    0.0179    1.4213    3.5527    4.9919   985430   986727   985430        0        0      253      276
   5  12  10   15.0000    0.0179    1.4224    3.5516    4.9919   986135   986231   986135        0        0      254      278
   5  12  20   15.0000    0.0179    1.4223    3.5516    4.9919   984698   986709   984698        0        0      255      279
