Running model...
   1   0   0   15.0000    4.9895    0.0001    0.0022    4.9919      628      628      628        0        0        1        2
   1   1  10   15.0000    3.0240    0.1760    1.7919    4.9919   496778   496778   496778        0        0        2       15
   1   1  20   15.0000    0.0176    1.3748    3.5994    4.9919   995511  1241552   995511        0        0        2       18
   1   1  30   15.0000    0.0186    1.4202    3.5530    4.9919   979419  1239612   979419        0        0        2       19
   1   2  10   15.0000    0.0184    1.4190    3.5545    4.9919   984268  1234119   984268        0        0        2       21
   1   2  20   15.0000    0.0185    1.4221    3.5513    4.9919   977508  1217991   977508        0        0        3       22
   1   2  30   15.0000    0.0183    1.4210    3.5526    4.9919   983587  1180451   983587        0        0        5       24
   1   3  10   15.0000    0.0183    1.4187    3.5549    4.9919   977526  1063888   977526        0        0        5       25
   1   3  20   15.0000    0.0182    1.4232    3.5504    4.9919   984265   997363   984265        0        0        5       27
   1   3  30   15.0000    0.0183    1.4224    3.5511    4.9919   977060   996553   977060        0        0        5       28
   1   4  10   15.0000    0.0181    1.4231    3.5507    4.9919   986433   995931   986433        0        0       13       30
   1   4  20   15.0000    0.0182    1.4214    3.5522    4.9919   978555   995773   978555        0        0       14       31
   1   4  30   15.0000    0.0180    1.4216    3.5522    4.9919   989702   994731   989702        0        0       14       33
   1   5  10   15.0000    0.0182    1.4211    3.5526    4.9919   980529   993781   980529        0        0       16       34
   1   5  20   15.0000    0.0179    1.4192    3.5548    4.9919   992115   994672   992115        0        0       20       36
   1   5  30   15.0000    0.0181    1.4225    3.5512    4.9919   981093   994534   981093        0        0       21       37
   1   6  10   15.0000    0.0179    1.4208    3.5532    4.9919   991889   993686   991889        0        0       21       39
   1   6  20   15.0000    0.0180    1.4203    3.5536    4.9919   984668   993789   984668        0        0       22       40
   1   6  30   15.0000    0.0178    1.4198    3.5542    4.9919   992746   992746   992746        0        0       23       42
   1   7  10   15.0000    0.0180    1.4208    3.5531    4.9919   986154   991976   986154        0        0       25       43
   1   7  20   15.0000    0.0179    1.4211    3.5529    4.9919   991420   991705   991420        0        0       26       45
   1   7  30   15.0000    0.0179    1.4179    3.5561    4.9919   988711   991980   988711        0        0       28       46
   1   8  10   15.0000    0.0179    1.4202    3.5538    4.9919   989051   991377   989051        0        0       31       48
   1   8  20   15.0000    0.0178    1.4191    3.5549    4.9919   989338   990877   989338        0        0       32       49
   1   8  30   15.0000    0.0179    1.4202    3.5538    4.9919   985697   990161   985697        0        0       33       51
   1   9  10   15.0000    0.0179    1.4206    3.5534    4.9919   988677   989829   988677        0        0       34       52
   1   9  20   15.0000    0.0180    1.4179    3.5560    4.9919   982410   988902   982410        0        0       35       54
   1   9  30   15.0000    0.0179    1.4208    3.5532    4.9919   987891   989627   987891        0        0       36       55
   1  10  10   15.0000    0.0181    1.4221    3.5516    4.9919   977929   989357   977929        0        0       39       57
   1  10  20   15.0000    0.0180    1.4250    3.5489    4.9919   986000   989295   986000        0        0       40       58
   1  10  30   15.0000    0.0181    1.4214    3.5524    4.9919   978022   988653   978022        0        0       42       60
   1  11  10   15.0000    0.0179    1.4227    3.5512    4.9919   985874   988605   985874        0        0       45       61
   1  11  20   15.0000    0.0180    1.4226    3.5512    4.9919   980809   988229   980809        0        0       46       63
   1  11  30   15.0000    0.0179    1.4225    3.5515    4.9919   986522   988636   986522        0        0       47       64
   1  12  10   15.0000    0.0179    1.4192    3.5547    4.9919   984968   988550   984968        0        0       49       65
   1  12  20   15.0000    0.0179    1.4220    3.5520    4.9919   987455   988639   987455        0        0       50       67
   1  12  30   15.0000    0.0179    1.4198    3.5542    4.9919   985983   988629   985983        0        0       51       68
   2   1  10   15.0000    0.0179    1.4210    3.5530    4.9919   988053   988432   988053        0        0       53       70
   2   1  20   15.0000    0.0179    1.4209    3.5531    4.9919   987121   988409   987121        0        0       54       71
   2   1  30   15.0000    0.0179    1.4205    3.5535    4.9919   987951   988225   987951        0        0       56       73
   2   2  10   15.0000    0.0179    1.4215    3.5525    4.9919   988121   988991   988121        0        0       57       74
   2   2  20   15.0000    0.0179    1.4208    3.5532    4.9919   986518   987604   986518        0        0       59       76
   2   2  30   15.0000    0.0178    1.4187    3.5553    4.9919   988306   988604   988306        0        0       60       77
   2   3  10   15.0000    0.0179    1.4203    3.5537    4.9919   984385   987978   984385        0        0       61       79
   2   3  20   15.0000    0.0178    1.4205    3.5535    4.9919   987653   987899   987653        0        0       62       80
   2   3  30   15.0000    0.0180    1.4194    3.5545    4.9919   982515   988358   982515        0        0       63       82
   2   4  10   15.0000    0.0179    1.4220    3.5519    4.9919   986191   988123   986191        0        0       65       83
   2   4  20   15.0000    0.0180    1.4201    3.5538    4.9919   981123   987959   981123        0        0       66       85
   2   4  30   15.0000    0.0179    1.4202    3.5538    4.9919   986569   988475   986569        0        0       67       86
   2   5  10   15.0000    0.0180    1.4243    3.5495    4.9919   981743   987144   981743        0        0       68       88
   2   5  20   15.0000    0.0179    1.4209    3.5530    4.9919   986053   987088   986053        0        0       69       89
   2   5  30   15.0000    0.0179    1.4228    3.5511    4.9919   984450   987516   984450        0        0       71       91
   2   6  10   15.0000    0.0179    1.4198    3.5542    4.9919   986146   987986   986146        0        0       72       92
   2   6  20   15.0000    0.0179    1.4213    3.5527    4.9919   986357   987977   986357        0        0       73       93
   2   6  30   15.0000    0.0179    1.4204    3.5536    4.9919   986323   987987   986323        0        0       74       95
   2   7  10   15.0000    0.0179    1.4213    3.5527    4.9919   987095   988283   987095        0        0       75       96
   2   7  20   15.0000    0.0179    1.4202    3.5538    4.9919   985921   987774   985921        0        0       76       98
   2   7  30   15.0000    0.0179    1.4215    3.5525    4.9919   987831   988007   987831        0        0       77       99
   2   8  10   15.0000    0.0179    1.4205    3.5534    4.9919   984627   988684   984627        0        0       78      101
   2   8  20   15.0000    0.0178    1.4215    3.5525    4.9919   988104   988317   988104        0        0       79      102
   2   8  30   15.0000    0.0179    1.4206    3.5533    4.9919   983260   988662   983260        0        0       80      104
   2   9  10   15.0000    0.0178    1.4200    3.5540    4.9919   987776   988000   987776        0        0       81      105
   2   9  20   15.0000    0.0179    1.4195    3.5544    4.9919   983226   989375   983226        0        0       90      107
   2   9  30   15.0000    0.0179    1.4250    3.5490    4.9919   986167   988295   986167        0        0       91      108
   2  10  10   15.0000    0.0179    1.4206    3.5533    4.9919   982882   988610   982882        0        0       92      110
   2  10  20   15.0000    0.0179    1.4202    3.5538    4.9919   986091   988277   986091        0        0       94      111
   2  10  30   15.0000    0.0179    1.4198    3.5542    4.9919   984880   989029   984880        0        0       96      113
   2  11  10   15.0000    0.0179    1.4232    3.5507    4.9919   984441   988039   984441        0        0       97      114
   2  11  20   15.0000    0.0179    1.4221    3.5518    4.9919   985806   988156   985806        0        0       98      116
   2  11  30   15.0000    0.0179    1.4190    3.5550    4.9919   985866   988387   985866        0        0      101      117
   2  12  10   15.0000    0.0178    1.4201    3.5539    4.9919   987390   987643   987390        0        0      102      119
   2  12  20   15.0000    0.0179    1.4201    3.5539    4.9919   985717   987598   985717        0        0      103      120
   2  12  30   15.0000    0.0179    1.4223    3.5517    4.9919   987265   988040   987265        0        0      105      121
   3   1  10   15.0000    0.0179    1.4198    3.5542    4.9919   985059   988424   985059        0        0      106      123
   3   1  20   15.0000    0.0179    1.4205    3.5535    4.9919   987258   987310   987258        0        0      107      124
   3   1  30   15.0000    0.0180    1.4218    3.5521    4.9919   983363   987051   983363        0        0      109      126
   3   2  10   15.0000    0.0179    1.4204    3.5536    4.9919   987241   987387   987241        0        0      111      127
   3   2  20   15.0000    0.0179    1.4203    3.5537    4.9919   983531   987156   983531        0        0      112      129
   3   2  30   15.0000    0.0179    1.4205    3.5535    4.9919   986684   986804   986684        0        0      113      130
   3   3  10   15.0000    0.0179    1.4210    3.5529    4.9919   983570   987348   983570        0        0      115      132
   3   3  20   15.0000    0.0179    1.4224    3.5516    4.9919   986017   986640   986017        0        0      116      133
   3   3  30   15.0000    0.0179    1.4224    3.5515    4.9919   984254   987347   984254        0        0      117      135
   3   4  10   15.0000    0.0179    1.4218    3.5522    4.9919   985397   987136   985397        0        0      119      136
   3   4  20   15.0000    0.0179    1.4204    3.5535    4.9919   985232   987112   985232        0        0      120      138
   3   4  30   15.0000    0.0179    1.4208    3.5531    4.9919   985426   986277   985426        0        0      121      139
   3   5  10   15.0000    0.0178    1.4182    3.5559    4.9919   986379   987694   986379        0        0      122      141
   3   5  20   15.0000    0.0179    1.4200    3.5540    4.9919   985846   986753   985846        0        0      123      142
   3   5  30   15.0000    0.0178    1.4185    3.5555    4.9919   987131   987975   987131        0        0      126      144
   3   6  10   15.0000    0.0179    1.4225    3.5514    4.9919   984884   987180   984884        0        0      128      145
   3   6  20   15.0000    0.0179    1.4227    3.5513    4.9919   986125   986796   986125        0        0      129      146
   3   6  30   15.0000    0.0179    1.4195    3.5545    4.9919   985590   987349   985590        0        0      130      148
   3   7  10   15.0000    0.0179    1.4226    3.5513    4.9919   985380   986298   985380        0        0      131      149
   3   7  20   15.0000    0.0179    1.4213    3.5526    4.9919   985399   985787   985399        0        0      133      151
   3   7  30   15.0000    0.0179    1.4198    3.5542    4.9919   986117   986582   986117        0        0      134      152
   3   8  10   15.0000    0.0179    1.4213    3.5526    4.9919   984475   986688   984475        0        0      136      154
   3   8  20   15.0000    0.0179    1.4212    3.5528    4.9919   986657   986701   986657        0        0      137      155
   3   8  30   15.0000    0.0179    1.4204    3.5535    4.9919   984299   987406   984299        0        0      138      157
   3   9  10   15.0000    0.0179    1.4212    3.5529    4.9919   987243   987344   987243        0        0      139      158
   3   9  20   15.0000    0.0179    1.4203    3.5537    4.9919   983604   987752   983604        0        0      141      160
   3   9  30   15.0000    0.0179    1.4218    3.5522    4.9919   986635   987062   986635        0        0      142      161
   3  10  10   15.0000    0.0179    1.4212    3.5528    4.9919   983771   986538   983771        0        0      144      163
   3  10  20   15.0000    0.0179    1.4204    3.5536    4.9919   987429   987429   987429        0        0      145      164
   3  10  30   15.0000    0.0179    1.4217    3.5523    4.9919   984723   987191   984723        0        0      146      166
   3  11  10   15.0000    0.0179    1.4227    3.5512    4.9919   985673   987255   985673        0        0      148      167
   3  11  20   15.0000    0.0179    1.4197    3.5543    4.9919   985788   987477   985788        0        0      149      169
   3  11  30   15.0000    0.0179    1.4187    3.5553    4.9919   986251   987144   986251        0        0      151      170
   3  12  10   15.0000    0.0179    1.4218    3.5522    4.9919   986189   987409   986189        0        0      153      171
   3  12  20   15.0000    0.0179    1.4182    3.5558    4.9919   985783   987990   985783        0        0      154      173
   3  12  30   15.0000    0.0178    1.4199    3.5541    4.9919   987557   988004   987557        0        0      156      174
   4   1  10   15.0000    0.0179    1.4210    3.5530    4.9919   983985   987604   983985        0        0      157      176
   4   1  20   15.0000    0.0178    1.4191    3.5549    4.9919   987921   987952   987921        0        0      159      177
   4   1  30   15.0000    0.0179    1.4208    3.5531    4.9919   985041   988089   985041        0        0      160      179
   4   2  10   15.0000    0.0179    1.4213    3.5527    4.9919   986481   987366   986481        0        0      161      180
   4   2  20   15.0000    0.0179    1.4222    3.5517    4.9919   984861   986712   984861        0        0      163      182
   4   2  30   15.0000    0.0179    1.4232    3.5508    4.9919   986314   986898   986314        0        0      164      183
   4   3  10   15.0000    0.0179    1.4219    3.5520    4.9919   983646   987504   983646        0        0      166      185
   4   3  20   15.0000    0.0179    1.4202    3.5538    4.9919   986590   987229   986590        0        0      167      186
   4   3  30   15.0000    0.0179    1.4187    3.5553    4.9919   984688   987942   984688        0        0      169      188
   4   4  10   15.0000    0.0179    1.4213    3.5527    4.9919   985908   986956   985908        0        0      170      189
   4   4  20   15.0000    0.0179    1.4200    3.5540    4.9919   985008   987294   985008        0        0      171      191
   4   4  30   15.0000    0.0179    1.4220    3.5520    4.9919   986167   986990   986167        0        0      172      192
   4   5  10   15.0000    0.0180    1.4231    3.5508    4.9919   984309   986663   984309        0        0      173      194
   4   5  20   15.0000    0.0179    1.4208    3.5532    4.9919   986290   986646   986290        0        0      174      195
   4   5  30   15.0000    0.0179    1.4199    3.5541    4.9919   985613   986544   985613        0        0      175      196
   4   6  10   15.0000    0.0179    1.4216    3.5524    4.9919   985903   986477   985903        0        0      176      198
   4   6  20   15.0000    0.0179    1.4236    3.5504    4.9919   985467   986897   985467        0        0      181      199
   4   6  30   15.0000    0.0179    1.4222    3.5518    4.9919   984580   986878   984580        0        0      182      201
   4   7  10   15.0000    0.0179    1.4208    3.5532    4.9919   986222   986561   986222        0        0      184      202
   4   7  20   15.0000    0.0179    1.4231    3.5508    4.9919   984537   986391   984537        0        0      185      204
   4   7  30   15.0000    0.0179    1.4211    3.5529    4.9919   986403   986668   986403        0        0      186      205
   4   8  10   15.0000    0.0179    1.4203    3.5537    4.9919   985327   986759   985327        0        0      188      207
   4   8  20   15.0000    0.0179    1.4237    3.5503    4.9919   985715   986321   985715        0        0      191      208
   4   8  30   15.0000    0.0179    1.4216    3.5524    4.9919   984819   986818   984819        0        0      192      210
   4   9  10   15.0000    0.0179    1.4223    3.5517    4.9919   986279   986843   986279        0        0      193      211
   4   9  20   15.0000    0.0179    1.4228    3.5511    4.9919   983824   986502   983824        0        0      194      213
   4   9  30   15.0000    0.0179    1.4204    3.5536    4.9919   986221   986784   986221        0        0      195      214
   4  10  10   15.0000    0.0179    1.4196    3.5544    4.9919   985911   987669   985911        0        0      195      216
   4  10  20   15.0000    0.0179    1.4192    3.5548    4.9919   986332   987393   986332        0        0      200      217
   4  10  30   15.0000    0.0179    1.4213    3.5527    4.9919   986422   987766   986422        0        0      201      219
   4  11  10   15.0000    0.0179    1.4201    3.5539    4.9919   985203   987638   985203        0        0      203      220
   4  11  20   15.0000    0.0178    1.4197    3.5543    4.9919   987086   987086   987086        0        0      204      221
   4  11  30   15.0000    0.0179    1.4206    3.5534    4.9919   984766   987019   984766        0        0      205      223
   4  12  10   15.0000    0.0179    1.4190    3.5550    4.9919   986328   986634   986328        0        0      207      224
   4  12  20   15.0000    0.0179    1.4206    3.5533    4.9919   984737   986573   984737        0        0      208      226
   4  12  30   15.0000    0.0179    1.4207    3.5532    4.9919   985857   986914   985857        0        0      209      227
   5   1  10   15.0000    0.0178    1.4178    3.5563    4.9919   986542   986856   986542        0        0      210      229
   5   1  20   15.0000    0.0179    1.4206    3.5534    4.9919   986798   987213   986798        0        0      212      230
   5   1  30   15.0000    0.0179    1.4200    3.5540    4.9919   985043   987006   985043        0        0      213      232
   5   2  10   15.0000    0.0179    1.4211    3.5529    4.9919   987257   987300   987257        0        0      215      233
   5   2  20   15.0000    0.0179    1.4220    3.5519    4.9919   984805   986942   984805        0        0      217      235
   5   2  30   15.0000    0.0179    1.4223    3.5516    4.9919   985777   986412   985777        0        0      218      236
   5   3  10   15.0000    0.0179    1.4209    3.5531    4.9919   986203   986537   986203        0        0      220      238
   5   3  20   15.0000    0.0179    1.4213    3.5526    4.9919   985191   986918   985191        0        0      221      239
   5   3  30   15.0000    0.0179    1.4221    3.5518    4.9919   986081   986523   986081        0        0      222      241
   5   4  10   15.0000    0.0179    1.4222    3.5518    4.9919   985062   986644   985062        0        0      224      242
   5   4  20   15.0000    0.0179    1.4224    3.5516    4.9919   985786   986443   985786        0        0      225      244
   5   4  30   15.0000    0.0179    1.4210    3.5530    4.9919   985413   986109   985413        0        0      226      245
   5   5  10   15.0000    0.0179    1.4216    3.5524    4.9919   986548   986548   986548        0        0      228      247
   5   5  20   15.0000    0.0179    1.4226    3.5514    4.9919   984186   986293   984186        0        0      230      248
   5   5  30   15.0000    0.0179    1.4198    3.5542    4.9919   986146   986690   986146        0        0      231      249
   5   6  10   15.0000    0.0179    1.4209    3.5530    4.9919   984764   987036   984764        0        0      232      251
   5   6  20   15.0000    0.0179    1.4213    3.5527    4.9919   985885   986369   985885        0        0      234      252
   5   6  30   15.0000    0.0179    1.4232    3.5507    4.9919   983960   986208   983960        0        0      235      254
   5   7  10   15.0000    0.0179    1.4196    3.5544    4.9919   986188   986727   986188        0        0      236      255
   5   7  20   15.0000    0.0179    1.4209    3.5531    4.9919   985545   986346   985545        0        0      237      257
   5   7  30   15.0000    0.0179    1.4212    3.5528    4.9919   986102   986462   986102        0        0      239      258
   5   8  10   15.0000    0.0179    1.4197    3.5543    4.9919   986079   986967   986079        0        0      240      260
   5   8  20   15.0000    0.0179    1.4193    3.5547    4.9919   986398   987373   986398        0        0      241      261
   5   8  30   15.0000    0.0179    1.4205    3.5535    4.9919   986350   986948   986350        0        0      242      263
   5   9  10   15.0000    0.0179    1.4213    3.5526    4.9919   985861   986745   985861        0        0      243      264
   5   9  20   15.0000    0.0179    1.4222    3.5518    4.9919   985796   986878   985796        0        0      246      266
   5   9  30   15.0000    0.0179    1.4224    3.5516    4.9919   984978   986663   984978        0        0      247      267
   5  10  10   15.0000    0.0179    1.4218    3.5522    4.9919   986262   986589   986262        0        0      248      269
   5  10  20   15.0000    0.0179    1.4226    3.5513    4.9919   984362   986793   984362        0        0      250      270
   5  10  30   15.0000    0.0179    1.4206    3.5534    4.9919   986900   987226   986900        0        0      251      271
   5  11  10   15.0000    0.0179    1.4217    3.5523    4.9919   984293   986865   984293        0        0      252      273
   5  11  20   15.0000    0.0179    1.4218    3.5522    4.9919   986684   986684   986684        0        0      254      274
   5  11  30   15.0000    0.0179    1.4199    3.5540    4.9919   985302   987952   985302        0        0      256      276
   5  12  10   15.0000    0.0179    1.4218    3.5522    4.9919   986444   987183   986444        0        0      257      277
   5  12  20   15.0000    0.0179    1.4213    3.5526    4.9919   983873   988175   983873        0        0      259      279
