Running model...
   1   0   0   15.0436    4.9878    0.0010    0.0199    5.0087      550      550      550        0        0        1        2
   1   1  10   15.9112    4.8979    0.0227    0.0880    5.0087     2403     2403     2403        0        0        4        5
   1   1  20   16.7510    4.5398    0.0949    0.3739    5.0087    10563    10563    10563        0        0        6        9
   1   1  30   17.5377    3.2703    0.3674    1.3710    5.0087    37944    37944    37944        0        0        8       13
   1   2  10   18.2472    0.2110    1.1154    3.6823    5.0087   101909   101909   101909        0        0        9       16
   1   2  20   18.8581    0.1470    1.3876    3.4741    5.0087    97068   102131    97068        0        0        9       18
   1   2  30   19.3518    0.1733    1.3862    3.4492    5.0087    95441    99897    95441        0        0        9       20
   1   3  10   19.7132    0.1886    1.3790    3.4411    5.0087    95334    95722    95334        0        0        9       22
   1   3  20   19.9314    0.1925    1.3748    3.4414    5.0087    95553    95698    95553        0        0        9       24
   1   3  30   19.9998    0.1875    1.3806    3.4405    5.0087    95556    95603    95556        0        0        9       26
   1   4  10   19.9163    0.1713    1.3796    3.4577    5.0087    95803    95813    95803        0        0        9       28
   1   4  20   19.6834    0.1476    1.3883    3.4728    5.0087    96361    96537    96361        0        0       11       30
   1   4  30   19.3081    0.1277    1.3933    3.4877    5.0087    96733    96753    96733        0        0       11       32
   1   5  10   18.8020    0.1104    1.3978    3.5005    5.0087    97200    97429    97200        0        0       11       34
   1   5  20   18.1804    0.1014    1.4072    3.5002    5.0087    97096    97096    97096        0        0       12       35
   1   5  30   17.4621    0.0926    1.3956    3.5205    5.0087    97584    97764    97584        0        0       12       37
   1   6  10   16.6690    0.0938    1.4065    3.5084    5.0087    97268    97510    97268        0        0       22       38
   1   6  20   15.8252    0.0967    1.4026    3.5094    5.0087    97338    97480    97338        0        0       23       39
   1   6  30   14.9564    0.1072    1.4019    3.4996    5.0087    97236    97238    97236        0        0       25       41
   1   7  10   14.0888    0.1266    1.4003    3.4818    5.0087    96499    96855    96499        0        0       27       42
   1   7  20   13.2490    0.1562    1.3932    3.4593    5.0087    96082    96355    96082        0        0       28       43
   1   7  30   12.4623    0.2003    1.3735    3.4349    5.0087    95316    95524    95316        0        0       31       45
   1   8  10   11.7528    0.2681    1.3627    3.3779    5.0087    93584    94772    93584        0        0       33       47
   1   8  20   11.1419    0.3538    1.3327    3.3222    5.0087    92284    93352    92284        0        0       34       48
   1   8  30   10.6482    0.4467    1.3019    3.2601    5.0087    90466    91623    90466        0        0       36       50
   1   9  10   10.2868    0.5340    1.2668    3.2079    5.0087    89038    89988    89038        0        0       38       51
   1   9  20   10.0686    0.5474    1.2637    3.1976    5.0087    88777    89004    88777        0        0       39       54
   1   9  30   10.0002    0.4782    1.2662    3.2643    5.0087    90577    90577    90577        0        0       41       56
   1  10  10   10.0837    0.3424    1.3084    3.3579    5.0087    93291    93291    93291        0        0       41       59
   1  10  20   10.3166    0.2443    1.3490    3.4154    5.0087    94785    95006    94785        0        0       41       61
   1  10  30   10.6919    0.1801    1.3681    3.4605    5.0087    95904    96122    95904        0        0       41       63
   1  11  10   11.1980    0.1387    1.3787    3.4913    5.0087    96846    96858    96846        0        0       41       65
   1  11  20   11.8196    0.1162    1.3989    3.4936    5.0087    97037    97037    97037        0        0       41       67
   1  11  30   12.5379    0.1013    1.4005    3.5070    5.0087    97137    97434    97137        0        0       41       69
   1  12  10   13.3310    0.0943    1.4051    3.5093    5.0087    97430    97522    97430        0        0       41       70
   1  12  20   14.1748    0.0942    1.4080    3.5065    5.0087    97235    97370    97235        0        0       42       72
   1  12  30   15.0436    0.0988    1.4075    3.5024    5.0087    97334    97334    97334        0        0       43       73
   2   1  10   15.9112    0.1092    1.3998    3.4997    5.0087    97116    97322    97116        0        0       46       74
   2   1  20   16.7510    0.1277    1.3941    3.4869    5.0087    96778    96967    96778        0        0       47       75
   2   1  30   17.5377    0.1579    1.3904    3.4604    5.0087    95859    96426    95859        0        0       48       76
   2   2  10   18.2472    0.1924    1.3752    3.4410    5.0087    95508    95554    95508        0        0       50       77
   2   2  20   18.8581    0.2349    1.3611    3.4127    5.0087    94481    95195    94481        0        0       52       78
   2   2  30   19.3518    0.2837    1.3569    3.3681    5.0087    93367    94285    93367        0        0       55       79
   2   3  10   19.7132    0.3101    1.3430    3.3556    5.0087    93104    93192    93104        0        0       57       81
   2   3  20   19.9314    0.3016    1.3429    3.3642    5.0087    93259    93455    93259        0        0       60       82
   2   3  30   19.9998    0.2727    1.3543    3.3817    5.0087    93702    93741    93702        0        0       62       84
   2   4  10   19.9163    0.2192    1.3643    3.4252    5.0087    94844    95165    94844        0        0       63       85
   2   4  20   19.6834    0.1727    1.3715    3.4645    5.0087    96140    96193    96140        0        0       63       87
   2   4  30   19.3081    0.1418    1.3859    3.4809    5.0087    96570    96571    96570        0        0       63       88
   2   5  10   18.8020    0.1181    1.3892    3.5014    5.0087    97314    97314    97314        0        0       63       90
   2   5  20   18.1804    0.1056    1.4034    3.4998    5.0087    96957    97321    96957        0        0       63       92
   2   5  30   17.4621    0.0972    1.4061    3.5054    5.0087    97038    97327    97038        0        0       66       93
   2   6  10   16.6690    0.0936    1.4032    3.5119    5.0087    97482    97617    97482        0        0       66       95
   2   6  20   15.8252    0.0965    1.4043    3.5079    5.0087    97552    97792    97552        0        0       67       96
   2   6  30   14.9564    0.1045    1.3978    3.5064    5.0087    97274    97540    97274        0        0       73       97
   2   7  10   14.0888    0.1206    1.3966    3.4915    5.0087    96693    96924    96693        0        0       75       99
   2   7  20   13.2490    0.1428    1.3822    3.4838    5.0087    96653    96822    96653        0        0       76      100
   2   7  30   12.4623    0.1812    1.3799    3.4476    5.0087    95815    96165    95815        0        0       76      101
   2   8  10   11.7528    0.2285    1.3651    3.4151    5.0087    94781    95268    94781        0        0       76      102
   2   8  20   11.1419    0.2856    1.3560    3.3671    5.0087    93524    94132    93524        0        0       76      104
   2   8  30   10.6482    0.3429    1.3321    3.3338    5.0087    92564    92950    92564        0        0       76      105
   2   9  10   10.2868    0.3692    1.3240    3.3155    5.0087    92207    92536    92207        0        0       76      107
   2   9  20   10.0686    0.3533    1.3187    3.3367    5.0087    92528    92719    92528        0        0       76      108
   2   9  30   10.0002    0.2936    1.3197    3.3953    5.0087    94111    94144    94111        0        0       76      110
   2  10  10   10.0837    0.2333    1.3565    3.4189    5.0087    94937    95056    94937        0        0       76      112
   2  10  20   10.3166    0.1802    1.3681    3.4604    5.0087    95968    96006    95968        0        0       76      114
   2  10  30   10.6919    0.1442    1.3869    3.4776    5.0087    96442    96805    96442        0        0       76      115
   2  11  10   11.1980    0.1212    1.3959    3.4916    5.0087    96559    96912    96559        0        0       76      117
   2  11  20   11.8196    0.1033    1.3943    3.5111    5.0087    97407    97938    97407        0        0       76      119
   2  11  30   12.5379    0.0972    1.4044    3.5071    5.0087    96895    97733    96895        0        0       76      120
   2  12  10   13.3310    0.0946    1.4070    3.5071    5.0087    97649    97673    97649        0        0       76      122
   2  12  20   14.1748    0.0986    1.4118    3.4982    5.0087    97159    97382    97159        0        0       76      123
   2  12  30   15.0436    0.1065    1.4012    3.5011    5.0087    97246    97323    97246        0        0       78      125
   3   1  10   15.9112    0.1227    1.3998    3.4862    5.0087    96580    97181    96580        0        0       79      126
   3   1  20   16.7510    0.1465    1.3953    3.4670    5.0087    96202    96668    96202        0        0       80      127
   3   1  30   17.5377    0.1782    1.3783    3.4522    5.0087    95762    96215    95762        0        0       85      129
   3   2  10   18.2472    0.2265    1.3748    3.4073    5.0087    94436    95111    94436        0        0       87      130
   3   2  20   18.8581    0.2793    1.3563    3.3731    5.0087    93611    94205    93611        0        0       89      131
   3   2  30   19.3518    0.3265    1.3365    3.3457    5.0087    92679    93216    92679        0        0       92      133
   3   3  10   19.7132    0.3393    1.3228    3.3466    5.0087    92806    93132    92806        0        0       94      135
   3   3  20   19.9314    0.3244    1.3174    3.3669    5.0087    93423    93442    93423        0        0       97      137
   3   3  30   19.9998    0.2716    1.3368    3.4003    5.0087    94522    94635    94522        0        0      100      139
   3   4  10   19.9163    0.2138    1.3555    3.4394    5.0087    95093    95642    95093        0        0      102      141
   3   4  20   19.6834    0.1695    1.3693    3.4699    5.0087    96029    96287    96029        0        0      104      143
   3   4  30   19.3081    0.1362    1.3778    3.4947    5.0087    96764    97105    96764        0        0      106      145
   3   5  10   18.8020    0.1157    1.3903    3.5027    5.0087    97124    97812    97124        0        0      107      146
   3   5  20   18.1804    0.1038    1.4014    3.5035    5.0087    97449    97689    97449        0        0      109      148
   3   5  30   17.4621    0.0969    1.4009    3.5109    5.0087    97223    97985    97223        0        0      110      149
   3   6  10   16.6690    0.0959    1.4021    3.5107    5.0087    97392    97622    97392        0        0      111      151
   3   6  20   15.8252    0.0999    1.4034    3.5054    5.0087    97495    97587    97495        0        0      111      152
   3   6  30   14.9564    0.1095    1.4022    3.4970    5.0087    97044    97409    97044        0        0      112      154
   3   7  10   14.0888    0.1283    1.4081    3.4722    5.0087    96207    96716    96207        0        0      113      155
   3   7  20   13.2490    0.1489    1.3875    3.4723    5.0087    96405    96495    96405        0        0      113      156
   3   7  30   12.4623    0.1843    1.3765    3.4478    5.0087    95579    95971    95579        0        0      114      157
   3   8  10   11.7528    0.2287    1.3685    3.4115    5.0087    94528    95011    94528        0        0      114      158
   3   8  20   11.1419    0.2834    1.3482    3.3771    5.0087    93627    94191    93627        0        0      114      159
   3   8  30   10.6482    0.3376    1.3342    3.3369    5.0087    92581    92907    92581        0        0      114      160
   3   9  10   10.2868    0.3422    1.3139    3.3526    5.0087    93067    93115    93067        0        0      114      162
   3   9  20   10.0686    0.3145    1.3170    3.3773    5.0087    93664    93841    93664        0        0      114      164
   3   9  30   10.0002    0.2697    1.3390    3.4000    5.0087    94468    94561    94468        0        0      114      166
   3  10  10   10.0837    0.2070    1.3517    3.4500    5.0087    95789    96161    95789        0        0      114      168
   3  10  20   10.3166    0.1669    1.3709    3.4709    5.0087    95883    96819    95883        0        0      114      170
   3  10  30   10.6919    0.1338    1.3856    3.4893    5.0087    96741    97550    96741        0        0      114      171
   3  11  10   11.1980    0.1143    1.3978    3.4966    5.0087    97877    97877    97877        0        0      114      173
   3  11  20   11.8196    0.1052    1.4021    3.5013    5.0087    96666    97917    96666        0        0      114      174
   3  11  30   12.5379    0.0949    1.3967    3.5172    5.0087    98322    98429    98322        0        0      114      176
   3  12  10   13.3310    0.0978    1.4053    3.5057    5.0087    96578    98185    96578        0        0      115      177
   3  12  20   14.1748    0.1009    1.4026    3.5052    5.0087    97089    97825    97089        0        0      116      179
   3  12  30   15.0436    0.1102    1.3985    3.5000    5.0087    97619    97653    97619        0        0      116      180
   4   1  10   15.9112    0.1279    1.3971    3.4837    5.0087    96518    97011    96518        0        0      117      182
   4   1  20   16.7510    0.1528    1.3903    3.4656    5.0087    96138    96426    96138        0        0      118      183
   4   1  30   17.5377    0.1889    1.3822    3.4376    5.0087    95421    95848    95421        0        0      119      184
   4   2  10   18.2472    0.2347    1.3653    3.4087    5.0087    94465    95125    94465        0        0      121      185
   4   2  20   18.8581    0.2862    1.3518    3.3707    5.0087    93585    94435    93585        0        0      123      187
   4   2  30   19.3518    0.3331    1.3324    3.3432    5.0087    92696    93299    92696        0        0      126      188
   4   3  10   19.7132    0.3583    1.3155    3.3349    5.0087    92657    92784    92657        0        0      128      190
   4   3  20   19.9314    0.3213    1.3119    3.3754    5.0087    93774    93880    93774        0        0      131      192
   4   3  30   19.9998    0.2719    1.3310    3.4058    5.0087    94593    94836    94593        0        0      133      193
   4   4  10   19.9163    0.2159    1.3540    3.4388    5.0087    95242    95641    95242        0        0      135      195
   4   4  20   19.6834    0.1647    1.3605    3.4835    5.0087    97032    97032    97032        0        0      137      197
   4   4  30   19.3081    0.1349    1.3737    3.5001    5.0087    97512    97512    97512        0        0      139      198
   4   5  10   18.8020    0.1190    1.3960    3.4937    5.0087    96908    97435    96908        0        0      140      200
   4   5  20   18.1804    0.1049    1.4004    3.5034    5.0087    97242    97565    97242        0        0      142      202
   4   5  30   17.4621    0.0996    1.4053    3.5037    5.0087    97053    97319    97053        0        0      143      203
   4   6  10   16.6690    0.0971    1.4012    3.5103    5.0087    97528    97528    97528        0        0      143      205
   4   6  20   15.8252    0.1002    1.3983    3.5101    5.0087    97503    97572    97503        0        0      144      206
   4   6  30   14.9564    0.1101    1.4034    3.4951    5.0087    97120    97160    97120        0        0      145      207
   4   7  10   14.0888    0.1240    1.3918    3.4929    5.0087    96899    96994    96899        0        0      146      209
   4   7  20   13.2490    0.1498    1.3921    3.4668    5.0087    95877    96382    95877        0        0      146      210
   4   7  30   12.4623    0.1825    1.3765    3.4497    5.0087    95896    95896    95896        0        0      146      212
   4   8  10   11.7528    0.2271    1.3611    3.4205    5.0087    94693    95187    94693        0        0      146      213
   4   8  20   11.1419    0.2780    1.3444    3.3863    5.0087    93909    94222    93909        0        0      146      214
   4   8  30   10.6482    0.3204    1.3254    3.3629    5.0087    93315    93587    93315        0        0      146      216
   4   9  10   10.2868    0.3427    1.3181    3.3479    5.0087    92856    93235    92856        0        0      146      217
   4   9  20   10.0686    0.3222    1.3126    3.3739    5.0087    93521    93618    93521        0        0      146      219
   4   9  30   10.0002    0.2731    1.3296    3.4060    5.0087    94707    94707    94707        0        0      146      220
   4  10  10   10.0837    0.2159    1.3553    3.4374    5.0087    95230    95332    95230        0        0      146      221
   4  10  20   10.3166    0.1690    1.3691    3.4706    5.0087    96261    96412    96261        0        0      146      223
   4  10  30   10.6919    0.1382    1.3840    3.4865    5.0087    96667    96669    96667        0        0      146      224
   4  11  10   11.1980    0.1154    1.3920    3.5014    5.0087    97358    97486    97358        0        0      146      226
   4  11  20   11.8196    0.1032    1.3958    3.5097    5.0087    97232    97325    97232        0        0      146      227
   4  11  30   12.5379    0.0977    1.4084    3.5026    5.0087    97115    97371    97115        0        0      147      229
   4  12  10   13.3310    0.0946    1.3991    3.5150    5.0087    97595    97721    97595        0        0      147      230
   4  12  20   14.1748    0.0996    1.4029    3.5062    5.0087    97131    97370    97131        0        0      147      232
   4  12  30   15.0436    0.1081    1.3973    3.5032    5.0087    97480    97483    97480        0        0      147      233
   5   1  10   15.9112    0.1255    1.3995    3.4837    5.0087    96743    97121    96743        0        0      148      235
   5   1  20   16.7510    0.1508    1.3964    3.4615    5.0087    96041    96330    96041        0        0      150      236
   5   1  30   17.5377    0.1869    1.3864    3.4353    5.0087    95441    95957    95441        0        0      152      238
   5   2  10   18.2472    0.2289    1.3597    3.4201    5.0087    94651    94977    94651        0        0      154      239
   5   2  20   18.8581    0.2825    1.3498    3.3764    5.0087    93803    94095    93803        0        0      156      241
   5   2  30   19.3518    0.3247    1.3278    3.3562    5.0087    93039    93328    93039        0        0      159      243
   5   3  10   19.7132    0.3518    1.3257    3.3313    5.0087    92562    92906    92562        0        0      161      245
   5   3  20   19.9314    0.3206    1.3162    3.3718    5.0087    93546    93638    93546        0        0      164      248
   5   3  30   19.9998    0.2642    1.3332    3.4113    5.0087    94746    94827    94746        0        0      167      250
   5   4  10   19.9163    0.2035    1.3480    3.4572    5.0087    96308    96360    96308        0        0      169      252
   5   4  20   19.6834    0.1629    1.3788    3.4670    5.0087    96446    96603    96446        0        0      171      254
   5   4  30   19.3081    0.1308    1.3827    3.4952    5.0087    97075    97421    97075        0        0      172      256
   5   5  10   18.8020    0.1148    1.3971    3.4968    5.0087    97361    97361    97361        0        0      174      257
   5   5  20   18.1804    0.1029    1.3927    3.5131    5.0087    97168    97627    97168        0        0      175      259
   5   5  30   17.4621    0.0988    1.4010    3.5088    5.0087    97457    97457    97457        0        0      176      260
   5   6  10   16.6690    0.0983    1.4009    3.5094    5.0087    97134    97551    97134        0        0      177      262
   5   6  20   15.8252    0.1030    1.4017    3.5039    5.0087    97259    97388    97259        0        0      179      263
   5   6  30   14.9564    0.1110    1.3912    3.5065    5.0087    97442    97577    97442        0        0      179      265
   5   7  10   14.0888    0.1280    1.3961    3.4846    5.0087    96658    97118    96658        0        0      180      266
   5   7  20   13.2490    0.1532    1.3886    3.4669    5.0087    96130    96174    96130        0        0      181      268
   5   7  30   12.4623    0.1835    1.3780    3.4472    5.0087    95832    95915    95832        0        0      181      269
   5   8  10   11.7528    0.2308    1.3677    3.4102    5.0087    94835    95057    94835        0        0      182      270
   5   8  20   11.1419    0.2799    1.3429    3.3859    5.0087    93876    94064    93876        0        0      182      272
   5   8  30   10.6482    0.3207    1.3328    3.3552    5.0087    93085    93876    93085        0        0      182      274
   5   9  10   10.2868    0.3450    1.3169    3.3468    5.0087    92922    92985    92922        0        0      182      275
   5   9  20   10.0686    0.3187    1.3108    3.3791    5.0087    93887    93887    93887        0        0      182      276
   5   9  30   10.0002    0.2585    1.3306    3.4196    5.0087    94716    95418    94716        0        0      182      276
   5  10  10   10.0837    0.2094    1.3490    3.4503    5.0087    95590    95916    95590        0        0      182      277
   5  10  20   10.3166    0.1657    1.3645    3.4785    5.0087    96392    96837    96392        0        0      182      279
   5  10  30   10.6919    0.1359    1.3760    3.4968    5.0087    96762    97264    96762        0        0      182      280
   5  11  10   11.1980    0.1158    1.3944    3.4985    5.0087    96488    98200    96488        0        0      182      282
   5  11  20   11.8196    0.1023    1.3947    3.5116    5.0087    98316    98316    98316        0        0      182      284
   5  11  30   12.5379    0.0992    1.4041    3.5055    5.0087    96402    98128    96402        0        0      182      285
   5  12  10   13.3310    0.0977    1.4059    3.5051    5.0087    97408    98107    97408        0        0      182      287
   5  12  20   14.1748    0.0989    1.3908    3.5190    5.0087    98025    98127    98025        0        0      184      288
   5  12  30   15.0436    0.1124    1.4068    3.4896    5.0087    96869    97415    96869        0        0      184      290
   6   1  10   15.9112    0.1272    1.3964    3.4851    5.0087    96748    96890    96748        0        0      185      291
   6   1  20   16.7510    0.1509    1.3914    3.4663    5.0087    96319    96571    96319        0        0      189      293
   6   1  30   17.5377    0.1864    1.3804    3.4419    5.0087    95412    95788    95412        0        0      191      294
   6   2  10   18.2472    0.2332    1.3609    3.4145    5.0087    94747    94930    94747        0        0      193      296
   6   2  20   18.8581    0.2779    1.3421    3.3887    5.0087    94050    94250    94050        0        0      195      297
   6   2  30   19.3518    0.3306    1.3312    3.3469    5.0087    92722    93414    92722        0        0      198      298
   6   3  10   19.7132    0.3415    1.3181    3.3491    5.0087    92913    93052    92913        0        0      200      300
   6   3  20   19.9314    0.3131    1.3182    3.3775    5.0087    93608    93661    93608        0        0      203      301
   6   3  30   19.9998    0.2501    1.3366    3.4221    5.0087    94880    95060    94880        0        0      205      303
   6   4  10   19.9163    0.1936    1.3567    3.4584    5.0087    95772    96390    95772        0        0      207      304
   6   4  20   19.6834    0.1558    1.3700    3.4829    5.0087    96276    97248    96276        0        0      209      306
   6   4  30   19.3081    0.1281    1.3787    3.5018    5.0087    96358    98058    96358        0        0      211      307
   6   5  10   18.8020    0.1094    1.3896    3.5097    5.0087    98364    98559    98364        0        0      212      309
   6   5  20   18.1804    0.1041    1.4007    3.5039    5.0087    97152    98169    97152        0        0      214      310
   6   5  30   17.4621    0.0978    1.3999    3.5110    5.0087    97798    98464    97798        0        0      215      312
   6   6  10   16.6690    0.1010    1.4075    3.5002    5.0087    96697    97752    96697        0        0      216      313
   6   6  20   15.8252    0.1054    1.4038    3.4994    5.0087    97369    97419    97369        0        0      217      314
   6   6  30   14.9564    0.1156    1.3949    3.4982    5.0087    96884    97375    96884        0        0      217      316
   6   7  10   14.0888    0.1307    1.3914    3.4866    5.0087    97101    97120    97101        0        0      218      317
   6   7  20   13.2490    0.1550    1.3879    3.4658    5.0087    96034    96630    96034        0        0      218      319
   6   7  30   12.4623    0.1880    1.3787    3.4419    5.0087    95559    95861    95559        0        0      218      320
   6   8  10   11.7528    0.2263    1.3569    3.4255    5.0087    94847    95225    94847        0        0      218      322
   6   8  20   11.1419    0.2753    1.3379    3.3955    5.0087    94219    94418    94219        0        0      218      323
   6   8  30   10.6482    0.3153    1.3241    3.3692    5.0087    93659    93776    93659        0        0      218      325
   6   9  10   10.2868    0.3301    1.3179    3.3607    5.0087    93418    93471    93418        0        0      218      327
   6   9  20   10.0686    0.3132    1.3207    3.3747    5.0087    93533    93643    93533        0        0      218      328
   6   9  30   10.0002    0.2541    1.3331    3.4215    5.0087    95255    95255    95255        0        0      218      329
   6  10  10   10.0837    0.1968    1.3474    3.4645    5.0087    95894    96446    95894        0        0      218      331
   6  10  20   10.3166    0.1562    1.3674    3.4851    5.0087    96198    97349    96198        0        0      218      332
   6  10  30   10.6919    0.1246    1.3676    3.5165    5.0087    98145    98604    98145        0        0      218      333
   6  11  10   11.1980    0.1123    1.3878    3.5086    5.0087    98119    98306    98119        0        0      218      335
   6  11  20   11.8196    0.1050    1.4001    3.5035    5.0087    95981    98422    95981        0        0      218      336
   6  11  30   12.5379    0.0977    1.4033    3.5077    5.0087    98699    98699    98699        0        0      218      338
   6  12  10   13.3310    0.0985    1.4034    3.5069    5.0087    97082    98734    97082        0        0      218      339
   6  12  20   14.1748    0.1052    1.3997    3.5037    5.0087    96401    98067    96401        0        0      220      341
   6  12  30   15.0436    0.1139    1.3958    3.4989    5.0087    96973    97262    96973        0        0      221      342
   7   1  10   15.9112    0.1325    1.3996    3.4766    5.0087    96486    96878    96486        0        0      222      344
   7   1  20   16.7510    0.1516    1.3753    3.4818    5.0087    96570    96587    96570        0        0      223      345
   7   1  30   17.5377    0.1880    1.3736    3.4471    5.0087    95485    96075    95485        0        0      224      347
   7   2  10   18.2472    0.2331    1.3594    3.4162    5.0087    94566    95029    94566        0        0      226      348
   7   2  20   18.8581    0.2791    1.3411    3.3885    5.0087    94122    94527    94122        0        0      228      350
   7   2  30   19.3518    0.3316    1.3227    3.3544    5.0087    93070    93382    93070        0        0      233      352
   7   3  10   19.7132    0.3480    1.3133    3.3474    5.0087    92945    93145    92945        0        0      236      353
   7   3  20   19.9314    0.3214    1.3038    3.3835    5.0087    93950    93950    93950        0        0      239      354
   7   3  30   19.9998    0.2681    1.3300    3.4106    5.0087    94636    94897    94636        0        0      241      356
   7   4  10   19.9163    0.2089    1.3504    3.4493    5.0087    95559    95851    95559        0        0      243      358
   7   4  20   19.6834    0.1610    1.3615    3.4862    5.0087    97427    97427    97427        0        0      246      359
   7   4  30   19.3081    0.1327    1.3780    3.4981    5.0087    96913    97443    96913        0        0      247      361
   7   5  10   18.8020    0.1151    1.3885    3.5052    5.0087    96585    97885    96585        0        0      249      362
   7   5  20   18.1804    0.1012    1.3965    3.5110    5.0087    98199    98634    98199        0        0      250      364
   7   5  30   17.4621    0.1004    1.4070    3.5012    5.0087    96469    98072    96469        0        0      251      365
   7   6  10   16.6690    0.0986    1.4034    3.5067    5.0087    97471    97583    97471        0        0      252      367
   7   6  20   15.8252    0.1029    1.3959    3.5099    5.0087    97711    97751    97711        0        0      253      368
   7   6  30   14.9564    0.1143    1.3979    3.4964    5.0087    96857    97132    96857        0        0      254      370
   7   7  10   14.0888    0.1305    1.3995    3.4787    5.0087    96623    96690    96623        0        0      254      370
   7   7  20   13.2490    0.1537    1.3913    3.4636    5.0087    96304    96375    96304        0        0      254      372
   7   7  30   12.4623    0.1860    1.3836    3.4391    5.0087    95484    95614    95484        0        0      254      373
   7   8  10   11.7528    0.2200    1.3589    3.4298    5.0087    95166    95547    95166        0        0      254      375
   7   8  20   11.1419    0.2751    1.3467    3.3869    5.0087    94011    94811    94011        0        0      254      376
   7   8  30   10.6482    0.3182    1.3206    3.3699    5.0087    93591    93591    93591        0        0      254      378
   7   9  10   10.2868    0.3345    1.3110    3.3632    5.0087    93509    93532    93509        0        0      255      380
   7   9  20   10.0686    0.3208    1.3182    3.3697    5.0087    93559    93614    93559        0        0      255      382
   7   9  30   10.0002    0.2634    1.3316    3.4137    5.0087    94660    95042    94660        0        0      255      383
   7  10  10   10.0837    0.2071    1.3464    3.4552    5.0087    95523    95892    95523        0        0      255      385
   7  10  20   10.3166    0.1645    1.3649    3.4793    5.0087    96401    96401    96401        0        0      255      386
   7  10  30   10.6919    0.1338    1.3830    3.4919    5.0087    96674    97252    96674        0        0      255      388
   7  11  10   11.1980    0.1149    1.3917    3.5021    5.0087    96928    97650    96928        0        0      255      390
   7  11  20   11.8196    0.1047    1.4048    3.4991    5.0087    97114    97362    97114        0        0      255      390
   7  11  30   12.5379    0.0979    1.4035    3.5074    5.0087    97164    98084    97164        0        0      255      392
   7  12  10   13.3310    0.0996    1.4080    3.5011    5.0087    96779    97991    96779        0        0      255      393
   7  12  20   14.1748    0.1029    1.4054    3.5004    5.0087    97641    97647    97641        0        0      255      394
   7  12  30   15.0436    0.1122    1.4025    3.4940    5.0087    97089    97615    97089        0        0      259      396
   8   1  10   15.9112    0.1290    1.3942    3.4855    5.0087    96436    97103    96436        0        0      260      398
   8   1  20   16.7510    0.1523    1.3882    3.4682    5.0087    96466    96575    96466        0        0      262      399
   8   1  30   17.5377    0.1855    1.3763    3.4470    5.0087    95430    95904    95430        0        0      283      401
   8   2  10   18.2472    0.2315    1.3712    3.4060    5.0087    94535    95088    94535        0        0      285      402
   8   2  20   18.8581    0.2713    1.3452    3.3922    5.0087    94246    94353    94246        0        0      287      404
   8   2  30   19.3518    0.3219    1.3359    3.3509    5.0087    93001    93588    93001        0        0      290      406
   8   3  10   19.7132    0.3335    1.3149    3.3602    5.0087    93130    93409    93130        0        0      292      407
   8   3  20   19.9314    0.3079    1.3182    3.3825    5.0087    93921    94009    93921        0        0      295      409
   8   3  30   19.9998    0.2488    1.3329    3.4270    5.0087    95018    95063    95018        0        0      297      411
   8   4  10   19.9163    0.1909    1.3501    3.4677    5.0087    96307    96394    96307        0        0      299      412
   8   4  20   19.6834    0.1558    1.3743    3.4786    5.0087    97093    97093    97093        0        0      301      414
   8   4  30   19.3081    0.1290    1.3839    3.4957    5.0087    96740    97822    96740        0        0      302      415
   8   5  10   18.8020    0.1124    1.3866    3.5097    5.0087    96636    98030    96636        0        0      303      417
   8   5  20   18.1804    0.1010    1.3992    3.5085    5.0087    98230    98458    98230        0        0      305      417
   8   5  30   17.4621    0.1001    1.4005    3.5081    5.0087    96378    98053    96378        0        0      306      418
   8   6  10   16.6690    0.0989    1.3965    3.5132    5.0087    97839    97872    97839        0        0      307      420
   8   6  20   15.8252    0.1061    1.4055    3.4971    5.0087    96951    97786    96951        0        0      308      421
   8   6  30   14.9564    0.1165    1.4002    3.4920    5.0087    96898    97190    96898        0        0      308      423
   8   7  10   14.0888    0.1325    1.3939    3.4823    5.0087    96746    96761    96746        0        0      309      425
   8   7  20   13.2490    0.1570    1.3876    3.4641    5.0087    96004    96478    96004        0        0      309      426
   8   7  30   12.4623    0.1888    1.3740    3.4459    5.0087    95666    95845    95666        0        0      309      428
   8   8  10   11.7528    0.2267    1.3587    3.4233    5.0087    95068    95348    95068        0        0      310      430
   8   8  20   11.1419    0.2776    1.3378    3.3933    5.0087    94144    94498    94144        0        0      310      432
   8   8  30   10.6482    0.3176    1.3247    3.3665    5.0087    93540    93679    93540        0        0      310      434
   8   9  10   10.2868    0.3391    1.3162    3.3534    5.0087    93195    93346    93195        0        0      310      436
   8   9  20   10.0686    0.3139    1.3080    3.3867    5.0087    94129    94129    94129        0        0      310      438
   8   9  30   10.0002    0.2631    1.3355    3.4100    5.0087    94808    94835    94808        0        0      310      440
   8  10  10   10.0837    0.2081    1.3454    3.4551    5.0087    95913    96018    95913        0        0      310      441
   8  10  20   10.3166    0.1671    1.3702    3.4714    5.0087    96328    96658    96328        0        0      310      443
   8  10  30   10.6919    0.1366    1.3819    3.4902    5.0087    96980    97065    96980        0        0      310      445
   8  11  10   11.1980    0.1154    1.3926    3.5007    5.0087    97265    97412    97265        0        0      310      447
   8  11  20   11.8196    0.1041    1.3958    3.5088    5.0087    97038    97390    97038        0        0      310      449
   8  11  30   12.5379    0.0969    1.3976    3.5141    5.0087    97454    97797    97454        0        0      310      450
   8  12  10   13.3310    0.0969    1.4073    3.5046    5.0087    97215    97354    97215        0        0      310      452
   8  12  20   14.1748    0.1013    1.4098    3.4976    5.0087    97207    97304    97207        0        0      310      453
   8  12  30   15.0436    0.1097    1.3975    3.5015    5.0087    97184    97293    97184        0        0      315      455
   9   1  10   15.9112    0.1256    1.3864    3.4966    5.0087    96634    97334    96634        0        0      317      456
   9   1  20   16.7510    0.1515    1.3913    3.4659    5.0087    96425    96798    96425        0        0      318      457
   9   1  30   17.5377    0.1869    1.3794    3.4424    5.0087    95771    95797    95771        0        0      319      459
   9   2  10   18.2472    0.2365    1.3688    3.4034    5.0087    94335    95081    94335        0        0      326      460
   9   2  20   18.8581    0.2881    1.3491    3.3715    5.0087    93209    94174    93209        0        0      329      461
   9   2  30   19.3518    0.3343    1.3236    3.3508    5.0087    93017    93174    93017        0        0      332      462
   9   3  10   19.7132    0.3518    1.3127    3.3442    5.0087    92787    92863    92787        0        0      334      464
   9   3  20   19.9314    0.3221    1.3202    3.3663    5.0087    93259    93456    93259        0        0      337      465
   9   3  30   19.9998    0.2603    1.3319    3.4165    5.0087    95017    95017    95017        0        0      339      466
   9   4  10   19.9163    0.1942    1.3503    3.4642    5.0087    96281    96435    96281        0        0      341      468
   9   4  20   19.6834    0.1553    1.3729    3.4805    5.0087    96507    97087    96507        0        0      343      469
   9   4  30   19.3081    0.1279    1.3867    3.4941    5.0087    97339    97510    97339        0        0      344      470
   9   5  10   18.8020    0.1126    1.3984    3.4977    5.0087    97450    97601    97450        0        0      346      471
   9   5  20   18.1804    0.1042    1.4043    3.5002    5.0087    96380    97972    96380        0        0      348      473
   9   5  30   17.4621    0.0986    1.4039    3.5062    5.0087    97433    97869    97433        0        0      349      474
   9   6  10   16.6690    0.0984    1.4048    3.5055    5.0087    97810    98345    97810        0        0      351      475
   9   6  20   15.8252    0.1052    1.3976    3.5059    5.0087    96862    97975    96862        0        0      352      477
   9   6  30   14.9564    0.1172    1.4030    3.4885    5.0087    96514    97388    96514        0        0      352      479
   9   7  10   14.0888    0.1323    1.3904    3.4860    5.0087    96612    96942    96612        0        0      353      480
   9   7  20   13.2490    0.1593    1.3952    3.4542    5.0087    95735    96209    95735        0        0      353      482
   9   7  30   12.4623    0.1906    1.3766    3.4415    5.0087    95425    95515    95425        0        0      353      484
   9   8  10   11.7528    0.2301    1.3623    3.4163    5.0087    94888    95232    94888        0        0      353      485
   9   8  20   11.1419    0.2761    1.3447    3.3879    5.0087    94132    94313    94132        0        0      353      487
   9   8  30   10.6482    0.3184    1.3236    3.3666    5.0087    93486    93521    93486        0        0      354      489
   9   9  10   10.2868    0.3266    1.3151    3.3670    5.0087    93507    93646    93507        0        0      354      490
   9   9  20   10.0686    0.3088    1.3144    3.3855    5.0087    94004    94004    94004        0        0      354      492
   9   9  30   10.0002    0.2642    1.3335    3.4109    5.0087    94875    94915    94875        0        0      354      493
   9  10  10   10.0837    0.2115    1.3485    3.4487    5.0087    95483    95818    95483        0        0      354      494
   9  10  20   10.3166    0.1679    1.3640    3.4768    5.0087    95731    96899    95731        0        0      354      494
   9  10  30   10.6919    0.1391    1.3823    3.4873    5.0087    96034    97286    96034        0        0      354      495
   9  11  10   11.1980    0.1164    1.3894    3.5029    5.0087    97260    97763    97260        0        0      354      497
   9  11  20   11.8196    0.1029    1.3902    3.5156    5.0087    98041    98041    98041        0        0      354      498
   9  11  30   12.5379    0.0981    1.4056    3.5050    5.0087    97132    98061    97132        0        0      354      500
   9  12  10   13.3310    0.0981    1.4077    3.5029    5.0087    96745    97556    96745        0        0      354      502
   9  12  20   14.1748    0.1002    1.4077    3.5009    5.0087    97489    97519    97489        0        0      354      503
   9  12  30   15.0436    0.1084    1.4017    3.4986    5.0087    97162    97653    97162        0        0      357      504
  10   1  10   15.9112    0.1249    1.3950    3.4889    5.0087    96812    97020    96812        0        0      363      506
  10   1  20   16.7510    0.1498    1.3909    3.4681    5.0087    96111    96759    96111        0        0      365      507
  10   1  30   17.5377    0.1840    1.3791    3.4455    5.0087    95560    95823    95560        0        0      366      509
  10   2  10   18.2472    0.2318    1.3655    3.4114    5.0087    94527    95065    94527        0        0      368      510
  10   2  20   18.8581    0.2889    1.3462    3.3736    5.0087    93547    94248    93547        0        0      371      511
  10   2  30   19.3518    0.3361    1.3295    3.3431    5.0087    92827    93269    92827        0        0      373      513
  10   3  10   19.7132    0.3494    1.3186    3.3406    5.0087    92654    92941    92654        0        0      376      515
  10   3  20   19.9314    0.3214    1.3164    3.3708    5.0087    93681    93681    93681        0        0      379      517
  10   3  30   19.9998    0.2513    1.3371    3.4202    5.0087    94944    95411    94944        0        0      381      518
  10   4  10   19.9163    0.1977    1.3575    3.4535    5.0087    95253    96106    95253        0        0      383      520
  10   4  20   19.6834    0.1571    1.3791    3.4725    5.0087    95901    97379    95901        0        0      385      522
  10   4  30   19.3081    0.1309    1.3903    3.4875    5.0087    95601    97929    95601        0        0      387      523
  10   5  10   18.8020    0.1104    1.4015    3.4968    5.0087    97639    98284    97639        0        0      388      525
  10   5  20   18.1804    0.1032    1.3947    3.5108    5.0087    97182    98426    97182        0        0      390      527
  10   5  30   17.4621    0.0963    1.3944    3.5181    5.0087    98255    99038    98255        0        0      391      528
  10   6  10   16.6690    0.1024    1.4021    3.5041    5.0087    96272    98358    96272        0        0      392      530
  10   6  20   15.8252    0.1055    1.3917    3.5114    5.0087    97592    97871    97592        0        0      393      530
  10   6  30   14.9564    0.1180    1.4038    3.4869    5.0087    96788    97618    96788        0        0      393      532
  10   7  10   14.0888    0.1340    1.3938    3.4809    5.0087    96833    96956    96833        0        0      394      533
  10   7  20   13.2490    0.1607    1.3920    3.4560    5.0087    95737    96440    95737        0        0      395      535
  10   7  30   12.4623    0.1890    1.3772    3.4425    5.0087    95603    95801    95603        0        0      395      536
  10   8  10   11.7528    0.2330    1.3591    3.4166    5.0087    94893    95396    94893        0        0      395      538
  10   8  20   11.1419    0.2865    1.3458    3.3764    5.0087    93765    94374    93765        0        0      395      539
  10   8  30   10.6482    0.3283    1.3163    3.3641    5.0087    93055    93720    93055        0        0      395      541
  10   9  10   10.2868    0.3470    1.3004    3.3613    5.0087    93226    93245    93226        0        0      395      542
  10   9  20   10.0686    0.3335    1.3025    3.3727    5.0087    93687    93784    93687        0        0      395      544
  10   9  30   10.0002    0.2776    1.3226    3.4085    5.0087    94802    94802    94802        0        0      395      545
  10  10  10   10.0837    0.2165    1.3433    3.4489    5.0087    95697    95726    95697        0        0      395      547
  10  10  20   10.3166    0.1702    1.3601    3.4784    5.0087    96687    96687    96687        0        0      395      549
  10  10  30   10.6919    0.1375    1.3761    3.4951    5.0087    97249    97463    97249        0        0      395      550
  10  11  10   11.1980    0.1171    1.3921    3.4994    5.0087    97314    97368    97314        0        0      395      552
  10  11  20   11.8196    0.1056    1.3986    3.5045    5.0087    96600    97477    96600        0        0      395      554
  10  11  30   12.5379    0.0962    1.3980    3.5145    5.0087    97875    98028    97875        0        0      395      555
  10  12  10   13.3310    0.0956    1.3958    3.5174    5.0087    97209    97922    97209        0        0      395      557
  10  12  20   14.1748    0.1019    1.4111    3.4957    5.0087    96668    97514    96668        0        0      395      558
