Running model...
   1   0   0   15.0436    4.9879    0.0010    0.0199    5.0087      544      544      544        0        0        1        2
   1   1  10   15.9112    4.8994    0.0220    0.0873    5.0087     2437     2437     2437        0        0        4        5
   1   1  20   16.7510    4.5574    0.0938    0.3575    5.0087    10011    10011    10011        0        0        6        9
   1   1  30   17.5377    3.3542    0.3525    1.3020    5.0087    36159    36159    36159        0        0        8       13
   1   2  10   18.2472    0.3315    1.0609    3.6162    5.0087   100742   100742   100742        0        0       10       16
   1   2  20   18.8581    0.1491    1.3871    3.4725    5.0087    95719   103151    95719        0        0       10       18
   1   2  30   19.3518    0.1697    1.3793    3.4597    5.0087    95867   101006    95867        0        0       11       20
   1   3  10   19.7132    0.1905    1.3871    3.4311    5.0087    95088    95626    95088        0        0       13       22
   1   3  20   19.9314    0.1935    1.3762    3.4390    5.0087    95245    95675    95245        0        0       13       24
   1   3  30   19.9998    0.1849    1.3778    3.4460    5.0087    95519    95793    95519        0        0       15       26
   1   4  10   19.9163    0.1658    1.3718    3.4711    5.0087    96207    96207    96207        0        0       15       28
   1   4  20   19.6834    0.1445    1.3828    3.4814    5.0087    96673    96777    96673        0        0       16       30
   1   4  30   19.3081    0.1249    1.3859    3.4978    5.0087    96968    97039    96968        0        0       17       32
   1   5  10   18.8020    0.1099    1.3972    3.5015    5.0087    97046    97321    97046        0        0       17       34
   1   5  20   18.1804    0.1003    1.4066    3.5018    5.0087    97270    97346    97270        0        0       18       36
   1   5  30   17.4621    0.0931    1.4010    3.5146    5.0087    97623    97666    97623        0        0       20       37
   1   6  10   16.6690    0.0918    1.3955    3.5213    5.0087    97705    97957    97705        0        0       22       38
   1   6  20   15.8252    0.0973    1.4026    3.5088    5.0087    97244    97592    97244        0        0       24       39
   1   6  30   14.9564    0.1088    1.4015    3.4983    5.0087    96997    97168    96997        0        0       25       41
   1   7  10   14.0888    0.1269    1.3953    3.4865    5.0087    96966    97125    96966        0        0       27       42
   1   7  20   13.2490    0.1586    1.3896    3.4605    5.0087    95933    96339    95933        0        0       28       43
   1   7  30   12.4623    0.2018    1.3740    3.4328    5.0087    95193    95664    95193        0        0       30       45
   1   8  10   11.7528    0.2701    1.3590    3.3795    5.0087    93580    94597    93580        0        0       33       46
   1   8  20   11.1419    0.3516    1.3383    3.3187    5.0087    92062    93224    92062        0        0       35       48
   1   8  30   10.6482    0.4422    1.3110    3.2555    5.0087    90408    91635    90408        0        0       37       50
   1   9  10   10.2868    0.5124    1.2867    3.2096    5.0087    89155    89894    89155        0        0       38       52
   1   9  20   10.0686    0.5176    1.2801    3.2109    5.0087    89141    89198    89141        0        0       40       54
   1   9  30   10.0002    0.4270    1.3046    3.2770    5.0087    90862    90865    90862        0        0       41       56
   1  10  10   10.0837    0.3051    1.3318    3.3718    5.0087    93458    93495    93458        0        0       42       58
   1  10  20   10.3166    0.2166    1.3595    3.4325    5.0087    95153    95177    95153        0        0       43       60
   1  10  30   10.6919    0.1649    1.3798    3.4640    5.0087    96134    96204    96134        0        0       44       62
   1  11  10   11.1980    0.1312    1.3896    3.4880    5.0087    96735    96789    96735        0        0       45       64
   1  11  20   11.8196    0.1100    1.3951    3.5036    5.0087    97261    97456    97261        0        0       46       66
   1  11  30   12.5379    0.1002    1.4068    3.5017    5.0087    96943    97422    96943        0        0       46       67
   1  12  10   13.3310    0.0942    1.4083    3.5062    5.0087    97292    97611    97292        0        0       47       69
   1  12  20   14.1748    0.0952    1.4061    3.5074    5.0087    97137    97705    97137        0        0       48       70
   1  12  30   15.0436    0.1010    1.4009    3.5067    5.0087    97366    97382    97366        0        0       52       71
   2   1  10   15.9112    0.1157    1.4076    3.4854    5.0087    96733    97143    96733        0        0       53       73
   2   1  20   16.7510    0.1358    1.3985    3.4743    5.0087    96714    96714    96714        0        0       56       74
   2   1  30   17.5377    0.1640    1.3855    3.4592    5.0087    95656    96340    95656        0        0       58       75
   2   2  10   18.2472    0.2032    1.3771    3.4284    5.0087    95101    95302    95101        0        0       60       77
   2   2  20   18.8581    0.2499    1.3674    3.3914    5.0087    93900    94550    93900        0        0       62       78
   2   2  30   19.3518    0.2846    1.3547    3.3694    5.0087    93329    94024    93329        0        0       63       80
   2   3  10   19.7132    0.3113    1.3424    3.3549    5.0087    92932    93154    92932        0        0       64       81
   2   3  20   19.9314    0.2981    1.3403    3.3703    5.0087    93555    93660    93555        0        0       65       83
   2   3  30   19.9998    0.2678    1.3511    3.3897    5.0087    93962    93978    93962        0        0       66       84
   2   4  10   19.9163    0.2183    1.3658    3.4246    5.0087    94879    94890    94879        0        0       67       86
   2   4  20   19.6834    0.1727    1.3712    3.4647    5.0087    96035    96148    96035        0        0       67       87
   2   4  30   19.3081    0.1418    1.3825    3.4844    5.0087    96551    96720    96551        0        0       67       89
   2   5  10   18.8020    0.1198    1.3944    3.4945    5.0087    97138    97138    97138        0        0       69       90
   2   5  20   18.1804    0.1054    1.4040    3.4993    5.0087    97008    97158    97008        0        0       71       92
   2   5  30   17.4621    0.0969    1.4091    3.5026    5.0087    97208    97269    97208        0        0       72       93
   2   6  10   16.6690    0.0933    1.4065    3.5089    5.0087    97336    97669    97336        0        0       73       94
   2   6  20   15.8252    0.0959    1.4021    3.5107    5.0087    97338    97662    97338        0        0       74       96
   2   6  30   14.9564    0.1051    1.4072    3.4964    5.0087    97104    97314    97104        0        0       75       97
   2   7  10   14.0888    0.1200    1.3973    3.4914    5.0087    96938    96958    96938        0        0       77       98
   2   7  20   13.2490    0.1461    1.3928    3.4697    5.0087    96156    96417    96156        0        0       78      100
   2   7  30   12.4623    0.1834    1.3867    3.4385    5.0087    95521    95867    95521        0        0       80      101
   2   8  10   11.7528    0.2304    1.3693    3.4090    5.0087    94744    95009    94744        0        0       82      103
   2   8  20   11.1419    0.2944    1.3494    3.3649    5.0087    93414    94064    93414        0        0       85      104
   2   8  30   10.6482    0.3498    1.3420    3.3169    5.0087    92060    92785    92060        0        0       87      106
   2   9  10   10.2868    0.3789    1.3201    3.3096    5.0087    91643    91899    91643        0        0       89      107
   2   9  20   10.0686    0.3684    1.3280    3.3123    5.0087    91778    91907    91778        0        0       91      109
   2   9  30   10.0002    0.3057    1.3340    3.3690    5.0087    93432    93440    93432        0        0       92      111
   2  10  10   10.0837    0.2379    1.3630    3.4078    5.0087    94377    94607    94377        0        0       93      113
   2  10  20   10.3166    0.1811    1.3734    3.4542    5.0087    95810    95990    95810        0        0       94      115
   2  10  30   10.6919    0.1466    1.3957    3.4664    5.0087    95967    96394    95967        0        0       95      116
   2  11  10   11.1980    0.1221    1.4040    3.4825    5.0087    96853    96936    96853        0        0       95      118
   2  11  20   11.8196    0.1072    1.4067    3.4949    5.0087    96940    96940    96940        0        0       96      120
   2  11  30   12.5379    0.0972    1.4039    3.5076    5.0087    97218    97646    97218        0        0       99      121
   2  12  10   13.3310    0.0935    1.4017    3.5134    5.0087    97628    97633    97628        0        0      101      123
   2  12  20   14.1748    0.0967    1.4055    3.5065    5.0087    97378    97634    97378        0        0      102      123
   2  12  30   15.0436    0.1056    1.4074    3.4957    5.0087    96718    97306    96718        0        0      104      125
   3   1  10   15.9112    0.1204    1.3989    3.4894    5.0087    96841    97100    96841        0        0      105      126
   3   1  20   16.7510    0.1457    1.3940    3.4690    5.0087    96147    96506    96147        0        0      107      128
   3   1  30   17.5377    0.1774    1.3784    3.4528    5.0087    95946    95946    95946        0        0      109      130
   3   2  10   18.2472    0.2240    1.3710    3.4136    5.0087    94839    95311    94839        0        0      111      131
   3   2  20   18.8581    0.2760    1.3555    3.3772    5.0087    93840    94163    93840        0        0      112      133
   3   2  30   19.3518    0.3238    1.3485    3.3364    5.0087    92503    93219    92503        0        0      113      134
   3   3  10   19.7132    0.3421    1.3260    3.3406    5.0087    92653    92653    92653        0        0      113      134
   3   3  20   19.9314    0.3281    1.3403    3.3403    5.0087    92824    92866    92824        0        0      114      136
   3   3  30   19.9998    0.2801    1.3462    3.3824    5.0087    93824    93824    93824        0        0      116      138
   3   4  10   19.9163    0.2239    1.3587    3.4261    5.0087    95100    95100    95100        0        0      116      140
   3   4  20   19.6834    0.1797    1.3750    3.4540    5.0087    95976    96004    95976        0        0      117      142
   3   4  30   19.3081    0.1431    1.3877    3.4778    5.0087    96410    96542    96410        0        0      117      143
   3   5  10   18.8020    0.1206    1.3942    3.4939    5.0087    96952    96990    96952        0        0      118      145
   3   5  20   18.1804    0.1044    1.4005    3.5038    5.0087    97380    97402    97380        0        0      121      147
   3   5  30   17.4621    0.0963    1.4037    3.5087    5.0087    97314    97738    97314        0        0      123      148
   3   6  10   16.6690    0.0933    1.4035    3.5118    5.0087    97312    97570    97312        0        0      124      150
   3   6  20   15.8252    0.0968    1.4066    3.5053    5.0087    97055    97495    97055        0        0      125      151
   3   6  30   14.9564    0.1030    1.3929    3.5128    5.0087    97624    97639    97624        0        0      127      153
   3   7  10   14.0888    0.1199    1.3974    3.4913    5.0087    96973    96988    96973        0        0      128      154
   3   7  20   13.2490    0.1441    1.3884    3.4762    5.0087    96401    96934    96401        0        0      131      155
   3   7  30   12.4623    0.1837    1.3894    3.4356    5.0087    95472    95746    95472        0        0      132      157
   3   8  10   11.7528    0.2329    1.3717    3.4041    5.0087    94336    95066    94336        0        0      135      158
   3   8  20   11.1419    0.2901    1.3537    3.3649    5.0087    93655    93957    93655        0        0      137      159
   3   8  30   10.6482    0.3482    1.3287    3.3318    5.0087    92515    92971    92515        0        0      139      161
   3   9  10   10.2868    0.3892    1.3236    3.2959    5.0087    91697    91843    91697        0        0      140      164
   3   9  20   10.0686    0.3724    1.3197    3.3167    5.0087    91882    91882    91882        0        0      142      166
   3   9  30   10.0002    0.3040    1.3386    3.3660    5.0087    93352    93567    93352        0        0      143      168
   3  10  10   10.0837    0.2405    1.3543    3.4139    5.0087    94642    94759    94642        0        0      144      170
   3  10  20   10.3166    0.1850    1.3683    3.4553    5.0087    95948    95948    95948        0        0      145      172
   3  10  30   10.6919    0.1487    1.3851    3.4748    5.0087    96487    96487    96487        0        0      148      173
   3  11  10   11.1980    0.1226    1.3963    3.4898    5.0087    96765    96925    96765        0        0      148      175
   3  11  20   11.8196    0.1048    1.3972    3.5067    5.0087    97498    97724    97498        0        0      149      176
   3  11  30   12.5379    0.0972    1.4014    3.5101    5.0087    97311    97474    97311        0        0      151      178
   3  12  10   13.3310    0.0948    1.4133    3.5006    5.0087    97173    97594    97173        0        0      153      179
   3  12  20   14.1748    0.0967    1.4082    3.5038    5.0087    97036    97698    97036        0        0      154      181
   3  12  30   15.0436    0.1054    1.4096    3.4936    5.0087    96948    97256    96948        0        0      156      182
   4   1  10   15.9112    0.1179    1.3934    3.4974    5.0087    97042    97159    97042        0        0      157      184
   4   1  20   16.7510    0.1440    1.3937    3.4710    5.0087    96281    96437    96281        0        0      159      185
   4   1  30   17.5377    0.1771    1.3866    3.4449    5.0087    95324    95862    95324        0        0      161      187
   4   2  10   18.2472    0.2206    1.3750    3.4131    5.0087    94406    95072    94406        0        0      163      188
   4   2  20   18.8581    0.2752    1.3553    3.3782    5.0087    93851    94046    93851        0        0      164      189
   4   2  30   19.3518    0.3170    1.3417    3.3500    5.0087    92987    93560    92987        0        0      166      190
   4   3  10   19.7132    0.3600    1.3354    3.3133    5.0087    91899    92337    91899        0        0      167      192
   4   3  20   19.9314    0.3499    1.3337    3.3250    5.0087    92336    92336    92336        0        0      167      193
   4   3  30   19.9998    0.3019    1.3399    3.3669    5.0087    93155    93213    93155        0        0      168      194
   4   4  10   19.9163    0.2418    1.3593    3.4076    5.0087    94442    94523    94442        0        0      169      196
   4   4  20   19.6834    0.1912    1.3705    3.4470    5.0087    95470    95470    95470        0        0      170      197
   4   4  30   19.3081    0.1487    1.3755    3.4845    5.0087    96734    96800    96734        0        0      171      199
   4   5  10   18.8020    0.1244    1.3881    3.4962    5.0087    96915    96915    96915        0        0      172      200
   4   5  20   18.1804    0.1077    1.4022    3.4988    5.0087    97199    97291    97199        0        0      173      202
   4   5  30   17.4621    0.0968    1.4001    3.5117    5.0087    97299    97462    97299        0        0      174      203
   4   6  10   16.6690    0.0926    1.4022    3.5139    5.0087    97541    97649    97541        0        0      175      205
   4   6  20   15.8252    0.0937    1.3977    3.5172    5.0087    97468    97565    97468        0        0      176      206
   4   6  30   14.9564    0.1009    1.4012    3.5066    5.0087    97401    97570    97401        0        0      177      208
   4   7  10   14.0888    0.1173    1.3996    3.4918    5.0087    96812    96839    96812        0        0      178      209
   4   7  20   13.2490    0.1378    1.3884    3.4825    5.0087    96664    96763    96664        0        0      180      211
   4   7  30   12.4623    0.1724    1.3825    3.4538    5.0087    96054    96262    96054        0        0      182      212
   4   8  10   11.7528    0.2202    1.3733    3.4152    5.0087    94753    95251    94753        0        0      184      214
   4   8  20   11.1419    0.2763    1.3511    3.3813    5.0087    93722    94171    93722        0        0      186      215
   4   8  30   10.6482    0.3313    1.3376    3.3397    5.0087    92577    93096    92577        0        0      189      217
   4   9  10   10.2868    0.3596    1.3281    3.3209    5.0087    92390    92632    92390        0        0      191      218
   4   9  20   10.0686    0.3558    1.3305    3.3224    5.0087    92109    92350    92109        0        0      193      219
   4   9  30   10.0002    0.3027    1.3364    3.3696    5.0087    93548    93567    93548        0        0      195      220
   4  10  10   10.0837    0.2388    1.3603    3.4096    5.0087    94634    94634    94634        0        0      196      222
   4  10  20   10.3166    0.1824    1.3727    3.4536    5.0087    96004    96181    96004        0        0      197      224
   4  10  30   10.6919    0.1464    1.3822    3.4801    5.0087    96780    96791    96780        0        0      197      226
   4  11  10   11.1980    0.1191    1.3799    3.5096    5.0087    97500    97500    97500        0        0      200      227
   4  11  20   11.8196    0.1057    1.3963    3.5066    5.0087    96999    97579    96999        0        0      201      229
   4  11  30   12.5379    0.0973    1.4060    3.5054    5.0087    97560    97608    97560        0        0      201      230
   4  12  10   13.3310    0.0939    1.4035    3.5113    5.0087    97366    97641    97366        0        0      202      232
   4  12  20   14.1748    0.0973    1.4064    3.5050    5.0087    97083    97560    97083        0        0      203      233
   4  12  30   15.0436    0.1036    1.3976    3.5075    5.0087    97491    97538    97491        0        0      204      235
   5   1  10   15.9112    0.1200    1.4002    3.4884    5.0087    96758    97014    96758        0        0      206      236
   5   1  20   16.7510    0.1424    1.3908    3.4755    5.0087    96480    96799    96480        0        0      207      237
   5   1  30   17.5377    0.1783    1.3897    3.4406    5.0087    95340    96048    95340        0        0      209      238
   5   2  10   18.2472    0.2236    1.3736    3.4115    5.0087    94715    95008    94715        0        0      212      240
   5   2  20   18.8581    0.2760    1.3578    3.3749    5.0087    93581    94046    93581        0        0      214      241
   5   2  30   19.3518    0.3208    1.3423    3.3455    5.0087    92932    93327    92932        0        0      215      243
   5   3  10   19.7132    0.3608    1.3356    3.3122    5.0087    91981    92130    91981        0        0      216      245
   5   3  20   19.9314    0.3444    1.3250    3.3392    5.0087    92720    92734    92720        0        0      216      247
   5   3  30   19.9998    0.2926    1.3384    3.3777    5.0087    93547    93547    93547        0        0      217      248
   5   4  10   19.9163    0.2314    1.3591    3.4182    5.0087    95055    95055    95055        0        0      218      250
   5   4  20   19.6834    0.1811    1.3781    3.4495    5.0087    95793    95814    95793        0        0      218      252
   5   4  30   19.3081    0.1433    1.3780    3.4874    5.0087    96943    96943    96943        0        0      218      254
   5   5  10   18.8020    0.1222    1.4033    3.4832    5.0087    96647    96745    96647        0        0      220      255
   5   5  20   18.1804    0.1047    1.3991    3.5049    5.0087    96945    97337    96945        0        0      221      257
   5   5  30   17.4621    0.0968    1.4011    3.5108    5.0087    97451    97451    97451        0        0      226      258
   5   6  10   16.6690    0.0934    1.4019    3.5134    5.0087    97424    97712    97424        0        0      227      260
   5   6  20   15.8252    0.0983    1.4095    3.5009    5.0087    96790    97492    96790        0        0      229      261
   5   6  30   14.9564    0.1045    1.3975    3.5066    5.0087    97455    97475    97455        0        0      230      263
   5   7  10   14.0888    0.1210    1.4000    3.4878    5.0087    96673    97085    96673        0        0      232      264
   5   7  20   13.2490    0.1441    1.3879    3.4766    5.0087    96680    96704    96680        0        0      234      265
   5   7  30   12.4623    0.1791    1.3784    3.4512    5.0087    95884    95912    95884        0        0      235      267
   5   8  10   11.7528    0.2287    1.3686    3.4114    5.0087    94719    95322    94719        0        0      237      268
   5   8  20   11.1419    0.2804    1.3509    3.3773    5.0087    93715    94223    93715        0        0      239      270
   5   8  30   10.6482    0.3388    1.3372    3.3327    5.0087    92423    93013    92423        0        0      241      271
   5   9  10   10.2868    0.3775    1.3293    3.3019    5.0087    91659    91890    91659        0        0      242      272
   5   9  20   10.0686    0.3680    1.3267    3.3140    5.0087    91938    92055    91938        0        0      244      273
   5   9  30   10.0002    0.3090    1.3276    3.3720    5.0087    93665    93669    93665        0        0      245      275
   5  10  10   10.0837    0.2453    1.3543    3.4091    5.0087    94559    94565    94559        0        0      247      277
   5  10  20   10.3166    0.1942    1.3747    3.4398    5.0087    95606    95617    95606        0        0      248      279
   5  10  30   10.6919    0.1542    1.3905    3.4640    5.0087    95933    96124    95933        0        0      249      281
   5  11  10   11.1980    0.1242    1.3939    3.4905    5.0087    96760    97076    96760        0        0      250      282
   5  11  20   11.8196    0.1068    1.3970    3.5049    5.0087    97370    97370    97370        0        0      252      283
   5  11  30   12.5379    0.0970    1.3985    3.5132    5.0087    97311    97472    97311        0        0      252      284
   5  12  10   13.3310    0.0938    1.4077    3.5071    5.0087    97374    97564    97374        0        0      254      285
   5  12  20   14.1748    0.0945    1.3993    3.5148    5.0087    97513    97513    97513        0        0      256      287
   5  12  30   15.0436    0.1027    1.4050    3.5009    5.0087    97490    97490    97490        0        0      260      288
   6   1  10   15.9112    0.1148    1.3938    3.5000    5.0087    97092    97433    97092        0        0      261      290
   6   1  20   16.7510    0.1391    1.3953    3.4742    5.0087    96312    96787    96312        0        0      263      291
   6   1  30   17.5377    0.1701    1.3801    3.4585    5.0087    96121    96406    96121        0        0      264      293
   6   2  10   18.2472    0.2161    1.3721    3.4205    5.0087    94878    95357    94878        0        0      266      294
   6   2  20   18.8581    0.2725    1.3560    3.3802    5.0087    93507    94332    93507        0        0      267      296
   6   2  30   19.3518    0.3250    1.3383    3.3454    5.0087    92949    93278    92949        0        0      268      298
   6   3  10   19.7132    0.3528    1.3334    3.3225    5.0087    92224    92511    92224        0        0      269      299
   6   3  20   19.9314    0.3465    1.3253    3.3369    5.0087    92624    92624    92624        0        0      270      301
   6   3  30   19.9998    0.2957    1.3352    3.3778    5.0087    93684    93864    93684        0        0      270      303
   6   4  10   19.9163    0.2370    1.3562    3.4154    5.0087    94827    94904    94827        0        0      272      305
   6   4  20   19.6834    0.1894    1.3762    3.4431    5.0087    95680    95680    95680        0        0      274      307
   6   4  30   19.3081    0.1510    1.3872    3.4705    5.0087    96093    96308    96093        0        0      275      309
   6   5  10   18.8020    0.1245    1.3982    3.4860    5.0087    96955    96955    96955        0        0      276      311
   6   5  20   18.1804    0.1073    1.4036    3.4978    5.0087    96834    97264    96834        0        0      276      312
   6   5  30   17.4621    0.0971    1.4070    3.5046    5.0087    97387    97549    97387        0        0      278      314
   6   6  10   16.6690    0.0936    1.4049    3.5102    5.0087    97397    97439    97397        0        0      279      315
   6   6  20   15.8252    0.0942    1.3994    3.5150    5.0087    97683    97870    97683        0        0      280      317
   6   6  30   14.9564    0.1016    1.3969    3.5101    5.0087    97388    97479    97388        0        0      281      318
   6   7  10   14.0888    0.1185    1.4015    3.4887    5.0087    96626    97149    96626        0        0      283      319
   6   7  20   13.2490    0.1421    1.3946    3.4720    5.0087    96243    96571    96243        0        0      284      321
   6   7  30   12.4623    0.1775    1.3870    3.4442    5.0087    95646    95967    95646        0        0      286      322
   6   8  10   11.7528    0.2207    1.3690    3.4190    5.0087    94998    95144    94998        0        0      289      323
   6   8  20   11.1419    0.2714    1.3487    3.3886    5.0087    94027    94353    94027        0        0      291      324
   6   8  30   10.6482    0.3280    1.3363    3.3444    5.0087    92733    93260    92733        0        0      293      325
   6   9  10   10.2868    0.3607    1.3232    3.3248    5.0087    92260    92281    92260        0        0      295      327
   6   9  20   10.0686    0.3557    1.3278    3.3252    5.0087    92229    92229    92229        0        0      297      328
   6   9  30   10.0002    0.2976    1.3438    3.3673    5.0087    93339    93370    93339        0        0      299      330
   6  10  10   10.0837    0.2338    1.3649    3.4099    5.0087    94588    94841    94588        0        0      300      331
   6  10  20   10.3166    0.1823    1.3770    3.4494    5.0087    95612    95639    95612        0        0      302      333
   6  10  30   10.6919    0.1445    1.3895    3.4747    5.0087    96574    96593    96574        0        0      303      334
   6  11  10   11.1980    0.1212    1.3993    3.4882    5.0087    96949    96958    96949        0        0      304      336
   6  11  20   11.8196    0.1051    1.4002    3.5034    5.0087    97249    97272    97249        0        0      305      337
   6  11  30   12.5379    0.0949    1.3901    3.5236    5.0087    97517    97551    97517        0        0      305      339
   6  12  10   13.3310    0.0926    1.3986    3.5174    5.0087    97695    97894    97695        0        0      306      340
   6  12  20   14.1748    0.0975    1.4079    3.5033    5.0087    97188    97611    97188        0        0      307      342
   6  12  30   15.0436    0.1051    1.4037    3.4998    5.0087    97255    97361    97255        0        0      309      343
   7   1  10   15.9112    0.1217    1.3995    3.4875    5.0087    96812    96942    96812        0        0      310      345
   7   1  20   16.7510    0.1449    1.3898    3.4740    5.0087    96308    96366    96308        0        0      312      346
   7   1  30   17.5377    0.1791    1.3858    3.4437    5.0087    95642    95949    95642        0        0      314      347
   7   2  10   18.2472    0.2254    1.3694    3.4139    5.0087    94770    95105    94770        0        0      316      349
   7   2  20   18.8581    0.2780    1.3563    3.3743    5.0087    93514    94215    93514        0        0      318      351
   7   2  30   19.3518    0.3354    1.3446    3.3287    5.0087    92252    92960    92252        0        0      319      352
   7   3  10   19.7132    0.3611    1.3287    3.3189    5.0087    91984    92079    91984        0        0      319      354
   7   3  20   19.9314    0.3425    1.3276    3.3385    5.0087    92563    92613    92563        0        0      319      356
   7   3  30   19.9998    0.2939    1.3394    3.3754    5.0087    93677    93677    93677        0        0      322      358
   7   4  10   19.9163    0.2369    1.3632    3.4086    5.0087    94806    94855    94806        0        0      323      359
   7   4  20   19.6834    0.1869    1.3766    3.4452    5.0087    95458    95589    95458        0        0      323      361
   7   4  30   19.3081    0.1487    1.3859    3.4741    5.0087    96303    96403    96303        0        0      324      363
   7   5  10   18.8020    0.1231    1.3962    3.4894    5.0087    96939    96991    96939        0        0      326      365
   7   5  20   18.1804    0.1058    1.3942    3.5086    5.0087    97499    97499    97499        0        0      328      366
   7   5  30   17.4621    0.0965    1.4005    3.5116    5.0087    97522    97529    97522        0        0      330      368
   7   6  10   16.6690    0.0933    1.4031    3.5122    5.0087    97554    97554    97554        0        0      335      369
   7   6  20   15.8252    0.0948    1.4023    3.5115    5.0087    97665    97665    97665        0        0      336      371
   7   6  30   14.9564    0.1023    1.3977    3.5087    5.0087    97330    97459    97330        0        0      338      372
   7   7  10   14.0888    0.1167    1.3956    3.4964    5.0087    97104    97153    97104        0        0      339      373
   7   7  20   13.2490    0.1403    1.3897    3.4787    5.0087    96352    96886    96352        0        0      341      374
   7   7  30   12.4623    0.1739    1.3764    3.4583    5.0087    96047    96158    96047        0        0      343      376
   7   8  10   11.7528    0.2230    1.3734    3.4123    5.0087    94742    95294    94742        0        0      345      377
   7   8  20   11.1419    0.2806    1.3535    3.3745    5.0087    93317    94032    93317        0        0      346      379
   7   8  30   10.6482    0.3384    1.3407    3.3296    5.0087    92417    93116    92417        0        0      347      380
   7   9  10   10.2868    0.3728    1.3357    3.3002    5.0087    91476    92037    91476        0        0      348      382
   7   9  20   10.0686    0.3548    1.3210    3.3329    5.0087    92555    92555    92555        0        0      348      383
   7   9  30   10.0002    0.3045    1.3430    3.3612    5.0087    93145    93244    93145        0        0      349      384
   7  10  10   10.0837    0.2425    1.3669    3.3993    5.0087    94342    94489    94342        0        0      349      386
   7  10  20   10.3166    0.1823    1.3713    3.4550    5.0087    95903    96167    95903        0        0      350      388
   7  10  30   10.6919    0.1476    1.3870    3.4741    5.0087    96580    96584    96580        0        0      350      389
   7  11  10   11.1980    0.1208    1.3892    3.4987    5.0087    97069    97164    97069        0        0      355      391
   7  11  20   11.8196    0.1061    1.4023    3.5002    5.0087    97188    97285    97188        0        0      356      392
   7  11  30   12.5379    0.0961    1.3987    3.5139    5.0087    97477    97512    97477        0        0      357      394
   7  12  10   13.3310    0.0927    1.4025    3.5135    5.0087    97599    97898    97599        0        0      358      395
   7  12  20   14.1748    0.0955    1.3974    3.5158    5.0087    97338    97620    97338        0        0      361      396
   7  12  30   15.0436    0.1041    1.4064    3.4981    5.0087    97442    97646    97442        0        0      362      398
   8   1  10   15.9112    0.1200    1.3994    3.4892    5.0087    96477    97403    96477        0        0      364      399
   8   1  20   16.7510    0.1423    1.3898    3.4765    5.0087    96470    96787    96470        0        0      366      401
   8   1  30   17.5377    0.1779    1.3843    3.4464    5.0087    95748    96192    95748        0        0      368      402
   8   2  10   18.2472    0.2248    1.3730    3.4109    5.0087    94628    95101    94628        0        0      370      404
   8   2  20   18.8581    0.2778    1.3538    3.3770    5.0087    93515    94090    93515        0        0      372      405
   8   2  30   19.3518    0.3340    1.3381    3.3365    5.0087    92555    93034    92555        0        0      373      406
   8   3  10   19.7132    0.3693    1.3284    3.3110    5.0087    91847    92103    91847        0        0      375      408
   8   3  20   19.9314    0.3628    1.3249    3.3210    5.0087    92076    92164    92076        0        0      376      410
   8   3  30   19.9998    0.3018    1.3302    3.3767    5.0087    93576    93637    93576        0        0      378      412
   8   4  10   19.9163    0.2447    1.3592    3.4048    5.0087    94465    94513    94465        0        0      379      413
   8   4  20   19.6834    0.1862    1.3676    3.4548    5.0087    96015    96015    96015        0        0      381      415
   8   4  30   19.3081    0.1511    1.3896    3.4680    5.0087    96313    96385    96313        0        0      382      417
   8   5  10   18.8020    0.1235    1.3945    3.4906    5.0087    97148    97173    97148        0        0      383      418
   8   5  20   18.1804    0.1082    1.4018    3.4987    5.0087    96821    97225    96821        0        0      384      420
   8   5  30   17.4621    0.0973    1.4072    3.5042    5.0087    97602    97670    97602        0        0      387      422
   8   6  10   16.6690    0.0934    1.3945    3.5208    5.0087    97295    97881    97295        0        0      389      423
   8   6  20   15.8252    0.0945    1.3982    3.5159    5.0087    98005    98018    98005        0        0      390      425
   8   6  30   14.9564    0.1042    1.4049    3.4996    5.0087    96698    97886    96698        0        0      392      426
   8   7  10   14.0888    0.1183    1.3986    3.4917    5.0087    97011    97068    97011        0        0      393      427
   8   7  20   13.2490    0.1417    1.3947    3.4723    5.0087    96343    96646    96343        0        0      395      429
   8   7  30   12.4623    0.1738    1.3850    3.4498    5.0087    95875    96053    95875        0        0      396      430
   8   8  10   11.7528    0.2178    1.3676    3.4233    5.0087    95024    95120    95024        0        0      398      432
   8   8  20   11.1419    0.2678    1.3518    3.3891    5.0087    93972    94368    93972        0        0      399      433
   8   8  30   10.6482    0.3260    1.3377    3.3450    5.0087    92856    93349    92856        0        0      399      434
   8   9  10   10.2868    0.3543    1.3309    3.3235    5.0087    91816    92391    91816        0        0      400      436
   8   9  20   10.0686    0.3400    1.3326    3.3361    5.0087    92605    92677    92605        0        0      401      436
   8   9  30   10.0002    0.2903    1.3404    3.3779    5.0087    93820    93820    93820        0        0      402      438
   8  10  10   10.0837    0.2312    1.3641    3.4133    5.0087    94808    94850    94808        0        0      403      440
   8  10  20   10.3166    0.1833    1.3761    3.4492    5.0087    95802    95828    95802        0        0      404      442
   8  10  30   10.6919    0.1477    1.3907    3.4702    5.0087    96096    96183    96096        0        0      404      444
   8  11  10   11.1980    0.1215    1.4004    3.4867    5.0087    96718    97308    96718        0        0      405      446
   8  11  20   11.8196    0.1067    1.4049    3.4970    5.0087    96928    97160    96928        0        0      405      448
   8  11  30   12.5379    0.0952    1.3936    3.5199    5.0087    97641    97752    97641        0        0      411      449
   8  12  10   13.3310    0.0931    1.4033    3.5124    5.0087    97421    97557    97421        0        0      414      451
   8  12  20   14.1748    0.0957    1.4029    3.5101    5.0087    97387    97704    97387        0        0      415      452
   8  12  30   15.0436    0.1032    1.3895    3.5160    5.0087    97321    97373    97321        0        0      416      453
   9   1  10   15.9112    0.1194    1.4016    3.4877    5.0087    97082    97298    97082        0        0      418      455
   9   1  20   16.7510    0.1420    1.3848    3.4818    5.0087    96514    96701    96514        0        0      420      456
   9   1  30   17.5377    0.1757    1.3812    3.4518    5.0087    95839    96123    95839        0        0      422      457
   9   2  10   18.2472    0.2290    1.3722    3.4075    5.0087    94531    95087    94531        0        0      424      458
   9   2  20   18.8581    0.2817    1.3560    3.3710    5.0087    93515    93918    93515        0        0      426      459
   9   2  30   19.3518    0.3398    1.3390    3.3299    5.0087    92251    92889    92251        0        0      428      461
   9   3  10   19.7132    0.3721    1.3248    3.3117    5.0087    91894    91967    91894        0        0      429      462
   9   3  20   19.9314    0.3548    1.3267    3.3271    5.0087    92237    92552    92237        0        0      430      463
   9   3  30   19.9998    0.3015    1.3366    3.3706    5.0087    93342    93394    93342        0        0      432      464
   9   4  10   19.9163    0.2395    1.3669    3.4022    5.0087    94571    94571    94571        0        0      434      467
   9   4  20   19.6834    0.1860    1.3778    3.4449    5.0087    95572    95618    95572        0        0      434      469
   9   4  30   19.3081    0.1480    1.3871    3.4736    5.0087    96276    96374    96276        0        0      435      471
   9   5  10   18.8020    0.1212    1.3948    3.4928    5.0087    96891    97047    96891        0        0      437      473
   9   5  20   18.1804    0.1056    1.4024    3.5007    5.0087    97188    97396    97188        0        0      438      474
   9   5  30   17.4621    0.0967    1.4008    3.5112    5.0087    97258    97527    97258        0        0      439      476
   9   6  10   16.6690    0.0936    1.4055    3.5095    5.0087    97476    97610    97476        0        0      441      477
   9   6  20   15.8252    0.0967    1.4032    3.5087    5.0087    97027    97465    97027        0        0      442      479
   9   6  30   14.9564    0.1026    1.3928    3.5133    5.0087    97735    97754    97735        0        0      443      480
   9   7  10   14.0888    0.1196    1.3992    3.4899    5.0087    96638    97310    96638        0        0      445      481
   9   7  20   13.2490    0.1435    1.3942    3.4710    5.0087    96376    96862    96376        0        0      447      483
   9   7  30   12.4623    0.1791    1.3867    3.4428    5.0087    95688    95992    95688        0        0      449      484
   9   8  10   11.7528    0.2214    1.3687    3.4185    5.0087    94806    95159    94806        0        0      450      485
   9   8  20   11.1419    0.2758    1.3513    3.3816    5.0087    93934    94255    93934        0        0      452      486
   9   8  30   10.6482    0.3313    1.3407    3.3367    5.0087    92729    93149    92729        0        0      454      488
   9   9  10   10.2868    0.3645    1.3312    3.3130    5.0087    91730    92410    91730        0        0      456      489
   9   9  20   10.0686    0.3450    1.3202    3.3435    5.0087    92764    92828    92764        0        0      456      490
   9   9  30   10.0002    0.2993    1.3397    3.3697    5.0087    93566    93566    93566        0        0      457      492
   9  10  10   10.0837    0.2348    1.3541    3.4198    5.0087    94889    94992    94889        0        0      458      493
   9  10  20   10.3166    0.1840    1.3714    3.4533    5.0087    95893    95903    95893        0        0      459      495
   9  10  30   10.6919    0.1457    1.3865    3.4765    5.0087    96380    96590    96380        0        0      461      497
   9  11  10   11.1980    0.1224    1.4023    3.4840    5.0087    96900    97041    96900        0        0      463      498
   9  11  20   11.8196    0.1060    1.3966    3.5060    5.0087    97081    97362    97081        0        0      464      500
   9  11  30   12.5379    0.0962    1.4024    3.5101    5.0087    97722    97793    97722        0        0      465      501
   9  12  10   13.3310    0.0942    1.4017    3.5127    5.0087    97087    97651    97087        0        0      466      503
   9  12  20   14.1748    0.0957    1.4056    3.5074    5.0087    97454    97491    97454        0        0      467      504
   9  12  30   15.0436    0.1042    1.4043    3.5002    5.0087    96960    97364    96960        0        0      468      506
  10   1  10   15.9112    0.1202    1.4017    3.4867    5.0087    96839    96839    96839        0        0      470      507
  10   1  20   16.7510    0.1407    1.3878    3.4802    5.0087    96577    96754    96577        0        0      472      509
  10   1  30   17.5377    0.1764    1.3846    3.4477    5.0087    95435    96109    95435        0        0      473      510
  10   2  10   18.2472    0.2218    1.3698    3.4171    5.0087    94853    95071    94853        0        0      476      512
  10   2  20   18.8581    0.2725    1.3554    3.3808    5.0087    93833    94323    93833        0        0      478      513
  10   2  30   19.3518    0.3241    1.3356    3.3490    5.0087    92896    93143    92896        0        0      480      515
  10   3  10   19.7132    0.3628    1.3401    3.3057    5.0087    91594    92445    91594        0        0      482      516
  10   3  20   19.9314    0.3507    1.3288    3.3293    5.0087    92451    92453    92451        0        0      484      518
  10   3  30   19.9998    0.2948    1.3392    3.3746    5.0087    93578    93578    93578        0        0      485      521
  10   4  10   19.9163    0.2319    1.3611    3.4157    5.0087    94854    94854    94854        0        0      486      522
  10   4  20   19.6834    0.1805    1.3747    3.4534    5.0087    95903    95932    95903        0        0      487      524
  10   4  30   19.3081    0.1467    1.3950    3.4669    5.0087    96121    96528    96121        0        0      488      526
  10   5  10   18.8020    0.1209    1.4011    3.4867    5.0087    96914    97075    96914        0        0      489      527
  10   5  20   18.1804    0.1053    1.3955    3.5079    5.0087    97424    97435    97424        0        0      490      529
  10   5  30   17.4621    0.0965    1.3978    3.5144    5.0087    97606    97610    97606        0        0      491      531
  10   6  10   16.6690    0.0940    1.4051    3.5096    5.0087    97121    97548    97121        0        0      493      532
  10   6  20   15.8252    0.0987    1.4097    3.5003    5.0087    96741    97499    96741        0        0      495      534
  10   6  30   14.9564    0.1055    1.4028    3.5003    5.0087    97181    97312    97181        0        0      496      534
  10   7  10   14.0888    0.1200    1.3964    3.4923    5.0087    96917    97002    96917        0        0      498      536
  10   7  20   13.2490    0.1429    1.3920    3.4738    5.0087    96329    96912    96329        0        0      500      537
  10   7  30   12.4623    0.1780    1.3846    3.4460    5.0087    95579    95876    95579        0        0      502      539
  10   8  10   11.7528    0.2287    1.3780    3.4020    5.0087    94746    95351    94746        0        0      504      541
  10   8  20   11.1419    0.2751    1.3525    3.3811    5.0087    93719    94020    93719        0        0      505      542
  10   8  30   10.6482    0.3331    1.3443    3.3312    5.0087    92449    93356    92449        0        0      505      544
  10   9  10   10.2868    0.3635    1.3315    3.3137    5.0087    91953    92093    91953        0        0      506      546
  10   9  20   10.0686    0.3570    1.3346    3.3170    5.0087    92129    92147    92129        0        0      507      548
  10   9  30   10.0002    0.2989    1.3386    3.3711    5.0087    93662    93752    93662        0        0      507      550
  10  10  10   10.0837    0.2368    1.3545    3.4173    5.0087    94995    95029    94995        0        0      507      550
  10  10  20   10.3166    0.1874    1.3734    3.4478    5.0087    95566    95691    95566        0        0      507      552
  10  10  30   10.6919    0.1495    1.3901    3.4691    5.0087    96320    96395    96320        0        0      510      554
  10  11  10   11.1980    0.1223    1.3937    3.4927    5.0087    96959    97043    96959        0        0      514      555
  10  11  20   11.8196    0.1065    1.4011    3.5010    5.0087    97150    97350    97150        0        0      515      557
  10  11  30   12.5379    0.0982    1.4068    3.5037    5.0087    97299    97299    97299        0        0      515      558
  10  12  10   13.3310    0.0931    1.4008    3.5148    5.0087    97339    97598    97339        0        0      517      559
  10  12  20   14.1748    0.0946    1.4013    3.5128    5.0087    97500    97715    97500        0        0      518      561
