Running model...
   1   0   0   15.0000    4.9889    0.0011    0.0189    5.0089      521      521      521        0        0        1        2
   1   1  10   15.0000    4.9588    0.0116    0.0386    5.0089     1080     1080     1080        0        0        1        5
   1   1  20   15.0000    4.8495    0.0347    0.1247    5.0089     3483     3483     3483        0        0        2        9
   1   1  30   15.0000    4.3959    0.1262    0.4868    5.0089    13381    13381    13381        0        0        2       13
   1   2  10   15.0000    2.4967    0.5117    2.0006    5.0089    54758    54758    54758        0        0        3       17
   1   2  20   15.0000    0.0845    1.3324    3.5920    5.0089    99087   106367    99087        0        0        3       19
   1   2  30   15.0000    0.0944    1.3991    3.5154    5.0089    97498   105061    97498        0        0        6       20
   1   3  10   15.0000    0.0946    1.3955    3.5188    5.0089    96969   101427    96969        0        0        7       22
   1   3  20   15.0000    0.0944    1.4041    3.5105    5.0089    97386    98707    97386        0        0        8       23
   1   3  30   15.0000    0.0944    1.4039    3.5106    5.0089    96939    98966    96939        0        0        8       25
   1   4  10   15.0000    0.0953    1.4111    3.5025    5.0089    97085    98604    97085        0        0        9       26
   1   4  20   15.0000    0.0934    1.4039    3.5116    5.0089    97107    99021    97107        0        0        9       28
   1   4  30   15.0000    0.0935    1.3980    3.5175    5.0089    97437    98655    97437        0        0       10       29
   1   5  10   15.0000    0.0928    1.4044    3.5118    5.0089    97408    98901    97408        0        0       10       31
   1   5  20   15.0000    0.0946    1.4099    3.5045    5.0089    97395    98475    97395        0        0       11       32
   1   5  30   15.0000    0.0925    1.4084    3.5080    5.0089    97754    98674    97754        0        0       19       34
   1   6  10   15.0000    0.0941    1.4048    3.5101    5.0089    97183    98449    97183        0        0       20       35
   1   6  20   15.0000    0.0914    1.4052    3.5123    5.0089    98158    98779    98158        0        0       21       37
   1   6  30   15.0000    0.0952    1.4124    3.5013    5.0089    96919    98234    96919        0        0       22       38
   1   7  10   15.0000    0.0919    1.4026    3.5144    5.0089    98302    98345    98302        0        0       23       40
   1   7  20   15.0000    0.0943    1.4110    3.5037    5.0089    96667    97928    96667        0        0       24       41
   1   7  30   15.0000    0.0916    1.4006    3.5168    5.0089    98337    98354    98337        0        0       25       43
   1   8  10   15.0000    0.0923    1.3993    3.5174    5.0089    97322    97945    97322        0        0       26       44
   1   8  20   15.0000    0.0924    1.4026    3.5139    5.0089    98037    98037    98037        0        0       27       46
   1   8  30   15.0000    0.0925    1.4071    3.5094    5.0089    97335    98026    97335        0        0       28       47
   1   9  10   15.0000    0.0935    1.4057    3.5098    5.0089    97450    97816    97450        0        0       29       49
   1   9  20   15.0000    0.0913    1.3988    3.5188    5.0089    97780    97945    97780        0        0       37       50
   1   9  30   15.0000    0.0946    1.4132    3.5011    5.0089    96697    97519    96697        0        0       38       52
   1  10  10   15.0000    0.0920    1.4016    3.5153    5.0089    97813    97813    97813        0        0       39       53
   1  10  20   15.0000    0.0944    1.4150    3.4995    5.0089    96671    97480    96671        0        0       41       55
   1  10  30   15.0000    0.0926    1.4038    3.5126    5.0089    97388    97665    97388        0        0       42       56
   1  11  10   15.0000    0.0927    1.4055    3.5107    5.0089    97178    97570    97178        0        0       43       58
   1  11  20   15.0000    0.0912    1.3952    3.5225    5.0089    97399    98232    97399        0        0       44       59
   1  11  30   15.0000    0.0925    1.4076    3.5088    5.0089    97419    97691    97419        0        0       47       61
   1  12  10   15.0000    0.0929    1.4105    3.5056    5.0089    97094    97883    97094        0        0       48       62
   1  12  20   15.0000    0.0916    1.4005    3.5168    5.0089    97705    97772    97705        0        0       49       63
   1  12  30   15.0000    0.0917    1.4034    3.5138    5.0089    97468    97955    97468        0        0       50       65
   2   1  10   15.0000    0.0922    1.4015    3.5152    5.0089    97665    97665    97665        0        0       51       66
   2   1  20   15.0000    0.0928    1.4095    3.5067    5.0089    97490    97603    97490        0        0       53       68
   2   1  30   15.0000    0.0921    1.4048    3.5121    5.0089    97474    97640    97474        0        0       54       69
   2   2  10   15.0000    0.0923    1.4070    3.5097    5.0089    97634    97720    97634        0        0       55       71
   2   2  20   15.0000    0.0918    1.4062    3.5110    5.0089    97514    97694    97514        0        0       56       72
   2   2  30   15.0000    0.0925    1.4060    3.5105    5.0089    97626    97626    97626        0        0       57       74
   2   3  10   15.0000    0.0931    1.4098    3.5060    5.0089    97181    97499    97181        0        0       58       75
   2   3  20   15.0000    0.0928    1.4092    3.5069    5.0089    97316    97726    97316        0        0       59       77
   2   3  30   15.0000    0.0912    1.3976    3.5201    5.0089    97618    97736    97618        0        0       60       78
   2   4  10   15.0000    0.0926    1.4063    3.5100    5.0089    97518    97518    97518        0        0       61       80
   2   4  20   15.0000    0.0926    1.4066    3.5098    5.0089    97175    97620    97175        0        0       67       81
   2   4  30   15.0000    0.0923    1.4031    3.5135    5.0089    97405    97759    97405        0        0       68       83
   2   5  10   15.0000    0.0912    1.3957    3.5220    5.0089    97679    98041    97679        0        0       70       84
   2   5  20   15.0000    0.0926    1.4047    3.5116    5.0089    97298    97721    97298        0        0       71       86
   2   5  30   15.0000    0.0918    1.4032    3.5139    5.0089    97376    97939    97376        0        0       72       87
   2   6  10   15.0000    0.0922    1.4028    3.5139    5.0089    97313    97572    97313        0        0       73       89
   2   6  20   15.0000    0.0924    1.4086    3.5080    5.0089    97522    97694    97522        0        0       74       90
   2   6  30   15.0000    0.0927    1.4079    3.5084    5.0089    97238    97456    97238        0        0       75       91
   2   7  10   15.0000    0.0918    1.4018    3.5154    5.0089    97666    97729    97666        0        0       76       93
   2   7  20   15.0000    0.0928    1.4077    3.5084    5.0089    97511    97511    97511        0        0       77       94
   2   7  30   15.0000    0.0927    1.4092    3.5070    5.0089    97440    97540    97440        0        0       78       96
   2   8  10   15.0000    0.0920    1.4033    3.5136    5.0089    97369    97650    97369        0        0       79       97
   2   8  20   15.0000    0.0926    1.4075    3.5088    5.0089    97393    97393    97393        0        0       80       99
   2   8  30   15.0000    0.0934    1.4111    3.5044    5.0089    97106    97605    97106        0        0       81      100
   2   9  10   15.0000    0.0919    1.4040    3.5131    5.0089    97513    97597    97513        0        0       82      102
   2   9  20   15.0000    0.0917    1.4057    3.5115    5.0089    97478    97754    97478        0        0       83      103
   2   9  30   15.0000    0.0931    1.4105    3.5053    5.0089    96999    97721    96999        0        0       91      105
   2  10  10   15.0000    0.0923    1.4068    3.5098    5.0089    97290    97587    97290        0        0       93      106
   2  10  20   15.0000    0.0932    1.4116    3.5041    5.0089    96907    97296    96907        0        0       94      108
   2  10  30   15.0000    0.0931    1.4105    3.5053    5.0089    97226    97484    97226        0        0       95      109
   2  11  10   15.0000    0.0918    1.4010    3.5162    5.0089    97477    97593    97477        0        0       96      111
   2  11  20   15.0000    0.0921    1.4102    3.5066    5.0089    97503    97759    97503        0        0       97      112
   2  11  30   15.0000    0.0924    1.4098    3.5068    5.0089    97250    97877    97250        0        0       99      114
   2  12  10   15.0000    0.0918    1.4022    3.5149    5.0089    97631    97631    97631        0        0      100      115
   2  12  20   15.0000    0.0910    1.4014    3.5165    5.0089    97594    97918    97594        0        0      101      116
   2  12  30   15.0000    0.0935    1.4114    3.5040    5.0089    97175    97359    97175        0        0      102      118
   3   1  10   15.0000    0.0918    1.4057    3.5114    5.0089    97640    97757    97640        0        0      103      119
   3   1  20   15.0000    0.0930    1.4118    3.5042    5.0089    97041    97579    97041        0        0      108      121
   3   1  30   15.0000    0.0923    1.4065    3.5102    5.0089    97705    97705    97705        0        0      109      122
   3   2  10   15.0000    0.0930    1.4087    3.5073    5.0089    97212    97491    97212        0        0      110      124
   3   2  20   15.0000    0.0917    1.3987    3.5185    5.0089    97751    97751    97751        0        0      111      125
   3   2  30   15.0000    0.0918    1.4025    3.5146    5.0089    97171    97955    97171        0        0      112      127
   3   3  10   15.0000    0.0913    1.4024    3.5152    5.0089    97649    97740    97649        0        0      113      128
   3   3  20   15.0000    0.0924    1.4056    3.5110    5.0089    97240    97744    97240        0        0      117      130
   3   3  30   15.0000    0.0913    1.4022    3.5154    5.0089    97706    97801    97706        0        0      118      131
   3   4  10   15.0000    0.0914    1.4010    3.5165    5.0089    97448    97893    97448        0        0      119      133
   3   4  20   15.0000    0.0911    1.3961    3.5218    5.0089    97539    97622    97539        0        0      121      134
   3   4  30   15.0000    0.0924    1.4070    3.5096    5.0089    97309    97853    97309        0        0      122      136
   3   5  10   15.0000    0.0913    1.3973    3.5203    5.0089    97557    97749    97557        0        0      123      137
   3   5  20   15.0000    0.0916    1.4068    3.5106    5.0089    97730    97974    97730        0        0      124      139
   3   5  30   15.0000    0.0915    1.3991    3.5183    5.0089    97401    97678    97401        0        0      125      140
   3   6  10   15.0000    0.0921    1.4076    3.5092    5.0089    97696    97819    97696        0        0      128      142
   3   6  20   15.0000    0.0920    1.4026    3.5143    5.0089    97272    97914    97272        0        0      129      143
   3   6  30   15.0000    0.0921    1.4077    3.5092    5.0089    97652    97652    97652        0        0      131      144
   3   7  10   15.0000    0.0920    1.4027    3.5143    5.0089    97402    97645    97402        0        0      132      146
   3   7  20   15.0000    0.0920    1.4049    3.5120    5.0089    97787    97787    97787        0        0      134      147
   3   7  30   15.0000    0.0936    1.4096    3.5058    5.0089    96886    97445    96886        0        0      135      149
   3   8  10   15.0000    0.0916    1.4052    3.5121    5.0089    97716    97723    97716        0        0      136      150
   3   8  20   15.0000    0.0929    1.4082    3.5079    5.0089    96930    97820    96930        0        0      138      152
   3   8  30   15.0000    0.0913    1.3988    3.5188    5.0089    97633    97670    97633        0        0      139      153
   3   9  10   15.0000    0.0914    1.4038    3.5137    5.0089    97377    98091    97377        0        0      140      155
   3   9  20   15.0000    0.0914    1.3971    3.5204    5.0089    97641    97847    97641        0        0      141      156
   3   9  30   15.0000    0.0907    1.4013    3.5170    5.0089    97937    98277    97937        0        0      142      158
   3  10  10   15.0000    0.0919    1.3982    3.5188    5.0089    97303    98079    97303        0        0      144      159
   3  10  20   15.0000    0.0915    1.4040    3.5134    5.0089    97756    97884    97756        0        0      145      161
   3  10  30   15.0000    0.0928    1.4079    3.5083    5.0089    96972    97757    96972        0        0      146      162
   3  11  10   15.0000    0.0904    1.4002    3.5183    5.0089    98076    98177    98076        0        0      147      164
   3  11  20   15.0000    0.0919    1.4013    3.5157    5.0089    97255    97913    97255        0        0      148      165
   3  11  30   15.0000    0.0933    1.4128    3.5028    5.0089    97495    97553    97495        0        0      149      167
   3  12  10   15.0000    0.0915    1.3996    3.5179    5.0089    97357    98020    97357        0        0      150      168
   3  12  20   15.0000    0.0914    1.4032    3.5143    5.0089    97838    97849    97838        0        0      151      169
   3  12  30   15.0000    0.0917    1.4019    3.5154    5.0089    97462    97908    97462        0        0      153      171
   4   1  10   15.0000    0.0928    1.4041    3.5120    5.0089    97401    97656    97401        0        0      154      172
   4   1  20   15.0000    0.0914    1.4022    3.5154    5.0089    97737    98004    97737        0        0      155      174
   4   1  30   15.0000    0.0913    1.3956    3.5221    5.0089    97327    97898    97327        0        0      162      175
   4   2  10   15.0000    0.0912    1.4016    3.5162    5.0089    97826    97926    97826        0        0      163      177
   4   2  20   15.0000    0.0925    1.4011    3.5154    5.0089    97107    97509    97107        0        0      164      178
   4   2  30   15.0000    0.0920    1.4076    3.5093    5.0089    97631    97729    97631        0        0      165      180
   4   3  10   15.0000    0.0932    1.4105    3.5052    5.0089    97124    97622    97124        0        0      166      181
   4   3  20   15.0000    0.0925    1.4072    3.5093    5.0089    97412    97600    97412        0        0      168      183
   4   3  30   15.0000    0.0923    1.4022    3.5145    5.0089    97062    97770    97062        0        0      169      184
   4   4  10   15.0000    0.0925    1.4116    3.5049    5.0089    97549    97678    97549        0        0      170      186
   4   4  20   15.0000    0.0930    1.4104    3.5056    5.0089    97001    97882    97001        0        0      172      187
   4   4  30   15.0000    0.0923    1.4097    3.5070    5.0089    97633    97676    97633        0        0      173      189
   4   5  10   15.0000    0.0927    1.4071    3.5092    5.0089    96942    97694    96942        0        0      174      190
   4   5  20   15.0000    0.0930    1.4086    3.5073    5.0089    97348    97424    97348        0        0      175      192
   4   5  30   15.0000    0.0922    1.4036    3.5131    5.0089    97385    97777    97385        0        0      177      193
   4   6  10   15.0000    0.0919    1.4011    3.5159    5.0089    97641    97688    97641        0        0      178      194
   4   6  20   15.0000    0.0916    1.4083    3.5090    5.0089    97664    97866    97664        0        0      179      196
   4   6  30   15.0000    0.0927    1.4069    3.5092    5.0089    97192    97463    97192        0        0      181      197
   4   7  10   15.0000    0.0911    1.4018    3.5161    5.0089    98012    98012    98012        0        0      182      199
   4   7  20   15.0000    0.0920    1.4002    3.5167    5.0089    97331    97553    97331        0        0      183      200
   4   7  30   15.0000    0.0914    1.4014    3.5161    5.0089    97693    97693    97693        0        0      184      202
   4   8  10   15.0000    0.0928    1.4063    3.5099    5.0089    97135    97648    97135        0        0      185      203
   4   8  20   15.0000    0.0918    1.4017    3.5154    5.0089    97730    97774    97730        0        0      189      205
   4   8  30   15.0000    0.0927    1.4075    3.5086    5.0089    97172    97541    97172        0        0      190      206
   4   9  10   15.0000    0.0922    1.4010    3.5158    5.0089    97587    97587    97587        0        0      191      208
   4   9  20   15.0000    0.0920    1.4072    3.5097    5.0089    97502    97764    97502        0        0      193      209
   4   9  30   15.0000    0.0920    1.4009    3.5160    5.0089    97399    97636    97399        0        0      194      211
   4  10  10   15.0000    0.0916    1.3999    3.5174    5.0089    97754    97789    97754        0        0      195      212
   4  10  20   15.0000    0.0923    1.4033    3.5134    5.0089    97357    97531    97357        0        0      196      214
   4  10  30   15.0000    0.0928    1.4113    3.5048    5.0089    97311    97528    97311        0        0      198      215
   4  11  10   15.0000    0.0925    1.4053    3.5111    5.0089    97376    97611    97376        0        0      199      216
   4  11  20   15.0000    0.0918    1.4024    3.5147    5.0089    97544    97740    97544        0        0      200      218
   4  11  30   15.0000    0.0922    1.4049    3.5118    5.0089    97405    97679    97405        0        0      201      219
   4  12  10   15.0000    0.0928    1.4078    3.5083    5.0089    97269    97364    97269        0        0      203      221
   4  12  20   15.0000    0.0914    1.4018    3.5158    5.0089    97528    97820    97528        0        0      204      222
   4  12  30   15.0000    0.0915    1.4014    3.5160    5.0089    97467    97683    97467        0        0      205      224
   5   1  10   15.0000    0.0916    1.4002    3.5172    5.0089    97540    97727    97540        0        0      207      225
   5   1  20   15.0000    0.0912    1.4008    3.5169    5.0089    97634    97890    97634        0        0      208      227
   5   1  30   15.0000    0.0929    1.4061    3.5099    5.0089    97057    97479    97057        0        0      210      228
   5   2  10   15.0000    0.0911    1.4027    3.5151    5.0089    97863    97952    97863        0        0      211      230
   5   2  20   15.0000    0.0917    1.4012    3.5160    5.0089    97311    97711    97311        0        0      212      231
   5   2  30   15.0000    0.0907    1.3983    3.5200    5.0089    97909    98003    97909        0        0      214      233
   5   3  10   15.0000    0.0917    1.4008    3.5165    5.0089    97538    97673    97538        0        0      216      234
   5   3  20   15.0000    0.0932    1.4126    3.5032    5.0089    97416    97470    97416        0        0      217      236
   5   3  30   15.0000    0.0914    1.3997    3.5178    5.0089    97589    97722    97589        0        0      218      237
   5   4  10   15.0000    0.0926    1.4068    3.5095    5.0089    97348    97520    97348        0        0      220      239
   5   4  20   15.0000    0.0932    1.4118    3.5039    5.0089    97261    97727    97261        0        0      221      240
   5   4  30   15.0000    0.0907    1.3940    3.5242    5.0089    97761    97795    97761        0        0      222      241
   5   5  10   15.0000    0.0942    1.4173    3.4974    5.0089    96953    97538    96953        0        0      224      243
   5   5  20   15.0000    0.0928    1.4095    3.5067    5.0089    97355    97462    97355        0        0      225      244
   5   5  30   15.0000    0.0929    1.4080    3.5080    5.0089    97138    97578    97138        0        0      226      246
   5   6  10   15.0000    0.0908    1.3962    3.5219    5.0089    97903    97903    97903        0        0      228      247
   5   6  20   15.0000    0.0928    1.4054    3.5108    5.0089    97043    97834    97043        0        0      230      249
   5   6  30   15.0000    0.0930    1.4137    3.5022    5.0089    97396    97536    97396        0        0      231      250
   5   7  10   15.0000    0.0917    1.4005    3.5168    5.0089    97492    97802    97492        0        0      233      252
   5   7  20   15.0000    0.0931    1.4071    3.5087    5.0089    97102    97433    97102        0        0      234      253
   5   7  30   15.0000    0.0917    1.4029    3.5144    5.0089    97697    97872    97697        0        0      235      255
   5   8  10   15.0000    0.0921    1.3993    3.5175    5.0089    97322    98083    97322        0        0      237      256
   5   8  20   15.0000    0.0917    1.4036    3.5136    5.0089    97827    97859    97827        0        0      238      258
   5   8  30   15.0000    0.0927    1.4039    3.5123    5.0089    97341    97731    97341        0        0      239      259
   5   9  10   15.0000    0.0928    1.4108    3.5054    5.0089    97459    97622    97459        0        0      241      261
   5   9  20   15.0000    0.0928    1.4052    3.5109    5.0089    97347    97636    97347        0        0      242      262
   5   9  30   15.0000    0.0916    1.4038    3.5136    5.0089    97775    97844    97775        0        0      243      264
   5  10  10   15.0000    0.0931    1.4089    3.5070    5.0089    97175    97727    97175        0        0      244      265
   5  10  20   15.0000    0.0912    1.4006    3.5171    5.0089    97848    97852    97848        0        0      246      267
   5  10  30   15.0000    0.0913    1.3958    3.5219    5.0089    97503    97881    97503        0        0      247      268
   5  11  10   15.0000    0.0927    1.4077    3.5086    5.0089    97422    97524    97422        0        0      248      269
   5  11  20   15.0000    0.0924    1.4064    3.5101    5.0089    97354    97795    97354        0        0      251      271
   5  11  30   15.0000    0.0915    1.4022    3.5152    5.0089    97614    97645    97614        0        0      253      272
   5  12  10   15.0000    0.0927    1.4100    3.5062    5.0089    97183    97735    97183        0        0      254      274
   5  12  20   15.0000    0.0931    1.4083    3.5076    5.0089    97174    97469    97174        0        0      256      275
   5  12  30   15.0000    0.0909    1.4002    3.5178    5.0089    97675    98057    97675        0        0      257      277
   6   1  10   15.0000    0.0927    1.4014    3.5148    5.0089    97005    97449    97005        0        0      258      278
   6   1  20   15.0000    0.0910    1.3990    3.5189    5.0089    97649    97993    97649        0        0      260      280
   6   1  30   15.0000    0.0932    1.4097    3.5060    5.0089    96606    97519    96606        0        0      261      281
   6   2  10   15.0000    0.0919    1.4083    3.5088    5.0089    97778    97887    97778        0        0      262      283
   6   2  20   15.0000    0.0913    1.4003    3.5174    5.0089    97452    97771    97452        0        0      264      284
   6   2  30   15.0000    0.0918    1.4048    3.5123    5.0089    97940    97940    97940        0        0      265      286
   6   3  10   15.0000    0.0938    1.4126    3.5025    5.0089    97083    97779    97083        0        0      267      287
   6   3  20   15.0000    0.0923    1.4055    3.5111    5.0089    97782    97782    97782        0        0      268      289
   6   3  30   15.0000    0.0920    1.4008    3.5161    5.0089    97475    97974    97475        0        0      270      290
   6   4  10   15.0000    0.0925    1.4083    3.5081    5.0089    97560    97637    97560        0        0      271      291
   6   4  20   15.0000    0.0919    1.4067    3.5103    5.0089    97360    97896    97360        0        0      272      293
   6   4  30   15.0000    0.0913    1.3937    3.5240    5.0089    97754    97754    97754        0        0      273      294
   6   5  10   15.0000    0.0924    1.4057    3.5109    5.0089    97474    97830    97474        0        0      275      296
   6   5  20   15.0000    0.0937    1.4104    3.5049    5.0089    96837    97594    96837        0        0      276      297
   6   5  30   15.0000    0.0922    1.4066    3.5101    5.0089    97295    97953    97295        0        0      279      299
   6   6  10   15.0000    0.0922    1.3998    3.5169    5.0089    97137    97550    97137        0        0      280      300
   6   6  20   15.0000    0.0926    1.4080    3.5083    5.0089    97272    97770    97272        0        0      281      302
   6   6  30   15.0000    0.0917    1.3986    3.5186    5.0089    97193    97762    97193        0        0      283      303
   6   7  10   15.0000    0.0911    1.4006    3.5172    5.0089    97870    98019    97870        0        0      284      305
   6   7  20   15.0000    0.0926    1.4064    3.5099    5.0089    97131    97487    97131        0        0      286      306
   6   7  30   15.0000    0.0908    1.4015    3.5166    5.0089    97908    98099    97908        0        0      287      308
   6   8  10   15.0000    0.0911    1.3997    3.5181    5.0089    97563    97777    97563        0        0      289      309
   6   8  20   15.0000    0.0915    1.4023    3.5152    5.0089    97911    97955    97911        0        0      290      311
   6   8  30   15.0000    0.0931    1.4091    3.5067    5.0089    97249    97864    97249        0        0      291      312
   6   9  10   15.0000    0.0927    1.4052    3.5110    5.0089    97613    97785    97613        0        0      293      314
   6   9  20   15.0000    0.0913    1.4000    3.5176    5.0089    97653    97847    97653        0        0      294      315
   6   9  30   15.0000    0.0928    1.4117    3.5045    5.0089    97314    97509    97314        0        0      296      317
   6  10  10   15.0000    0.0921    1.4039    3.5129    5.0089    97453    97505    97453        0        0      297      318
   6  10  20   15.0000    0.0928    1.4093    3.5068    5.0089    97345    97498    97345        0        0      299      319
   6  10  30   15.0000    0.0926    1.4082    3.5081    5.0089    97267    97539    97267        0        0      300      321
   6  11  10   15.0000    0.0924    1.4076    3.5090    5.0089    97320    97558    97320        0        0      301      322
   6  11  20   15.0000    0.0914    1.4014    3.5161    5.0089    97339    97713    97339        0        0      303      324
   6  11  30   15.0000    0.0930    1.4111    3.5049    5.0089    97164    97567    97164        0        0      304      325
   6  12  10   15.0000    0.0927    1.4076    3.5086    5.0089    96953    97910    96953        0        0      306      327
   6  12  20   15.0000    0.0930    1.4057    3.5102    5.0089    97278    97355    97278        0        0      307      328
   6  12  30   15.0000    0.0923    1.4128    3.5038    5.0089    97352    97875    97352        0        0      309      330
   7   1  10   15.0000    0.0922    1.4044    3.5124    5.0089    97397    97529    97397        0        0      310      331
   7   1  20   15.0000    0.0915    1.4017    3.5157    5.0089    97694    97778    97694        0        0      311      333
   7   1  30   15.0000    0.0908    1.3980    3.5202    5.0089    97630    97835    97630        0        0      316      334
   7   2  10   15.0000    0.0921    1.4081    3.5087    5.0089    97629    97657    97629        0        0      317      336
   7   2  20   15.0000    0.0923    1.4028    3.5138    5.0089    97391    97667    97391        0        0      321      337
   7   2  30   15.0000    0.0922    1.4081    3.5086    5.0089    97665    97665    97665        0        0      322      339
   7   3  10   15.0000    0.0930    1.4089    3.5070    5.0089    97210    97776    97210        0        0      326      340
   7   3  20   15.0000    0.0921    1.4076    3.5092    5.0089    97545    97720    97545        0        0      327      342
   7   3  30   15.0000    0.0934    1.4130    3.5025    5.0089    97101    97761    97101        0        0      328      343
   7   4  10   15.0000    0.0923    1.4042    3.5125    5.0089    97427    97701    97427        0        0      329      344
   7   4  20   15.0000    0.0918    1.3995    3.5176    5.0089    97474    97696    97474        0        0      330      346
   7   4  30   15.0000    0.0920    1.4030    3.5140    5.0089    97546    97728    97546        0        0      331      347
   7   5  10   15.0000    0.0930    1.4104    3.5055    5.0089    97140    97818    97140        0        0      332      349
   7   5  20   15.0000    0.0917    1.4009    3.5163    5.0089    97634    97634    97634        0        0      334      350
   7   5  30   15.0000    0.0923    1.4056    3.5110    5.0089    97188    97781    97188        0        0      336      352
   7   6  10   15.0000    0.0922    1.4039    3.5128    5.0089    97334    97496    97334        0        0      339      353
   7   6  20   15.0000    0.0921    1.4078    3.5090    5.0089    97424    97743    97424        0        0      340      355
   7   6  30   15.0000    0.0932    1.4093    3.5064    5.0089    96935    97348    96935        0        0      341      356
   7   7  10   15.0000    0.0910    1.3986    3.5193    5.0089    97749    97891    97749        0        0      343      358
   7   7  20   15.0000    0.0925    1.4089    3.5075    5.0089    97110    97564    97110        0        0      344      359
   7   7  30   15.0000    0.0923    1.4072    3.5094    5.0089    97662    97777    97662        0        0      345      361
   7   8  10   15.0000    0.0919    1.4027    3.5143    5.0089    97354    97768    97354        0        0      346      362
   7   8  20   15.0000    0.0922    1.4058    3.5110    5.0089    97757    97757    97757        0        0      348      363
   7   8  30   15.0000    0.0919    1.4051    3.5119    5.0089    97369    97922    97369        0        0      349      365
   7   9  10   15.0000    0.0908    1.3985    3.5196    5.0089    97927    97927    97927        0        0      351      366
   7   9  20   15.0000    0.0920    1.3993    3.5176    5.0089    97369    97799    97369        0        0      352      368
   7   9  30   15.0000    0.0919    1.4043    3.5127    5.0089    97793    97793    97793        0        0      353      369
   7  10  10   15.0000    0.0928    1.4076    3.5085    5.0089    97061    97904    97061        0        0      355      371
   7  10  20   15.0000    0.0924    1.4050    3.5115    5.0089    97343    97585    97343        0        0      356      372
   7  10  30   15.0000    0.0914    1.4004    3.5172    5.0089    97434    98024    97434        0        0      357      374
   7  11  10   15.0000    0.0926    1.4056    3.5107    5.0089    97442    97765    97442        0        0      359      375
   7  11  20   15.0000    0.0912    1.3991    3.5187    5.0089    97633    98038    97633        0        0      360      377
   7  11  30   15.0000    0.0918    1.4019    3.5152    5.0089    97387    97658    97387        0        0      361      378
   7  12  10   15.0000    0.0924    1.4084    3.5082    5.0089    97274    97842    97274        0        0      362      380
   7  12  20   15.0000    0.0934    1.4087    3.5069    5.0089    97011    97555    97011        0        0      364      381
   7  12  30   15.0000    0.0919    1.4101    3.5070    5.0089    97586    98121    97586        0        0      365      383
   8   1  10   15.0000    0.0923    1.4011    3.5155    5.0089    96976    97795    96976        0        0      366      384
   8   1  20   15.0000    0.0926    1.4122    3.5042    5.0089    97724    97797    97724        0        0      367      385
   8   1  30   15.0000    0.0932    1.4076    3.5082    5.0089    96761    97822    96761        0        0      369      387
   8   2  10   15.0000    0.0915    1.4022    3.5152    5.0089    97861    97861    97861        0        0      371      388
   8   2  20   15.0000    0.0917    1.3996    3.5176    5.0089    97396    97712    97396        0        0      372      390
   8   2  30   15.0000    0.0920    1.4051    3.5118    5.0089    97622    97645    97622        0        0      374      391
   8   3  10   15.0000    0.0920    1.4034    3.5135    5.0089    97336    97931    97336        0        0      375      393
   8   3  20   15.0000    0.0928    1.4079    3.5082    5.0089    97406    97697    97406        0        0      376      394
   8   3  30   15.0000    0.0923    1.4055    3.5111    5.0089    97315    97816    97315        0        0      378      396
   8   4  10   15.0000    0.0912    1.3984    3.5194    5.0089    97559    97689    97559        0        0      379      397
   8   4  20   15.0000    0.0928    1.4078    3.5083    5.0089    97270    97683    97270        0        0      380      399
   8   4  30   15.0000    0.0921    1.4057    3.5112    5.0089    97488    97737    97488        0        0      381      400
   8   5  10   15.0000    0.0915    1.4058    3.5116    5.0089    97507    97998    97507        0        0      383      402
   8   5  20   15.0000    0.0926    1.4072    3.5091    5.0089    97447    97636    97447        0        0      384      403
   8   5  30   15.0000    0.0915    1.4080    3.5095    5.0089    97538    97911    97538        0        0      385      405
   8   6  10   15.0000    0.0934    1.4111    3.5045    5.0089    97243    97526    97243        0        0      387      406
   8   6  20   15.0000    0.0916    1.4056    3.5118    5.0089    97616    97910    97616        0        0      388      408
   8   6  30   15.0000    0.0924    1.4031    3.5135    5.0089    97156    97796    97156        0        0      389      409
   8   7  10   15.0000    0.0909    1.4008    3.5172    5.0089    97996    98126    97996        0        0      391      410
   8   7  20   15.0000    0.0926    1.4014    3.5150    5.0089    97012    97905    97012        0        0      393      412
   8   7  30   15.0000    0.0912    1.4015    3.5162    5.0089    98134    98134    98134        0        0      394      413
   8   8  10   15.0000    0.0932    1.4102    3.5055    5.0089    96775    97679    96775        0        0      395      415
   8   8  20   15.0000    0.0914    1.4012    3.5163    5.0089    97812    97879    97812        0        0      397      416
   8   8  30   15.0000    0.0922    1.4034    3.5133    5.0089    97137    97905    97137        0        0      398      418
   8   9  10   15.0000    0.0913    1.3978    3.5198    5.0089    97926    97926    97926        0        0      400      419
   8   9  20   15.0000    0.0922    1.4074    3.5093    5.0089    97520    97707    97520        0        0      401      421
   8   9  30   15.0000    0.0923    1.4066    3.5100    5.0089    97346    97682    97346        0        0      402      422
   8  10  10   15.0000    0.0924    1.4057    3.5108    5.0089    97531    97540    97531        0        0      404      424
   8  10  20   15.0000    0.0930    1.4071    3.5089    5.0089    97085    97469    97085        0        0      405      425
   8  10  30   15.0000    0.0913    1.3997    3.5179    5.0089    97528    97681    97528        0        0      407      427
   8  11  10   15.0000    0.0927    1.4074    3.5088    5.0089    97510    97565    97510        0        0      408      428
   8  11  20   15.0000    0.0922    1.4024    3.5144    5.0089    97309    97631    97309        0        0      409      430
   8  11  30   15.0000    0.0914    1.3991    3.5184    5.0089    97595    97723    97595        0        0      411      431
   8  12  10   15.0000    0.0913    1.3961    3.5215    5.0089    97834    97834    97834        0        0      412      433
   8  12  20   15.0000    0.0923    1.4068    3.5099    5.0089    97350    97763    97350        0        0      414      434
   8  12  30   15.0000    0.0930    1.4096    3.5063    5.0089    97282    97576    97282        0        0      416      435
   9   1  10   15.0000    0.0929    1.4108    3.5053    5.0089    97103    97552    97103        0        0      417      437
   9   1  20   15.0000    0.0922    1.4031    3.5136    5.0089    97370    97708    97370        0        0      419      438
   9   1  30   15.0000    0.0922    1.4075    3.5092    5.0089    97389    97628    97389        0        0      420      440
   9   2  10   15.0000    0.0927    1.4067    3.5095    5.0089    97252    97448    97252        0        0      421      441
   9   2  20   15.0000    0.0922    1.4046    3.5121    5.0089    97485    97550    97485        0        0      424      443
   9   2  30   15.0000    0.0911    1.3978    3.5200    5.0089    97686    97843    97686        0        0      429      444
   9   3  10   15.0000    0.0926    1.4080    3.5083    5.0089    97271    97442    97271        0        0      430      446
   9   3  20   15.0000    0.0910    1.3962    3.5218    5.0089    97814    97814    97814        0        0      431      447
   9   3  30   15.0000    0.0917    1.4004    3.5168    5.0089    97594    97632    97594        0        0      433      449
   9   4  10   15.0000    0.0918    1.4002    3.5170    5.0089    97528    97623    97528        0        0      434      450
   9   4  20   15.0000    0.0915    1.4002    3.5172    5.0089    97472    97719    97472        0        0      435      452
   9   4  30   15.0000    0.0922    1.4041    3.5127    5.0089    97601    97607    97601        0        0      436      453
   9   5  10   15.0000    0.0913    1.4025    3.5152    5.0089    97586    97835    97586        0        0      438      455
   9   5  20   15.0000    0.0920    1.4016    3.5152    5.0089    97336    97712    97336        0        0      439      456
   9   5  30   15.0000    0.0908    1.3964    3.5218    5.0089    97902    97902    97902        0        0      440      457
   9   6  10   15.0000    0.0925    1.4081    3.5084    5.0089    97109    97841    97109        0        0      441      459
   9   6  20   15.0000    0.0917    1.4026    3.5147    5.0089    97579    97645    97579        0        0      443      460
   9   6  30   15.0000    0.0922    1.4034    3.5133    5.0089    97223    97556    97223        0        0      444      462
   9   7  10   15.0000    0.0918    1.4031    3.5140    5.0089    97712    97734    97712        0        0      446      463
   9   7  20   15.0000    0.0930    1.4106    3.5053    5.0089    97002    97691    97002        0        0      448      465
   9   7  30   15.0000    0.0941    1.4194    3.4955    5.0089    97173    97641    97173        0        0      449      466
   9   8  10   15.0000    0.0917    1.4009    3.5163    5.0089    97503    97601    97503        0        0      451      468
   9   8  20   15.0000    0.0924    1.4083    3.5082    5.0089    97518    97623    97518        0        0      452      469
   9   8  30   15.0000    0.0910    1.3981    3.5198    5.0089    97611    97733    97611        0        0      453      471
   9   9  10   15.0000    0.0928    1.4088    3.5073    5.0089    97440    97634    97440        0        0      455      472
   9   9  20   15.0000    0.0921    1.4059    3.5110    5.0089    97465    97786    97465        0        0      456      474
   9   9  30   15.0000    0.0923    1.4065    3.5101    5.0089    97382    97536    97382        0        0      457      475
   9  10  10   15.0000    0.0920    1.4046    3.5123    5.0089    97332    97836    97332        0        0      458      477
   9  10  20   15.0000    0.0929    1.4106    3.5055    5.0089    97422    97868    97422        0        0      460      478
   9  10  30   15.0000    0.0919    1.4090    3.5081    5.0089    97614    97877    97614        0        0      461      480
   9  11  10   15.0000    0.0917    1.3986    3.5187    5.0089    97485    97770    97485        0        0      464      481
   9  11  20   15.0000    0.0919    1.4069    3.5101    5.0089    97809    97842    97809        0        0      466      483
   9  11  30   15.0000    0.0921    1.4022    3.5146    5.0089    97279    97856    97279        0        0      467      484
   9  12  10   15.0000    0.0915    1.4017    3.5157    5.0089    97555    97647    97555        0        0      468      485
   9  12  20   15.0000    0.0933    1.4142    3.5014    5.0089    97051    97485    97051        0        0      469      487
   9  12  30   15.0000    0.0929    1.4104    3.5056    5.0089    97322    97452    97322        0        0      471      488
  10   1  10   15.0000    0.0921    1.4051    3.5118    5.0089    97187    97499    97187        0        0      473      490
  10   1  20   15.0000    0.0925    1.4046    3.5119    5.0089    97377    97608    97377        0        0      474      491
  10   1  30   15.0000    0.0917    1.4053    3.5119    5.0089    97416    97781    97416        0        0      475      493
  10   2  10   15.0000    0.0913    1.3995    3.5182    5.0089    97674    97683    97674        0        0      476      494
  10   2  20   15.0000    0.0916    1.4035    3.5138    5.0089    97603    97719    97603        0        0      477      496
  10   2  30   15.0000    0.0923    1.4066    3.5101    5.0089    97522    97565    97522        0        0      478      497
  10   3  10   15.0000    0.0906    1.3977    3.5206    5.0089    97906    97953    97906        0        0      480      499
  10   3  20   15.0000    0.0930    1.4104    3.5056    5.0089    97247    97466    97247        0        0      483      500
  10   3  30   15.0000    0.0913    1.3981    3.5195    5.0089    97665    97731    97665        0        0      484      502
  10   4  10   15.0000    0.0918    1.4024    3.5147    5.0089    97379    97671    97379        0        0      485      503
  10   4  20   15.0000    0.0924    1.4079    3.5086    5.0089    97530    97530    97530        0        0      487      505
  10   4  30   15.0000    0.0922    1.4036    3.5131    5.0089    97312    97761    97312        0        0      488      506
  10   5  10   15.0000    0.0931    1.4127    3.5031    5.0089    97535    97536    97535        0        0      489      507
  10   5  20   15.0000    0.0926    1.4047    3.5117    5.0089    97207    97514    97207        0        0      491      509
  10   5  30   15.0000    0.0922    1.4071    3.5097    5.0089    97511    97572    97511        0        0      492      510
  10   6  10   15.0000    0.0913    1.3990    3.5186    5.0089    97515    97927    97515        0        0      493      512
  10   6  20   15.0000    0.0919    1.4021    3.5149    5.0089    97630    97722    97630        0        0      495      513
  10   6  30   15.0000    0.0931    1.4106    3.5052    5.0089    97143    97757    97143        0        0      496      515
  10   7  10   15.0000    0.0917    1.4006    3.5166    5.0089    97489    97699    97489        0        0      497      516
  10   7  20   15.0000    0.0921    1.4053    3.5116    5.0089    97329    97725    97329        0        0      498      518
  10   7  30   15.0000    0.0929    1.4117    3.5043    5.0089    97213    97528    97213        0        0      499      519
  10   8  10   15.0000    0.0925    1.4155    3.5010    5.0089    97325    97811    97325        0        0      501      521
  10   8  20   15.0000    0.0934    1.4113    3.5042    5.0089    97222    97811    97222        0        0      502      522
  10   8  30   15.0000    0.0909    1.3978    3.5203    5.0089    98150    98160    98150        0        0      503      524
  10   9  10   15.0000    0.0926    1.4039    3.5124    5.0089    97376    97761    97376        0        0      504      525
  10   9  20   15.0000    0.0908    1.3990    3.5192    5.0089    97989    97995    97989        0        0      507      527
  10   9  30   15.0000    0.0923    1.4015    3.5151    5.0089    97108    97836    97108        0        0      508      528
  10  10  10   15.0000    0.0913    1.4022    3.5154    5.0089    97954    97954    97954        0        0      510      530
  10  10  20   15.0000    0.0923    1.3985    3.5181    5.0089    96917    97975    96917        0        0      512      531
  10  10  30   15.0000    0.0919    1.4061    3.5109    5.0089    97731    97800    97731        0        0      513      532
  10  11  10   15.0000    0.0923    1.4012    3.5155    5.0089    96959    98034    96959        0        0      514      534
  10  11  20   15.0000    0.0915    1.4020    3.5154    5.0089    97637    98038    97637        0        0      516      535
  10  11  30   15.0000    0.0918    1.4015    3.5156    5.0089    97366    98000    97366        0        0      518      537
  10  12  10   15.0000    0.0925    1.4052    3.5113    5.0089    97468    98056    97468        0        0      519      538
  10  12  20   15.0000    0.0916    1.4065    3.5109    5.0089    97682    98212    97682        0        0      520      540
